[6.508s] Invoking command in '/home/kanja-koduki/buck_ws/src/model_py': PYTHONPATH=/home/kanja-koduki/buck_ws/build/model_py/prefix_override:/home/kanja-koduki/buck_ws/install/model_py/lib/python3.10/site-packages:${PYTHONPATH} /usr/bin/python3 setup.py egg_info --egg-base ../../build/model_py build --build-base /home/kanja-koduki/buck_ws/build/model_py/build install --record /home/kanja-koduki/buck_ws/build/model_py/install.log --single-version-externally-managed
[7.321s] running egg_info
[7.382s] writing ../../build/model_py/model_py.egg-info/PKG-INFO
[7.385s] writing dependency_links to ../../build/model_py/model_py.egg-info/dependency_links.txt
[7.385s] writing entry points to ../../build/model_py/model_py.egg-info/entry_points.txt
[7.386s] writing requirements to ../../build/model_py/model_py.egg-info/requires.txt
[7.386s] writing top-level names to ../../build/model_py/model_py.egg-info/top_level.txt
[7.514s] reading manifest file '../../build/model_py/model_py.egg-info/SOURCES.txt'
[7.520s] writing manifest file '../../build/model_py/model_py.egg-info/SOURCES.txt'
[7.521s] running build
[7.524s] running build_py
[7.524s] running install
[7.525s] /home/kanja-koduki/.local/lib/python3.10/site-packages/setuptools/_distutils/cmd.py:66: SetuptoolsDeprecationWarning: setup.py install is deprecated.
[7.525s] !!
[7.525s] 
[7.525s]         ********************************************************************************
[7.525s]         Please avoid running ``setup.py`` directly.
[7.525s]         Instead, use pypa/build, pypa/installer or other
[7.526s]         standards-based tools.
[7.526s] 
[7.526s]         See https://blog.ganssle.io/articles/2021/10/setup-py-deprecated.html for details.
[7.526s]         ********************************************************************************
[7.526s] 
[7.527s] !!
[7.527s]   self.initialize_options()
[7.548s] running install_lib
[7.623s] running install_data
[7.688s] running install_egg_info
[7.755s] removing '/home/kanja-koduki/buck_ws/install/model_py/lib/python3.10/site-packages/model_py-0.0.0-py3.10.egg-info' (and everything under it)
[7.764s] Copying ../../build/model_py/model_py.egg-info to /home/kanja-koduki/buck_ws/install/model_py/lib/python3.10/site-packages/model_py-0.0.0-py3.10.egg-info
[7.769s] running install_scripts
[8.336s] Installing laser_frame_publisher script to /home/kanja-koduki/buck_ws/install/model_py/lib/model_py
[8.338s] Installing test_joy script to /home/kanja-koduki/buck_ws/install/model_py/lib/model_py
[8.340s] writing list of installed files to '/home/kanja-koduki/buck_ws/build/model_py/install.log'
[8.416s] Invoked command in '/home/kanja-koduki/buck_ws/src/model_py' returned '0': PYTHONPATH=/home/kanja-koduki/buck_ws/build/model_py/prefix_override:/home/kanja-koduki/buck_ws/install/model_py/lib/python3.10/site-packages:${PYTHONPATH} /usr/bin/python3 setup.py egg_info --egg-base ../../build/model_py build --build-base /home/kanja-koduki/buck_ws/build/model_py/build install --record /home/kanja-koduki/buck_ws/build/model_py/install.log --single-version-externally-managed
