[1.467s] Invoking command in '/home/kanja-koduki/buck_ws/src/my_point': PYTHONPATH=/home/kanja-koduki/buck_ws/build/my_point/prefix_override:/home/kanja-koduki/buck_ws/install/my_point/lib/python3.10/site-packages:${PYTHONPATH} /usr/bin/python3 setup.py egg_info --egg-base ../../build/my_point build --build-base /home/kanja-koduki/buck_ws/build/my_point/build install --record /home/kanja-koduki/buck_ws/build/my_point/install.log --single-version-externally-managed
[1.653s] running egg_info
[1.667s] writing ../../build/my_point/my_point.egg-info/PKG-INFO
[1.667s] writing dependency_links to ../../build/my_point/my_point.egg-info/dependency_links.txt
[1.668s] writing entry points to ../../build/my_point/my_point.egg-info/entry_points.txt
[1.668s] writing requirements to ../../build/my_point/my_point.egg-info/requires.txt
[1.668s] writing top-level names to ../../build/my_point/my_point.egg-info/top_level.txt
[1.697s] reading manifest file '../../build/my_point/my_point.egg-info/SOURCES.txt'
[1.697s] writing manifest file '../../build/my_point/my_point.egg-info/SOURCES.txt'
[1.698s] running build
[1.698s] running build_py
[1.699s] running install
[1.699s] /home/kanja-koduki/.local/lib/python3.10/site-packages/setuptools/_distutils/cmd.py:66: SetuptoolsDeprecationWarning: setup.py install is deprecated.
[1.699s] !!
[1.699s] 
[1.699s]         ********************************************************************************
[1.699s]         Please avoid running ``setup.py`` directly.
[1.699s]         Instead, use pypa/build, pypa/installer or other
[1.699s]         standards-based tools.
[1.699s] 
[1.699s]         See https://blog.ganssle.io/articles/2021/10/setup-py-deprecated.html for details.
[1.699s]         ********************************************************************************
[1.699s] 
[1.699s] !!
[1.699s]   self.initialize_options()
[1.703s] running install_lib
[1.719s] running install_data
[1.734s] running install_egg_info
[1.749s] removing '/home/kanja-koduki/buck_ws/install/my_point/lib/python3.10/site-packages/my_point-0.0.0-py3.10.egg-info' (and everything under it)
[1.749s] Copying ../../build/my_point/my_point.egg-info to /home/kanja-koduki/buck_ws/install/my_point/lib/python3.10/site-packages/my_point-0.0.0-py3.10.egg-info
[1.749s] running install_scripts
[1.882s] Installing base_link_publisher script to /home/kanja-koduki/buck_ws/install/my_point/lib/my_point
[1.882s] Installing camera_pub script to /home/kanja-koduki/buck_ws/install/my_point/lib/my_point
[1.882s] Installing camera_sub script to /home/kanja-koduki/buck_ws/install/my_point/lib/my_point
[1.882s] Installing lidar_publisher script to /home/kanja-koduki/buck_ws/install/my_point/lib/my_point
[1.882s] Installing point_node script to /home/kanja-koduki/buck_ws/install/my_point/lib/my_point
[1.882s] writing list of installed files to '/home/kanja-koduki/buck_ws/build/my_point/install.log'
[1.909s] Invoked command in '/home/kanja-koduki/buck_ws/src/my_point' returned '0': PYTHONPATH=/home/kanja-koduki/buck_ws/build/my_point/prefix_override:/home/kanja-koduki/buck_ws/install/my_point/lib/python3.10/site-packages:${PYTHONPATH} /usr/bin/python3 setup.py egg_info --egg-base ../../build/my_point build --build-base /home/kanja-koduki/buck_ws/build/my_point/build install --record /home/kanja-koduki/buck_ws/build/my_point/install.log --single-version-externally-managed
