[4.425s] Invoking command in '/home/kanja-koduki/buck_ws/src/model_py': PYTHONPATH=/home/kanja-koduki/buck_ws/build/model_py/prefix_override:/home/kanja-koduki/buck_ws/install/model_py/lib/python3.10/site-packages:${PYTHONPATH} /usr/bin/python3 setup.py egg_info --egg-base ../../build/model_py build --build-base /home/kanja-koduki/buck_ws/build/model_py/build install --record /home/kanja-koduki/buck_ws/build/model_py/install.log --single-version-externally-managed
[4.935s] running egg_info
[4.973s] writing ../../build/model_py/model_py.egg-info/PKG-INFO
[4.974s] writing dependency_links to ../../build/model_py/model_py.egg-info/dependency_links.txt
[4.974s] writing requirements to ../../build/model_py/model_py.egg-info/requires.txt
[4.974s] writing top-level names to ../../build/model_py/model_py.egg-info/top_level.txt
[5.050s] reading manifest file '../../build/model_py/model_py.egg-info/SOURCES.txt'
[5.052s] writing manifest file '../../build/model_py/model_py.egg-info/SOURCES.txt'
[5.052s] running build
[5.053s] running build_py
[5.053s] running install
[5.053s] /home/kanja-koduki/.local/lib/python3.10/site-packages/setuptools/_distutils/cmd.py:66: SetuptoolsDeprecationWarning: setup.py install is deprecated.
[5.053s] !!
[5.054s] 
[5.054s]         ********************************************************************************
[5.054s]         Please avoid running ``setup.py`` directly.
[5.054s]         Instead, use pypa/build, pypa/installer or other
[5.054s]         standards-based tools.
[5.054s] 
[5.054s]         See https://blog.ganssle.io/articles/2021/10/setup-py-deprecated.html for details.
[5.054s]         ********************************************************************************
[5.054s] 
[5.055s] !!
[5.055s]   self.initialize_options()
[5.064s] running install_lib
[5.105s] running install_data
[5.142s] copying launch/launch_sim.launch.py -> /home/kanja-koduki/buck_ws/install/model_py/share/model_py/launch
[5.143s] running install_egg_info
[5.183s] removing '/home/kanja-koduki/buck_ws/install/model_py/lib/python3.10/site-packages/model_py-0.0.0-py3.10.egg-info' (and everything under it)
[5.183s] Copying ../../build/model_py/model_py.egg-info to /home/kanja-koduki/buck_ws/install/model_py/lib/python3.10/site-packages/model_py-0.0.0-py3.10.egg-info
[5.185s] running install_scripts
[5.577s] writing list of installed files to '/home/kanja-koduki/buck_ws/build/model_py/install.log'
[5.627s] Invoked command in '/home/kanja-koduki/buck_ws/src/model_py' returned '0': PYTHONPATH=/home/kanja-koduki/buck_ws/build/model_py/prefix_override:/home/kanja-koduki/buck_ws/install/model_py/lib/python3.10/site-packages:${PYTHONPATH} /usr/bin/python3 setup.py egg_info --egg-base ../../build/model_py build --build-base /home/kanja-koduki/buck_ws/build/model_py/build install --record /home/kanja-koduki/buck_ws/build/model_py/install.log --single-version-externally-managed
