[4.489s] Invoking command in '/home/kanja-koduki/buck_ws/src/model_py': PYTHONPATH=/home/kanja-koduki/buck_ws/build/model_py/prefix_override:/home/kanja-koduki/buck_ws/install/model_py/lib/python3.10/site-packages:${PYTHONPATH} /usr/bin/python3 setup.py egg_info --egg-base ../../build/model_py build --build-base /home/kanja-koduki/buck_ws/build/model_py/build install --record /home/kanja-koduki/buck_ws/build/model_py/install.log --single-version-externally-managed
[5.011s] running egg_info
[5.054s] writing ../../build/model_py/model_py.egg-info/PKG-INFO
[5.055s] writing dependency_links to ../../build/model_py/model_py.egg-info/dependency_links.txt
[5.056s] writing requirements to ../../build/model_py/model_py.egg-info/requires.txt
[5.056s] writing top-level names to ../../build/model_py/model_py.egg-info/top_level.txt
[5.153s] reading manifest file '../../build/model_py/model_py.egg-info/SOURCES.txt'
[5.155s] writing manifest file '../../build/model_py/model_py.egg-info/SOURCES.txt'
[5.155s] running build
[5.156s] running build_py
[5.156s] running install
[5.157s] /home/kanja-koduki/.local/lib/python3.10/site-packages/setuptools/_distutils/cmd.py:66: SetuptoolsDeprecationWarning: setup.py install is deprecated.
[5.157s] !!
[5.157s] 
[5.158s]         ********************************************************************************
[5.158s]         Please avoid running ``setup.py`` directly.
[5.158s]         Instead, use pypa/build, pypa/installer or other
[5.158s]         standards-based tools.
[5.158s] 
[5.158s]         See https://blog.ganssle.io/articles/2021/10/setup-py-deprecated.html for details.
[5.159s]         ********************************************************************************
[5.159s] 
[5.159s] !!
[5.159s]   self.initialize_options()
[5.175s] running install_lib
[5.224s] running install_data
[5.268s] copying urdf/lidar.urdf.xacro -> /home/kanja-koduki/buck_ws/install/model_py/share/model_py/urdf
[5.269s] copying urdf/lidar3d.urdf.xacro -> /home/kanja-koduki/buck_ws/install/model_py/share/model_py/urdf
[5.269s] running install_egg_info
[5.316s] removing '/home/kanja-koduki/buck_ws/install/model_py/lib/python3.10/site-packages/model_py-0.0.0-py3.10.egg-info' (and everything under it)
[5.317s] Copying ../../build/model_py/model_py.egg-info to /home/kanja-koduki/buck_ws/install/model_py/lib/python3.10/site-packages/model_py-0.0.0-py3.10.egg-info
[5.319s] running install_scripts
[5.730s] writing list of installed files to '/home/kanja-koduki/buck_ws/build/model_py/install.log'
[5.923s] Invoked command in '/home/kanja-koduki/buck_ws/src/model_py' returned '0': PYTHONPATH=/home/kanja-koduki/buck_ws/build/model_py/prefix_override:/home/kanja-koduki/buck_ws/install/model_py/lib/python3.10/site-packages:${PYTHONPATH} /usr/bin/python3 setup.py egg_info --egg-base ../../build/model_py build --build-base /home/kanja-koduki/buck_ws/build/model_py/build install --record /home/kanja-koduki/buck_ws/build/model_py/install.log --single-version-externally-managed
