[0.903s] Invoking command in '/home/kanja-koduki/buck_ws/build/cpp_node': CMAKE_PREFIX_PATH=${CMAKE_PREFIX_PATH}:/home/kanja-koduki/buck_ws/install/my_point:/home/kanja-koduki/buck_ws/install/model_py:/home/kanja-koduki/hannah_ws/install/hannah_bot:/home/kanja-koduki/niki_ws/install/sjtu_drone_bringup:/home/kanja-koduki/zypher_ws/install/prius_sdc_pkg:/home/kanja-koduki/ortega_ws/install/ortega_bot:/opt/ros/humble /home/kanja-koduki/.local/bin/cmake --build /home/kanja-koduki/buck_ws/build/cpp_node -- -j8 -l8
[1.900s] [100%] Built target niki_bunda
[1.901s] [100%] Built target planner_seg
[1.902s] Invoked command in '/home/kanja-koduki/buck_ws/build/cpp_node' returned '0': CMAKE_PREFIX_PATH=${CMAKE_PREFIX_PATH}:/home/kanja-koduki/buck_ws/install/my_point:/home/kanja-koduki/buck_ws/install/model_py:/home/kanja-koduki/hannah_ws/install/hannah_bot:/home/kanja-koduki/niki_ws/install/sjtu_drone_bringup:/home/kanja-koduki/zypher_ws/install/prius_sdc_pkg:/home/kanja-koduki/ortega_ws/install/ortega_bot:/opt/ros/humble /home/kanja-koduki/.local/bin/cmake --build /home/kanja-koduki/buck_ws/build/cpp_node -- -j8 -l8
[2.095s] Invoking command in '/home/kanja-koduki/buck_ws/build/cpp_node': CMAKE_PREFIX_PATH=${CMAKE_PREFIX_PATH}:/home/kanja-koduki/buck_ws/install/my_point:/home/kanja-koduki/buck_ws/install/model_py:/home/kanja-koduki/hannah_ws/install/hannah_bot:/home/kanja-koduki/niki_ws/install/sjtu_drone_bringup:/home/kanja-koduki/zypher_ws/install/prius_sdc_pkg:/home/kanja-koduki/ortega_ws/install/ortega_bot:/opt/ros/humble /home/kanja-koduki/.local/bin/cmake --install /home/kanja-koduki/buck_ws/build/cpp_node
[2.138s] -- Install configuration: ""
[2.146s] -- Up-to-date: /home/kanja-koduki/buck_ws/install/cpp_node/lib/cpp_node/niki_bunda
[2.153s] -- Up-to-date: /home/kanja-koduki/buck_ws/install/cpp_node/lib/cpp_node/planner_seg
[2.153s] -- Up-to-date: /home/kanja-koduki/buck_ws/install/cpp_node/share/ament_index/resource_index/package_run_dependencies/cpp_node
[2.155s] -- Up-to-date: /home/kanja-koduki/buck_ws/install/cpp_node/share/ament_index/resource_index/parent_prefix_path/cpp_node
[2.155s] -- Up-to-date: /home/kanja-koduki/buck_ws/install/cpp_node/share/cpp_node/environment/ament_prefix_path.sh
[2.155s] -- Up-to-date: /home/kanja-koduki/buck_ws/install/cpp_node/share/cpp_node/environment/ament_prefix_path.dsv
[2.155s] -- Up-to-date: /home/kanja-koduki/buck_ws/install/cpp_node/share/cpp_node/environment/path.sh
[2.156s] -- Up-to-date: /home/kanja-koduki/buck_ws/install/cpp_node/share/cpp_node/environment/path.dsv
[2.156s] -- Up-to-date: /home/kanja-koduki/buck_ws/install/cpp_node/share/cpp_node/local_setup.bash
[2.156s] -- Up-to-date: /home/kanja-koduki/buck_ws/install/cpp_node/share/cpp_node/local_setup.sh
[2.156s] -- Up-to-date: /home/kanja-koduki/buck_ws/install/cpp_node/share/cpp_node/local_setup.zsh
[2.156s] -- Up-to-date: /home/kanja-koduki/buck_ws/install/cpp_node/share/cpp_node/local_setup.dsv
[2.156s] -- Installing: /home/kanja-koduki/buck_ws/install/cpp_node/share/cpp_node/package.dsv
[2.157s] -- Up-to-date: /home/kanja-koduki/buck_ws/install/cpp_node/share/ament_index/resource_index/packages/cpp_node
[2.158s] -- Up-to-date: /home/kanja-koduki/buck_ws/install/cpp_node/share/cpp_node/cmake/cpp_nodeConfig.cmake
[2.159s] -- Up-to-date: /home/kanja-koduki/buck_ws/install/cpp_node/share/cpp_node/cmake/cpp_nodeConfig-version.cmake
[2.159s] -- Up-to-date: /home/kanja-koduki/buck_ws/install/cpp_node/share/cpp_node/package.xml
[2.293s] Invoked command in '/home/kanja-koduki/buck_ws/build/cpp_node' returned '0': CMAKE_PREFIX_PATH=${CMAKE_PREFIX_PATH}:/home/kanja-koduki/buck_ws/install/my_point:/home/kanja-koduki/buck_ws/install/model_py:/home/kanja-koduki/hannah_ws/install/hannah_bot:/home/kanja-koduki/niki_ws/install/sjtu_drone_bringup:/home/kanja-koduki/zypher_ws/install/prius_sdc_pkg:/home/kanja-koduki/ortega_ws/install/ortega_bot:/opt/ros/humble /home/kanja-koduki/.local/bin/cmake --install /home/kanja-koduki/buck_ws/build/cpp_node
