[4.250s] Invoking command in '/home/kanja-koduki/buck_ws/src/model_py': PYTHONPATH=/home/kanja-koduki/buck_ws/build/model_py/prefix_override:/home/kanja-koduki/buck_ws/install/model_py/lib/python3.10/site-packages:${PYTHONPATH} /usr/bin/python3 setup.py egg_info --egg-base ../../build/model_py build --build-base /home/kanja-koduki/buck_ws/build/model_py/build install --record /home/kanja-koduki/buck_ws/build/model_py/install.log --single-version-externally-managed
[4.739s] running egg_info
[4.776s] writing ../../build/model_py/model_py.egg-info/PKG-INFO
[4.777s] writing dependency_links to ../../build/model_py/model_py.egg-info/dependency_links.txt
[4.777s] writing requirements to ../../build/model_py/model_py.egg-info/requires.txt
[4.777s] writing top-level names to ../../build/model_py/model_py.egg-info/top_level.txt
[4.851s] reading manifest file '../../build/model_py/model_py.egg-info/SOURCES.txt'
[4.853s] writing manifest file '../../build/model_py/model_py.egg-info/SOURCES.txt'
[4.853s] running build
[4.854s] running build_py
[4.854s] running install
[4.854s] /home/kanja-koduki/.local/lib/python3.10/site-packages/setuptools/_distutils/cmd.py:66: SetuptoolsDeprecationWarning: setup.py install is deprecated.
[4.854s] !!
[4.854s] 
[4.855s]         ********************************************************************************
[4.855s]         Please avoid running ``setup.py`` directly.
[4.855s]         Instead, use pypa/build, pypa/installer or other
[4.855s]         standards-based tools.
[4.855s] 
[4.855s]         See https://blog.ganssle.io/articles/2021/10/setup-py-deprecated.html for details.
[4.856s]         ********************************************************************************
[4.856s] 
[4.856s] !!
[4.856s]   self.initialize_options()
[4.865s] running install_lib
[4.904s] running install_data
[4.937s] copying launch/launch_sim.launch.py -> /home/kanja-koduki/buck_ws/install/model_py/share/model_py/launch
[4.938s] running install_egg_info
[4.976s] removing '/home/kanja-koduki/buck_ws/install/model_py/lib/python3.10/site-packages/model_py-0.0.0-py3.10.egg-info' (and everything under it)
[4.976s] Copying ../../build/model_py/model_py.egg-info to /home/kanja-koduki/buck_ws/install/model_py/lib/python3.10/site-packages/model_py-0.0.0-py3.10.egg-info
[4.977s] running install_scripts
[5.353s] writing list of installed files to '/home/kanja-koduki/buck_ws/build/model_py/install.log'
[5.403s] Invoked command in '/home/kanja-koduki/buck_ws/src/model_py' returned '0': PYTHONPATH=/home/kanja-koduki/buck_ws/build/model_py/prefix_override:/home/kanja-koduki/buck_ws/install/model_py/lib/python3.10/site-packages:${PYTHONPATH} /usr/bin/python3 setup.py egg_info --egg-base ../../build/model_py build --build-base /home/kanja-koduki/buck_ws/build/model_py/build install --record /home/kanja-koduki/buck_ws/build/model_py/install.log --single-version-externally-managed
