[4.007s] Invoking command in '/home/kanja-koduki/buck_ws/src/my_point': PYTHONPATH=/home/kanja-koduki/buck_ws/build/my_point/prefix_override:/home/kanja-koduki/buck_ws/install/my_point/lib/python3.10/site-packages:${PYTHONPATH} /usr/bin/python3 setup.py egg_info --egg-base ../../build/my_point build --build-base /home/kanja-koduki/buck_ws/build/my_point/build install --record /home/kanja-koduki/buck_ws/build/my_point/install.log --single-version-externally-managed
[4.499s] running egg_info
[4.537s] writing ../../build/my_point/my_point.egg-info/PKG-INFO
[4.539s] writing dependency_links to ../../build/my_point/my_point.egg-info/dependency_links.txt
[4.539s] writing entry points to ../../build/my_point/my_point.egg-info/entry_points.txt
[4.540s] writing requirements to ../../build/my_point/my_point.egg-info/requires.txt
[4.540s] writing top-level names to ../../build/my_point/my_point.egg-info/top_level.txt
[4.614s] reading manifest file '../../build/my_point/my_point.egg-info/SOURCES.txt'
[4.617s] writing manifest file '../../build/my_point/my_point.egg-info/SOURCES.txt'
[4.617s] running build
[4.617s] running build_py
[4.619s] running install
[4.620s] /home/kanja-koduki/.local/lib/python3.10/site-packages/setuptools/_distutils/cmd.py:66: SetuptoolsDeprecationWarning: setup.py install is deprecated.
[4.620s] !!
[4.620s] 
[4.620s]         ********************************************************************************
[4.621s]         Please avoid running ``setup.py`` directly.
[4.621s]         Instead, use pypa/build, pypa/installer or other
[4.621s]         standards-based tools.
[4.621s] 
[4.621s]         See https://blog.ganssle.io/articles/2021/10/setup-py-deprecated.html for details.
[4.622s]         ********************************************************************************
[4.622s] 
[4.622s] !!
[4.622s]   self.initialize_options()
[4.631s] running install_lib
[4.676s] running install_data
[4.717s] running install_egg_info
[4.757s] removing '/home/kanja-koduki/buck_ws/install/my_point/lib/python3.10/site-packages/my_point-0.0.0-py3.10.egg-info' (and everything under it)
[4.757s] Copying ../../build/my_point/my_point.egg-info to /home/kanja-koduki/buck_ws/install/my_point/lib/python3.10/site-packages/my_point-0.0.0-py3.10.egg-info
[4.758s] running install_scripts
[5.107s] Installing point_node script to /home/kanja-koduki/buck_ws/install/my_point/lib/my_point
[5.108s] writing list of installed files to '/home/kanja-koduki/buck_ws/build/my_point/install.log'
[5.276s] Invoked command in '/home/kanja-koduki/buck_ws/src/my_point' returned '0': PYTHONPATH=/home/kanja-koduki/buck_ws/build/my_point/prefix_override:/home/kanja-koduki/buck_ws/install/my_point/lib/python3.10/site-packages:${PYTHONPATH} /usr/bin/python3 setup.py egg_info --egg-base ../../build/my_point build --build-base /home/kanja-koduki/buck_ws/build/my_point/build install --record /home/kanja-koduki/buck_ws/build/my_point/install.log --single-version-externally-managed
