[1.737s] Invoking command in '/home/kanja-koduki/buck_ws/src/model_py': PYTHONPATH=/home/kanja-koduki/buck_ws/build/model_py/prefix_override:/home/kanja-koduki/buck_ws/install/model_py/lib/python3.10/site-packages:${PYTHONPATH} /usr/bin/python3 setup.py egg_info --egg-base ../../build/model_py build --build-base /home/kanja-koduki/buck_ws/build/model_py/build install --record /home/kanja-koduki/buck_ws/build/model_py/install.log --single-version-externally-managed
[1.933s] running egg_info
[1.952s] writing ../../build/model_py/model_py.egg-info/PKG-INFO
[1.952s] writing dependency_links to ../../build/model_py/model_py.egg-info/dependency_links.txt
[1.952s] writing requirements to ../../build/model_py/model_py.egg-info/requires.txt
[1.952s] writing top-level names to ../../build/model_py/model_py.egg-info/top_level.txt
[1.991s] reading manifest file '../../build/model_py/model_py.egg-info/SOURCES.txt'
[1.992s] writing manifest file '../../build/model_py/model_py.egg-info/SOURCES.txt'
[1.993s] running build
[1.993s] running build_py
[1.993s] running install
[1.993s] /home/kanja-koduki/.local/lib/python3.10/site-packages/setuptools/_distutils/cmd.py:66: SetuptoolsDeprecationWarning: setup.py install is deprecated.
[1.993s] !!
[1.993s] 
[1.993s]         ********************************************************************************
[1.994s]         Please avoid running ``setup.py`` directly.
[1.994s]         Instead, use pypa/build, pypa/installer or other
[1.994s]         standards-based tools.
[1.994s] 
[1.994s]         See https://blog.ganssle.io/articles/2021/10/setup-py-deprecated.html for details.
[1.994s]         ********************************************************************************
[1.994s] 
[1.994s] !!
[1.994s]   self.initialize_options()
[1.999s] running install_lib
[2.018s] running install_data
[2.037s] running install_egg_info
[2.056s] removing '/home/kanja-koduki/buck_ws/install/model_py/lib/python3.10/site-packages/model_py-0.0.0-py3.10.egg-info' (and everything under it)
[2.057s] Copying ../../build/model_py/model_py.egg-info to /home/kanja-koduki/buck_ws/install/model_py/lib/python3.10/site-packages/model_py-0.0.0-py3.10.egg-info
[2.058s] running install_scripts
[2.228s] writing list of installed files to '/home/kanja-koduki/buck_ws/build/model_py/install.log'
[2.259s] Invoked command in '/home/kanja-koduki/buck_ws/src/model_py' returned '0': PYTHONPATH=/home/kanja-koduki/buck_ws/build/model_py/prefix_override:/home/kanja-koduki/buck_ws/install/model_py/lib/python3.10/site-packages:${PYTHONPATH} /usr/bin/python3 setup.py egg_info --egg-base ../../build/model_py build --build-base /home/kanja-koduki/buck_ws/build/model_py/build install --record /home/kanja-koduki/buck_ws/build/model_py/install.log --single-version-externally-managed
