[1.776s] Invoking command in '/home/kanja-koduki/buck_ws/src/model_py': PYTHONPATH=/home/kanja-koduki/buck_ws/build/model_py/prefix_override:/home/kanja-koduki/buck_ws/install/model_py/lib/python3.10/site-packages:${PYTHONPATH} /usr/bin/python3 setup.py egg_info --egg-base ../../build/model_py build --build-base /home/kanja-koduki/buck_ws/build/model_py/build install --record /home/kanja-koduki/buck_ws/build/model_py/install.log --single-version-externally-managed
[1.983s] running egg_info
[2.002s] writing ../../build/model_py/model_py.egg-info/PKG-INFO
[2.002s] writing dependency_links to ../../build/model_py/model_py.egg-info/dependency_links.txt
[2.002s] writing entry points to ../../build/model_py/model_py.egg-info/entry_points.txt
[2.003s] writing requirements to ../../build/model_py/model_py.egg-info/requires.txt
[2.003s] writing top-level names to ../../build/model_py/model_py.egg-info/top_level.txt
[2.042s] reading manifest file '../../build/model_py/model_py.egg-info/SOURCES.txt'
[2.043s] writing manifest file '../../build/model_py/model_py.egg-info/SOURCES.txt'
[2.043s] running build
[2.043s] running build_py
[2.044s] running install
[2.044s] /home/kanja-koduki/.local/lib/python3.10/site-packages/setuptools/_distutils/cmd.py:66: SetuptoolsDeprecationWarning: setup.py install is deprecated.
[2.044s] !!
[2.044s] 
[2.044s]         ********************************************************************************
[2.044s]         Please avoid running ``setup.py`` directly.
[2.044s]         Instead, use pypa/build, pypa/installer or other
[2.044s]         standards-based tools.
[2.045s] 
[2.045s]         See https://blog.ganssle.io/articles/2021/10/setup-py-deprecated.html for details.
[2.045s]         ********************************************************************************
[2.045s] 
[2.045s] !!
[2.045s]   self.initialize_options()
[2.049s] running install_lib
[2.069s] running install_data
[2.088s] running install_egg_info
[2.106s] removing '/home/kanja-koduki/buck_ws/install/model_py/lib/python3.10/site-packages/model_py-0.0.0-py3.10.egg-info' (and everything under it)
[2.106s] Copying ../../build/model_py/model_py.egg-info to /home/kanja-koduki/buck_ws/install/model_py/lib/python3.10/site-packages/model_py-0.0.0-py3.10.egg-info
[2.107s] running install_scripts
[2.292s] Installing laser_frame_publisher script to /home/kanja-koduki/buck_ws/install/model_py/lib/model_py
[2.293s] writing list of installed files to '/home/kanja-koduki/buck_ws/build/model_py/install.log'
[2.346s] Invoked command in '/home/kanja-koduki/buck_ws/src/model_py' returned '0': PYTHONPATH=/home/kanja-koduki/buck_ws/build/model_py/prefix_override:/home/kanja-koduki/buck_ws/install/model_py/lib/python3.10/site-packages:${PYTHONPATH} /usr/bin/python3 setup.py egg_info --egg-base ../../build/model_py build --build-base /home/kanja-koduki/buck_ws/build/model_py/build install --record /home/kanja-koduki/buck_ws/build/model_py/install.log --single-version-externally-managed
