[4.255s] Invoking command in '/home/kanja-koduki/buck_ws/src/model_py': PYTHONPATH=/home/kanja-koduki/buck_ws/build/model_py/prefix_override:/home/kanja-koduki/buck_ws/install/model_py/lib/python3.10/site-packages:${PYTHONPATH} /usr/bin/python3 setup.py egg_info --egg-base ../../build/model_py build --build-base /home/kanja-koduki/buck_ws/build/model_py/build install --record /home/kanja-koduki/buck_ws/build/model_py/install.log --single-version-externally-managed
[4.744s] running egg_info
[4.781s] writing ../../build/model_py/model_py.egg-info/PKG-INFO
[4.781s] writing dependency_links to ../../build/model_py/model_py.egg-info/dependency_links.txt
[4.782s] writing requirements to ../../build/model_py/model_py.egg-info/requires.txt
[4.782s] writing top-level names to ../../build/model_py/model_py.egg-info/top_level.txt
[4.855s] reading manifest file '../../build/model_py/model_py.egg-info/SOURCES.txt'
[4.857s] writing manifest file '../../build/model_py/model_py.egg-info/SOURCES.txt'
[4.857s] running build
[4.858s] running build_py
[4.858s] running install
[4.859s] /home/kanja-koduki/.local/lib/python3.10/site-packages/setuptools/_distutils/cmd.py:66: SetuptoolsDeprecationWarning: setup.py install is deprecated.
[4.859s] !!
[4.859s] 
[4.859s]         ********************************************************************************
[4.859s]         Please avoid running ``setup.py`` directly.
[4.860s]         Instead, use pypa/build, pypa/installer or other
[4.860s]         standards-based tools.
[4.860s] 
[4.860s]         See https://blog.ganssle.io/articles/2021/10/setup-py-deprecated.html for details.
[4.860s]         ********************************************************************************
[4.861s] 
[4.861s] !!
[4.861s]   self.initialize_options()
[4.869s] running install_lib
[4.909s] running install_data
[4.944s] copying launch/launch_sim.launch.py -> /home/kanja-koduki/buck_ws/install/model_py/share/model_py/launch
[4.945s] running install_egg_info
[4.983s] removing '/home/kanja-koduki/buck_ws/install/model_py/lib/python3.10/site-packages/model_py-0.0.0-py3.10.egg-info' (and everything under it)
[4.983s] Copying ../../build/model_py/model_py.egg-info to /home/kanja-koduki/buck_ws/install/model_py/lib/python3.10/site-packages/model_py-0.0.0-py3.10.egg-info
[4.984s] running install_scripts
[5.334s] writing list of installed files to '/home/kanja-koduki/buck_ws/build/model_py/install.log'
[5.387s] Invoked command in '/home/kanja-koduki/buck_ws/src/model_py' returned '0': PYTHONPATH=/home/kanja-koduki/buck_ws/build/model_py/prefix_override:/home/kanja-koduki/buck_ws/install/model_py/lib/python3.10/site-packages:${PYTHONPATH} /usr/bin/python3 setup.py egg_info --egg-base ../../build/model_py build --build-base /home/kanja-koduki/buck_ws/build/model_py/build install --record /home/kanja-koduki/buck_ws/build/model_py/install.log --single-version-externally-managed
