running egg_info
writing ../../build/model_py/model_py.egg-info/PKG-INFO
writing dependency_links to ../../build/model_py/model_py.egg-info/dependency_links.txt
writing requirements to ../../build/model_py/model_py.egg-info/requires.txt
writing top-level names to ../../build/model_py/model_py.egg-info/top_level.txt
reading manifest file '../../build/model_py/model_py.egg-info/SOURCES.txt'
writing manifest file '../../build/model_py/model_py.egg-info/SOURCES.txt'
running build
running build_py
copying model_py/test.py -> /home/kanja-koduki/buck_ws/build/model_py/build/lib/model_py
running install
running install_lib
copying /home/kanja-koduki/buck_ws/build/model_py/build/lib/model_py/test.py -> /home/kanja-koduki/buck_ws/install/model_py/lib/python3.10/site-packages/model_py
byte-compiling /home/kanja-koduki/buck_ws/install/model_py/lib/python3.10/site-packages/model_py/test.py to test.cpython-310.pyc
running install_data
copying urdf/lidar.urdf.xacro -> /home/kanja-koduki/buck_ws/install/model_py/share/model_py/urdf
running install_egg_info
removing '/home/kanja-koduki/buck_ws/install/model_py/lib/python3.10/site-packages/model_py-0.0.0-py3.10.egg-info' (and everything under it)
Copying ../../build/model_py/model_py.egg-info to /home/kanja-koduki/buck_ws/install/model_py/lib/python3.10/site-packages/model_py-0.0.0-py3.10.egg-info
running install_scripts
writing list of installed files to '/home/kanja-koduki/buck_ws/build/model_py/install.log'
