[3.664s] Invoking command in '/home/kanja-koduki/buck_ws/src/model_py': PYTHONPATH=/home/kanja-koduki/buck_ws/build/model_py/prefix_override:/home/kanja-koduki/buck_ws/install/model_py/lib/python3.10/site-packages:${PYTHONPATH} /usr/bin/python3 setup.py egg_info --egg-base ../../build/model_py build --build-base /home/kanja-koduki/buck_ws/build/model_py/build install --record /home/kanja-koduki/buck_ws/build/model_py/install.log --single-version-externally-managed
[4.152s] running egg_info
[4.190s] writing ../../build/model_py/model_py.egg-info/PKG-INFO
[4.191s] writing dependency_links to ../../build/model_py/model_py.egg-info/dependency_links.txt
[4.192s] writing requirements to ../../build/model_py/model_py.egg-info/requires.txt
[4.192s] writing top-level names to ../../build/model_py/model_py.egg-info/top_level.txt
[4.266s] reading manifest file '../../build/model_py/model_py.egg-info/SOURCES.txt'
[4.268s] writing manifest file '../../build/model_py/model_py.egg-info/SOURCES.txt'
[4.268s] running build
[4.268s] running build_py
[4.269s] copying model_py/test.py -> /home/kanja-koduki/buck_ws/build/model_py/build/lib/model_py
[4.269s] running install
[4.270s] /home/kanja-koduki/.local/lib/python3.10/site-packages/setuptools/_distutils/cmd.py:66: SetuptoolsDeprecationWarning: setup.py install is deprecated.
[4.271s] !!
[4.271s] 
[4.271s]         ********************************************************************************
[4.271s]         Please avoid running ``setup.py`` directly.
[4.271s]         Instead, use pypa/build, pypa/installer or other
[4.271s]         standards-based tools.
[4.272s] 
[4.272s]         See https://blog.ganssle.io/articles/2021/10/setup-py-deprecated.html for details.
[4.272s]         ********************************************************************************
[4.272s] 
[4.272s] !!
[4.272s]   self.initialize_options()
[4.282s] running install_lib
[4.319s] copying /home/kanja-koduki/buck_ws/build/model_py/build/lib/model_py/test.py -> /home/kanja-koduki/buck_ws/install/model_py/lib/python3.10/site-packages/model_py
[4.320s] byte-compiling /home/kanja-koduki/buck_ws/install/model_py/lib/python3.10/site-packages/model_py/test.py to test.cpython-310.pyc
[4.322s] running install_data
[4.360s] copying urdf/lidar.urdf.xacro -> /home/kanja-koduki/buck_ws/install/model_py/share/model_py/urdf
[4.361s] running install_egg_info
[4.400s] removing '/home/kanja-koduki/buck_ws/install/model_py/lib/python3.10/site-packages/model_py-0.0.0-py3.10.egg-info' (and everything under it)
[4.401s] Copying ../../build/model_py/model_py.egg-info to /home/kanja-koduki/buck_ws/install/model_py/lib/python3.10/site-packages/model_py-0.0.0-py3.10.egg-info
[4.403s] running install_scripts
[4.780s] writing list of installed files to '/home/kanja-koduki/buck_ws/build/model_py/install.log'
[4.831s] Invoked command in '/home/kanja-koduki/buck_ws/src/model_py' returned '0': PYTHONPATH=/home/kanja-koduki/buck_ws/build/model_py/prefix_override:/home/kanja-koduki/buck_ws/install/model_py/lib/python3.10/site-packages:${PYTHONPATH} /usr/bin/python3 setup.py egg_info --egg-base ../../build/model_py build --build-base /home/kanja-koduki/buck_ws/build/model_py/build install --record /home/kanja-koduki/buck_ws/build/model_py/install.log --single-version-externally-managed
