[4.466s] Invoking command in '/home/kanja-koduki/buck_ws/src/model_py': PYTHONPATH=/home/kanja-koduki/buck_ws/build/model_py/prefix_override:/home/kanja-koduki/buck_ws/install/model_py/lib/python3.10/site-packages:${PYTHONPATH} /usr/bin/python3 setup.py egg_info --egg-base ../../build/model_py build --build-base /home/kanja-koduki/buck_ws/build/model_py/build install --record /home/kanja-koduki/buck_ws/build/model_py/install.log --single-version-externally-managed
[4.999s] running egg_info
[5.036s] writing ../../build/model_py/model_py.egg-info/PKG-INFO
[5.037s] writing dependency_links to ../../build/model_py/model_py.egg-info/dependency_links.txt
[5.038s] writing requirements to ../../build/model_py/model_py.egg-info/requires.txt
[5.038s] writing top-level names to ../../build/model_py/model_py.egg-info/top_level.txt
[5.114s] reading manifest file '../../build/model_py/model_py.egg-info/SOURCES.txt'
[5.116s] writing manifest file '../../build/model_py/model_py.egg-info/SOURCES.txt'
[5.116s] running build
[5.116s] running build_py
[5.117s] running install
[5.117s] /home/kanja-koduki/.local/lib/python3.10/site-packages/setuptools/_distutils/cmd.py:66: SetuptoolsDeprecationWarning: setup.py install is deprecated.
[5.117s] !!
[5.117s] 
[5.118s]         ********************************************************************************
[5.118s]         Please avoid running ``setup.py`` directly.
[5.118s]         Instead, use pypa/build, pypa/installer or other
[5.118s]         standards-based tools.
[5.118s] 
[5.118s]         See https://blog.ganssle.io/articles/2021/10/setup-py-deprecated.html for details.
[5.118s]         ********************************************************************************
[5.118s] 
[5.118s] !!
[5.118s]   self.initialize_options()
[5.128s] running install_lib
[5.167s] running install_data
[5.205s] running install_egg_info
[5.248s] removing '/home/kanja-koduki/buck_ws/install/model_py/lib/python3.10/site-packages/model_py-0.0.0-py3.10.egg-info' (and everything under it)
[5.250s] Copying ../../build/model_py/model_py.egg-info to /home/kanja-koduki/buck_ws/install/model_py/lib/python3.10/site-packages/model_py-0.0.0-py3.10.egg-info
[5.252s] running install_scripts
[5.649s] writing list of installed files to '/home/kanja-koduki/buck_ws/build/model_py/install.log'
[5.806s] Invoked command in '/home/kanja-koduki/buck_ws/src/model_py' returned '0': PYTHONPATH=/home/kanja-koduki/buck_ws/build/model_py/prefix_override:/home/kanja-koduki/buck_ws/install/model_py/lib/python3.10/site-packages:${PYTHONPATH} /usr/bin/python3 setup.py egg_info --egg-base ../../build/model_py build --build-base /home/kanja-koduki/buck_ws/build/model_py/build install --record /home/kanja-koduki/buck_ws/build/model_py/install.log --single-version-externally-managed
