[4.458s] Invoking command in '/home/kanja-koduki/buck_ws/src/my_point': PYTHONPATH=/home/kanja-koduki/buck_ws/build/my_point/prefix_override:/home/kanja-koduki/buck_ws/install/my_point/lib/python3.10/site-packages:${PYTHONPATH} /usr/bin/python3 setup.py egg_info --egg-base ../../build/my_point build --build-base /home/kanja-koduki/buck_ws/build/my_point/build install --record /home/kanja-koduki/buck_ws/build/my_point/install.log --single-version-externally-managed
[4.971s] running egg_info
[5.005s] writing ../../build/my_point/my_point.egg-info/PKG-INFO
[5.006s] writing dependency_links to ../../build/my_point/my_point.egg-info/dependency_links.txt
[5.006s] writing entry points to ../../build/my_point/my_point.egg-info/entry_points.txt
[5.007s] writing requirements to ../../build/my_point/my_point.egg-info/requires.txt
[5.007s] writing top-level names to ../../build/my_point/my_point.egg-info/top_level.txt
[5.083s] reading manifest file '../../build/my_point/my_point.egg-info/SOURCES.txt'
[5.085s] writing manifest file '../../build/my_point/my_point.egg-info/SOURCES.txt'
[5.085s] running build
[5.085s] running build_py
[5.085s] copying my_point/point_pub.py -> /home/kanja-koduki/buck_ws/build/my_point/build/lib/my_point
[5.086s] running install
[5.087s] /home/kanja-koduki/.local/lib/python3.10/site-packages/setuptools/_distutils/cmd.py:66: SetuptoolsDeprecationWarning: setup.py install is deprecated.
[5.087s] !!
[5.087s] 
[5.087s]         ********************************************************************************
[5.088s]         Please avoid running ``setup.py`` directly.
[5.088s]         Instead, use pypa/build, pypa/installer or other
[5.088s]         standards-based tools.
[5.088s] 
[5.088s]         See https://blog.ganssle.io/articles/2021/10/setup-py-deprecated.html for details.
[5.089s]         ********************************************************************************
[5.089s] 
[5.089s] !!
[5.089s]   self.initialize_options()
[5.098s] running install_lib
[5.136s] copying /home/kanja-koduki/buck_ws/build/my_point/build/lib/my_point/point_pub.py -> /home/kanja-koduki/buck_ws/install/my_point/lib/python3.10/site-packages/my_point
[5.137s] byte-compiling /home/kanja-koduki/buck_ws/install/my_point/lib/python3.10/site-packages/my_point/point_pub.py to point_pub.cpython-310.pyc
[5.138s] running install_data
[5.181s] running install_egg_info
[5.225s] removing '/home/kanja-koduki/buck_ws/install/my_point/lib/python3.10/site-packages/my_point-0.0.0-py3.10.egg-info' (and everything under it)
[5.226s] Copying ../../build/my_point/my_point.egg-info to /home/kanja-koduki/buck_ws/install/my_point/lib/python3.10/site-packages/my_point-0.0.0-py3.10.egg-info
[5.227s] running install_scripts
[5.581s] Installing point_node script to /home/kanja-koduki/buck_ws/install/my_point/lib/my_point
[5.582s] writing list of installed files to '/home/kanja-koduki/buck_ws/build/my_point/install.log'
[5.756s] Invoked command in '/home/kanja-koduki/buck_ws/src/my_point' returned '0': PYTHONPATH=/home/kanja-koduki/buck_ws/build/my_point/prefix_override:/home/kanja-koduki/buck_ws/install/my_point/lib/python3.10/site-packages:${PYTHONPATH} /usr/bin/python3 setup.py egg_info --egg-base ../../build/my_point build --build-base /home/kanja-koduki/buck_ws/build/my_point/build install --record /home/kanja-koduki/buck_ws/build/my_point/install.log --single-version-externally-managed
