[3.095s] Invoking command in '/home/kanja-koduki/buck_ws/src/model_py': PYTHONPATH=/home/kanja-koduki/buck_ws/build/model_py/prefix_override:/home/kanja-koduki/buck_ws/install/model_py/lib/python3.10/site-packages:${PYTHONPATH} /usr/bin/python3 setup.py egg_info --egg-base ../../build/model_py build --build-base /home/kanja-koduki/buck_ws/build/model_py/build install --record /home/kanja-koduki/buck_ws/build/model_py/install.log --single-version-externally-managed
[3.583s] running egg_info
[3.621s] writing ../../build/model_py/model_py.egg-info/PKG-INFO
[3.622s] writing dependency_links to ../../build/model_py/model_py.egg-info/dependency_links.txt
[3.623s] writing requirements to ../../build/model_py/model_py.egg-info/requires.txt
[3.623s] writing top-level names to ../../build/model_py/model_py.egg-info/top_level.txt
[3.705s] reading manifest file '../../build/model_py/model_py.egg-info/SOURCES.txt'
[3.707s] writing manifest file '../../build/model_py/model_py.egg-info/SOURCES.txt'
[3.707s] running build
[3.707s] running build_py
[3.707s] running install
[3.709s] /home/kanja-koduki/.local/lib/python3.10/site-packages/setuptools/_distutils/cmd.py:66: SetuptoolsDeprecationWarning: setup.py install is deprecated.
[3.709s] !!
[3.709s] 
[3.709s]         ********************************************************************************
[3.709s]         Please avoid running ``setup.py`` directly.
[3.709s]         Instead, use pypa/build, pypa/installer or other
[3.710s]         standards-based tools.
[3.710s] 
[3.710s]         See https://blog.ganssle.io/articles/2021/10/setup-py-deprecated.html for details.
[3.710s]         ********************************************************************************
[3.710s] 
[3.710s] !!
[3.711s]   self.initialize_options()
[3.722s] running install_lib
[3.767s] running install_data
[3.805s] copying urdf/gazebo_control.xacro -> /home/kanja-koduki/buck_ws/install/model_py/share/model_py/urdf
[3.806s] copying urdf/robot_core.urdf.xacro -> /home/kanja-koduki/buck_ws/install/model_py/share/model_py/urdf
[3.807s] running install_egg_info
[3.852s] removing '/home/kanja-koduki/buck_ws/install/model_py/lib/python3.10/site-packages/model_py-0.0.0-py3.10.egg-info' (and everything under it)
[3.853s] Copying ../../build/model_py/model_py.egg-info to /home/kanja-koduki/buck_ws/install/model_py/lib/python3.10/site-packages/model_py-0.0.0-py3.10.egg-info
[3.855s] running install_scripts
[4.244s] writing list of installed files to '/home/kanja-koduki/buck_ws/build/model_py/install.log'
[4.292s] Invoked command in '/home/kanja-koduki/buck_ws/src/model_py' returned '0': PYTHONPATH=/home/kanja-koduki/buck_ws/build/model_py/prefix_override:/home/kanja-koduki/buck_ws/install/model_py/lib/python3.10/site-packages:${PYTHONPATH} /usr/bin/python3 setup.py egg_info --egg-base ../../build/model_py build --build-base /home/kanja-koduki/buck_ws/build/model_py/build install --record /home/kanja-koduki/buck_ws/build/model_py/install.log --single-version-externally-managed
