[4.511s] Invoking command in '/home/kanja-koduki/buck_ws/src/model_py': PYTHONPATH=/home/kanja-koduki/buck_ws/build/model_py/prefix_override:/home/kanja-koduki/buck_ws/install/model_py/lib/python3.10/site-packages:${PYTHONPATH} /usr/bin/python3 setup.py egg_info --egg-base ../../build/model_py build --build-base /home/kanja-koduki/buck_ws/build/model_py/build install --record /home/kanja-koduki/buck_ws/build/model_py/install.log --single-version-externally-managed
[5.030s] running egg_info
[5.068s] writing ../../build/model_py/model_py.egg-info/PKG-INFO
[5.069s] writing dependency_links to ../../build/model_py/model_py.egg-info/dependency_links.txt
[5.069s] writing entry points to ../../build/model_py/model_py.egg-info/entry_points.txt
[5.069s] writing requirements to ../../build/model_py/model_py.egg-info/requires.txt
[5.070s] writing top-level names to ../../build/model_py/model_py.egg-info/top_level.txt
[5.145s] reading manifest file '../../build/model_py/model_py.egg-info/SOURCES.txt'
[5.147s] writing manifest file '../../build/model_py/model_py.egg-info/SOURCES.txt'
[5.147s] running build
[5.148s] running build_py
[5.148s] running install
[5.149s] /home/kanja-koduki/.local/lib/python3.10/site-packages/setuptools/_distutils/cmd.py:66: SetuptoolsDeprecationWarning: setup.py install is deprecated.
[5.149s] !!
[5.149s] 
[5.150s]         ********************************************************************************
[5.150s]         Please avoid running ``setup.py`` directly.
[5.150s]         Instead, use pypa/build, pypa/installer or other
[5.150s]         standards-based tools.
[5.150s] 
[5.150s]         See https://blog.ganssle.io/articles/2021/10/setup-py-deprecated.html for details.
[5.150s]         ********************************************************************************
[5.150s] 
[5.150s] !!
[5.150s]   self.initialize_options()
[5.160s] running install_lib
[5.198s] running install_data
[5.237s] copying launch/launch_sim.launch.py -> /home/kanja-koduki/buck_ws/install/model_py/share/model_py/launch
[5.238s] running install_egg_info
[5.277s] removing '/home/kanja-koduki/buck_ws/install/model_py/lib/python3.10/site-packages/model_py-0.0.0-py3.10.egg-info' (and everything under it)
[5.278s] Copying ../../build/model_py/model_py.egg-info to /home/kanja-koduki/buck_ws/install/model_py/lib/python3.10/site-packages/model_py-0.0.0-py3.10.egg-info
[5.279s] running install_scripts
[5.630s] Installing laser_frame_publisher script to /home/kanja-koduki/buck_ws/install/model_py/lib/model_py
[5.630s] Installing test_joy script to /home/kanja-koduki/buck_ws/install/model_py/lib/model_py
[5.630s] writing list of installed files to '/home/kanja-koduki/buck_ws/build/model_py/install.log'
[5.678s] Invoked command in '/home/kanja-koduki/buck_ws/src/model_py' returned '0': PYTHONPATH=/home/kanja-koduki/buck_ws/build/model_py/prefix_override:/home/kanja-koduki/buck_ws/install/model_py/lib/python3.10/site-packages:${PYTHONPATH} /usr/bin/python3 setup.py egg_info --egg-base ../../build/model_py build --build-base /home/kanja-koduki/buck_ws/build/model_py/build install --record /home/kanja-koduki/buck_ws/build/model_py/install.log --single-version-externally-managed
