[6.496s] Invoking command in '/home/kanja-koduki/buck_ws/src/my_point': PYTHONPATH=/home/kanja-koduki/buck_ws/build/my_point/prefix_override:/home/kanja-koduki/buck_ws/install/my_point/lib/python3.10/site-packages:${PYTHONPATH} /usr/bin/python3 setup.py egg_info --egg-base ../../build/my_point build --build-base /home/kanja-koduki/buck_ws/build/my_point/build install --record /home/kanja-koduki/buck_ws/build/my_point/install.log --single-version-externally-managed
[7.459s] running egg_info
[7.535s] writing ../../build/my_point/my_point.egg-info/PKG-INFO
[7.536s] writing dependency_links to ../../build/my_point/my_point.egg-info/dependency_links.txt
[7.537s] writing entry points to ../../build/my_point/my_point.egg-info/entry_points.txt
[7.538s] writing requirements to ../../build/my_point/my_point.egg-info/requires.txt
[7.538s] writing top-level names to ../../build/my_point/my_point.egg-info/top_level.txt
[7.692s] reading manifest file '../../build/my_point/my_point.egg-info/SOURCES.txt'
[7.696s] writing manifest file '../../build/my_point/my_point.egg-info/SOURCES.txt'
[7.696s] running build
[7.697s] running build_py
[7.700s] running install
[7.700s] /home/kanja-koduki/.local/lib/python3.10/site-packages/setuptools/_distutils/cmd.py:66: SetuptoolsDeprecationWarning: setup.py install is deprecated.
[7.700s] !!
[7.700s] 
[7.701s]         ********************************************************************************
[7.701s]         Please avoid running ``setup.py`` directly.
[7.701s]         Instead, use pypa/build, pypa/installer or other
[7.701s]         standards-based tools.
[7.701s] 
[7.702s]         See https://blog.ganssle.io/articles/2021/10/setup-py-deprecated.html for details.
[7.702s]         ********************************************************************************
[7.703s] 
[7.703s] !!
[7.704s]   self.initialize_options()
[7.729s] running install_lib
[7.802s] running install_data
[7.887s] running install_egg_info
[7.961s] removing '/home/kanja-koduki/buck_ws/install/my_point/lib/python3.10/site-packages/my_point-0.0.0-py3.10.egg-info' (and everything under it)
[7.963s] Copying ../../build/my_point/my_point.egg-info to /home/kanja-koduki/buck_ws/install/my_point/lib/python3.10/site-packages/my_point-0.0.0-py3.10.egg-info
[7.967s] running install_scripts
[8.639s] Installing base_link_publisher script to /home/kanja-koduki/buck_ws/install/my_point/lib/my_point
[8.641s] Installing camera_pub script to /home/kanja-koduki/buck_ws/install/my_point/lib/my_point
[8.643s] Installing camera_sub script to /home/kanja-koduki/buck_ws/install/my_point/lib/my_point
[8.643s] Installing lidar_publisher script to /home/kanja-koduki/buck_ws/install/my_point/lib/my_point
[8.644s] Installing pcd_to_map_node script to /home/kanja-koduki/buck_ws/install/my_point/lib/my_point
[8.644s] Installing point_node script to /home/kanja-koduki/buck_ws/install/my_point/lib/my_point
[8.645s] writing list of installed files to '/home/kanja-koduki/buck_ws/build/my_point/install.log'
[8.931s] Invoked command in '/home/kanja-koduki/buck_ws/src/my_point' returned '0': PYTHONPATH=/home/kanja-koduki/buck_ws/build/my_point/prefix_override:/home/kanja-koduki/buck_ws/install/my_point/lib/python3.10/site-packages:${PYTHONPATH} /usr/bin/python3 setup.py egg_info --egg-base ../../build/my_point build --build-base /home/kanja-koduki/buck_ws/build/my_point/build install --record /home/kanja-koduki/buck_ws/build/my_point/install.log --single-version-externally-managed
