[4.395s] Invoking command in '/home/kanja-koduki/buck_ws/src/model_py': PYTHONPATH=/home/kanja-koduki/buck_ws/build/model_py/prefix_override:/home/kanja-koduki/buck_ws/install/model_py/lib/python3.10/site-packages:${PYTHONPATH} /usr/bin/python3 setup.py egg_info --egg-base ../../build/model_py build --build-base /home/kanja-koduki/buck_ws/build/model_py/build install --record /home/kanja-koduki/buck_ws/build/model_py/install.log --single-version-externally-managed
[4.903s] running egg_info
[4.940s] writing ../../build/model_py/model_py.egg-info/PKG-INFO
[4.941s] writing dependency_links to ../../build/model_py/model_py.egg-info/dependency_links.txt
[4.941s] writing requirements to ../../build/model_py/model_py.egg-info/requires.txt
[4.942s] writing top-level names to ../../build/model_py/model_py.egg-info/top_level.txt
[5.023s] reading manifest file '../../build/model_py/model_py.egg-info/SOURCES.txt'
[5.025s] writing manifest file '../../build/model_py/model_py.egg-info/SOURCES.txt'
[5.025s] running build
[5.025s] running build_py
[5.026s] running install
[5.026s] /home/kanja-koduki/.local/lib/python3.10/site-packages/setuptools/_distutils/cmd.py:66: SetuptoolsDeprecationWarning: setup.py install is deprecated.
[5.026s] !!
[5.027s] 
[5.027s]         ********************************************************************************
[5.027s]         Please avoid running ``setup.py`` directly.
[5.027s]         Instead, use pypa/build, pypa/installer or other
[5.027s]         standards-based tools.
[5.027s] 
[5.028s]         See https://blog.ganssle.io/articles/2021/10/setup-py-deprecated.html for details.
[5.028s]         ********************************************************************************
[5.028s] 
[5.028s] !!
[5.028s]   self.initialize_options()
[5.037s] running install_lib
[5.081s] running install_data
[5.120s] copying launch/launch_sim.launch.py -> /home/kanja-koduki/buck_ws/install/model_py/share/model_py/launch
[5.121s] running install_egg_info
[5.164s] removing '/home/kanja-koduki/buck_ws/install/model_py/lib/python3.10/site-packages/model_py-0.0.0-py3.10.egg-info' (and everything under it)
[5.165s] Copying ../../build/model_py/model_py.egg-info to /home/kanja-koduki/buck_ws/install/model_py/lib/python3.10/site-packages/model_py-0.0.0-py3.10.egg-info
[5.166s] running install_scripts
[5.522s] writing list of installed files to '/home/kanja-koduki/buck_ws/build/model_py/install.log'
[5.701s] Invoked command in '/home/kanja-koduki/buck_ws/src/model_py' returned '0': PYTHONPATH=/home/kanja-koduki/buck_ws/build/model_py/prefix_override:/home/kanja-koduki/buck_ws/install/model_py/lib/python3.10/site-packages:${PYTHONPATH} /usr/bin/python3 setup.py egg_info --egg-base ../../build/model_py build --build-base /home/kanja-koduki/buck_ws/build/model_py/build install --record /home/kanja-koduki/buck_ws/build/model_py/install.log --single-version-externally-managed
