[1.509s] Invoking command in '/home/kanja-koduki/buck_ws/src/my_point': PYTHONPATH=/home/kanja-koduki/buck_ws/build/my_point/prefix_override:/home/kanja-koduki/buck_ws/install/my_point/lib/python3.10/site-packages:${PYTHONPATH} /usr/bin/python3 setup.py egg_info --egg-base ../../build/my_point build --build-base /home/kanja-koduki/buck_ws/build/my_point/build install --record /home/kanja-koduki/buck_ws/build/my_point/install.log --single-version-externally-managed
[1.691s] running egg_info
[1.704s] writing ../../build/my_point/my_point.egg-info/PKG-INFO
[1.704s] writing dependency_links to ../../build/my_point/my_point.egg-info/dependency_links.txt
[1.704s] writing entry points to ../../build/my_point/my_point.egg-info/entry_points.txt
[1.704s] writing requirements to ../../build/my_point/my_point.egg-info/requires.txt
[1.704s] writing top-level names to ../../build/my_point/my_point.egg-info/top_level.txt
[1.738s] reading manifest file '../../build/my_point/my_point.egg-info/SOURCES.txt'
[1.738s] writing manifest file '../../build/my_point/my_point.egg-info/SOURCES.txt'
[1.738s] running build
[1.738s] running build_py
[1.739s] running install
[1.739s] /home/kanja-koduki/.local/lib/python3.10/site-packages/setuptools/_distutils/cmd.py:66: SetuptoolsDeprecationWarning: setup.py install is deprecated.
[1.739s] !!
[1.739s] 
[1.739s]         ********************************************************************************
[1.739s]         Please avoid running ``setup.py`` directly.
[1.739s]         Instead, use pypa/build, pypa/installer or other
[1.739s]         standards-based tools.
[1.739s] 
[1.739s]         See https://blog.ganssle.io/articles/2021/10/setup-py-deprecated.html for details.
[1.739s]         ********************************************************************************
[1.739s] 
[1.739s] !!
[1.740s]   self.initialize_options()
[1.743s] running install_lib
[1.759s] running install_data
[1.775s] running install_egg_info
[1.790s] removing '/home/kanja-koduki/buck_ws/install/my_point/lib/python3.10/site-packages/my_point-0.0.0-py3.10.egg-info' (and everything under it)
[1.791s] Copying ../../build/my_point/my_point.egg-info to /home/kanja-koduki/buck_ws/install/my_point/lib/python3.10/site-packages/my_point-0.0.0-py3.10.egg-info
[1.791s] running install_scripts
[1.938s] Installing base_link_publisher script to /home/kanja-koduki/buck_ws/install/my_point/lib/my_point
[1.938s] Installing point_node script to /home/kanja-koduki/buck_ws/install/my_point/lib/my_point
[1.939s] writing list of installed files to '/home/kanja-koduki/buck_ws/build/my_point/install.log'
[1.962s] Invoked command in '/home/kanja-koduki/buck_ws/src/my_point' returned '0': PYTHONPATH=/home/kanja-koduki/buck_ws/build/my_point/prefix_override:/home/kanja-koduki/buck_ws/install/my_point/lib/python3.10/site-packages:${PYTHONPATH} /usr/bin/python3 setup.py egg_info --egg-base ../../build/my_point build --build-base /home/kanja-koduki/buck_ws/build/my_point/build install --record /home/kanja-koduki/buck_ws/build/my_point/install.log --single-version-externally-managed
