[5.979s] Invoking command in '/home/kanja-koduki/buck_ws/src/model_py': PYTHONPATH=/home/kanja-koduki/buck_ws/build/model_py/prefix_override:/home/kanja-koduki/buck_ws/install/model_py/lib/python3.10/site-packages:${PYTHONPATH} /usr/bin/python3 setup.py egg_info --egg-base ../../build/model_py build --build-base /home/kanja-koduki/buck_ws/build/model_py/build install --record /home/kanja-koduki/buck_ws/build/model_py/install.log --single-version-externally-managed
[6.729s] running egg_info
[6.800s] writing ../../build/model_py/model_py.egg-info/PKG-INFO
[6.802s] writing dependency_links to ../../build/model_py/model_py.egg-info/dependency_links.txt
[6.806s] writing entry points to ../../build/model_py/model_py.egg-info/entry_points.txt
[6.806s] writing requirements to ../../build/model_py/model_py.egg-info/requires.txt
[6.806s] writing top-level names to ../../build/model_py/model_py.egg-info/top_level.txt
[6.921s] reading manifest file '../../build/model_py/model_py.egg-info/SOURCES.txt'
[6.926s] writing manifest file '../../build/model_py/model_py.egg-info/SOURCES.txt'
[6.926s] running build
[6.926s] running build_py
[6.927s] running install
[6.928s] /home/kanja-koduki/.local/lib/python3.10/site-packages/setuptools/_distutils/cmd.py:66: SetuptoolsDeprecationWarning: setup.py install is deprecated.
[6.928s] !!
[6.929s] 
[6.929s]         ********************************************************************************
[6.930s]         Please avoid running ``setup.py`` directly.
[6.930s]         Instead, use pypa/build, pypa/installer or other
[6.930s]         standards-based tools.
[6.930s] 
[6.931s]         See https://blog.ganssle.io/articles/2021/10/setup-py-deprecated.html for details.
[6.932s]         ********************************************************************************
[6.932s] 
[6.932s] !!
[6.932s]   self.initialize_options()
[6.950s] running install_lib
[7.008s] running install_data
[7.062s] copying launch/launch_sim.launch.py -> /home/kanja-koduki/buck_ws/install/model_py/share/model_py/launch
[7.064s] running install_egg_info
[7.125s] removing '/home/kanja-koduki/buck_ws/install/model_py/lib/python3.10/site-packages/model_py-0.0.0-py3.10.egg-info' (and everything under it)
[7.126s] Copying ../../build/model_py/model_py.egg-info to /home/kanja-koduki/buck_ws/install/model_py/lib/python3.10/site-packages/model_py-0.0.0-py3.10.egg-info
[7.128s] running install_scripts
[7.667s] Installing laser_frame_publisher script to /home/kanja-koduki/buck_ws/install/model_py/lib/model_py
[7.671s] Installing test_joy script to /home/kanja-koduki/buck_ws/install/model_py/lib/model_py
[7.672s] writing list of installed files to '/home/kanja-koduki/buck_ws/build/model_py/install.log'
[7.868s] Invoked command in '/home/kanja-koduki/buck_ws/src/model_py' returned '0': PYTHONPATH=/home/kanja-koduki/buck_ws/build/model_py/prefix_override:/home/kanja-koduki/buck_ws/install/model_py/lib/python3.10/site-packages:${PYTHONPATH} /usr/bin/python3 setup.py egg_info --egg-base ../../build/model_py build --build-base /home/kanja-koduki/buck_ws/build/model_py/build install --record /home/kanja-koduki/buck_ws/build/model_py/install.log --single-version-externally-managed
