[1.639s] Invoking command in '/home/kanja-koduki/buck_ws/src/model_py': PYTHONPATH=/home/kanja-koduki/buck_ws/build/model_py/prefix_override:/home/kanja-koduki/buck_ws/install/model_py/lib/python3.10/site-packages:${PYTHONPATH} /usr/bin/python3 setup.py egg_info --egg-base ../../build/model_py build --build-base /home/kanja-koduki/buck_ws/build/model_py/build install --record /home/kanja-koduki/buck_ws/build/model_py/install.log --single-version-externally-managed
[1.828s] running egg_info
[1.844s] writing ../../build/model_py/model_py.egg-info/PKG-INFO
[1.845s] writing dependency_links to ../../build/model_py/model_py.egg-info/dependency_links.txt
[1.845s] writing entry points to ../../build/model_py/model_py.egg-info/entry_points.txt
[1.845s] writing requirements to ../../build/model_py/model_py.egg-info/requires.txt
[1.845s] writing top-level names to ../../build/model_py/model_py.egg-info/top_level.txt
[1.876s] reading manifest file '../../build/model_py/model_py.egg-info/SOURCES.txt'
[1.877s] writing manifest file '../../build/model_py/model_py.egg-info/SOURCES.txt'
[1.877s] running build
[1.877s] running build_py
[1.878s] running install
[1.878s] /home/kanja-koduki/.local/lib/python3.10/site-packages/setuptools/_distutils/cmd.py:66: SetuptoolsDeprecationWarning: setup.py install is deprecated.
[1.878s] !!
[1.878s] 
[1.878s]         ********************************************************************************
[1.878s]         Please avoid running ``setup.py`` directly.
[1.878s]         Instead, use pypa/build, pypa/installer or other
[1.878s]         standards-based tools.
[1.878s] 
[1.878s]         See https://blog.ganssle.io/articles/2021/10/setup-py-deprecated.html for details.
[1.878s]         ********************************************************************************
[1.878s] 
[1.878s] !!
[1.878s]   self.initialize_options()
[1.882s] running install_lib
[1.898s] running install_data
[1.913s] copying urdf/depthcamera.urdf.xacro -> /home/kanja-koduki/buck_ws/install/model_py/share/model_py/urdf
[1.913s] running install_egg_info
[1.928s] removing '/home/kanja-koduki/buck_ws/install/model_py/lib/python3.10/site-packages/model_py-0.0.0-py3.10.egg-info' (and everything under it)
[1.928s] Copying ../../build/model_py/model_py.egg-info to /home/kanja-koduki/buck_ws/install/model_py/lib/python3.10/site-packages/model_py-0.0.0-py3.10.egg-info
[1.929s] running install_scripts
[2.061s] Installing laser_frame_publisher script to /home/kanja-koduki/buck_ws/install/model_py/lib/model_py
[2.061s] writing list of installed files to '/home/kanja-koduki/buck_ws/build/model_py/install.log'
[2.086s] Invoked command in '/home/kanja-koduki/buck_ws/src/model_py' returned '0': PYTHONPATH=/home/kanja-koduki/buck_ws/build/model_py/prefix_override:/home/kanja-koduki/buck_ws/install/model_py/lib/python3.10/site-packages:${PYTHONPATH} /usr/bin/python3 setup.py egg_info --egg-base ../../build/model_py build --build-base /home/kanja-koduki/buck_ws/build/model_py/build install --record /home/kanja-koduki/buck_ws/build/model_py/install.log --single-version-externally-managed
