[4.643s] Invoking command in '/home/kanja-koduki/buck_ws/src/model_py': PYTHONPATH=/home/kanja-koduki/buck_ws/build/model_py/prefix_override:/home/kanja-koduki/buck_ws/install/model_py/lib/python3.10/site-packages:${PYTHONPATH} /usr/bin/python3 setup.py egg_info --egg-base ../../build/model_py build --build-base /home/kanja-koduki/buck_ws/build/model_py/build install --record /home/kanja-koduki/buck_ws/build/model_py/install.log --single-version-externally-managed
[5.210s] running egg_info
[5.251s] writing ../../build/model_py/model_py.egg-info/PKG-INFO
[5.252s] writing dependency_links to ../../build/model_py/model_py.egg-info/dependency_links.txt
[5.253s] writing requirements to ../../build/model_py/model_py.egg-info/requires.txt
[5.253s] writing top-level names to ../../build/model_py/model_py.egg-info/top_level.txt
[5.353s] reading manifest file '../../build/model_py/model_py.egg-info/SOURCES.txt'
[5.356s] writing manifest file '../../build/model_py/model_py.egg-info/SOURCES.txt'
[5.356s] running build
[5.356s] running build_py
[5.357s] running install
[5.358s] /home/kanja-koduki/.local/lib/python3.10/site-packages/setuptools/_distutils/cmd.py:66: SetuptoolsDeprecationWarning: setup.py install is deprecated.
[5.358s] !!
[5.358s] 
[5.358s]         ********************************************************************************
[5.359s]         Please avoid running ``setup.py`` directly.
[5.359s]         Instead, use pypa/build, pypa/installer or other
[5.359s]         standards-based tools.
[5.359s] 
[5.359s]         See https://blog.ganssle.io/articles/2021/10/setup-py-deprecated.html for details.
[5.359s]         ********************************************************************************
[5.360s] 
[5.360s] !!
[5.360s]   self.initialize_options()
[5.371s] running install_lib
[5.423s] running install_data
[5.473s] copying urdf/run.urdf.xacro -> /home/kanja-koduki/buck_ws/install/model_py/share/model_py/urdf
[5.474s] running install_egg_info
[5.526s] removing '/home/kanja-koduki/buck_ws/install/model_py/lib/python3.10/site-packages/model_py-0.0.0-py3.10.egg-info' (and everything under it)
[5.533s] Copying ../../build/model_py/model_py.egg-info to /home/kanja-koduki/buck_ws/install/model_py/lib/python3.10/site-packages/model_py-0.0.0-py3.10.egg-info
[5.533s] running install_scripts
[5.979s] writing list of installed files to '/home/kanja-koduki/buck_ws/build/model_py/install.log'
[6.033s] Invoked command in '/home/kanja-koduki/buck_ws/src/model_py' returned '0': PYTHONPATH=/home/kanja-koduki/buck_ws/build/model_py/prefix_override:/home/kanja-koduki/buck_ws/install/model_py/lib/python3.10/site-packages:${PYTHONPATH} /usr/bin/python3 setup.py egg_info --egg-base ../../build/model_py build --build-base /home/kanja-koduki/buck_ws/build/model_py/build install --record /home/kanja-koduki/buck_ws/build/model_py/install.log --single-version-externally-managed
