[1.799s] Invoking command in '/home/kanja-koduki/buck_ws/src/model_py': PYTHONPATH=/home/kanja-koduki/buck_ws/build/model_py/prefix_override:/home/kanja-koduki/buck_ws/install/model_py/lib/python3.10/site-packages:${PYTHONPATH} /usr/bin/python3 setup.py egg_info --egg-base ../../build/model_py build --build-base /home/kanja-koduki/buck_ws/build/model_py/build install --record /home/kanja-koduki/buck_ws/build/model_py/install.log --single-version-externally-managed
[2.008s] running egg_info
[2.024s] writing ../../build/model_py/model_py.egg-info/PKG-INFO
[2.024s] writing dependency_links to ../../build/model_py/model_py.egg-info/dependency_links.txt
[2.024s] writing entry points to ../../build/model_py/model_py.egg-info/entry_points.txt
[2.024s] writing requirements to ../../build/model_py/model_py.egg-info/requires.txt
[2.024s] writing top-level names to ../../build/model_py/model_py.egg-info/top_level.txt
[2.058s] reading manifest file '../../build/model_py/model_py.egg-info/SOURCES.txt'
[2.059s] writing manifest file '../../build/model_py/model_py.egg-info/SOURCES.txt'
[2.059s] running build
[2.059s] running build_py
[2.060s] running install
[2.060s] /home/kanja-koduki/.local/lib/python3.10/site-packages/setuptools/_distutils/cmd.py:66: SetuptoolsDeprecationWarning: setup.py install is deprecated.
[2.060s] !!
[2.060s] 
[2.060s]         ********************************************************************************
[2.060s]         Please avoid running ``setup.py`` directly.
[2.060s]         Instead, use pypa/build, pypa/installer or other
[2.060s]         standards-based tools.
[2.061s] 
[2.061s]         See https://blog.ganssle.io/articles/2021/10/setup-py-deprecated.html for details.
[2.061s]         ********************************************************************************
[2.061s] 
[2.061s] !!
[2.061s]   self.initialize_options()
[2.064s] running install_lib
[2.081s] running install_data
[2.098s] running install_egg_info
[2.116s] removing '/home/kanja-koduki/buck_ws/install/model_py/lib/python3.10/site-packages/model_py-0.0.0-py3.10.egg-info' (and everything under it)
[2.117s] Copying ../../build/model_py/model_py.egg-info to /home/kanja-koduki/buck_ws/install/model_py/lib/python3.10/site-packages/model_py-0.0.0-py3.10.egg-info
[2.117s] running install_scripts
[2.263s] Installing laser_frame_publisher script to /home/kanja-koduki/buck_ws/install/model_py/lib/model_py
[2.264s] Installing test_joy script to /home/kanja-koduki/buck_ws/install/model_py/lib/model_py
[2.264s] writing list of installed files to '/home/kanja-koduki/buck_ws/build/model_py/install.log'
[2.291s] Invoked command in '/home/kanja-koduki/buck_ws/src/model_py' returned '0': PYTHONPATH=/home/kanja-koduki/buck_ws/build/model_py/prefix_override:/home/kanja-koduki/buck_ws/install/model_py/lib/python3.10/site-packages:${PYTHONPATH} /usr/bin/python3 setup.py egg_info --egg-base ../../build/model_py build --build-base /home/kanja-koduki/buck_ws/build/model_py/build install --record /home/kanja-koduki/buck_ws/build/model_py/install.log --single-version-externally-managed
