[5.205s] Invoking command in '/home/kanja-koduki/buck_ws/src/my_point': PYTHONPATH=/home/kanja-koduki/buck_ws/build/my_point/prefix_override:/home/kanja-koduki/buck_ws/install/my_point/lib/python3.10/site-packages:${PYTHONPATH} /usr/bin/python3 setup.py egg_info --egg-base ../../build/my_point build --build-base /home/kanja-koduki/buck_ws/build/my_point/build install --record /home/kanja-koduki/buck_ws/build/my_point/install.log --single-version-externally-managed
[5.929s] running egg_info
[5.990s] writing ../../build/my_point/my_point.egg-info/PKG-INFO
[5.991s] writing dependency_links to ../../build/my_point/my_point.egg-info/dependency_links.txt
[5.992s] writing entry points to ../../build/my_point/my_point.egg-info/entry_points.txt
[5.993s] writing requirements to ../../build/my_point/my_point.egg-info/requires.txt
[5.994s] writing top-level names to ../../build/my_point/my_point.egg-info/top_level.txt
[6.100s] reading manifest file '../../build/my_point/my_point.egg-info/SOURCES.txt'
[6.103s] writing manifest file '../../build/my_point/my_point.egg-info/SOURCES.txt'
[6.104s] running build
[6.104s] running build_py
[6.106s] running install
[6.107s] /home/kanja-koduki/.local/lib/python3.10/site-packages/setuptools/_distutils/cmd.py:66: SetuptoolsDeprecationWarning: setup.py install is deprecated.
[6.107s] !!
[6.107s] 
[6.107s]         ********************************************************************************
[6.107s]         Please avoid running ``setup.py`` directly.
[6.107s]         Instead, use pypa/build, pypa/installer or other
[6.107s]         standards-based tools.
[6.108s] 
[6.108s]         See https://blog.ganssle.io/articles/2021/10/setup-py-deprecated.html for details.
[6.108s]         ********************************************************************************
[6.108s] 
[6.108s] !!
[6.108s]   self.initialize_options()
[6.130s] running install_lib
[6.196s] running install_data
[6.241s] running install_egg_info
[6.292s] removing '/home/kanja-koduki/buck_ws/install/my_point/lib/python3.10/site-packages/my_point-0.0.0-py3.10.egg-info' (and everything under it)
[6.292s] Copying ../../build/my_point/my_point.egg-info to /home/kanja-koduki/buck_ws/install/my_point/lib/python3.10/site-packages/my_point-0.0.0-py3.10.egg-info
[6.294s] running install_scripts
[6.796s] Installing base_link_publisher script to /home/kanja-koduki/buck_ws/install/my_point/lib/my_point
[6.797s] Installing camera_pub script to /home/kanja-koduki/buck_ws/install/my_point/lib/my_point
[6.797s] Installing camera_sub script to /home/kanja-koduki/buck_ws/install/my_point/lib/my_point
[6.798s] Installing lidar_publisher script to /home/kanja-koduki/buck_ws/install/my_point/lib/my_point
[6.798s] Installing pcd_to_map_node script to /home/kanja-koduki/buck_ws/install/my_point/lib/my_point
[6.798s] Installing point_node script to /home/kanja-koduki/buck_ws/install/my_point/lib/my_point
[6.799s] writing list of installed files to '/home/kanja-koduki/buck_ws/build/my_point/install.log'
[6.860s] Invoked command in '/home/kanja-koduki/buck_ws/src/my_point' returned '0': PYTHONPATH=/home/kanja-koduki/buck_ws/build/my_point/prefix_override:/home/kanja-koduki/buck_ws/install/my_point/lib/python3.10/site-packages:${PYTHONPATH} /usr/bin/python3 setup.py egg_info --egg-base ../../build/my_point build --build-base /home/kanja-koduki/buck_ws/build/my_point/build install --record /home/kanja-koduki/buck_ws/build/my_point/install.log --single-version-externally-managed
