[3.962s] Invoking command in '/home/kanja-koduki/buck_ws/src/my_point': PYTHONPATH=/home/kanja-koduki/buck_ws/build/my_point/prefix_override:/home/kanja-koduki/buck_ws/install/my_point/lib/python3.10/site-packages:${PYTHONPATH} /usr/bin/python3 setup.py egg_info --egg-base ../../build/my_point build --build-base /home/kanja-koduki/buck_ws/build/my_point/build install --record /home/kanja-koduki/buck_ws/build/my_point/install.log --single-version-externally-managed
[4.494s] running egg_info
[4.534s] writing ../../build/my_point/my_point.egg-info/PKG-INFO
[4.534s] writing dependency_links to ../../build/my_point/my_point.egg-info/dependency_links.txt
[4.535s] writing requirements to ../../build/my_point/my_point.egg-info/requires.txt
[4.535s] writing top-level names to ../../build/my_point/my_point.egg-info/top_level.txt
[4.612s] reading manifest file '../../build/my_point/my_point.egg-info/SOURCES.txt'
[4.614s] writing manifest file '../../build/my_point/my_point.egg-info/SOURCES.txt'
[4.614s] running build
[4.614s] running build_py
[4.614s] running install
[4.615s] /home/kanja-koduki/.local/lib/python3.10/site-packages/setuptools/_distutils/cmd.py:66: SetuptoolsDeprecationWarning: setup.py install is deprecated.
[4.615s] !!
[4.615s] 
[4.616s]         ********************************************************************************
[4.616s]         Please avoid running ``setup.py`` directly.
[4.616s]         Instead, use pypa/build, pypa/installer or other
[4.616s]         standards-based tools.
[4.616s] 
[4.616s]         See https://blog.ganssle.io/articles/2021/10/setup-py-deprecated.html for details.
[4.617s]         ********************************************************************************
[4.617s] 
[4.617s] !!
[4.617s]   self.initialize_options()
[4.626s] running install_lib
[4.664s] running install_data
[4.703s] running install_egg_info
[4.742s] removing '/home/kanja-koduki/buck_ws/install/my_point/lib/python3.10/site-packages/my_point-0.0.0-py3.10.egg-info' (and everything under it)
[4.743s] Copying ../../build/my_point/my_point.egg-info to /home/kanja-koduki/buck_ws/install/my_point/lib/python3.10/site-packages/my_point-0.0.0-py3.10.egg-info
[4.744s] running install_scripts
[5.140s] writing list of installed files to '/home/kanja-koduki/buck_ws/build/my_point/install.log'
[5.195s] Invoked command in '/home/kanja-koduki/buck_ws/src/my_point' returned '0': PYTHONPATH=/home/kanja-koduki/buck_ws/build/my_point/prefix_override:/home/kanja-koduki/buck_ws/install/my_point/lib/python3.10/site-packages:${PYTHONPATH} /usr/bin/python3 setup.py egg_info --egg-base ../../build/my_point build --build-base /home/kanja-koduki/buck_ws/build/my_point/build install --record /home/kanja-koduki/buck_ws/build/my_point/install.log --single-version-externally-managed
