[2.682s] Invoking command in '/home/kanja-koduki/buck_ws/build/robot_description': CMAKE_PREFIX_PATH=${CMAKE_PREFIX_PATH}:/home/kanja-koduki/buck_ws/install/my_point:/home/kanja-koduki/buck_ws/install/model_py:/home/kanja-koduki/hannah_ws/install/hannah_bot:/home/kanja-koduki/niki_ws/install/sjtu_drone_bringup:/home/kanja-koduki/zypher_ws/install/prius_sdc_pkg:/home/kanja-koduki/ortega_ws/install/ortega_bot:/opt/ros/humble /home/kanja-koduki/.local/bin/cmake --build /home/kanja-koduki/buck_ws/build/robot_description -- -j8 -l8
[2.856s] Invoked command in '/home/kanja-koduki/buck_ws/build/robot_description' returned '0': CMAKE_PREFIX_PATH=${CMAKE_PREFIX_PATH}:/home/kanja-koduki/buck_ws/install/my_point:/home/kanja-koduki/buck_ws/install/model_py:/home/kanja-koduki/hannah_ws/install/hannah_bot:/home/kanja-koduki/niki_ws/install/sjtu_drone_bringup:/home/kanja-koduki/zypher_ws/install/prius_sdc_pkg:/home/kanja-koduki/ortega_ws/install/ortega_bot:/opt/ros/humble /home/kanja-koduki/.local/bin/cmake --build /home/kanja-koduki/buck_ws/build/robot_description -- -j8 -l8
[3.001s] Invoking command in '/home/kanja-koduki/buck_ws/build/robot_description': CMAKE_PREFIX_PATH=${CMAKE_PREFIX_PATH}:/home/kanja-koduki/buck_ws/install/my_point:/home/kanja-koduki/buck_ws/install/model_py:/home/kanja-koduki/hannah_ws/install/hannah_bot:/home/kanja-koduki/niki_ws/install/sjtu_drone_bringup:/home/kanja-koduki/zypher_ws/install/prius_sdc_pkg:/home/kanja-koduki/ortega_ws/install/ortega_bot:/opt/ros/humble /home/kanja-koduki/.local/bin/cmake --install /home/kanja-koduki/buck_ws/build/robot_description
[3.106s] -- Install configuration: ""
[3.107s] -- Up-to-date: /home/kanja-koduki/buck_ws/install/robot_description/share/robot_description/urdf
[3.109s] -- Up-to-date: /home/kanja-koduki/buck_ws/install/robot_description/share/robot_description/urdf/run.urdf.xacro
[3.110s] -- Up-to-date: /home/kanja-koduki/buck_ws/install/robot_description/share/robot_description/urdf/lidar.urdf.xacro
[3.116s] -- Up-to-date: /home/kanja-koduki/buck_ws/install/robot_description/share/robot_description/urdf/inertial.urdf.xacro
[3.116s] -- Up-to-date: /home/kanja-koduki/buck_ws/install/robot_description/share/robot_description/urdf/test2.urdf.xacro
[3.117s] -- Up-to-date: /home/kanja-koduki/buck_ws/install/robot_description/share/robot_description/urdf/robot_core.urdf.xacro
[3.117s] -- Up-to-date: /home/kanja-koduki/buck_ws/install/robot_description/share/robot_description/urdf/test.urdf.xacro
[3.117s] -- Up-to-date: /home/kanja-koduki/buck_ws/install/robot_description/share/robot_description/meshes
[3.118s] -- Up-to-date: /home/kanja-koduki/buck_ws/install/robot_description/share/robot_description/meshes/motor8.STL
[3.118s] -- Up-to-date: /home/kanja-koduki/buck_ws/install/robot_description/share/robot_description/meshes/motor7.STL
[3.118s] -- Up-to-date: /home/kanja-koduki/buck_ws/install/robot_description/share/robot_description/meshes/motor6.STL
[3.119s] -- Up-to-date: /home/kanja-koduki/buck_ws/install/robot_description/share/robot_description/meshes/model_test
[3.119s] -- Up-to-date: /home/kanja-koduki/buck_ws/install/robot_description/share/robot_description/meshes/model_test/model.config
[3.119s] -- Up-to-date: /home/kanja-koduki/buck_ws/install/robot_description/share/robot_description/meshes/model_test/model.sdf
[3.120s] -- Up-to-date: /home/kanja-koduki/buck_ws/install/robot_description/share/robot_description/meshes/motor2.STL
[3.120s] -- Up-to-date: /home/kanja-koduki/buck_ws/install/robot_description/share/robot_description/meshes/motor4.STL
[3.131s] -- Up-to-date: /home/kanja-koduki/buck_ws/install/robot_description/share/robot_description/meshes/motor3.STL
[3.131s] -- Up-to-date: /home/kanja-koduki/buck_ws/install/robot_description/share/robot_description/meshes/motor1.STL
[3.132s] -- Up-to-date: /home/kanja-koduki/buck_ws/install/robot_description/share/robot_description/meshes/base_link.STL
[3.132s] -- Up-to-date: /home/kanja-koduki/buck_ws/install/robot_description/share/robot_description/meshes/test
[3.133s] -- Up-to-date: /home/kanja-koduki/buck_ws/install/robot_description/share/robot_description/meshes/test/model.config
[3.133s] -- Up-to-date: /home/kanja-koduki/buck_ws/install/robot_description/share/robot_description/meshes/test/model.sdf
[3.134s] -- Up-to-date: /home/kanja-koduki/buck_ws/install/robot_description/share/robot_description/meshes/motor5.STL
[3.134s] -- Up-to-date: /home/kanja-koduki/buck_ws/install/robot_description/share/ament_index/resource_index/package_run_dependencies/robot_description
[3.135s] -- Up-to-date: /home/kanja-koduki/buck_ws/install/robot_description/share/ament_index/resource_index/parent_prefix_path/robot_description
[3.135s] -- Up-to-date: /home/kanja-koduki/buck_ws/install/robot_description/share/robot_description/environment/ament_prefix_path.sh
[3.141s] -- Up-to-date: /home/kanja-koduki/buck_ws/install/robot_description/share/robot_description/environment/ament_prefix_path.dsv
[3.143s] -- Up-to-date: /home/kanja-koduki/buck_ws/install/robot_description/share/robot_description/environment/path.sh
[3.144s] -- Up-to-date: /home/kanja-koduki/buck_ws/install/robot_description/share/robot_description/environment/path.dsv
[3.148s] -- Up-to-date: /home/kanja-koduki/buck_ws/install/robot_description/share/robot_description/local_setup.bash
[3.162s] -- Up-to-date: /home/kanja-koduki/buck_ws/install/robot_description/share/robot_description/local_setup.sh
[3.162s] -- Up-to-date: /home/kanja-koduki/buck_ws/install/robot_description/share/robot_description/local_setup.zsh
[3.162s] -- Up-to-date: /home/kanja-koduki/buck_ws/install/robot_description/share/robot_description/local_setup.dsv
[3.163s] -- Installing: /home/kanja-koduki/buck_ws/install/robot_description/share/robot_description/package.dsv
[3.163s] -- Up-to-date: /home/kanja-koduki/buck_ws/install/robot_description/share/ament_index/resource_index/packages/robot_description
[3.167s] -- Up-to-date: /home/kanja-koduki/buck_ws/install/robot_description/share/robot_description/cmake/robot_descriptionConfig.cmake
[3.168s] -- Up-to-date: /home/kanja-koduki/buck_ws/install/robot_description/share/robot_description/cmake/robot_descriptionConfig-version.cmake
[3.175s] -- Up-to-date: /home/kanja-koduki/buck_ws/install/robot_description/share/robot_description/package.xml
[3.489s] Invoked command in '/home/kanja-koduki/buck_ws/build/robot_description' returned '0': CMAKE_PREFIX_PATH=${CMAKE_PREFIX_PATH}:/home/kanja-koduki/buck_ws/install/my_point:/home/kanja-koduki/buck_ws/install/model_py:/home/kanja-koduki/hannah_ws/install/hannah_bot:/home/kanja-koduki/niki_ws/install/sjtu_drone_bringup:/home/kanja-koduki/zypher_ws/install/prius_sdc_pkg:/home/kanja-koduki/ortega_ws/install/ortega_bot:/opt/ros/humble /home/kanja-koduki/.local/bin/cmake --install /home/kanja-koduki/buck_ws/build/robot_description
