[8.225s] Invoking command in '/home/kanja-koduki/buck_ws/src/model_py': PYTHONPATH=/home/kanja-koduki/buck_ws/build/model_py/prefix_override:/home/kanja-koduki/buck_ws/install/model_py/lib/python3.10/site-packages:${PYTHONPATH} /usr/bin/python3 setup.py egg_info --egg-base ../../build/model_py build --build-base /home/kanja-koduki/buck_ws/build/model_py/build install --record /home/kanja-koduki/buck_ws/build/model_py/install.log --single-version-externally-managed
[9.259s] running egg_info
[9.337s] writing ../../build/model_py/model_py.egg-info/PKG-INFO
[9.338s] writing dependency_links to ../../build/model_py/model_py.egg-info/dependency_links.txt
[9.339s] writing entry points to ../../build/model_py/model_py.egg-info/entry_points.txt
[9.339s] writing requirements to ../../build/model_py/model_py.egg-info/requires.txt
[9.340s] writing top-level names to ../../build/model_py/model_py.egg-info/top_level.txt
[9.528s] reading manifest file '../../build/model_py/model_py.egg-info/SOURCES.txt'
[9.535s] writing manifest file '../../build/model_py/model_py.egg-info/SOURCES.txt'
[9.536s] running build
[9.536s] running build_py
[9.539s] running install
[9.539s] /home/kanja-koduki/.local/lib/python3.10/site-packages/setuptools/_distutils/cmd.py:66: SetuptoolsDeprecationWarning: setup.py install is deprecated.
[9.540s] !!
[9.540s] 
[9.540s]         ********************************************************************************
[9.540s]         Please avoid running ``setup.py`` directly.
[9.541s]         Instead, use pypa/build, pypa/installer or other
[9.541s]         standards-based tools.
[9.541s] 
[9.541s]         See https://blog.ganssle.io/articles/2021/10/setup-py-deprecated.html for details.
[9.541s]         ********************************************************************************
[9.542s] 
[9.542s] !!
[9.542s]   self.initialize_options()
[9.567s] running install_lib
[9.672s] running install_data
[9.760s] copying urdf/run.urdf.xacro -> /home/kanja-koduki/buck_ws/install/model_py/share/model_py/urdf
[9.762s] running install_egg_info
[9.873s] removing '/home/kanja-koduki/buck_ws/install/model_py/lib/python3.10/site-packages/model_py-0.0.0-py3.10.egg-info' (and everything under it)
[9.876s] Copying ../../build/model_py/model_py.egg-info to /home/kanja-koduki/buck_ws/install/model_py/lib/python3.10/site-packages/model_py-0.0.0-py3.10.egg-info
[9.895s] running install_scripts
[11.288s] Installing laser_frame_publisher script to /home/kanja-koduki/buck_ws/install/model_py/lib/model_py
[11.288s] Installing test_joy script to /home/kanja-koduki/buck_ws/install/model_py/lib/model_py
[11.288s] writing list of installed files to '/home/kanja-koduki/buck_ws/build/model_py/install.log'
[11.559s] Invoked command in '/home/kanja-koduki/buck_ws/src/model_py' returned '0': PYTHONPATH=/home/kanja-koduki/buck_ws/build/model_py/prefix_override:/home/kanja-koduki/buck_ws/install/model_py/lib/python3.10/site-packages:${PYTHONPATH} /usr/bin/python3 setup.py egg_info --egg-base ../../build/model_py build --build-base /home/kanja-koduki/buck_ws/build/model_py/build install --record /home/kanja-koduki/buck_ws/build/model_py/install.log --single-version-externally-managed
