[1.825s] Invoking command in '/home/kanja-koduki/buck_ws/src/model_py': PYTHONPATH=/home/kanja-koduki/buck_ws/build/model_py/prefix_override:/home/kanja-koduki/buck_ws/install/model_py/lib/python3.10/site-packages:${PYTHONPATH} /usr/bin/python3 setup.py egg_info --egg-base ../../build/model_py build --build-base /home/kanja-koduki/buck_ws/build/model_py/build install --record /home/kanja-koduki/buck_ws/build/model_py/install.log --single-version-externally-managed
[2.023s] running egg_info
[2.037s] writing ../../build/model_py/model_py.egg-info/PKG-INFO
[2.037s] writing dependency_links to ../../build/model_py/model_py.egg-info/dependency_links.txt
[2.038s] writing entry points to ../../build/model_py/model_py.egg-info/entry_points.txt
[2.038s] writing requirements to ../../build/model_py/model_py.egg-info/requires.txt
[2.038s] writing top-level names to ../../build/model_py/model_py.egg-info/top_level.txt
[2.072s] reading manifest file '../../build/model_py/model_py.egg-info/SOURCES.txt'
[2.073s] writing manifest file '../../build/model_py/model_py.egg-info/SOURCES.txt'
[2.073s] running build
[2.074s] running build_py
[2.074s] running install
[2.074s] /home/kanja-koduki/.local/lib/python3.10/site-packages/setuptools/_distutils/cmd.py:66: SetuptoolsDeprecationWarning: setup.py install is deprecated.
[2.075s] !!
[2.075s] 
[2.075s]         ********************************************************************************
[2.075s]         Please avoid running ``setup.py`` directly.
[2.075s]         Instead, use pypa/build, pypa/installer or other
[2.075s]         standards-based tools.
[2.075s] 
[2.075s]         See https://blog.ganssle.io/articles/2021/10/setup-py-deprecated.html for details.
[2.075s]         ********************************************************************************
[2.075s] 
[2.075s] !!
[2.075s]   self.initialize_options()
[2.079s] running install_lib
[2.095s] running install_data
[2.113s] copying urdf/test_d415_camera.urdf.xacro -> /home/kanja-koduki/buck_ws/install/model_py/share/model_py/urdf
[2.113s] copying urdf/_d435i.urdf.xacro -> /home/kanja-koduki/buck_ws/install/model_py/share/model_py/urdf
[2.113s] copying urdf/_d455.urdf.xacro -> /home/kanja-koduki/buck_ws/install/model_py/share/model_py/urdf
[2.113s] copying urdf/_r430.urdf.xacro -> /home/kanja-koduki/buck_ws/install/model_py/share/model_py/urdf
[2.113s] copying urdf/test_d435_camera.urdf.xacro -> /home/kanja-koduki/buck_ws/install/model_py/share/model_py/urdf
[2.113s] copying urdf/test_d435i_camera.urdf.xacro -> /home/kanja-koduki/buck_ws/install/model_py/share/model_py/urdf
[2.113s] copying urdf/run.urdf.xacro -> /home/kanja-koduki/buck_ws/install/model_py/share/model_py/urdf
[2.113s] copying urdf/test_r410_camera.urdf.xacro -> /home/kanja-koduki/buck_ws/install/model_py/share/model_py/urdf
[2.113s] copying urdf/test_r430_camera.urdf.xacro -> /home/kanja-koduki/buck_ws/install/model_py/share/model_py/urdf
[2.114s] copying urdf/_d435.urdf.xacro -> /home/kanja-koduki/buck_ws/install/model_py/share/model_py/urdf
[2.114s] copying urdf/_usb_plug.urdf.xacro -> /home/kanja-koduki/buck_ws/install/model_py/share/model_py/urdf
[2.114s] copying urdf/_r410.urdf.xacro -> /home/kanja-koduki/buck_ws/install/model_py/share/model_py/urdf
[2.114s] copying urdf/_d435i_imu_modules.urdf.xacro -> /home/kanja-koduki/buck_ws/install/model_py/share/model_py/urdf
[2.114s] copying urdf/test_d455_camera.urdf.xacro -> /home/kanja-koduki/buck_ws/install/model_py/share/model_py/urdf
[2.114s] copying urdf/_d415.urdf.xacro -> /home/kanja-koduki/buck_ws/install/model_py/share/model_py/urdf
[2.114s] copying urdf/_materials.urdf.xacro -> /home/kanja-koduki/buck_ws/install/model_py/share/model_py/urdf
[2.115s] copying urdf/test_d435_multiple_cameras.urdf.xacro -> /home/kanja-koduki/buck_ws/install/model_py/share/model_py/urdf
[2.115s] running install_egg_info
[2.132s] removing '/home/kanja-koduki/buck_ws/install/model_py/lib/python3.10/site-packages/model_py-0.0.0-py3.10.egg-info' (and everything under it)
[2.133s] Copying ../../build/model_py/model_py.egg-info to /home/kanja-koduki/buck_ws/install/model_py/lib/python3.10/site-packages/model_py-0.0.0-py3.10.egg-info
[2.133s] running install_scripts
[2.281s] Installing laser_frame_publisher script to /home/kanja-koduki/buck_ws/install/model_py/lib/model_py
[2.281s] writing list of installed files to '/home/kanja-koduki/buck_ws/build/model_py/install.log'
[2.307s] Invoked command in '/home/kanja-koduki/buck_ws/src/model_py' returned '0': PYTHONPATH=/home/kanja-koduki/buck_ws/build/model_py/prefix_override:/home/kanja-koduki/buck_ws/install/model_py/lib/python3.10/site-packages:${PYTHONPATH} /usr/bin/python3 setup.py egg_info --egg-base ../../build/model_py build --build-base /home/kanja-koduki/buck_ws/build/model_py/build install --record /home/kanja-koduki/buck_ws/build/model_py/install.log --single-version-externally-managed
