[1.672s] Invoking command in '/home/kanja-koduki/buck_ws/src/model_py': PYTHONPATH=/home/kanja-koduki/buck_ws/build/model_py/prefix_override:/home/kanja-koduki/buck_ws/install/model_py/lib/python3.10/site-packages:${PYTHONPATH} /usr/bin/python3 setup.py egg_info --egg-base ../../build/model_py build --build-base /home/kanja-koduki/buck_ws/build/model_py/build install --record /home/kanja-koduki/buck_ws/build/model_py/install.log --single-version-externally-managed
[1.860s] running egg_info
[1.874s] writing ../../build/model_py/model_py.egg-info/PKG-INFO
[1.874s] writing dependency_links to ../../build/model_py/model_py.egg-info/dependency_links.txt
[1.875s] writing entry points to ../../build/model_py/model_py.egg-info/entry_points.txt
[1.875s] writing requirements to ../../build/model_py/model_py.egg-info/requires.txt
[1.875s] writing top-level names to ../../build/model_py/model_py.egg-info/top_level.txt
[1.904s] reading manifest file '../../build/model_py/model_py.egg-info/SOURCES.txt'
[1.905s] writing manifest file '../../build/model_py/model_py.egg-info/SOURCES.txt'
[1.905s] running build
[1.905s] running build_py
[1.905s] running install
[1.906s] /home/kanja-koduki/.local/lib/python3.10/site-packages/setuptools/_distutils/cmd.py:66: SetuptoolsDeprecationWarning: setup.py install is deprecated.
[1.906s] !!
[1.906s] 
[1.906s]         ********************************************************************************
[1.906s]         Please avoid running ``setup.py`` directly.
[1.906s]         Instead, use pypa/build, pypa/installer or other
[1.906s]         standards-based tools.
[1.906s] 
[1.906s]         See https://blog.ganssle.io/articles/2021/10/setup-py-deprecated.html for details.
[1.906s]         ********************************************************************************
[1.906s] 
[1.906s] !!
[1.906s]   self.initialize_options()
[1.910s] running install_lib
[1.925s] running install_data
[1.940s] copying urdf/run.urdf.xacro -> /home/kanja-koduki/buck_ws/install/model_py/share/model_py/urdf
[1.940s] copying urdf/depth_test.urdf.xacro -> /home/kanja-koduki/buck_ws/install/model_py/share/model_py/urdf
[1.940s] running install_egg_info
[1.955s] removing '/home/kanja-koduki/buck_ws/install/model_py/lib/python3.10/site-packages/model_py-0.0.0-py3.10.egg-info' (and everything under it)
[1.955s] Copying ../../build/model_py/model_py.egg-info to /home/kanja-koduki/buck_ws/install/model_py/lib/python3.10/site-packages/model_py-0.0.0-py3.10.egg-info
[1.956s] running install_scripts
[2.087s] Installing laser_frame_publisher script to /home/kanja-koduki/buck_ws/install/model_py/lib/model_py
[2.087s] writing list of installed files to '/home/kanja-koduki/buck_ws/build/model_py/install.log'
[2.109s] Invoked command in '/home/kanja-koduki/buck_ws/src/model_py' returned '0': PYTHONPATH=/home/kanja-koduki/buck_ws/build/model_py/prefix_override:/home/kanja-koduki/buck_ws/install/model_py/lib/python3.10/site-packages:${PYTHONPATH} /usr/bin/python3 setup.py egg_info --egg-base ../../build/model_py build --build-base /home/kanja-koduki/buck_ws/build/model_py/build install --record /home/kanja-koduki/buck_ws/build/model_py/install.log --single-version-externally-managed
