[5.081s] Invoking command in '/home/kanja-koduki/buck_ws/src/model_py': PYTHONPATH=/home/kanja-koduki/buck_ws/build/model_py/prefix_override:/home/kanja-koduki/buck_ws/install/model_py/lib/python3.10/site-packages:${PYTHONPATH} /usr/bin/python3 setup.py egg_info --egg-base ../../build/model_py build --build-base /home/kanja-koduki/buck_ws/build/model_py/build install --record /home/kanja-koduki/buck_ws/build/model_py/install.log --single-version-externally-managed
[5.691s] running egg_info
[5.736s] writing ../../build/model_py/model_py.egg-info/PKG-INFO
[5.739s] writing dependency_links to ../../build/model_py/model_py.egg-info/dependency_links.txt
[5.739s] writing entry points to ../../build/model_py/model_py.egg-info/entry_points.txt
[5.740s] writing requirements to ../../build/model_py/model_py.egg-info/requires.txt
[5.741s] writing top-level names to ../../build/model_py/model_py.egg-info/top_level.txt
[5.835s] reading manifest file '../../build/model_py/model_py.egg-info/SOURCES.txt'
[5.840s] writing manifest file '../../build/model_py/model_py.egg-info/SOURCES.txt'
[5.840s] running build
[5.841s] running build_py
[5.842s] running install
[5.843s] /home/kanja-koduki/.local/lib/python3.10/site-packages/setuptools/_distutils/cmd.py:66: SetuptoolsDeprecationWarning: setup.py install is deprecated.
[5.843s] !!
[5.843s] 
[5.843s]         ********************************************************************************
[5.843s]         Please avoid running ``setup.py`` directly.
[5.843s]         Instead, use pypa/build, pypa/installer or other
[5.843s]         standards-based tools.
[5.844s] 
[5.844s]         See https://blog.ganssle.io/articles/2021/10/setup-py-deprecated.html for details.
[5.844s]         ********************************************************************************
[5.844s] 
[5.844s] !!
[5.844s]   self.initialize_options()
[5.855s] running install_lib
[5.902s] running install_data
[5.949s] copying launch/launch_sim.launch.py -> /home/kanja-koduki/buck_ws/install/model_py/share/model_py/launch
[5.949s] copying world/nikii.world -> /home/kanja-koduki/buck_ws/install/model_py/share/model_py/world
[5.951s] copying config/mapper_params_online_async.yaml -> /home/kanja-koduki/buck_ws/install/model_py/share/model_py/config
[5.953s] running install_egg_info
[6.001s] removing '/home/kanja-koduki/buck_ws/install/model_py/lib/python3.10/site-packages/model_py-0.0.0-py3.10.egg-info' (and everything under it)
[6.001s] Copying ../../build/model_py/model_py.egg-info to /home/kanja-koduki/buck_ws/install/model_py/lib/python3.10/site-packages/model_py-0.0.0-py3.10.egg-info
[6.006s] running install_scripts
[6.473s] Installing laser_frame_publisher script to /home/kanja-koduki/buck_ws/install/model_py/lib/model_py
[6.473s] Installing test_joy script to /home/kanja-koduki/buck_ws/install/model_py/lib/model_py
[6.474s] writing list of installed files to '/home/kanja-koduki/buck_ws/build/model_py/install.log'
[6.526s] Invoked command in '/home/kanja-koduki/buck_ws/src/model_py' returned '0': PYTHONPATH=/home/kanja-koduki/buck_ws/build/model_py/prefix_override:/home/kanja-koduki/buck_ws/install/model_py/lib/python3.10/site-packages:${PYTHONPATH} /usr/bin/python3 setup.py egg_info --egg-base ../../build/model_py build --build-base /home/kanja-koduki/buck_ws/build/model_py/build install --record /home/kanja-koduki/buck_ws/build/model_py/install.log --single-version-externally-managed
