[4.216s] Invoking command in '/home/kanja-koduki/buck_ws/src/my_point': PYTHONPATH=/home/kanja-koduki/buck_ws/build/my_point/prefix_override:/home/kanja-koduki/buck_ws/install/my_point/lib/python3.10/site-packages:${PYTHONPATH} /usr/bin/python3 setup.py egg_info --egg-base ../../build/my_point build --build-base /home/kanja-koduki/buck_ws/build/my_point/build install --record /home/kanja-koduki/buck_ws/build/my_point/install.log --single-version-externally-managed
[4.776s] running egg_info
[4.828s] writing ../../build/my_point/my_point.egg-info/PKG-INFO
[4.829s] writing dependency_links to ../../build/my_point/my_point.egg-info/dependency_links.txt
[4.830s] writing entry points to ../../build/my_point/my_point.egg-info/entry_points.txt
[4.830s] writing requirements to ../../build/my_point/my_point.egg-info/requires.txt
[4.830s] writing top-level names to ../../build/my_point/my_point.egg-info/top_level.txt
[4.948s] reading manifest file '../../build/my_point/my_point.egg-info/SOURCES.txt'
[4.951s] writing manifest file '../../build/my_point/my_point.egg-info/SOURCES.txt'
[4.951s] running build
[4.951s] running build_py
[4.953s] running install
[4.953s] /home/kanja-koduki/.local/lib/python3.10/site-packages/setuptools/_distutils/cmd.py:66: SetuptoolsDeprecationWarning: setup.py install is deprecated.
[4.953s] !!
[4.954s] 
[4.954s]         ********************************************************************************
[4.954s]         Please avoid running ``setup.py`` directly.
[4.954s]         Instead, use pypa/build, pypa/installer or other
[4.954s]         standards-based tools.
[4.955s] 
[4.955s]         See https://blog.ganssle.io/articles/2021/10/setup-py-deprecated.html for details.
[4.955s]         ********************************************************************************
[4.955s] 
[4.955s] !!
[4.955s]   self.initialize_options()
[4.974s] running install_lib
[5.034s] running install_data
[5.092s] running install_egg_info
[5.143s] removing '/home/kanja-koduki/buck_ws/install/my_point/lib/python3.10/site-packages/my_point-0.0.0-py3.10.egg-info' (and everything under it)
[5.144s] Copying ../../build/my_point/my_point.egg-info to /home/kanja-koduki/buck_ws/install/my_point/lib/python3.10/site-packages/my_point-0.0.0-py3.10.egg-info
[5.146s] running install_scripts
[5.574s] Installing base_link_publisher script to /home/kanja-koduki/buck_ws/install/my_point/lib/my_point
[5.574s] Installing lidar_publisher script to /home/kanja-koduki/buck_ws/install/my_point/lib/my_point
[5.575s] Installing point_node script to /home/kanja-koduki/buck_ws/install/my_point/lib/my_point
[5.576s] writing list of installed files to '/home/kanja-koduki/buck_ws/build/my_point/install.log'
[5.734s] Invoked command in '/home/kanja-koduki/buck_ws/src/my_point' returned '0': PYTHONPATH=/home/kanja-koduki/buck_ws/build/my_point/prefix_override:/home/kanja-koduki/buck_ws/install/my_point/lib/python3.10/site-packages:${PYTHONPATH} /usr/bin/python3 setup.py egg_info --egg-base ../../build/my_point build --build-base /home/kanja-koduki/buck_ws/build/my_point/build install --record /home/kanja-koduki/buck_ws/build/my_point/install.log --single-version-externally-managed
