[4.425s] Invoking command in '/home/kanja-koduki/buck_ws/src/model_py': PYTHONPATH=/home/kanja-koduki/buck_ws/build/model_py/prefix_override:/home/kanja-koduki/buck_ws/install/model_py/lib/python3.10/site-packages:${PYTHONPATH} /usr/bin/python3 setup.py egg_info --egg-base ../../build/model_py build --build-base /home/kanja-koduki/buck_ws/build/model_py/build install --record /home/kanja-koduki/buck_ws/build/model_py/install.log --single-version-externally-managed
[4.944s] running egg_info
[4.980s] writing ../../build/model_py/model_py.egg-info/PKG-INFO
[4.981s] writing dependency_links to ../../build/model_py/model_py.egg-info/dependency_links.txt
[4.981s] writing entry points to ../../build/model_py/model_py.egg-info/entry_points.txt
[4.982s] writing requirements to ../../build/model_py/model_py.egg-info/requires.txt
[4.982s] writing top-level names to ../../build/model_py/model_py.egg-info/top_level.txt
[5.057s] reading manifest file '../../build/model_py/model_py.egg-info/SOURCES.txt'
[5.060s] writing manifest file '../../build/model_py/model_py.egg-info/SOURCES.txt'
[5.060s] running build
[5.060s] running build_py
[5.061s] running install
[5.061s] /home/kanja-koduki/.local/lib/python3.10/site-packages/setuptools/_distutils/cmd.py:66: SetuptoolsDeprecationWarning: setup.py install is deprecated.
[5.061s] !!
[5.061s] 
[5.061s]         ********************************************************************************
[5.061s]         Please avoid running ``setup.py`` directly.
[5.062s]         Instead, use pypa/build, pypa/installer or other
[5.062s]         standards-based tools.
[5.062s] 
[5.062s]         See https://blog.ganssle.io/articles/2021/10/setup-py-deprecated.html for details.
[5.062s]         ********************************************************************************
[5.062s] 
[5.062s] !!
[5.062s]   self.initialize_options()
[5.072s] running install_lib
[5.110s] running install_data
[5.148s] copying launch/launch_sim.launch.py -> /home/kanja-koduki/buck_ws/install/model_py/share/model_py/launch
[5.149s] running install_egg_info
[5.191s] removing '/home/kanja-koduki/buck_ws/install/model_py/lib/python3.10/site-packages/model_py-0.0.0-py3.10.egg-info' (and everything under it)
[5.192s] Copying ../../build/model_py/model_py.egg-info to /home/kanja-koduki/buck_ws/install/model_py/lib/python3.10/site-packages/model_py-0.0.0-py3.10.egg-info
[5.194s] running install_scripts
[5.593s] Installing laser_frame_publisher script to /home/kanja-koduki/buck_ws/install/model_py/lib/model_py
[5.594s] Installing test_joy script to /home/kanja-koduki/buck_ws/install/model_py/lib/model_py
[5.594s] writing list of installed files to '/home/kanja-koduki/buck_ws/build/model_py/install.log'
[5.644s] Invoked command in '/home/kanja-koduki/buck_ws/src/model_py' returned '0': PYTHONPATH=/home/kanja-koduki/buck_ws/build/model_py/prefix_override:/home/kanja-koduki/buck_ws/install/model_py/lib/python3.10/site-packages:${PYTHONPATH} /usr/bin/python3 setup.py egg_info --egg-base ../../build/model_py build --build-base /home/kanja-koduki/buck_ws/build/model_py/build install --record /home/kanja-koduki/buck_ws/build/model_py/install.log --single-version-externally-managed
