[4.140s] Invoking command in '/home/kanja-koduki/buck_ws/src/my_point': PYTHONPATH=/home/kanja-koduki/buck_ws/build/my_point/prefix_override:/home/kanja-koduki/buck_ws/install/my_point/lib/python3.10/site-packages:${PYTHONPATH} /usr/bin/python3 setup.py egg_info --egg-base ../../build/my_point build --build-base /home/kanja-koduki/buck_ws/build/my_point/build install --record /home/kanja-koduki/buck_ws/build/my_point/install.log --single-version-externally-managed
[4.645s] running egg_info
[4.687s] writing ../../build/my_point/my_point.egg-info/PKG-INFO
[4.688s] writing dependency_links to ../../build/my_point/my_point.egg-info/dependency_links.txt
[4.689s] writing entry points to ../../build/my_point/my_point.egg-info/entry_points.txt
[4.690s] writing requirements to ../../build/my_point/my_point.egg-info/requires.txt
[4.690s] writing top-level names to ../../build/my_point/my_point.egg-info/top_level.txt
[4.788s] reading manifest file '../../build/my_point/my_point.egg-info/SOURCES.txt'
[4.791s] writing manifest file '../../build/my_point/my_point.egg-info/SOURCES.txt'
[4.792s] running build
[4.792s] running build_py
[4.792s] copying my_point/mapsaver.py -> /home/kanja-koduki/buck_ws/build/my_point/build/lib/my_point
[4.793s] running install
[4.794s] /home/kanja-koduki/.local/lib/python3.10/site-packages/setuptools/_distutils/cmd.py:66: SetuptoolsDeprecationWarning: setup.py install is deprecated.
[4.794s] !!
[4.794s] 
[4.795s]         ********************************************************************************
[4.795s]         Please avoid running ``setup.py`` directly.
[4.795s]         Instead, use pypa/build, pypa/installer or other
[4.795s]         standards-based tools.
[4.795s] 
[4.796s]         See https://blog.ganssle.io/articles/2021/10/setup-py-deprecated.html for details.
[4.796s]         ********************************************************************************
[4.796s] 
[4.796s] !!
[4.796s]   self.initialize_options()
[4.809s] running install_lib
[4.855s] copying /home/kanja-koduki/buck_ws/build/my_point/build/lib/my_point/mapsaver.py -> /home/kanja-koduki/buck_ws/install/my_point/lib/python3.10/site-packages/my_point
[4.856s] byte-compiling /home/kanja-koduki/buck_ws/install/my_point/lib/python3.10/site-packages/my_point/mapsaver.py to mapsaver.cpython-310.pyc
[4.857s] running install_data
[4.904s] running install_egg_info
[4.953s] removing '/home/kanja-koduki/buck_ws/install/my_point/lib/python3.10/site-packages/my_point-0.0.0-py3.10.egg-info' (and everything under it)
[4.955s] Copying ../../build/my_point/my_point.egg-info to /home/kanja-koduki/buck_ws/install/my_point/lib/python3.10/site-packages/my_point-0.0.0-py3.10.egg-info
[4.957s] running install_scripts
[5.385s] Installing base_link_publisher script to /home/kanja-koduki/buck_ws/install/my_point/lib/my_point
[5.386s] Installing point_node script to /home/kanja-koduki/buck_ws/install/my_point/lib/my_point
[5.387s] writing list of installed files to '/home/kanja-koduki/buck_ws/build/my_point/install.log'
[5.441s] Invoked command in '/home/kanja-koduki/buck_ws/src/my_point' returned '0': PYTHONPATH=/home/kanja-koduki/buck_ws/build/my_point/prefix_override:/home/kanja-koduki/buck_ws/install/my_point/lib/python3.10/site-packages:${PYTHONPATH} /usr/bin/python3 setup.py egg_info --egg-base ../../build/my_point build --build-base /home/kanja-koduki/buck_ws/build/my_point/build install --record /home/kanja-koduki/buck_ws/build/my_point/install.log --single-version-externally-managed
