[6.858s] Invoking command in '/home/kanja-koduki/buck_ws/src/model_py': PYTHONPATH=/home/kanja-koduki/buck_ws/build/model_py/prefix_override:/home/kanja-koduki/buck_ws/install/model_py/lib/python3.10/site-packages:${PYTHONPATH} /usr/bin/python3 setup.py egg_info --egg-base ../../build/model_py build --build-base /home/kanja-koduki/buck_ws/build/model_py/build install --record /home/kanja-koduki/buck_ws/build/model_py/install.log --single-version-externally-managed
[7.515s] running egg_info
[7.576s] writing ../../build/model_py/model_py.egg-info/PKG-INFO
[7.577s] writing dependency_links to ../../build/model_py/model_py.egg-info/dependency_links.txt
[7.577s] writing entry points to ../../build/model_py/model_py.egg-info/entry_points.txt
[7.578s] writing requirements to ../../build/model_py/model_py.egg-info/requires.txt
[7.578s] writing top-level names to ../../build/model_py/model_py.egg-info/top_level.txt
[7.697s] reading manifest file '../../build/model_py/model_py.egg-info/SOURCES.txt'
[7.700s] writing manifest file '../../build/model_py/model_py.egg-info/SOURCES.txt'
[7.701s] running build
[7.701s] running build_py
[7.702s] running install
[7.703s] /home/kanja-koduki/.local/lib/python3.10/site-packages/setuptools/_distutils/cmd.py:66: SetuptoolsDeprecationWarning: setup.py install is deprecated.
[7.703s] !!
[7.703s] 
[7.704s]         ********************************************************************************
[7.704s]         Please avoid running ``setup.py`` directly.
[7.704s]         Instead, use pypa/build, pypa/installer or other
[7.704s]         standards-based tools.
[7.704s] 
[7.705s]         See https://blog.ganssle.io/articles/2021/10/setup-py-deprecated.html for details.
[7.705s]         ********************************************************************************
[7.705s] 
[7.705s] !!
[7.706s]   self.initialize_options()
[7.717s] running install_lib
[7.779s] running install_data
[7.838s] running install_egg_info
[7.893s] removing '/home/kanja-koduki/buck_ws/install/model_py/lib/python3.10/site-packages/model_py-0.0.0-py3.10.egg-info' (and everything under it)
[7.894s] Copying ../../build/model_py/model_py.egg-info to /home/kanja-koduki/buck_ws/install/model_py/lib/python3.10/site-packages/model_py-0.0.0-py3.10.egg-info
[7.896s] running install_scripts
[8.636s] Installing laser_frame_publisher script to /home/kanja-koduki/buck_ws/install/model_py/lib/model_py
[8.637s] Installing test_joy script to /home/kanja-koduki/buck_ws/install/model_py/lib/model_py
[8.638s] writing list of installed files to '/home/kanja-koduki/buck_ws/build/model_py/install.log'
[8.719s] Invoked command in '/home/kanja-koduki/buck_ws/src/model_py' returned '0': PYTHONPATH=/home/kanja-koduki/buck_ws/build/model_py/prefix_override:/home/kanja-koduki/buck_ws/install/model_py/lib/python3.10/site-packages:${PYTHONPATH} /usr/bin/python3 setup.py egg_info --egg-base ../../build/model_py build --build-base /home/kanja-koduki/buck_ws/build/model_py/build install --record /home/kanja-koduki/buck_ws/build/model_py/install.log --single-version-externally-managed
