[0.496s] Invoking command in '/home/kanja-koduki/buck_ws/build/robot_description': CMAKE_PREFIX_PATH=${CMAKE_PREFIX_PATH}:/home/kanja-koduki/hannah_ws/install/hannah_bot:/home/kanja-koduki/niki_ws/install/sjtu_drone_bringup:/home/kanja-koduki/zypher_ws/install/prius_sdc_pkg:/home/kanja-koduki/ortega_ws/install/ortega_bot:/opt/ros/humble /home/kanja-koduki/.local/bin/cmake /home/kanja-koduki/buck_ws/src/robot_description -DCMAKE_INSTALL_PREFIX=/home/kanja-koduki/buck_ws/install/robot_description
[0.755s] -- The C compiler identification is GNU 11.4.0
[0.937s] -- The CXX compiler identification is GNU 11.4.0
[0.976s] -- Detecting C compiler ABI info
[1.134s] -- Detecting C compiler ABI info - done
[1.160s] -- Check for working C compiler: /usr/bin/cc - skipped
[1.163s] -- Detecting C compile features
[1.164s] -- Detecting C compile features - done
[1.184s] -- Detecting CXX compiler ABI info
[1.346s] -- Detecting CXX compiler ABI info - done
[1.371s] -- Check for working CXX compiler: /usr/bin/c++ - skipped
[1.372s] -- Detecting CXX compile features
[1.373s] -- Detecting CXX compile features - done
[1.389s] -- Found ament_cmake: 1.3.5 (/opt/ros/humble/share/ament_cmake/cmake)
[1.995s] -- Found Python3: /usr/bin/python3.12 (found version "3.12.0") found components: Interpreter 
[2.339s] -- Found ament_lint_auto: 0.12.8 (/opt/ros/humble/share/ament_lint_auto/cmake)
[2.709s] -- Added test 'lint_cmake' to check CMake code style
[2.713s] -- Added test 'xmllint' to check XML markup files
[2.717s] -- Configuring done (2.1s)
[2.723s] -- Generating done (0.0s)
[2.725s] -- Build files have been written to: /home/kanja-koduki/buck_ws/build/robot_description
[2.740s] Invoked command in '/home/kanja-koduki/buck_ws/build/robot_description' returned '0': CMAKE_PREFIX_PATH=${CMAKE_PREFIX_PATH}:/home/kanja-koduki/hannah_ws/install/hannah_bot:/home/kanja-koduki/niki_ws/install/sjtu_drone_bringup:/home/kanja-koduki/zypher_ws/install/prius_sdc_pkg:/home/kanja-koduki/ortega_ws/install/ortega_bot:/opt/ros/humble /home/kanja-koduki/.local/bin/cmake /home/kanja-koduki/buck_ws/src/robot_description -DCMAKE_INSTALL_PREFIX=/home/kanja-koduki/buck_ws/install/robot_description
[2.744s] Invoking command in '/home/kanja-koduki/buck_ws/build/robot_description': CMAKE_PREFIX_PATH=${CMAKE_PREFIX_PATH}:/home/kanja-koduki/hannah_ws/install/hannah_bot:/home/kanja-koduki/niki_ws/install/sjtu_drone_bringup:/home/kanja-koduki/zypher_ws/install/prius_sdc_pkg:/home/kanja-koduki/ortega_ws/install/ortega_bot:/opt/ros/humble /home/kanja-koduki/.local/bin/cmake --build /home/kanja-koduki/buck_ws/build/robot_description -- -j8 -l8
[2.854s] Invoked command in '/home/kanja-koduki/buck_ws/build/robot_description' returned '0': CMAKE_PREFIX_PATH=${CMAKE_PREFIX_PATH}:/home/kanja-koduki/hannah_ws/install/hannah_bot:/home/kanja-koduki/niki_ws/install/sjtu_drone_bringup:/home/kanja-koduki/zypher_ws/install/prius_sdc_pkg:/home/kanja-koduki/ortega_ws/install/ortega_bot:/opt/ros/humble /home/kanja-koduki/.local/bin/cmake --build /home/kanja-koduki/buck_ws/build/robot_description -- -j8 -l8
[3.053s] Invoking command in '/home/kanja-koduki/buck_ws/build/robot_description': CMAKE_PREFIX_PATH=${CMAKE_PREFIX_PATH}:/home/kanja-koduki/hannah_ws/install/hannah_bot:/home/kanja-koduki/niki_ws/install/sjtu_drone_bringup:/home/kanja-koduki/zypher_ws/install/prius_sdc_pkg:/home/kanja-koduki/ortega_ws/install/ortega_bot:/opt/ros/humble /home/kanja-koduki/.local/bin/cmake --install /home/kanja-koduki/buck_ws/build/robot_description
[3.127s] -- Install configuration: ""
[3.127s] -- Installing: /home/kanja-koduki/buck_ws/install/robot_description/share/robot_description/urdf
[3.127s] -- Installing: /home/kanja-koduki/buck_ws/install/robot_description/share/robot_description/urdf/rov.urdf.xacro
[3.128s] -- Installing: /home/kanja-koduki/buck_ws/install/robot_description/share/ament_index/resource_index/package_run_dependencies/robot_description
[3.129s] -- Installing: /home/kanja-koduki/buck_ws/install/robot_description/share/ament_index/resource_index/parent_prefix_path/robot_description
[3.129s] -- Installing: /home/kanja-koduki/buck_ws/install/robot_description/share/robot_description/environment/ament_prefix_path.sh
[3.129s] -- Installing: /home/kanja-koduki/buck_ws/install/robot_description/share/robot_description/environment/ament_prefix_path.dsv
[3.130s] -- Installing: /home/kanja-koduki/buck_ws/install/robot_description/share/robot_description/environment/path.sh
[3.130s] -- Installing: /home/kanja-koduki/buck_ws/install/robot_description/share/robot_description/environment/path.dsv
[3.130s] -- Installing: /home/kanja-koduki/buck_ws/install/robot_description/share/robot_description/local_setup.bash
[3.131s] -- Installing: /home/kanja-koduki/buck_ws/install/robot_description/share/robot_description/local_setup.sh
[3.131s] -- Installing: /home/kanja-koduki/buck_ws/install/robot_description/share/robot_description/local_setup.zsh
[3.131s] -- Installing: /home/kanja-koduki/buck_ws/install/robot_description/share/robot_description/local_setup.dsv
[3.132s] -- Installing: /home/kanja-koduki/buck_ws/install/robot_description/share/robot_description/package.dsv
[3.132s] -- Installing: /home/kanja-koduki/buck_ws/install/robot_description/share/ament_index/resource_index/packages/robot_description
[3.133s] -- Installing: /home/kanja-koduki/buck_ws/install/robot_description/share/robot_description/cmake/robot_descriptionConfig.cmake
[3.133s] -- Installing: /home/kanja-koduki/buck_ws/install/robot_description/share/robot_description/cmake/robot_descriptionConfig-version.cmake
[3.133s] -- Installing: /home/kanja-koduki/buck_ws/install/robot_description/share/robot_description/package.xml
[3.145s] Invoked command in '/home/kanja-koduki/buck_ws/build/robot_description' returned '0': CMAKE_PREFIX_PATH=${CMAKE_PREFIX_PATH}:/home/kanja-koduki/hannah_ws/install/hannah_bot:/home/kanja-koduki/niki_ws/install/sjtu_drone_bringup:/home/kanja-koduki/zypher_ws/install/prius_sdc_pkg:/home/kanja-koduki/ortega_ws/install/ortega_bot:/opt/ros/humble /home/kanja-koduki/.local/bin/cmake --install /home/kanja-koduki/buck_ws/build/robot_description
