[1.624s] Invoking command in '/home/kanja-koduki/buck_ws/src/model_py': PYTHONPATH=/home/kanja-koduki/buck_ws/build/model_py/prefix_override:/home/kanja-koduki/buck_ws/install/model_py/lib/python3.10/site-packages:${PYTHONPATH} /usr/bin/python3 setup.py egg_info --egg-base ../../build/model_py build --build-base /home/kanja-koduki/buck_ws/build/model_py/build install --record /home/kanja-koduki/buck_ws/build/model_py/install.log --single-version-externally-managed
[1.814s] running egg_info
[1.828s] writing ../../build/model_py/model_py.egg-info/PKG-INFO
[1.828s] writing dependency_links to ../../build/model_py/model_py.egg-info/dependency_links.txt
[1.828s] writing requirements to ../../build/model_py/model_py.egg-info/requires.txt
[1.828s] writing top-level names to ../../build/model_py/model_py.egg-info/top_level.txt
[1.858s] reading manifest file '../../build/model_py/model_py.egg-info/SOURCES.txt'
[1.858s] writing manifest file '../../build/model_py/model_py.egg-info/SOURCES.txt'
[1.859s] running build
[1.859s] running build_py
[1.859s] running install
[1.860s] /home/kanja-koduki/.local/lib/python3.10/site-packages/setuptools/_distutils/cmd.py:66: SetuptoolsDeprecationWarning: setup.py install is deprecated.
[1.860s] !!
[1.860s] 
[1.860s]         ********************************************************************************
[1.860s]         Please avoid running ``setup.py`` directly.
[1.860s]         Instead, use pypa/build, pypa/installer or other
[1.860s]         standards-based tools.
[1.860s] 
[1.860s]         See https://blog.ganssle.io/articles/2021/10/setup-py-deprecated.html for details.
[1.860s]         ********************************************************************************
[1.860s] 
[1.860s] !!
[1.860s]   self.initialize_options()
[1.864s] running install_lib
[1.878s] running install_data
[1.893s] running install_egg_info
[1.907s] removing '/home/kanja-koduki/buck_ws/install/model_py/lib/python3.10/site-packages/model_py-0.0.0-py3.10.egg-info' (and everything under it)
[1.908s] Copying ../../build/model_py/model_py.egg-info to /home/kanja-koduki/buck_ws/install/model_py/lib/python3.10/site-packages/model_py-0.0.0-py3.10.egg-info
[1.909s] running install_scripts
[2.044s] writing list of installed files to '/home/kanja-koduki/buck_ws/build/model_py/install.log'
[2.070s] Invoked command in '/home/kanja-koduki/buck_ws/src/model_py' returned '0': PYTHONPATH=/home/kanja-koduki/buck_ws/build/model_py/prefix_override:/home/kanja-koduki/buck_ws/install/model_py/lib/python3.10/site-packages:${PYTHONPATH} /usr/bin/python3 setup.py egg_info --egg-base ../../build/model_py build --build-base /home/kanja-koduki/buck_ws/build/model_py/build install --record /home/kanja-koduki/buck_ws/build/model_py/install.log --single-version-externally-managed
