[4.553s] Invoking command in '/home/kanja-koduki/buck_ws/src/model_py': PYTHONPATH=/home/kanja-koduki/buck_ws/build/model_py/prefix_override:/home/kanja-koduki/buck_ws/install/model_py/lib/python3.10/site-packages:${PYTHONPATH} /usr/bin/python3 setup.py egg_info --egg-base ../../build/model_py build --build-base /home/kanja-koduki/buck_ws/build/model_py/build install --record /home/kanja-koduki/buck_ws/build/model_py/install.log --single-version-externally-managed
[5.062s] running egg_info
[5.102s] writing ../../build/model_py/model_py.egg-info/PKG-INFO
[5.103s] writing dependency_links to ../../build/model_py/model_py.egg-info/dependency_links.txt
[5.103s] writing entry points to ../../build/model_py/model_py.egg-info/entry_points.txt
[5.104s] writing requirements to ../../build/model_py/model_py.egg-info/requires.txt
[5.104s] writing top-level names to ../../build/model_py/model_py.egg-info/top_level.txt
[5.183s] reading manifest file '../../build/model_py/model_py.egg-info/SOURCES.txt'
[5.186s] writing manifest file '../../build/model_py/model_py.egg-info/SOURCES.txt'
[5.186s] running build
[5.187s] running build_py
[5.188s] running install
[5.189s] /home/kanja-koduki/.local/lib/python3.10/site-packages/setuptools/_distutils/cmd.py:66: SetuptoolsDeprecationWarning: setup.py install is deprecated.
[5.190s] !!
[5.190s] 
[5.190s]         ********************************************************************************
[5.190s]         Please avoid running ``setup.py`` directly.
[5.190s]         Instead, use pypa/build, pypa/installer or other
[5.191s]         standards-based tools.
[5.191s] 
[5.191s]         See https://blog.ganssle.io/articles/2021/10/setup-py-deprecated.html for details.
[5.191s]         ********************************************************************************
[5.191s] 
[5.192s] !!
[5.192s]   self.initialize_options()
[5.209s] running install_lib
[5.251s] running install_data
[5.308s] copying urdf/imu.urdf.xacro -> /home/kanja-koduki/buck_ws/install/model_py/share/model_py/urdf
[5.309s] running install_egg_info
[5.353s] removing '/home/kanja-koduki/buck_ws/install/model_py/lib/python3.10/site-packages/model_py-0.0.0-py3.10.egg-info' (and everything under it)
[5.353s] Copying ../../build/model_py/model_py.egg-info to /home/kanja-koduki/buck_ws/install/model_py/lib/python3.10/site-packages/model_py-0.0.0-py3.10.egg-info
[5.354s] running install_scripts
[5.720s] Installing keyboard_listener script to /home/kanja-koduki/buck_ws/install/model_py/lib/model_py
[5.720s] Installing laser_frame_publisher script to /home/kanja-koduki/buck_ws/install/model_py/lib/model_py
[5.720s] Installing test_joy script to /home/kanja-koduki/buck_ws/install/model_py/lib/model_py
[5.721s] writing list of installed files to '/home/kanja-koduki/buck_ws/build/model_py/install.log'
[5.862s] Invoked command in '/home/kanja-koduki/buck_ws/src/model_py' returned '0': PYTHONPATH=/home/kanja-koduki/buck_ws/build/model_py/prefix_override:/home/kanja-koduki/buck_ws/install/model_py/lib/python3.10/site-packages:${PYTHONPATH} /usr/bin/python3 setup.py egg_info --egg-base ../../build/model_py build --build-base /home/kanja-koduki/buck_ws/build/model_py/build install --record /home/kanja-koduki/buck_ws/build/model_py/install.log --single-version-externally-managed
