[1.839s] Invoking command in '/home/kanja-koduki/buck_ws/build/cpp_node': CMAKE_PREFIX_PATH=${CMAKE_PREFIX_PATH}:/home/kanja-koduki/buck_ws/install/my_point:/home/kanja-koduki/buck_ws/install/model_py:/home/kanja-koduki/hannah_ws/install/hannah_bot:/home/kanja-koduki/niki_ws/install/sjtu_drone_bringup:/home/kanja-koduki/zypher_ws/install/prius_sdc_pkg:/home/kanja-koduki/ortega_ws/install/ortega_bot:/opt/ros/humble /home/kanja-koduki/.local/bin/cmake --build /home/kanja-koduki/buck_ws/build/cpp_node -- -j8 -l8
[3.575s] [ 50%] Built target niki_bunda
[3.577s] [100%] Built target planner_seg
[3.578s] Invoked command in '/home/kanja-koduki/buck_ws/build/cpp_node' returned '0': CMAKE_PREFIX_PATH=${CMAKE_PREFIX_PATH}:/home/kanja-koduki/buck_ws/install/my_point:/home/kanja-koduki/buck_ws/install/model_py:/home/kanja-koduki/hannah_ws/install/hannah_bot:/home/kanja-koduki/niki_ws/install/sjtu_drone_bringup:/home/kanja-koduki/zypher_ws/install/prius_sdc_pkg:/home/kanja-koduki/ortega_ws/install/ortega_bot:/opt/ros/humble /home/kanja-koduki/.local/bin/cmake --build /home/kanja-koduki/buck_ws/build/cpp_node -- -j8 -l8
[3.829s] Invoking command in '/home/kanja-koduki/buck_ws/build/cpp_node': CMAKE_PREFIX_PATH=${CMAKE_PREFIX_PATH}:/home/kanja-koduki/buck_ws/install/my_point:/home/kanja-koduki/buck_ws/install/model_py:/home/kanja-koduki/hannah_ws/install/hannah_bot:/home/kanja-koduki/niki_ws/install/sjtu_drone_bringup:/home/kanja-koduki/zypher_ws/install/prius_sdc_pkg:/home/kanja-koduki/ortega_ws/install/ortega_bot:/opt/ros/humble /home/kanja-koduki/.local/bin/cmake --install /home/kanja-koduki/buck_ws/build/cpp_node
[3.921s] -- Install configuration: ""
[3.921s] -- Up-to-date: /home/kanja-koduki/buck_ws/install/cpp_node/lib/cpp_node/niki_bunda
[3.922s] -- Up-to-date: /home/kanja-koduki/buck_ws/install/cpp_node/lib/cpp_node/planner_seg
[3.923s] -- Up-to-date: /home/kanja-koduki/buck_ws/install/cpp_node/share/ament_index/resource_index/package_run_dependencies/cpp_node
[3.923s] -- Up-to-date: /home/kanja-koduki/buck_ws/install/cpp_node/share/ament_index/resource_index/parent_prefix_path/cpp_node
[3.924s] -- Up-to-date: /home/kanja-koduki/buck_ws/install/cpp_node/share/cpp_node/environment/ament_prefix_path.sh
[3.925s] -- Up-to-date: /home/kanja-koduki/buck_ws/install/cpp_node/share/cpp_node/environment/ament_prefix_path.dsv
[3.925s] -- Up-to-date: /home/kanja-koduki/buck_ws/install/cpp_node/share/cpp_node/environment/path.sh
[3.926s] -- Up-to-date: /home/kanja-koduki/buck_ws/install/cpp_node/share/cpp_node/environment/path.dsv
[3.936s] -- Up-to-date: /home/kanja-koduki/buck_ws/install/cpp_node/share/cpp_node/local_setup.bash
[3.938s] -- Up-to-date: /home/kanja-koduki/buck_ws/install/cpp_node/share/cpp_node/local_setup.sh
[3.939s] -- Up-to-date: /home/kanja-koduki/buck_ws/install/cpp_node/share/cpp_node/local_setup.zsh
[3.940s] -- Up-to-date: /home/kanja-koduki/buck_ws/install/cpp_node/share/cpp_node/local_setup.dsv
[3.942s] -- Installing: /home/kanja-koduki/buck_ws/install/cpp_node/share/cpp_node/package.dsv
[3.943s] -- Up-to-date: /home/kanja-koduki/buck_ws/install/cpp_node/share/ament_index/resource_index/packages/cpp_node
[3.946s] -- Up-to-date: /home/kanja-koduki/buck_ws/install/cpp_node/share/cpp_node/cmake/cpp_nodeConfig.cmake
[3.947s] -- Up-to-date: /home/kanja-koduki/buck_ws/install/cpp_node/share/cpp_node/cmake/cpp_nodeConfig-version.cmake
[3.947s] -- Up-to-date: /home/kanja-koduki/buck_ws/install/cpp_node/share/cpp_node/package.xml
[4.137s] Invoked command in '/home/kanja-koduki/buck_ws/build/cpp_node' returned '0': CMAKE_PREFIX_PATH=${CMAKE_PREFIX_PATH}:/home/kanja-koduki/buck_ws/install/my_point:/home/kanja-koduki/buck_ws/install/model_py:/home/kanja-koduki/hannah_ws/install/hannah_bot:/home/kanja-koduki/niki_ws/install/sjtu_drone_bringup:/home/kanja-koduki/zypher_ws/install/prius_sdc_pkg:/home/kanja-koduki/ortega_ws/install/ortega_bot:/opt/ros/humble /home/kanja-koduki/.local/bin/cmake --install /home/kanja-koduki/buck_ws/build/cpp_node
