[5.723s] Invoking command in '/home/kanja-koduki/buck_ws/src/model_py': PYTHONPATH=/home/kanja-koduki/buck_ws/build/model_py/prefix_override:/home/kanja-koduki/buck_ws/install/model_py/lib/python3.10/site-packages:${PYTHONPATH} /usr/bin/python3 setup.py egg_info --egg-base ../../build/model_py build --build-base /home/kanja-koduki/buck_ws/build/model_py/build install --record /home/kanja-koduki/buck_ws/build/model_py/install.log --single-version-externally-managed
[6.421s] running egg_info
[6.477s] writing ../../build/model_py/model_py.egg-info/PKG-INFO
[6.480s] writing dependency_links to ../../build/model_py/model_py.egg-info/dependency_links.txt
[6.481s] writing entry points to ../../build/model_py/model_py.egg-info/entry_points.txt
[6.481s] writing requirements to ../../build/model_py/model_py.egg-info/requires.txt
[6.481s] writing top-level names to ../../build/model_py/model_py.egg-info/top_level.txt
[6.605s] reading manifest file '../../build/model_py/model_py.egg-info/SOURCES.txt'
[6.609s] writing manifest file '../../build/model_py/model_py.egg-info/SOURCES.txt'
[6.610s] running build
[6.610s] running build_py
[6.611s] running install
[6.612s] /home/kanja-koduki/.local/lib/python3.10/site-packages/setuptools/_distutils/cmd.py:66: SetuptoolsDeprecationWarning: setup.py install is deprecated.
[6.612s] !!
[6.612s] 
[6.612s]         ********************************************************************************
[6.612s]         Please avoid running ``setup.py`` directly.
[6.613s]         Instead, use pypa/build, pypa/installer or other
[6.613s]         standards-based tools.
[6.613s] 
[6.613s]         See https://blog.ganssle.io/articles/2021/10/setup-py-deprecated.html for details.
[6.614s]         ********************************************************************************
[6.614s] 
[6.614s] !!
[6.614s]   self.initialize_options()
[6.632s] running install_lib
[6.688s] running install_data
[6.766s] copying launch/launch_sim.launch.py -> /home/kanja-koduki/buck_ws/install/model_py/share/model_py/launch
[6.769s] running install_egg_info
[6.836s] removing '/home/kanja-koduki/buck_ws/install/model_py/lib/python3.10/site-packages/model_py-0.0.0-py3.10.egg-info' (and everything under it)
[6.837s] Copying ../../build/model_py/model_py.egg-info to /home/kanja-koduki/buck_ws/install/model_py/lib/python3.10/site-packages/model_py-0.0.0-py3.10.egg-info
[6.839s] running install_scripts
[7.398s] Installing laser_frame_publisher script to /home/kanja-koduki/buck_ws/install/model_py/lib/model_py
[7.398s] Installing test_joy script to /home/kanja-koduki/buck_ws/install/model_py/lib/model_py
[7.399s] writing list of installed files to '/home/kanja-koduki/buck_ws/build/model_py/install.log'
[7.644s] Invoked command in '/home/kanja-koduki/buck_ws/src/model_py' returned '0': PYTHONPATH=/home/kanja-koduki/buck_ws/build/model_py/prefix_override:/home/kanja-koduki/buck_ws/install/model_py/lib/python3.10/site-packages:${PYTHONPATH} /usr/bin/python3 setup.py egg_info --egg-base ../../build/model_py build --build-base /home/kanja-koduki/buck_ws/build/model_py/build install --record /home/kanja-koduki/buck_ws/build/model_py/install.log --single-version-externally-managed
