[0.654s] Invoking command in '/home/kanja-koduki/buck_ws/build/PointCloud': CMAKE_PREFIX_PATH=${CMAKE_PREFIX_PATH}:/home/kanja-koduki/buck_ws/install/my_point:/home/kanja-koduki/buck_ws/install/model_py:/home/kanja-koduki/hannah_ws/install/hannah_bot:/home/kanja-koduki/niki_ws/install/sjtu_drone_bringup:/home/kanja-koduki/zypher_ws/install/prius_sdc_pkg:/home/kanja-koduki/ortega_ws/install/ortega_bot:/opt/ros/humble /home/kanja-koduki/.local/bin/cmake /home/kanja-koduki/buck_ws/src/PointCloud -DCMAKE_INSTALL_PREFIX=/home/kanja-koduki/buck_ws/install/PointCloud
[1.366s] -- The C compiler identification is GNU 11.4.0
[1.366s] -- The CXX compiler identification is GNU 11.4.0
[1.367s] -- Detecting C compiler ABI info
[1.367s] -- Detecting C compiler ABI info - done
[1.367s] -- Check for working C compiler: /usr/bin/cc - skipped
[1.367s] -- Detecting C compile features
[1.367s] -- Detecting C compile features - done
[1.367s] -- Detecting CXX compiler ABI info
[1.367s] -- Detecting CXX compiler ABI info - done
[1.367s] -- Check for working CXX compiler: /usr/bin/c++ - skipped
[1.367s] -- Detecting CXX compile features
[1.367s] -- Detecting CXX compile features - done
[1.367s] -- Found ament_cmake: 1.3.5 (/opt/ros/humble/share/ament_cmake/cmake)
[1.367s] -- Found Python3: /usr/bin/python3.12 (found version "3.12.0") found components: Interpreter 
[1.435s] -- Found rosidl_default_generators: 1.2.0 (/opt/ros/humble/share/rosidl_default_generators/cmake)
[1.444s] -- Using all available rosidl_typesupport_c: rosidl_typesupport_fastrtps_c;rosidl_typesupport_introspection_c
[1.461s] -- Found rosidl_adapter: 3.1.5 (/opt/ros/humble/share/rosidl_adapter/cmake)
[1.558s] -- Using all available rosidl_typesupport_cpp: rosidl_typesupport_fastrtps_cpp;rosidl_typesupport_introspection_cpp
[1.612s] [31mCMake Error at /opt/ros/humble/share/rosidl_cmake/cmake/rosidl_generate_interfaces.cmake:93 (message):
[1.612s]   rosidl_generate_interfaces() the passed file 'msg/HardwareStatus.msg'
[1.612s]   doesn't exist relative to the CMAKE_CURRENT_SOURCE_DIR
[1.612s]   '/home/kanja-koduki/buck_ws/src/PointCloud'
[1.612s] Call Stack (most recent call first):
[1.612s]   CMakeLists.txt:11 (rosidl_generate_interfaces)
[1.613s] 
[1.613s] [0m
[1.613s] -- Configuring incomplete, errors occurred!
[1.621s] Invoked command in '/home/kanja-koduki/buck_ws/build/PointCloud' returned '1': CMAKE_PREFIX_PATH=${CMAKE_PREFIX_PATH}:/home/kanja-koduki/buck_ws/install/my_point:/home/kanja-koduki/buck_ws/install/model_py:/home/kanja-koduki/hannah_ws/install/hannah_bot:/home/kanja-koduki/niki_ws/install/sjtu_drone_bringup:/home/kanja-koduki/zypher_ws/install/prius_sdc_pkg:/home/kanja-koduki/ortega_ws/install/ortega_bot:/opt/ros/humble /home/kanja-koduki/.local/bin/cmake /home/kanja-koduki/buck_ws/src/PointCloud -DCMAKE_INSTALL_PREFIX=/home/kanja-koduki/buck_ws/install/PointCloud
