[2.478s] [34mcolcon[0m [1;30mDEBUG[0m [32mCommand line arguments: ['/usr/bin/colcon', 'build'][0m
[2.478s] [34mcolcon[0m [1;30mDEBUG[0m [32mParsed command line arguments: Namespace(log_base=None, log_level=None, verb_name='build', build_base='build', install_base='install', merge_install=False, symlink_install=False, test_result_base=None, continue_on_error=False, executor='parallel', parallel_workers=8, event_handlers=None, ignore_user_meta=False, metas=['./colcon.meta'], base_paths=['.'], packages_ignore=None, packages_ignore_regex=None, paths=None, packages_up_to=None, packages_up_to_regex=None, packages_above=None, packages_above_and_dependencies=None, packages_above_depth=None, packages_select_by_dep=None, packages_skip_by_dep=None, packages_skip_up_to=None, packages_select_build_failed=False, packages_skip_build_finished=False, packages_select_test_failures=False, packages_skip_test_passed=False, packages_select=None, packages_skip=None, packages_select_regex=None, packages_skip_regex=None, packages_start=None, packages_end=None, allow_overriding=[], cmake_args=None, cmake_target=None, cmake_target_skip_unavailable=False, cmake_clean_cache=False, cmake_clean_first=False, cmake_force_configure=False, ament_cmake_args=None, catkin_cmake_args=None, catkin_skip_building_tests=False, verb_parser=<colcon_defaults.argument_parser.defaults.DefaultArgumentsDecorator object at 0x7f30ca92a080>, verb_extension=<colcon_core.verb.build.BuildVerb object at 0x7f30ca92abf0>, main=<bound method BuildVerb.main of <colcon_core.verb.build.BuildVerb object at 0x7f30ca92abf0>>)[0m
[2.636s] [34mcolcon.colcon_core.package_discovery[0m [1;30mLevel 1[0m discover_packages(colcon_meta) check parameters
[2.636s] [34mcolcon.colcon_core.package_discovery[0m [1;30mLevel 1[0m discover_packages(recursive) check parameters
[2.636s] [34mcolcon.colcon_core.package_discovery[0m [1;30mLevel 1[0m discover_packages(ignore) check parameters
[2.636s] [34mcolcon.colcon_core.package_discovery[0m [1;30mLevel 1[0m discover_packages(path) check parameters
[2.636s] [34mcolcon.colcon_core.package_discovery[0m [1;30mLevel 1[0m discover_packages(colcon_meta) discover
[2.637s] [34mcolcon.colcon_core.package_discovery[0m [1;30mLevel 1[0m discover_packages(recursive) discover
[2.637s] [34mcolcon.colcon_core.package_discovery[0m [1;30mINFO[0m Crawling recursively for packages in '/home/kanja-koduki/buck_ws'
[2.637s] [34mcolcon.colcon_core.package_identification[0m [1;30mLevel 1[0m _identify(.) by extensions ['ignore', 'ignore_ament_install']
[2.637s] [34mcolcon.colcon_core.package_identification[0m [1;30mLevel 1[0m _identify(.) by extension 'ignore'
[2.637s] [34mcolcon.colcon_core.package_identification[0m [1;30mLevel 1[0m _identify(.) by extension 'ignore_ament_install'
[2.637s] [34mcolcon.colcon_core.package_identification[0m [1;30mLevel 1[0m _identify(.) by extensions ['colcon_pkg']
[2.638s] [34mcolcon.colcon_core.package_identification[0m [1;30mLevel 1[0m _identify(.) by extension 'colcon_pkg'
[2.638s] [34mcolcon.colcon_core.package_identification[0m [1;30mLevel 1[0m _identify(.) by extensions ['colcon_meta']
[2.638s] [34mcolcon.colcon_core.package_identification[0m [1;30mLevel 1[0m _identify(.) by extension 'colcon_meta'
[2.638s] [34mcolcon.colcon_core.package_identification[0m [1;30mLevel 1[0m _identify(.) by extensions ['ros']
[2.638s] [34mcolcon.colcon_core.package_identification[0m [1;30mLevel 1[0m _identify(.) by extension 'ros'
[2.667s] [34mcolcon.colcon_core.package_identification[0m [1;30mLevel 1[0m _identify(.) by extensions ['cmake', 'python']
[2.667s] [34mcolcon.colcon_core.package_identification[0m [1;30mLevel 1[0m _identify(.) by extension 'cmake'
[2.668s] [34mcolcon.colcon_core.package_identification[0m [1;30mLevel 1[0m _identify(.) by extension 'python'
[2.668s] [34mcolcon.colcon_core.package_identification[0m [1;30mLevel 1[0m _identify(.) by extensions ['python_setup_py']
[2.668s] [34mcolcon.colcon_core.package_identification[0m [1;30mLevel 1[0m _identify(.) by extension 'python_setup_py'
[2.668s] [34mcolcon.colcon_core.package_identification[0m [1;30mLevel 1[0m _identify(build) by extensions ['ignore', 'ignore_ament_install']
[2.668s] [34mcolcon.colcon_core.package_identification[0m [1;30mLevel 1[0m _identify(build) by extension 'ignore'
[2.668s] [34mcolcon.colcon_core.package_identification[0m [1;30mLevel 1[0m _identify(build) ignored
[2.669s] [34mcolcon.colcon_core.package_identification[0m [1;30mLevel 1[0m _identify(install) by extensions ['ignore', 'ignore_ament_install']
[2.669s] [34mcolcon.colcon_core.package_identification[0m [1;30mLevel 1[0m _identify(install) by extension 'ignore'
[2.669s] [34mcolcon.colcon_core.package_identification[0m [1;30mLevel 1[0m _identify(install) ignored
[2.670s] [34mcolcon.colcon_core.package_identification[0m [1;30mLevel 1[0m _identify(log) by extensions ['ignore', 'ignore_ament_install']
[2.670s] [34mcolcon.colcon_core.package_identification[0m [1;30mLevel 1[0m _identify(log) by extension 'ignore'
[2.670s] [34mcolcon.colcon_core.package_identification[0m [1;30mLevel 1[0m _identify(log) ignored
[2.670s] [34mcolcon.colcon_core.package_identification[0m [1;30mLevel 1[0m _identify(src) by extensions ['ignore', 'ignore_ament_install']
[2.670s] [34mcolcon.colcon_core.package_identification[0m [1;30mLevel 1[0m _identify(src) by extension 'ignore'
[2.670s] [34mcolcon.colcon_core.package_identification[0m [1;30mLevel 1[0m _identify(src) by extension 'ignore_ament_install'
[2.671s] [34mcolcon.colcon_core.package_identification[0m [1;30mLevel 1[0m _identify(src) by extensions ['colcon_pkg']
[2.671s] [34mcolcon.colcon_core.package_identification[0m [1;30mLevel 1[0m _identify(src) by extension 'colcon_pkg'
[2.671s] [34mcolcon.colcon_core.package_identification[0m [1;30mLevel 1[0m _identify(src) by extensions ['colcon_meta']
[2.671s] [34mcolcon.colcon_core.package_identification[0m [1;30mLevel 1[0m _identify(src) by extension 'colcon_meta'
[2.671s] [34mcolcon.colcon_core.package_identification[0m [1;30mLevel 1[0m _identify(src) by extensions ['ros']
[2.671s] [34mcolcon.colcon_core.package_identification[0m [1;30mLevel 1[0m _identify(src) by extension 'ros'
[2.671s] [34mcolcon.colcon_core.package_identification[0m [1;30mLevel 1[0m _identify(src) by extensions ['cmake', 'python']
[2.671s] [34mcolcon.colcon_core.package_identification[0m [1;30mLevel 1[0m _identify(src) by extension 'cmake'
[2.671s] [34mcolcon.colcon_core.package_identification[0m [1;30mLevel 1[0m _identify(src) by extension 'python'
[2.671s] [34mcolcon.colcon_core.package_identification[0m [1;30mLevel 1[0m _identify(src) by extensions ['python_setup_py']
[2.672s] [34mcolcon.colcon_core.package_identification[0m [1;30mLevel 1[0m _identify(src) by extension 'python_setup_py'
[2.672s] [34mcolcon.colcon_core.package_identification[0m [1;30mLevel 1[0m _identify(src/model_py) by extensions ['ignore', 'ignore_ament_install']
[2.672s] [34mcolcon.colcon_core.package_identification[0m [1;30mLevel 1[0m _identify(src/model_py) by extension 'ignore'
[2.672s] [34mcolcon.colcon_core.package_identification[0m [1;30mLevel 1[0m _identify(src/model_py) by extension 'ignore_ament_install'
[2.672s] [34mcolcon.colcon_core.package_identification[0m [1;30mLevel 1[0m _identify(src/model_py) by extensions ['colcon_pkg']
[2.672s] [34mcolcon.colcon_core.package_identification[0m [1;30mLevel 1[0m _identify(src/model_py) by extension 'colcon_pkg'
[2.672s] [34mcolcon.colcon_core.package_identification[0m [1;30mLevel 1[0m _identify(src/model_py) by extensions ['colcon_meta']
[2.672s] [34mcolcon.colcon_core.package_identification[0m [1;30mLevel 1[0m _identify(src/model_py) by extension 'colcon_meta'
[2.673s] [34mcolcon.colcon_core.package_identification[0m [1;30mLevel 1[0m _identify(src/model_py) by extensions ['ros']
[2.673s] [34mcolcon.colcon_core.package_identification[0m [1;30mLevel 1[0m _identify(src/model_py) by extension 'ros'
[2.678s] [34mcolcon.colcon_core.package_identification[0m [1;30mDEBUG[0m [32mPackage 'src/model_py' with type 'ros.ament_python' and name 'model_py'[0m
[2.678s] [34mcolcon.colcon_core.package_identification[0m [1;30mLevel 1[0m _identify(src/my_point) by extensions ['ignore', 'ignore_ament_install']
[2.678s] [34mcolcon.colcon_core.package_identification[0m [1;30mLevel 1[0m _identify(src/my_point) by extension 'ignore'
[2.678s] [34mcolcon.colcon_core.package_identification[0m [1;30mLevel 1[0m _identify(src/my_point) by extension 'ignore_ament_install'
[2.679s] [34mcolcon.colcon_core.package_identification[0m [1;30mLevel 1[0m _identify(src/my_point) by extensions ['colcon_pkg']
[2.679s] [34mcolcon.colcon_core.package_identification[0m [1;30mLevel 1[0m _identify(src/my_point) by extension 'colcon_pkg'
[2.679s] [34mcolcon.colcon_core.package_identification[0m [1;30mLevel 1[0m _identify(src/my_point) by extensions ['colcon_meta']
[2.679s] [34mcolcon.colcon_core.package_identification[0m [1;30mLevel 1[0m _identify(src/my_point) by extension 'colcon_meta'
[2.679s] [34mcolcon.colcon_core.package_identification[0m [1;30mLevel 1[0m _identify(src/my_point) by extensions ['ros']
[2.679s] [34mcolcon.colcon_core.package_identification[0m [1;30mLevel 1[0m _identify(src/my_point) by extension 'ros'
[2.680s] [34mcolcon.colcon_core.package_identification[0m [1;30mDEBUG[0m [32mPackage 'src/my_point' with type 'ros.ament_python' and name 'my_point'[0m
[2.680s] [34mcolcon.colcon_core.package_identification[0m [1;30mLevel 1[0m _identify(src/robot_description) by extensions ['ignore', 'ignore_ament_install']
[2.681s] [34mcolcon.colcon_core.package_identification[0m [1;30mLevel 1[0m _identify(src/robot_description) by extension 'ignore'
[2.681s] [34mcolcon.colcon_core.package_identification[0m [1;30mLevel 1[0m _identify(src/robot_description) by extension 'ignore_ament_install'
[2.681s] [34mcolcon.colcon_core.package_identification[0m [1;30mLevel 1[0m _identify(src/robot_description) by extensions ['colcon_pkg']
[2.681s] [34mcolcon.colcon_core.package_identification[0m [1;30mLevel 1[0m _identify(src/robot_description) by extension 'colcon_pkg'
[2.681s] [34mcolcon.colcon_core.package_identification[0m [1;30mLevel 1[0m _identify(src/robot_description) by extensions ['colcon_meta']
[2.681s] [34mcolcon.colcon_core.package_identification[0m [1;30mLevel 1[0m _identify(src/robot_description) by extension 'colcon_meta'
[2.681s] [34mcolcon.colcon_core.package_identification[0m [1;30mLevel 1[0m _identify(src/robot_description) by extensions ['ros']
[2.681s] [34mcolcon.colcon_core.package_identification[0m [1;30mLevel 1[0m _identify(src/robot_description) by extension 'ros'
[2.682s] [34mcolcon.colcon_core.package_identification[0m [1;30mDEBUG[0m [32mPackage 'src/robot_description' with type 'ros.ament_cmake' and name 'robot_description'[0m
[2.682s] [34mcolcon.colcon_core.package_discovery[0m [1;30mLevel 1[0m discover_packages(recursive) using defaults
[2.683s] [34mcolcon.colcon_core.package_discovery[0m [1;30mLevel 1[0m discover_packages(ignore) discover
[2.683s] [34mcolcon.colcon_core.package_discovery[0m [1;30mLevel 1[0m discover_packages(ignore) using defaults
[2.683s] [34mcolcon.colcon_core.package_discovery[0m [1;30mLevel 1[0m discover_packages(path) discover
[2.683s] [34mcolcon.colcon_core.package_discovery[0m [1;30mLevel 1[0m discover_packages(path) using defaults
[2.913s] [34mcolcon.colcon_core.package_discovery[0m [1;30mLevel 1[0m discover_packages(prefix_path) check parameters
[2.913s] [34mcolcon.colcon_core.package_discovery[0m [1;30mLevel 1[0m discover_packages(prefix_path) discover
[2.989s] [34mcolcon.colcon_installed_package_information.package_discovery[0m [1;30mDEBUG[0m [32mFound 1 installed packages in /home/kanja-koduki/zypher_ws/install[0m
[3.023s] [34mcolcon.colcon_installed_package_information.package_discovery[0m [1;30mDEBUG[0m [32mFound 1 installed packages in /home/kanja-koduki/flair_ws/install[0m
[3.058s] [34mcolcon.colcon_installed_package_information.package_discovery[0m [1;30mDEBUG[0m [32mFound 1 installed packages in /home/kanja-koduki/missy_ws/install[0m
[3.093s] [34mcolcon.colcon_installed_package_information.package_discovery[0m [1;30mDEBUG[0m [32mFound 1 installed packages in /home/kanja-koduki/ortega_ws/install[0m
[3.138s] [34mcolcon.colcon_installed_package_information.package_discovery[0m [1;30mDEBUG[0m [32mFound 3 installed packages in /home/kanja-koduki/eyantra23_ws/install[0m
[3.185s] [34mcolcon.colcon_installed_package_information.package_discovery[0m [1;30mDEBUG[0m [32mFound 3 installed packages in /home/kanja-koduki/hannah_ws/install[0m
[3.250s] [34mcolcon.colcon_installed_package_information.package_discovery[0m [1;30mDEBUG[0m [32mFound 2 installed packages in /home/kanja-koduki/niki_ws/install[0m
[3.294s] [34mcolcon.colcon_installed_package_information.package_discovery[0m [1;30mDEBUG[0m [32mFound 6 installed packages in /home/kanja-koduki/buck_ws/install[0m
[3.335s] [34mcolcon.colcon_installed_package_information.package_discovery[0m [1;30mDEBUG[0m [32mFound 440 installed packages in /opt/ros/humble[0m
[3.339s] [34mcolcon.colcon_core.package_discovery[0m [1;30mLevel 1[0m discover_packages(prefix_path) using defaults
[3.526s] [34mcolcon.colcon_core.verb[0m [1;30mLevel 5[0m set package 'model_py' build argument 'cmake_args' from command line to 'None'
[3.526s] [34mcolcon.colcon_core.verb[0m [1;30mLevel 5[0m set package 'model_py' build argument 'cmake_target' from command line to 'None'
[3.526s] [34mcolcon.colcon_core.verb[0m [1;30mLevel 5[0m set package 'model_py' build argument 'cmake_target_skip_unavailable' from command line to 'False'
[3.527s] [34mcolcon.colcon_core.verb[0m [1;30mLevel 5[0m set package 'model_py' build argument 'cmake_clean_cache' from command line to 'False'
[3.527s] [34mcolcon.colcon_core.verb[0m [1;30mLevel 5[0m set package 'model_py' build argument 'cmake_clean_first' from command line to 'False'
[3.527s] [34mcolcon.colcon_core.verb[0m [1;30mLevel 5[0m set package 'model_py' build argument 'cmake_force_configure' from command line to 'False'
[3.527s] [34mcolcon.colcon_core.verb[0m [1;30mLevel 5[0m set package 'model_py' build argument 'ament_cmake_args' from command line to 'None'
[3.527s] [34mcolcon.colcon_core.verb[0m [1;30mLevel 5[0m set package 'model_py' build argument 'catkin_cmake_args' from command line to 'None'
[3.527s] [34mcolcon.colcon_core.verb[0m [1;30mLevel 5[0m set package 'model_py' build argument 'catkin_skip_building_tests' from command line to 'False'
[3.527s] [34mcolcon.colcon_core.verb[0m [1;30mDEBUG[0m [32mBuilding package 'model_py' with the following arguments: {'ament_cmake_args': None, 'build_base': '/home/kanja-koduki/buck_ws/build/model_py', 'catkin_cmake_args': None, 'catkin_skip_building_tests': False, 'cmake_args': None, 'cmake_clean_cache': False, 'cmake_clean_first': False, 'cmake_force_configure': False, 'cmake_target': None, 'cmake_target_skip_unavailable': False, 'install_base': '/home/kanja-koduki/buck_ws/install/model_py', 'merge_install': False, 'path': '/home/kanja-koduki/buck_ws/src/model_py', 'symlink_install': False, 'test_result_base': None}[0m
[3.568s] [34mcolcon.colcon_core.verb[0m [1;30mLevel 5[0m set package 'my_point' build argument 'cmake_args' from command line to 'None'
[3.568s] [34mcolcon.colcon_core.verb[0m [1;30mLevel 5[0m set package 'my_point' build argument 'cmake_target' from command line to 'None'
[3.568s] [34mcolcon.colcon_core.verb[0m [1;30mLevel 5[0m set package 'my_point' build argument 'cmake_target_skip_unavailable' from command line to 'False'
[3.568s] [34mcolcon.colcon_core.verb[0m [1;30mLevel 5[0m set package 'my_point' build argument 'cmake_clean_cache' from command line to 'False'
[3.568s] [34mcolcon.colcon_core.verb[0m [1;30mLevel 5[0m set package 'my_point' build argument 'cmake_clean_first' from command line to 'False'
[3.568s] [34mcolcon.colcon_core.verb[0m [1;30mLevel 5[0m set package 'my_point' build argument 'cmake_force_configure' from command line to 'False'
[3.568s] [34mcolcon.colcon_core.verb[0m [1;30mLevel 5[0m set package 'my_point' build argument 'ament_cmake_args' from command line to 'None'
[3.568s] [34mcolcon.colcon_core.verb[0m [1;30mLevel 5[0m set package 'my_point' build argument 'catkin_cmake_args' from command line to 'None'
[3.568s] [34mcolcon.colcon_core.verb[0m [1;30mLevel 5[0m set package 'my_point' build argument 'catkin_skip_building_tests' from command line to 'False'
[3.568s] [34mcolcon.colcon_core.verb[0m [1;30mDEBUG[0m [32mBuilding package 'my_point' with the following arguments: {'ament_cmake_args': None, 'build_base': '/home/kanja-koduki/buck_ws/build/my_point', 'catkin_cmake_args': None, 'catkin_skip_building_tests': False, 'cmake_args': None, 'cmake_clean_cache': False, 'cmake_clean_first': False, 'cmake_force_configure': False, 'cmake_target': None, 'cmake_target_skip_unavailable': False, 'install_base': '/home/kanja-koduki/buck_ws/install/my_point', 'merge_install': False, 'path': '/home/kanja-koduki/buck_ws/src/my_point', 'symlink_install': False, 'test_result_base': None}[0m
[3.604s] [34mcolcon.colcon_core.verb[0m [1;30mLevel 5[0m set package 'robot_description' build argument 'cmake_args' from command line to 'None'
[3.605s] [34mcolcon.colcon_core.verb[0m [1;30mLevel 5[0m set package 'robot_description' build argument 'cmake_target' from command line to 'None'
[3.605s] [34mcolcon.colcon_core.verb[0m [1;30mLevel 5[0m set package 'robot_description' build argument 'cmake_target_skip_unavailable' from command line to 'False'
[3.605s] [34mcolcon.colcon_core.verb[0m [1;30mLevel 5[0m set package 'robot_description' build argument 'cmake_clean_cache' from command line to 'False'
[3.605s] [34mcolcon.colcon_core.verb[0m [1;30mLevel 5[0m set package 'robot_description' build argument 'cmake_clean_first' from command line to 'False'
[3.605s] [34mcolcon.colcon_core.verb[0m [1;30mLevel 5[0m set package 'robot_description' build argument 'cmake_force_configure' from command line to 'False'
[3.605s] [34mcolcon.colcon_core.verb[0m [1;30mLevel 5[0m set package 'robot_description' build argument 'ament_cmake_args' from command line to 'None'
[3.605s] [34mcolcon.colcon_core.verb[0m [1;30mLevel 5[0m set package 'robot_description' build argument 'catkin_cmake_args' from command line to 'None'
[3.605s] [34mcolcon.colcon_core.verb[0m [1;30mLevel 5[0m set package 'robot_description' build argument 'catkin_skip_building_tests' from command line to 'False'
[3.605s] [34mcolcon.colcon_core.verb[0m [1;30mDEBUG[0m [32mBuilding package 'robot_description' with the following arguments: {'ament_cmake_args': None, 'build_base': '/home/kanja-koduki/buck_ws/build/robot_description', 'catkin_cmake_args': None, 'catkin_skip_building_tests': False, 'cmake_args': None, 'cmake_clean_cache': False, 'cmake_clean_first': False, 'cmake_force_configure': False, 'cmake_target': None, 'cmake_target_skip_unavailable': False, 'install_base': '/home/kanja-koduki/buck_ws/install/robot_description', 'merge_install': False, 'path': '/home/kanja-koduki/buck_ws/src/robot_description', 'symlink_install': False, 'test_result_base': None}[0m
[3.640s] [34mcolcon.colcon_core.executor[0m [1;30mINFO[0m Executing jobs using 'parallel' executor
[3.677s] [34mcolcon.colcon_parallel_executor.executor.parallel[0m [1;30mDEBUG[0m [32mrun_until_complete[0m
[3.678s] [34mcolcon.colcon_ros.task.ament_python.build[0m [1;30mINFO[0m Building ROS package in '/home/kanja-koduki/buck_ws/src/model_py' with build type 'ament_python'
[3.679s] [34mcolcon.colcon_core.shell[0m [1;30mLevel 1[0m create_environment_hook('model_py', 'ament_prefix_path')
[3.727s] [34mcolcon.colcon_core.plugin_system[0m [1;30mINFO[0m Skipping extension 'colcon_core.shell.bat': Not used on non-Windows systems
[3.727s] [34mcolcon.colcon_core.shell[0m [1;30mINFO[0m Creating environment hook '/home/kanja-koduki/buck_ws/install/model_py/share/model_py/hook/ament_prefix_path.ps1'
[3.729s] [34mcolcon.colcon_core.shell[0m [1;30mINFO[0m Creating environment descriptor '/home/kanja-koduki/buck_ws/install/model_py/share/model_py/hook/ament_prefix_path.dsv'
[3.730s] [34mcolcon.colcon_core.shell[0m [1;30mINFO[0m Creating environment hook '/home/kanja-koduki/buck_ws/install/model_py/share/model_py/hook/ament_prefix_path.sh'
[3.767s] [34mcolcon.colcon_core.shell[0m [1;30mINFO[0m Skip shell extension 'powershell' for command environment: Not usable outside of PowerShell
[3.767s] [34mcolcon.colcon_core.shell[0m [1;30mDEBUG[0m [32mSkip shell extension 'dsv' for command environment[0m
[4.139s] [34mcolcon.colcon_ros.task.ament_python.build[0m [1;30mINFO[0m Building ROS package in '/home/kanja-koduki/buck_ws/src/my_point' with build type 'ament_python'
[4.140s] [34mcolcon.colcon_core.shell[0m [1;30mLevel 1[0m create_environment_hook('my_point', 'ament_prefix_path')
[4.179s] [34mcolcon.colcon_core.shell[0m [1;30mINFO[0m Creating environment hook '/home/kanja-koduki/buck_ws/install/my_point/share/my_point/hook/ament_prefix_path.ps1'
[4.180s] [34mcolcon.colcon_core.shell[0m [1;30mINFO[0m Creating environment descriptor '/home/kanja-koduki/buck_ws/install/my_point/share/my_point/hook/ament_prefix_path.dsv'
[4.181s] [34mcolcon.colcon_core.shell[0m [1;30mINFO[0m Creating environment hook '/home/kanja-koduki/buck_ws/install/my_point/share/my_point/hook/ament_prefix_path.sh'
[4.223s] [34mcolcon.colcon_core.shell[0m [1;30mINFO[0m Skip shell extension 'powershell' for command environment: Not usable outside of PowerShell
[4.223s] [34mcolcon.colcon_core.shell[0m [1;30mDEBUG[0m [32mSkip shell extension 'dsv' for command environment[0m
[4.600s] [34mcolcon.colcon_ros.task.ament_cmake.build[0m [1;30mINFO[0m Building ROS package in '/home/kanja-koduki/buck_ws/src/robot_description' with build type 'ament_cmake'
[4.601s] [34mcolcon.colcon_cmake.task.cmake.build[0m [1;30mINFO[0m Building CMake package in '/home/kanja-koduki/buck_ws/src/robot_description'
[4.640s] [34mcolcon.colcon_core.shell[0m [1;30mINFO[0m Skip shell extension 'powershell' for command environment: Not usable outside of PowerShell
[4.640s] [34mcolcon.colcon_core.shell[0m [1;30mDEBUG[0m [32mSkip shell extension 'dsv' for command environment[0m
[5.429s] [34mcolcon.colcon_core.task.python.build[0m [1;30mINFO[0m Building Python package in '/home/kanja-koduki/buck_ws/src/model_py'
[5.467s] [34mcolcon.colcon_core.shell[0m [1;30mINFO[0m Skip shell extension 'powershell' for command environment: Not usable outside of PowerShell
[5.467s] [34mcolcon.colcon_core.shell[0m [1;30mDEBUG[0m [32mSkip shell extension 'dsv' for command environment[0m
[6.312s] [34mcolcon.colcon_core.task.python.build[0m [1;30mINFO[0m Building Python package in '/home/kanja-koduki/buck_ws/src/my_point'
[6.354s] [34mcolcon.colcon_core.shell[0m [1;30mINFO[0m Skip shell extension 'powershell' for command environment: Not usable outside of PowerShell
[6.354s] [34mcolcon.colcon_core.shell[0m [1;30mDEBUG[0m [32mSkip shell extension 'dsv' for command environment[0m
[6.741s] [34mcolcon.colcon_core.event_handler.log_command[0m [1;30mDEBUG[0m [32mInvoking command in '/home/kanja-koduki/buck_ws/build/robot_description': CMAKE_PREFIX_PATH=${CMAKE_PREFIX_PATH}:/home/kanja-koduki/buck_ws/install/my_point:/home/kanja-koduki/buck_ws/install/model_py:/home/kanja-koduki/hannah_ws/install/hannah_bot:/home/kanja-koduki/niki_ws/install/sjtu_drone_bringup:/home/kanja-koduki/zypher_ws/install/prius_sdc_pkg:/home/kanja-koduki/ortega_ws/install/ortega_bot:/opt/ros/humble /home/kanja-koduki/.local/bin/cmake --build /home/kanja-koduki/buck_ws/build/robot_description -- -j8 -l8[0m
[6.886s] [34mcolcon.colcon_core.event_handler.log_command[0m [1;30mDEBUG[0m [32mInvoked command in '/home/kanja-koduki/buck_ws/build/robot_description' returned '0': CMAKE_PREFIX_PATH=${CMAKE_PREFIX_PATH}:/home/kanja-koduki/buck_ws/install/my_point:/home/kanja-koduki/buck_ws/install/model_py:/home/kanja-koduki/hannah_ws/install/hannah_bot:/home/kanja-koduki/niki_ws/install/sjtu_drone_bringup:/home/kanja-koduki/zypher_ws/install/prius_sdc_pkg:/home/kanja-koduki/ortega_ws/install/ortega_bot:/opt/ros/humble /home/kanja-koduki/.local/bin/cmake --build /home/kanja-koduki/buck_ws/build/robot_description -- -j8 -l8[0m
[7.053s] [34mcolcon.colcon_core.event_handler.log_command[0m [1;30mDEBUG[0m [32mInvoking command in '/home/kanja-koduki/buck_ws/build/robot_description': CMAKE_PREFIX_PATH=${CMAKE_PREFIX_PATH}:/home/kanja-koduki/buck_ws/install/my_point:/home/kanja-koduki/buck_ws/install/model_py:/home/kanja-koduki/hannah_ws/install/hannah_bot:/home/kanja-koduki/niki_ws/install/sjtu_drone_bringup:/home/kanja-koduki/zypher_ws/install/prius_sdc_pkg:/home/kanja-koduki/ortega_ws/install/ortega_bot:/opt/ros/humble /home/kanja-koduki/.local/bin/cmake --install /home/kanja-koduki/buck_ws/build/robot_description[0m
[7.130s] [34mcolcon.colcon_core.environment[0m [1;30mLevel 1[0m create_environment_scripts_only(robot_description)
[7.133s] [34mcolcon.colcon_core.event_handler.log_command[0m [1;30mDEBUG[0m [32mInvoked command in '/home/kanja-koduki/buck_ws/build/robot_description' returned '0': CMAKE_PREFIX_PATH=${CMAKE_PREFIX_PATH}:/home/kanja-koduki/buck_ws/install/my_point:/home/kanja-koduki/buck_ws/install/model_py:/home/kanja-koduki/hannah_ws/install/hannah_bot:/home/kanja-koduki/niki_ws/install/sjtu_drone_bringup:/home/kanja-koduki/zypher_ws/install/prius_sdc_pkg:/home/kanja-koduki/ortega_ws/install/ortega_bot:/opt/ros/humble /home/kanja-koduki/.local/bin/cmake --install /home/kanja-koduki/buck_ws/build/robot_description[0m
[7.195s] [34mcolcon.colcon_core.environment[0m [1;30mLevel 1[0m checking '/home/kanja-koduki/buck_ws/install/robot_description' for CMake module files
[7.196s] [34mcolcon.colcon_core.environment[0m [1;30mLevel 1[0m checking '/home/kanja-koduki/buck_ws/install/robot_description' for CMake config files
[7.197s] [34mcolcon.colcon_core.shell[0m [1;30mLevel 1[0m create_environment_hook('robot_description', 'cmake_prefix_path')
[7.250s] [34mcolcon.colcon_core.shell[0m [1;30mINFO[0m Creating environment hook '/home/kanja-koduki/buck_ws/install/robot_description/share/robot_description/hook/cmake_prefix_path.ps1'
[7.251s] [34mcolcon.colcon_core.shell[0m [1;30mINFO[0m Creating environment descriptor '/home/kanja-koduki/buck_ws/install/robot_description/share/robot_description/hook/cmake_prefix_path.dsv'
[7.252s] [34mcolcon.colcon_core.shell[0m [1;30mINFO[0m Creating environment hook '/home/kanja-koduki/buck_ws/install/robot_description/share/robot_description/hook/cmake_prefix_path.sh'
[7.253s] [34mcolcon.colcon_core.environment[0m [1;30mLevel 1[0m checking '/home/kanja-koduki/buck_ws/install/robot_description/bin'
[7.253s] [34mcolcon.colcon_core.environment[0m [1;30mLevel 1[0m checking '/home/kanja-koduki/buck_ws/install/robot_description/lib/pkgconfig/robot_description.pc'
[7.254s] [34mcolcon.colcon_core.environment[0m [1;30mLevel 1[0m checking '/home/kanja-koduki/buck_ws/install/robot_description/lib/python3.10/site-packages'
[7.254s] [34mcolcon.colcon_core.environment[0m [1;30mLevel 1[0m checking '/home/kanja-koduki/buck_ws/install/robot_description/bin'
[7.302s] [34mcolcon.colcon_core.shell[0m [1;30mINFO[0m Creating package script '/home/kanja-koduki/buck_ws/install/robot_description/share/robot_description/package.ps1'
[7.305s] [34mcolcon.colcon_core.shell[0m [1;30mINFO[0m Creating package descriptor '/home/kanja-koduki/buck_ws/install/robot_description/share/robot_description/package.dsv'
[7.307s] [34mcolcon.colcon_core.shell[0m [1;30mINFO[0m Creating package script '/home/kanja-koduki/buck_ws/install/robot_description/share/robot_description/package.sh'
[7.309s] [34mcolcon.colcon_core.shell[0m [1;30mINFO[0m Creating package script '/home/kanja-koduki/buck_ws/install/robot_description/share/robot_description/package.bash'
[7.311s] [34mcolcon.colcon_core.shell[0m [1;30mINFO[0m Creating package script '/home/kanja-koduki/buck_ws/install/robot_description/share/robot_description/package.zsh'
[7.313s] [34mcolcon.colcon_core.environment[0m [1;30mLevel 1[0m create_file_with_runtime_dependencies(/home/kanja-koduki/buck_ws/install/robot_description/share/colcon-core/packages/robot_description)
[7.492s] [34mcolcon.colcon_core.environment[0m [1;30mLevel 1[0m create_environment_scripts_only(robot_description)
[7.558s] [34mcolcon.colcon_core.environment[0m [1;30mLevel 1[0m checking '/home/kanja-koduki/buck_ws/install/robot_description' for CMake module files
[7.559s] [34mcolcon.colcon_core.environment[0m [1;30mLevel 1[0m checking '/home/kanja-koduki/buck_ws/install/robot_description' for CMake config files
[7.560s] [34mcolcon.colcon_core.shell[0m [1;30mLevel 1[0m create_environment_hook('robot_description', 'cmake_prefix_path')
[7.625s] [34mcolcon.colcon_core.shell[0m [1;30mINFO[0m Creating environment hook '/home/kanja-koduki/buck_ws/install/robot_description/share/robot_description/hook/cmake_prefix_path.ps1'
[7.627s] [34mcolcon.colcon_core.shell[0m [1;30mINFO[0m Creating environment descriptor '/home/kanja-koduki/buck_ws/install/robot_description/share/robot_description/hook/cmake_prefix_path.dsv'
[7.627s] [34mcolcon.colcon_core.shell[0m [1;30mINFO[0m Creating environment hook '/home/kanja-koduki/buck_ws/install/robot_description/share/robot_description/hook/cmake_prefix_path.sh'
[7.629s] [34mcolcon.colcon_core.environment[0m [1;30mLevel 1[0m checking '/home/kanja-koduki/buck_ws/install/robot_description/bin'
[7.629s] [34mcolcon.colcon_core.environment[0m [1;30mLevel 1[0m checking '/home/kanja-koduki/buck_ws/install/robot_description/lib/pkgconfig/robot_description.pc'
[7.629s] [34mcolcon.colcon_core.environment[0m [1;30mLevel 1[0m checking '/home/kanja-koduki/buck_ws/install/robot_description/lib/python3.10/site-packages'
[7.630s] [34mcolcon.colcon_core.environment[0m [1;30mLevel 1[0m checking '/home/kanja-koduki/buck_ws/install/robot_description/bin'
[7.678s] [34mcolcon.colcon_core.shell[0m [1;30mINFO[0m Creating package script '/home/kanja-koduki/buck_ws/install/robot_description/share/robot_description/package.ps1'
[7.679s] [34mcolcon.colcon_core.shell[0m [1;30mINFO[0m Creating package descriptor '/home/kanja-koduki/buck_ws/install/robot_description/share/robot_description/package.dsv'
[7.680s] [34mcolcon.colcon_core.shell[0m [1;30mINFO[0m Creating package script '/home/kanja-koduki/buck_ws/install/robot_description/share/robot_description/package.sh'
[7.681s] [34mcolcon.colcon_core.shell[0m [1;30mINFO[0m Creating package script '/home/kanja-koduki/buck_ws/install/robot_description/share/robot_description/package.bash'
[7.681s] [34mcolcon.colcon_core.shell[0m [1;30mINFO[0m Creating package script '/home/kanja-koduki/buck_ws/install/robot_description/share/robot_description/package.zsh'
[7.682s] [34mcolcon.colcon_core.environment[0m [1;30mLevel 1[0m create_file_with_runtime_dependencies(/home/kanja-koduki/buck_ws/install/robot_description/share/colcon-core/packages/robot_description)
[8.225s] [34mcolcon.colcon_core.event_handler.log_command[0m [1;30mDEBUG[0m [32mInvoking command in '/home/kanja-koduki/buck_ws/src/my_point': PYTHONPATH=/home/kanja-koduki/buck_ws/build/my_point/prefix_override:/home/kanja-koduki/buck_ws/install/my_point/lib/python3.10/site-packages:${PYTHONPATH} /usr/bin/python3 setup.py egg_info --egg-base ../../build/my_point build --build-base /home/kanja-koduki/buck_ws/build/my_point/build install --record /home/kanja-koduki/buck_ws/build/my_point/install.log --single-version-externally-managed[0m
[8.244s] [34mcolcon.colcon_core.event_handler.log_command[0m [1;30mDEBUG[0m [32mInvoking command in '/home/kanja-koduki/buck_ws/src/model_py': PYTHONPATH=/home/kanja-koduki/buck_ws/build/model_py/prefix_override:/home/kanja-koduki/buck_ws/install/model_py/lib/python3.10/site-packages:${PYTHONPATH} /usr/bin/python3 setup.py egg_info --egg-base ../../build/model_py build --build-base /home/kanja-koduki/buck_ws/build/model_py/build install --record /home/kanja-koduki/buck_ws/build/model_py/install.log --single-version-externally-managed[0m
[9.517s] [34mcolcon.colcon_core.event_handler.log_command[0m [1;30mDEBUG[0m [32mInvoked command in '/home/kanja-koduki/buck_ws/src/model_py' returned '0': PYTHONPATH=/home/kanja-koduki/buck_ws/build/model_py/prefix_override:/home/kanja-koduki/buck_ws/install/model_py/lib/python3.10/site-packages:${PYTHONPATH} /usr/bin/python3 setup.py egg_info --egg-base ../../build/model_py build --build-base /home/kanja-koduki/buck_ws/build/model_py/build install --record /home/kanja-koduki/buck_ws/build/model_py/install.log --single-version-externally-managed[0m
[9.567s] [34mcolcon.colcon_core.environment[0m [1;30mLevel 1[0m checking '/home/kanja-koduki/buck_ws/install/model_py' for CMake module files
[9.568s] [34mcolcon.colcon_core.environment[0m [1;30mLevel 1[0m checking '/home/kanja-koduki/buck_ws/install/model_py' for CMake config files
[9.569s] [34mcolcon.colcon_core.environment[0m [1;30mLevel 1[0m checking '/home/kanja-koduki/buck_ws/install/model_py/lib'
[9.570s] [34mcolcon.colcon_core.environment[0m [1;30mLevel 1[0m checking '/home/kanja-koduki/buck_ws/install/model_py/bin'
[9.570s] [34mcolcon.colcon_core.environment[0m [1;30mLevel 1[0m checking '/home/kanja-koduki/buck_ws/install/model_py/lib/pkgconfig/model_py.pc'
[9.571s] [34mcolcon.colcon_core.environment[0m [1;30mLevel 1[0m checking '/home/kanja-koduki/buck_ws/install/model_py/lib/python3.10/site-packages'
[9.571s] [34mcolcon.colcon_core.shell[0m [1;30mLevel 1[0m create_environment_hook('model_py', 'pythonpath')
[9.614s] [34mcolcon.colcon_core.shell[0m [1;30mINFO[0m Creating environment hook '/home/kanja-koduki/buck_ws/install/model_py/share/model_py/hook/pythonpath.ps1'
[9.616s] [34mcolcon.colcon_core.shell[0m [1;30mINFO[0m Creating environment descriptor '/home/kanja-koduki/buck_ws/install/model_py/share/model_py/hook/pythonpath.dsv'
[9.617s] [34mcolcon.colcon_core.shell[0m [1;30mINFO[0m Creating environment hook '/home/kanja-koduki/buck_ws/install/model_py/share/model_py/hook/pythonpath.sh'
[9.618s] [34mcolcon.colcon_core.environment[0m [1;30mLevel 1[0m checking '/home/kanja-koduki/buck_ws/install/model_py/bin'
[9.618s] [34mcolcon.colcon_core.environment[0m [1;30mLevel 1[0m create_environment_scripts_only(model_py)
[9.665s] [34mcolcon.colcon_core.shell[0m [1;30mINFO[0m Creating package script '/home/kanja-koduki/buck_ws/install/model_py/share/model_py/package.ps1'
[9.666s] [34mcolcon.colcon_core.shell[0m [1;30mINFO[0m Creating package descriptor '/home/kanja-koduki/buck_ws/install/model_py/share/model_py/package.dsv'
[9.667s] [34mcolcon.colcon_core.shell[0m [1;30mINFO[0m Creating package script '/home/kanja-koduki/buck_ws/install/model_py/share/model_py/package.sh'
[9.668s] [34mcolcon.colcon_core.shell[0m [1;30mINFO[0m Creating package script '/home/kanja-koduki/buck_ws/install/model_py/share/model_py/package.bash'
[9.669s] [34mcolcon.colcon_core.shell[0m [1;30mINFO[0m Creating package script '/home/kanja-koduki/buck_ws/install/model_py/share/model_py/package.zsh'
[9.669s] [34mcolcon.colcon_core.environment[0m [1;30mLevel 1[0m create_file_with_runtime_dependencies(/home/kanja-koduki/buck_ws/install/model_py/share/colcon-core/packages/model_py)
[9.674s] [34mcolcon.colcon_core.event_handler.log_command[0m [1;30mDEBUG[0m [32mInvoked command in '/home/kanja-koduki/buck_ws/src/my_point' returned '0': PYTHONPATH=/home/kanja-koduki/buck_ws/build/my_point/prefix_override:/home/kanja-koduki/buck_ws/install/my_point/lib/python3.10/site-packages:${PYTHONPATH} /usr/bin/python3 setup.py egg_info --egg-base ../../build/my_point build --build-base /home/kanja-koduki/buck_ws/build/my_point/build install --record /home/kanja-koduki/buck_ws/build/my_point/install.log --single-version-externally-managed[0m
[9.718s] [34mcolcon.colcon_core.environment[0m [1;30mLevel 1[0m checking '/home/kanja-koduki/buck_ws/install/my_point' for CMake module files
[9.719s] [34mcolcon.colcon_core.environment[0m [1;30mLevel 1[0m checking '/home/kanja-koduki/buck_ws/install/my_point' for CMake config files
[9.720s] [34mcolcon.colcon_core.environment[0m [1;30mLevel 1[0m checking '/home/kanja-koduki/buck_ws/install/my_point/lib'
[9.721s] [34mcolcon.colcon_core.environment[0m [1;30mLevel 1[0m checking '/home/kanja-koduki/buck_ws/install/my_point/bin'
[9.721s] [34mcolcon.colcon_core.environment[0m [1;30mLevel 1[0m checking '/home/kanja-koduki/buck_ws/install/my_point/lib/pkgconfig/my_point.pc'
[9.721s] [34mcolcon.colcon_core.environment[0m [1;30mLevel 1[0m checking '/home/kanja-koduki/buck_ws/install/my_point/lib/python3.10/site-packages'
[9.721s] [34mcolcon.colcon_core.shell[0m [1;30mLevel 1[0m create_environment_hook('my_point', 'pythonpath')
[9.766s] [34mcolcon.colcon_core.shell[0m [1;30mINFO[0m Creating environment hook '/home/kanja-koduki/buck_ws/install/my_point/share/my_point/hook/pythonpath.ps1'
[9.767s] [34mcolcon.colcon_core.shell[0m [1;30mINFO[0m Creating environment descriptor '/home/kanja-koduki/buck_ws/install/my_point/share/my_point/hook/pythonpath.dsv'
[9.768s] [34mcolcon.colcon_core.shell[0m [1;30mINFO[0m Creating environment hook '/home/kanja-koduki/buck_ws/install/my_point/share/my_point/hook/pythonpath.sh'
[9.769s] [34mcolcon.colcon_core.environment[0m [1;30mLevel 1[0m checking '/home/kanja-koduki/buck_ws/install/my_point/bin'
[9.769s] [34mcolcon.colcon_core.environment[0m [1;30mLevel 1[0m create_environment_scripts_only(my_point)
[9.815s] [34mcolcon.colcon_core.shell[0m [1;30mINFO[0m Creating package script '/home/kanja-koduki/buck_ws/install/my_point/share/my_point/package.ps1'
[9.817s] [34mcolcon.colcon_core.shell[0m [1;30mINFO[0m Creating package descriptor '/home/kanja-koduki/buck_ws/install/my_point/share/my_point/package.dsv'
[9.818s] [34mcolcon.colcon_core.shell[0m [1;30mINFO[0m Creating package script '/home/kanja-koduki/buck_ws/install/my_point/share/my_point/package.sh'
[9.819s] [34mcolcon.colcon_core.shell[0m [1;30mINFO[0m Creating package script '/home/kanja-koduki/buck_ws/install/my_point/share/my_point/package.bash'
[9.820s] [34mcolcon.colcon_core.shell[0m [1;30mINFO[0m Creating package script '/home/kanja-koduki/buck_ws/install/my_point/share/my_point/package.zsh'
[9.820s] [34mcolcon.colcon_core.environment[0m [1;30mLevel 1[0m create_file_with_runtime_dependencies(/home/kanja-koduki/buck_ws/install/my_point/share/colcon-core/packages/my_point)
[9.821s] [34mcolcon.colcon_parallel_executor.executor.parallel[0m [1;30mDEBUG[0m [32mclosing loop[0m
[9.822s] [34mcolcon.colcon_parallel_executor.executor.parallel[0m [1;30mDEBUG[0m [32mloop closed[0m
[9.822s] [34mcolcon.colcon_parallel_executor.executor.parallel[0m [1;30mDEBUG[0m [32mrun_until_complete finished with '0'[0m
[9.823s] [34mcolcon.colcon_core.event_reactor[0m [1;30mDEBUG[0m [32mjoining thread[0m
[9.889s] [34mcolcon.colcon_core.plugin_system[0m [1;30mINFO[0m Skipping extension 'colcon_notification.desktop_notification.terminal_notifier': Not used on non-Darwin systems
[9.889s] [34mcolcon.colcon_core.plugin_system[0m [1;30mINFO[0m Skipping extension 'colcon_notification.desktop_notification.win32': Not used on non-Windows systems
[9.889s] [34mcolcon.colcon_notification.desktop_notification[0m [1;30mINFO[0m Sending desktop notification using 'notify2'
[9.917s] [34mcolcon.colcon_core.event_reactor[0m [1;30mDEBUG[0m [32mjoined thread[0m
[9.974s] [34mcolcon.colcon_core.shell[0m [1;30mINFO[0m Creating prefix script '/home/kanja-koduki/buck_ws/install/local_setup.ps1'
[9.976s] [34mcolcon.colcon_core.shell[0m [1;30mINFO[0m Creating prefix util module '/home/kanja-koduki/buck_ws/install/_local_setup_util_ps1.py'
[9.979s] [34mcolcon.colcon_core.shell[0m [1;30mINFO[0m Creating prefix chain script '/home/kanja-koduki/buck_ws/install/setup.ps1'
[10.040s] [34mcolcon.colcon_core.shell[0m [1;30mINFO[0m Creating prefix script '/home/kanja-koduki/buck_ws/install/local_setup.sh'
[10.042s] [34mcolcon.colcon_core.shell[0m [1;30mINFO[0m Creating prefix util module '/home/kanja-koduki/buck_ws/install/_local_setup_util_sh.py'
[10.043s] [34mcolcon.colcon_core.shell[0m [1;30mINFO[0m Creating prefix chain script '/home/kanja-koduki/buck_ws/install/setup.sh'
[10.092s] [34mcolcon.colcon_core.shell[0m [1;30mINFO[0m Creating prefix script '/home/kanja-koduki/buck_ws/install/local_setup.bash'
[10.093s] [34mcolcon.colcon_core.shell[0m [1;30mINFO[0m Creating prefix chain script '/home/kanja-koduki/buck_ws/install/setup.bash'
[10.147s] [34mcolcon.colcon_core.shell[0m [1;30mINFO[0m Creating prefix script '/home/kanja-koduki/buck_ws/install/local_setup.zsh'
[10.149s] [34mcolcon.colcon_core.shell[0m [1;30mINFO[0m Creating prefix chain script '/home/kanja-koduki/buck_ws/install/setup.zsh'
