[2.980s] [34mcolcon[0m [1;30mDEBUG[0m [32mCommand line arguments: ['/usr/bin/colcon', 'build'][0m
[2.980s] [34mcolcon[0m [1;30mDEBUG[0m [32mParsed command line arguments: Namespace(log_base=None, log_level=None, verb_name='build', build_base='build', install_base='install', merge_install=False, symlink_install=False, test_result_base=None, continue_on_error=False, executor='parallel', parallel_workers=8, event_handlers=None, ignore_user_meta=False, metas=['./colcon.meta'], base_paths=['.'], packages_ignore=None, packages_ignore_regex=None, paths=None, packages_up_to=None, packages_up_to_regex=None, packages_above=None, packages_above_and_dependencies=None, packages_above_depth=None, packages_select_by_dep=None, packages_skip_by_dep=None, packages_skip_up_to=None, packages_select_build_failed=False, packages_skip_build_finished=False, packages_select_test_failures=False, packages_skip_test_passed=False, packages_select=None, packages_skip=None, packages_select_regex=None, packages_skip_regex=None, packages_start=None, packages_end=None, allow_overriding=[], cmake_args=None, cmake_target=None, cmake_target_skip_unavailable=False, cmake_clean_cache=False, cmake_clean_first=False, cmake_force_configure=False, ament_cmake_args=None, catkin_cmake_args=None, catkin_skip_building_tests=False, verb_parser=<colcon_defaults.argument_parser.defaults.DefaultArgumentsDecorator object at 0x7fb4e272c400>, verb_extension=<colcon_core.verb.build.BuildVerb object at 0x7fb4e272df00>, main=<bound method BuildVerb.main of <colcon_core.verb.build.BuildVerb object at 0x7fb4e272df00>>)[0m
[3.160s] [34mcolcon.colcon_core.package_discovery[0m [1;30mLevel 1[0m discover_packages(colcon_meta) check parameters
[3.161s] [34mcolcon.colcon_core.package_discovery[0m [1;30mLevel 1[0m discover_packages(recursive) check parameters
[3.161s] [34mcolcon.colcon_core.package_discovery[0m [1;30mLevel 1[0m discover_packages(ignore) check parameters
[3.161s] [34mcolcon.colcon_core.package_discovery[0m [1;30mLevel 1[0m discover_packages(path) check parameters
[3.161s] [34mcolcon.colcon_core.package_discovery[0m [1;30mLevel 1[0m discover_packages(colcon_meta) discover
[3.161s] [34mcolcon.colcon_core.package_discovery[0m [1;30mLevel 1[0m discover_packages(recursive) discover
[3.162s] [34mcolcon.colcon_core.package_discovery[0m [1;30mINFO[0m Crawling recursively for packages in '/home/kanja-koduki/buck_ws'
[3.162s] [34mcolcon.colcon_core.package_identification[0m [1;30mLevel 1[0m _identify(.) by extensions ['ignore', 'ignore_ament_install']
[3.162s] [34mcolcon.colcon_core.package_identification[0m [1;30mLevel 1[0m _identify(.) by extension 'ignore'
[3.162s] [34mcolcon.colcon_core.package_identification[0m [1;30mLevel 1[0m _identify(.) by extension 'ignore_ament_install'
[3.163s] [34mcolcon.colcon_core.package_identification[0m [1;30mLevel 1[0m _identify(.) by extensions ['colcon_pkg']
[3.163s] [34mcolcon.colcon_core.package_identification[0m [1;30mLevel 1[0m _identify(.) by extension 'colcon_pkg'
[3.163s] [34mcolcon.colcon_core.package_identification[0m [1;30mLevel 1[0m _identify(.) by extensions ['colcon_meta']
[3.163s] [34mcolcon.colcon_core.package_identification[0m [1;30mLevel 1[0m _identify(.) by extension 'colcon_meta'
[3.163s] [34mcolcon.colcon_core.package_identification[0m [1;30mLevel 1[0m _identify(.) by extensions ['ros']
[3.163s] [34mcolcon.colcon_core.package_identification[0m [1;30mLevel 1[0m _identify(.) by extension 'ros'
[3.196s] [34mcolcon.colcon_core.package_identification[0m [1;30mLevel 1[0m _identify(.) by extensions ['cmake', 'python']
[3.197s] [34mcolcon.colcon_core.package_identification[0m [1;30mLevel 1[0m _identify(.) by extension 'cmake'
[3.197s] [34mcolcon.colcon_core.package_identification[0m [1;30mLevel 1[0m _identify(.) by extension 'python'
[3.197s] [34mcolcon.colcon_core.package_identification[0m [1;30mLevel 1[0m _identify(.) by extensions ['python_setup_py']
[3.197s] [34mcolcon.colcon_core.package_identification[0m [1;30mLevel 1[0m _identify(.) by extension 'python_setup_py'
[3.197s] [34mcolcon.colcon_core.package_identification[0m [1;30mLevel 1[0m _identify(build) by extensions ['ignore', 'ignore_ament_install']
[3.197s] [34mcolcon.colcon_core.package_identification[0m [1;30mLevel 1[0m _identify(build) by extension 'ignore'
[3.198s] [34mcolcon.colcon_core.package_identification[0m [1;30mLevel 1[0m _identify(build) ignored
[3.198s] [34mcolcon.colcon_core.package_identification[0m [1;30mLevel 1[0m _identify(install) by extensions ['ignore', 'ignore_ament_install']
[3.198s] [34mcolcon.colcon_core.package_identification[0m [1;30mLevel 1[0m _identify(install) by extension 'ignore'
[3.198s] [34mcolcon.colcon_core.package_identification[0m [1;30mLevel 1[0m _identify(install) ignored
[3.199s] [34mcolcon.colcon_core.package_identification[0m [1;30mLevel 1[0m _identify(log) by extensions ['ignore', 'ignore_ament_install']
[3.199s] [34mcolcon.colcon_core.package_identification[0m [1;30mLevel 1[0m _identify(log) by extension 'ignore'
[3.199s] [34mcolcon.colcon_core.package_identification[0m [1;30mLevel 1[0m _identify(log) ignored
[3.200s] [34mcolcon.colcon_core.package_identification[0m [1;30mLevel 1[0m _identify(src) by extensions ['ignore', 'ignore_ament_install']
[3.200s] [34mcolcon.colcon_core.package_identification[0m [1;30mLevel 1[0m _identify(src) by extension 'ignore'
[3.200s] [34mcolcon.colcon_core.package_identification[0m [1;30mLevel 1[0m _identify(src) by extension 'ignore_ament_install'
[3.200s] [34mcolcon.colcon_core.package_identification[0m [1;30mLevel 1[0m _identify(src) by extensions ['colcon_pkg']
[3.200s] [34mcolcon.colcon_core.package_identification[0m [1;30mLevel 1[0m _identify(src) by extension 'colcon_pkg'
[3.200s] [34mcolcon.colcon_core.package_identification[0m [1;30mLevel 1[0m _identify(src) by extensions ['colcon_meta']
[3.200s] [34mcolcon.colcon_core.package_identification[0m [1;30mLevel 1[0m _identify(src) by extension 'colcon_meta'
[3.200s] [34mcolcon.colcon_core.package_identification[0m [1;30mLevel 1[0m _identify(src) by extensions ['ros']
[3.200s] [34mcolcon.colcon_core.package_identification[0m [1;30mLevel 1[0m _identify(src) by extension 'ros'
[3.201s] [34mcolcon.colcon_core.package_identification[0m [1;30mLevel 1[0m _identify(src) by extensions ['cmake', 'python']
[3.201s] [34mcolcon.colcon_core.package_identification[0m [1;30mLevel 1[0m _identify(src) by extension 'cmake'
[3.201s] [34mcolcon.colcon_core.package_identification[0m [1;30mLevel 1[0m _identify(src) by extension 'python'
[3.201s] [34mcolcon.colcon_core.package_identification[0m [1;30mLevel 1[0m _identify(src) by extensions ['python_setup_py']
[3.201s] [34mcolcon.colcon_core.package_identification[0m [1;30mLevel 1[0m _identify(src) by extension 'python_setup_py'
[3.201s] [34mcolcon.colcon_core.package_identification[0m [1;30mLevel 1[0m _identify(src/cpp_node) by extensions ['ignore', 'ignore_ament_install']
[3.201s] [34mcolcon.colcon_core.package_identification[0m [1;30mLevel 1[0m _identify(src/cpp_node) by extension 'ignore'
[3.202s] [34mcolcon.colcon_core.package_identification[0m [1;30mLevel 1[0m _identify(src/cpp_node) by extension 'ignore_ament_install'
[3.202s] [34mcolcon.colcon_core.package_identification[0m [1;30mLevel 1[0m _identify(src/cpp_node) by extensions ['colcon_pkg']
[3.202s] [34mcolcon.colcon_core.package_identification[0m [1;30mLevel 1[0m _identify(src/cpp_node) by extension 'colcon_pkg'
[3.202s] [34mcolcon.colcon_core.package_identification[0m [1;30mLevel 1[0m _identify(src/cpp_node) by extensions ['colcon_meta']
[3.202s] [34mcolcon.colcon_core.package_identification[0m [1;30mLevel 1[0m _identify(src/cpp_node) by extension 'colcon_meta'
[3.202s] [34mcolcon.colcon_core.package_identification[0m [1;30mLevel 1[0m _identify(src/cpp_node) by extensions ['ros']
[3.202s] [34mcolcon.colcon_core.package_identification[0m [1;30mLevel 1[0m _identify(src/cpp_node) by extension 'ros'
[3.207s] [34mcolcon.colcon_core.package_identification[0m [1;30mDEBUG[0m [32mPackage 'src/cpp_node' with type 'ros.ament_cmake' and name 'cpp_node'[0m
[3.208s] [34mcolcon.colcon_core.package_identification[0m [1;30mLevel 1[0m _identify(src/model_py) by extensions ['ignore', 'ignore_ament_install']
[3.208s] [34mcolcon.colcon_core.package_identification[0m [1;30mLevel 1[0m _identify(src/model_py) by extension 'ignore'
[3.208s] [34mcolcon.colcon_core.package_identification[0m [1;30mLevel 1[0m _identify(src/model_py) by extension 'ignore_ament_install'
[3.208s] [34mcolcon.colcon_core.package_identification[0m [1;30mLevel 1[0m _identify(src/model_py) by extensions ['colcon_pkg']
[3.208s] [34mcolcon.colcon_core.package_identification[0m [1;30mLevel 1[0m _identify(src/model_py) by extension 'colcon_pkg'
[3.208s] [34mcolcon.colcon_core.package_identification[0m [1;30mLevel 1[0m _identify(src/model_py) by extensions ['colcon_meta']
[3.208s] [34mcolcon.colcon_core.package_identification[0m [1;30mLevel 1[0m _identify(src/model_py) by extension 'colcon_meta'
[3.208s] [34mcolcon.colcon_core.package_identification[0m [1;30mLevel 1[0m _identify(src/model_py) by extensions ['ros']
[3.208s] [34mcolcon.colcon_core.package_identification[0m [1;30mLevel 1[0m _identify(src/model_py) by extension 'ros'
[3.209s] [34mcolcon.colcon_core.package_identification[0m [1;30mDEBUG[0m [32mPackage 'src/model_py' with type 'ros.ament_python' and name 'model_py'[0m
[3.210s] [34mcolcon.colcon_core.package_identification[0m [1;30mLevel 1[0m _identify(src/my_point) by extensions ['ignore', 'ignore_ament_install']
[3.210s] [34mcolcon.colcon_core.package_identification[0m [1;30mLevel 1[0m _identify(src/my_point) by extension 'ignore'
[3.210s] [34mcolcon.colcon_core.package_identification[0m [1;30mLevel 1[0m _identify(src/my_point) by extension 'ignore_ament_install'
[3.210s] [34mcolcon.colcon_core.package_identification[0m [1;30mLevel 1[0m _identify(src/my_point) by extensions ['colcon_pkg']
[3.210s] [34mcolcon.colcon_core.package_identification[0m [1;30mLevel 1[0m _identify(src/my_point) by extension 'colcon_pkg'
[3.210s] [34mcolcon.colcon_core.package_identification[0m [1;30mLevel 1[0m _identify(src/my_point) by extensions ['colcon_meta']
[3.210s] [34mcolcon.colcon_core.package_identification[0m [1;30mLevel 1[0m _identify(src/my_point) by extension 'colcon_meta'
[3.211s] [34mcolcon.colcon_core.package_identification[0m [1;30mLevel 1[0m _identify(src/my_point) by extensions ['ros']
[3.211s] [34mcolcon.colcon_core.package_identification[0m [1;30mLevel 1[0m _identify(src/my_point) by extension 'ros'
[3.212s] [34mcolcon.colcon_core.package_identification[0m [1;30mDEBUG[0m [32mPackage 'src/my_point' with type 'ros.ament_python' and name 'my_point'[0m
[3.212s] [34mcolcon.colcon_core.package_identification[0m [1;30mLevel 1[0m _identify(src/robot_description) by extensions ['ignore', 'ignore_ament_install']
[3.212s] [34mcolcon.colcon_core.package_identification[0m [1;30mLevel 1[0m _identify(src/robot_description) by extension 'ignore'
[3.212s] [34mcolcon.colcon_core.package_identification[0m [1;30mLevel 1[0m _identify(src/robot_description) by extension 'ignore_ament_install'
[3.212s] [34mcolcon.colcon_core.package_identification[0m [1;30mLevel 1[0m _identify(src/robot_description) by extensions ['colcon_pkg']
[3.213s] [34mcolcon.colcon_core.package_identification[0m [1;30mLevel 1[0m _identify(src/robot_description) by extension 'colcon_pkg'
[3.213s] [34mcolcon.colcon_core.package_identification[0m [1;30mLevel 1[0m _identify(src/robot_description) by extensions ['colcon_meta']
[3.213s] [34mcolcon.colcon_core.package_identification[0m [1;30mLevel 1[0m _identify(src/robot_description) by extension 'colcon_meta'
[3.213s] [34mcolcon.colcon_core.package_identification[0m [1;30mLevel 1[0m _identify(src/robot_description) by extensions ['ros']
[3.213s] [34mcolcon.colcon_core.package_identification[0m [1;30mLevel 1[0m _identify(src/robot_description) by extension 'ros'
[3.214s] [34mcolcon.colcon_core.package_identification[0m [1;30mDEBUG[0m [32mPackage 'src/robot_description' with type 'ros.ament_cmake' and name 'robot_description'[0m
[3.214s] [34mcolcon.colcon_core.package_discovery[0m [1;30mLevel 1[0m discover_packages(recursive) using defaults
[3.214s] [34mcolcon.colcon_core.package_discovery[0m [1;30mLevel 1[0m discover_packages(ignore) discover
[3.214s] [34mcolcon.colcon_core.package_discovery[0m [1;30mLevel 1[0m discover_packages(ignore) using defaults
[3.215s] [34mcolcon.colcon_core.package_discovery[0m [1;30mLevel 1[0m discover_packages(path) discover
[3.215s] [34mcolcon.colcon_core.package_discovery[0m [1;30mLevel 1[0m discover_packages(path) using defaults
[3.503s] [34mcolcon.colcon_core.package_discovery[0m [1;30mLevel 1[0m discover_packages(prefix_path) check parameters
[3.503s] [34mcolcon.colcon_core.package_discovery[0m [1;30mLevel 1[0m discover_packages(prefix_path) discover
[3.597s] [34mcolcon.colcon_installed_package_information.package_discovery[0m [1;30mDEBUG[0m [32mFound 1 installed packages in /home/kanja-koduki/zypher_ws/install[0m
[3.660s] [34mcolcon.colcon_installed_package_information.package_discovery[0m [1;30mDEBUG[0m [32mFound 7 installed packages in /home/kanja-koduki/flair_ws/install[0m
[3.746s] [34mcolcon.colcon_installed_package_information.package_discovery[0m [1;30mDEBUG[0m [32mFound 1 installed packages in /home/kanja-koduki/missy_ws/install[0m
[3.800s] [34mcolcon.colcon_installed_package_information.package_discovery[0m [1;30mDEBUG[0m [32mFound 1 installed packages in /home/kanja-koduki/ortega_ws/install[0m
[3.849s] [34mcolcon.colcon_installed_package_information.package_discovery[0m [1;30mDEBUG[0m [32mFound 3 installed packages in /home/kanja-koduki/eyantra23_ws/install[0m
[3.905s] [34mcolcon.colcon_installed_package_information.package_discovery[0m [1;30mDEBUG[0m [32mFound 3 installed packages in /home/kanja-koduki/hannah_ws/install[0m
[3.968s] [34mcolcon.colcon_installed_package_information.package_discovery[0m [1;30mDEBUG[0m [32mFound 2 installed packages in /home/kanja-koduki/niki_ws/install[0m
[4.009s] [34mcolcon.colcon_installed_package_information.package_discovery[0m [1;30mDEBUG[0m [32mFound 7 installed packages in /home/kanja-koduki/buck_ws/install[0m
[4.055s] [34mcolcon.colcon_installed_package_information.package_discovery[0m [1;30mDEBUG[0m [32mFound 486 installed packages in /opt/ros/humble[0m
[4.060s] [34mcolcon.colcon_core.package_discovery[0m [1;30mLevel 1[0m discover_packages(prefix_path) using defaults
[4.281s] [34mcolcon.colcon_core.verb[0m [1;30mLevel 5[0m set package 'cpp_node' build argument 'cmake_args' from command line to 'None'
[4.281s] [34mcolcon.colcon_core.verb[0m [1;30mLevel 5[0m set package 'cpp_node' build argument 'cmake_target' from command line to 'None'
[4.281s] [34mcolcon.colcon_core.verb[0m [1;30mLevel 5[0m set package 'cpp_node' build argument 'cmake_target_skip_unavailable' from command line to 'False'
[4.281s] [34mcolcon.colcon_core.verb[0m [1;30mLevel 5[0m set package 'cpp_node' build argument 'cmake_clean_cache' from command line to 'False'
[4.281s] [34mcolcon.colcon_core.verb[0m [1;30mLevel 5[0m set package 'cpp_node' build argument 'cmake_clean_first' from command line to 'False'
[4.281s] [34mcolcon.colcon_core.verb[0m [1;30mLevel 5[0m set package 'cpp_node' build argument 'cmake_force_configure' from command line to 'False'
[4.281s] [34mcolcon.colcon_core.verb[0m [1;30mLevel 5[0m set package 'cpp_node' build argument 'ament_cmake_args' from command line to 'None'
[4.281s] [34mcolcon.colcon_core.verb[0m [1;30mLevel 5[0m set package 'cpp_node' build argument 'catkin_cmake_args' from command line to 'None'
[4.281s] [34mcolcon.colcon_core.verb[0m [1;30mLevel 5[0m set package 'cpp_node' build argument 'catkin_skip_building_tests' from command line to 'False'
[4.281s] [34mcolcon.colcon_core.verb[0m [1;30mDEBUG[0m [32mBuilding package 'cpp_node' with the following arguments: {'ament_cmake_args': None, 'build_base': '/home/kanja-koduki/buck_ws/build/cpp_node', 'catkin_cmake_args': None, 'catkin_skip_building_tests': False, 'cmake_args': None, 'cmake_clean_cache': False, 'cmake_clean_first': False, 'cmake_force_configure': False, 'cmake_target': None, 'cmake_target_skip_unavailable': False, 'install_base': '/home/kanja-koduki/buck_ws/install/cpp_node', 'merge_install': False, 'path': '/home/kanja-koduki/buck_ws/src/cpp_node', 'symlink_install': False, 'test_result_base': None}[0m
[4.335s] [34mcolcon.colcon_core.verb[0m [1;30mLevel 5[0m set package 'model_py' build argument 'cmake_args' from command line to 'None'
[4.335s] [34mcolcon.colcon_core.verb[0m [1;30mLevel 5[0m set package 'model_py' build argument 'cmake_target' from command line to 'None'
[4.335s] [34mcolcon.colcon_core.verb[0m [1;30mLevel 5[0m set package 'model_py' build argument 'cmake_target_skip_unavailable' from command line to 'False'
[4.335s] [34mcolcon.colcon_core.verb[0m [1;30mLevel 5[0m set package 'model_py' build argument 'cmake_clean_cache' from command line to 'False'
[4.335s] [34mcolcon.colcon_core.verb[0m [1;30mLevel 5[0m set package 'model_py' build argument 'cmake_clean_first' from command line to 'False'
[4.335s] [34mcolcon.colcon_core.verb[0m [1;30mLevel 5[0m set package 'model_py' build argument 'cmake_force_configure' from command line to 'False'
[4.335s] [34mcolcon.colcon_core.verb[0m [1;30mLevel 5[0m set package 'model_py' build argument 'ament_cmake_args' from command line to 'None'
[4.335s] [34mcolcon.colcon_core.verb[0m [1;30mLevel 5[0m set package 'model_py' build argument 'catkin_cmake_args' from command line to 'None'
[4.336s] [34mcolcon.colcon_core.verb[0m [1;30mLevel 5[0m set package 'model_py' build argument 'catkin_skip_building_tests' from command line to 'False'
[4.336s] [34mcolcon.colcon_core.verb[0m [1;30mDEBUG[0m [32mBuilding package 'model_py' with the following arguments: {'ament_cmake_args': None, 'build_base': '/home/kanja-koduki/buck_ws/build/model_py', 'catkin_cmake_args': None, 'catkin_skip_building_tests': False, 'cmake_args': None, 'cmake_clean_cache': False, 'cmake_clean_first': False, 'cmake_force_configure': False, 'cmake_target': None, 'cmake_target_skip_unavailable': False, 'install_base': '/home/kanja-koduki/buck_ws/install/model_py', 'merge_install': False, 'path': '/home/kanja-koduki/buck_ws/src/model_py', 'symlink_install': False, 'test_result_base': None}[0m
[4.393s] [34mcolcon.colcon_core.verb[0m [1;30mLevel 5[0m set package 'my_point' build argument 'cmake_args' from command line to 'None'
[4.393s] [34mcolcon.colcon_core.verb[0m [1;30mLevel 5[0m set package 'my_point' build argument 'cmake_target' from command line to 'None'
[4.393s] [34mcolcon.colcon_core.verb[0m [1;30mLevel 5[0m set package 'my_point' build argument 'cmake_target_skip_unavailable' from command line to 'False'
[4.393s] [34mcolcon.colcon_core.verb[0m [1;30mLevel 5[0m set package 'my_point' build argument 'cmake_clean_cache' from command line to 'False'
[4.394s] [34mcolcon.colcon_core.verb[0m [1;30mLevel 5[0m set package 'my_point' build argument 'cmake_clean_first' from command line to 'False'
[4.394s] [34mcolcon.colcon_core.verb[0m [1;30mLevel 5[0m set package 'my_point' build argument 'cmake_force_configure' from command line to 'False'
[4.394s] [34mcolcon.colcon_core.verb[0m [1;30mLevel 5[0m set package 'my_point' build argument 'ament_cmake_args' from command line to 'None'
[4.394s] [34mcolcon.colcon_core.verb[0m [1;30mLevel 5[0m set package 'my_point' build argument 'catkin_cmake_args' from command line to 'None'
[4.394s] [34mcolcon.colcon_core.verb[0m [1;30mLevel 5[0m set package 'my_point' build argument 'catkin_skip_building_tests' from command line to 'False'
[4.394s] [34mcolcon.colcon_core.verb[0m [1;30mDEBUG[0m [32mBuilding package 'my_point' with the following arguments: {'ament_cmake_args': None, 'build_base': '/home/kanja-koduki/buck_ws/build/my_point', 'catkin_cmake_args': None, 'catkin_skip_building_tests': False, 'cmake_args': None, 'cmake_clean_cache': False, 'cmake_clean_first': False, 'cmake_force_configure': False, 'cmake_target': None, 'cmake_target_skip_unavailable': False, 'install_base': '/home/kanja-koduki/buck_ws/install/my_point', 'merge_install': False, 'path': '/home/kanja-koduki/buck_ws/src/my_point', 'symlink_install': False, 'test_result_base': None}[0m
[4.440s] [34mcolcon.colcon_core.verb[0m [1;30mLevel 5[0m set package 'robot_description' build argument 'cmake_args' from command line to 'None'
[4.440s] [34mcolcon.colcon_core.verb[0m [1;30mLevel 5[0m set package 'robot_description' build argument 'cmake_target' from command line to 'None'
[4.440s] [34mcolcon.colcon_core.verb[0m [1;30mLevel 5[0m set package 'robot_description' build argument 'cmake_target_skip_unavailable' from command line to 'False'
[4.440s] [34mcolcon.colcon_core.verb[0m [1;30mLevel 5[0m set package 'robot_description' build argument 'cmake_clean_cache' from command line to 'False'
[4.440s] [34mcolcon.colcon_core.verb[0m [1;30mLevel 5[0m set package 'robot_description' build argument 'cmake_clean_first' from command line to 'False'
[4.440s] [34mcolcon.colcon_core.verb[0m [1;30mLevel 5[0m set package 'robot_description' build argument 'cmake_force_configure' from command line to 'False'
[4.440s] [34mcolcon.colcon_core.verb[0m [1;30mLevel 5[0m set package 'robot_description' build argument 'ament_cmake_args' from command line to 'None'
[4.440s] [34mcolcon.colcon_core.verb[0m [1;30mLevel 5[0m set package 'robot_description' build argument 'catkin_cmake_args' from command line to 'None'
[4.440s] [34mcolcon.colcon_core.verb[0m [1;30mLevel 5[0m set package 'robot_description' build argument 'catkin_skip_building_tests' from command line to 'False'
[4.440s] [34mcolcon.colcon_core.verb[0m [1;30mDEBUG[0m [32mBuilding package 'robot_description' with the following arguments: {'ament_cmake_args': None, 'build_base': '/home/kanja-koduki/buck_ws/build/robot_description', 'catkin_cmake_args': None, 'catkin_skip_building_tests': False, 'cmake_args': None, 'cmake_clean_cache': False, 'cmake_clean_first': False, 'cmake_force_configure': False, 'cmake_target': None, 'cmake_target_skip_unavailable': False, 'install_base': '/home/kanja-koduki/buck_ws/install/robot_description', 'merge_install': False, 'path': '/home/kanja-koduki/buck_ws/src/robot_description', 'symlink_install': False, 'test_result_base': None}[0m
[4.483s] [34mcolcon.colcon_core.executor[0m [1;30mINFO[0m Executing jobs using 'parallel' executor
[4.522s] [34mcolcon.colcon_parallel_executor.executor.parallel[0m [1;30mDEBUG[0m [32mrun_until_complete[0m
[4.523s] [34mcolcon.colcon_ros.task.ament_cmake.build[0m [1;30mINFO[0m Building ROS package in '/home/kanja-koduki/buck_ws/src/cpp_node' with build type 'ament_cmake'
[4.524s] [34mcolcon.colcon_cmake.task.cmake.build[0m [1;30mINFO[0m Building CMake package in '/home/kanja-koduki/buck_ws/src/cpp_node'
[4.589s] [34mcolcon.colcon_core.plugin_system[0m [1;30mINFO[0m Skipping extension 'colcon_core.shell.bat': Not used on non-Windows systems
[4.589s] [34mcolcon.colcon_core.shell[0m [1;30mINFO[0m Skip shell extension 'powershell' for command environment: Not usable outside of PowerShell
[4.590s] [34mcolcon.colcon_core.shell[0m [1;30mDEBUG[0m [32mSkip shell extension 'dsv' for command environment[0m
[5.080s] [34mcolcon.colcon_ros.task.ament_python.build[0m [1;30mINFO[0m Building ROS package in '/home/kanja-koduki/buck_ws/src/model_py' with build type 'ament_python'
[5.082s] [34mcolcon.colcon_core.shell[0m [1;30mLevel 1[0m create_environment_hook('model_py', 'ament_prefix_path')
[5.136s] [34mcolcon.colcon_core.shell[0m [1;30mINFO[0m Creating environment hook '/home/kanja-koduki/buck_ws/install/model_py/share/model_py/hook/ament_prefix_path.ps1'
[5.138s] [34mcolcon.colcon_core.shell[0m [1;30mINFO[0m Creating environment descriptor '/home/kanja-koduki/buck_ws/install/model_py/share/model_py/hook/ament_prefix_path.dsv'
[5.139s] [34mcolcon.colcon_core.shell[0m [1;30mINFO[0m Creating environment hook '/home/kanja-koduki/buck_ws/install/model_py/share/model_py/hook/ament_prefix_path.sh'
[5.191s] [34mcolcon.colcon_core.shell[0m [1;30mINFO[0m Skip shell extension 'powershell' for command environment: Not usable outside of PowerShell
[5.191s] [34mcolcon.colcon_core.shell[0m [1;30mDEBUG[0m [32mSkip shell extension 'dsv' for command environment[0m
[5.681s] [34mcolcon.colcon_ros.task.ament_python.build[0m [1;30mINFO[0m Building ROS package in '/home/kanja-koduki/buck_ws/src/my_point' with build type 'ament_python'
[5.682s] [34mcolcon.colcon_core.shell[0m [1;30mLevel 1[0m create_environment_hook('my_point', 'ament_prefix_path')
[5.725s] [34mcolcon.colcon_core.shell[0m [1;30mINFO[0m Creating environment hook '/home/kanja-koduki/buck_ws/install/my_point/share/my_point/hook/ament_prefix_path.ps1'
[5.727s] [34mcolcon.colcon_core.shell[0m [1;30mINFO[0m Creating environment descriptor '/home/kanja-koduki/buck_ws/install/my_point/share/my_point/hook/ament_prefix_path.dsv'
[5.727s] [34mcolcon.colcon_core.shell[0m [1;30mINFO[0m Creating environment hook '/home/kanja-koduki/buck_ws/install/my_point/share/my_point/hook/ament_prefix_path.sh'
[5.778s] [34mcolcon.colcon_core.shell[0m [1;30mINFO[0m Skip shell extension 'powershell' for command environment: Not usable outside of PowerShell
[5.778s] [34mcolcon.colcon_core.shell[0m [1;30mDEBUG[0m [32mSkip shell extension 'dsv' for command environment[0m
[6.236s] [34mcolcon.colcon_ros.task.ament_cmake.build[0m [1;30mINFO[0m Building ROS package in '/home/kanja-koduki/buck_ws/src/robot_description' with build type 'ament_cmake'
[6.236s] [34mcolcon.colcon_cmake.task.cmake.build[0m [1;30mINFO[0m Building CMake package in '/home/kanja-koduki/buck_ws/src/robot_description'
[6.286s] [34mcolcon.colcon_core.shell[0m [1;30mINFO[0m Skip shell extension 'powershell' for command environment: Not usable outside of PowerShell
[6.287s] [34mcolcon.colcon_core.shell[0m [1;30mDEBUG[0m [32mSkip shell extension 'dsv' for command environment[0m
[6.774s] [34mcolcon.colcon_core.event_handler.log_command[0m [1;30mDEBUG[0m [32mInvoking command in '/home/kanja-koduki/buck_ws/build/cpp_node': CMAKE_PREFIX_PATH=${CMAKE_PREFIX_PATH}:/home/kanja-koduki/buck_ws/install/my_point:/home/kanja-koduki/buck_ws/install/model_py:/home/kanja-koduki/hannah_ws/install/hannah_bot:/home/kanja-koduki/niki_ws/install/sjtu_drone_bringup:/home/kanja-koduki/zypher_ws/install/prius_sdc_pkg:/home/kanja-koduki/ortega_ws/install/ortega_bot:/opt/ros/humble /home/kanja-koduki/.local/bin/cmake --build /home/kanja-koduki/buck_ws/build/cpp_node -- -j8 -l8[0m
[7.336s] [34mcolcon.colcon_core.task.python.build[0m [1;30mINFO[0m Building Python package in '/home/kanja-koduki/buck_ws/src/model_py'
[7.395s] [34mcolcon.colcon_core.shell[0m [1;30mINFO[0m Skip shell extension 'powershell' for command environment: Not usable outside of PowerShell
[7.395s] [34mcolcon.colcon_core.shell[0m [1;30mDEBUG[0m [32mSkip shell extension 'dsv' for command environment[0m
[8.387s] [34mcolcon.colcon_core.task.python.build[0m [1;30mINFO[0m Building Python package in '/home/kanja-koduki/buck_ws/src/my_point'
[8.435s] [34mcolcon.colcon_core.shell[0m [1;30mINFO[0m Skip shell extension 'powershell' for command environment: Not usable outside of PowerShell
[8.435s] [34mcolcon.colcon_core.shell[0m [1;30mDEBUG[0m [32mSkip shell extension 'dsv' for command environment[0m
[8.918s] [34mcolcon.colcon_core.event_handler.log_command[0m [1;30mDEBUG[0m [32mInvoking command in '/home/kanja-koduki/buck_ws/build/robot_description': CMAKE_PREFIX_PATH=${CMAKE_PREFIX_PATH}:/home/kanja-koduki/buck_ws/install/my_point:/home/kanja-koduki/buck_ws/install/model_py:/home/kanja-koduki/hannah_ws/install/hannah_bot:/home/kanja-koduki/niki_ws/install/sjtu_drone_bringup:/home/kanja-koduki/zypher_ws/install/prius_sdc_pkg:/home/kanja-koduki/ortega_ws/install/ortega_bot:/opt/ros/humble /home/kanja-koduki/.local/bin/cmake --build /home/kanja-koduki/buck_ws/build/robot_description -- -j8 -l8[0m
[8.919s] [34mcolcon.colcon_core.event_handler.log_command[0m [1;30mDEBUG[0m [32mInvoked command in '/home/kanja-koduki/buck_ws/build/cpp_node' returned '0': CMAKE_PREFIX_PATH=${CMAKE_PREFIX_PATH}:/home/kanja-koduki/buck_ws/install/my_point:/home/kanja-koduki/buck_ws/install/model_py:/home/kanja-koduki/hannah_ws/install/hannah_bot:/home/kanja-koduki/niki_ws/install/sjtu_drone_bringup:/home/kanja-koduki/zypher_ws/install/prius_sdc_pkg:/home/kanja-koduki/ortega_ws/install/ortega_bot:/opt/ros/humble /home/kanja-koduki/.local/bin/cmake --build /home/kanja-koduki/buck_ws/build/cpp_node -- -j8 -l8[0m
[9.093s] [34mcolcon.colcon_core.event_handler.log_command[0m [1;30mDEBUG[0m [32mInvoked command in '/home/kanja-koduki/buck_ws/build/robot_description' returned '0': CMAKE_PREFIX_PATH=${CMAKE_PREFIX_PATH}:/home/kanja-koduki/buck_ws/install/my_point:/home/kanja-koduki/buck_ws/install/model_py:/home/kanja-koduki/hannah_ws/install/hannah_bot:/home/kanja-koduki/niki_ws/install/sjtu_drone_bringup:/home/kanja-koduki/zypher_ws/install/prius_sdc_pkg:/home/kanja-koduki/ortega_ws/install/ortega_bot:/opt/ros/humble /home/kanja-koduki/.local/bin/cmake --build /home/kanja-koduki/buck_ws/build/robot_description -- -j8 -l8[0m
[9.218s] [34mcolcon.colcon_core.event_handler.log_command[0m [1;30mDEBUG[0m [32mInvoking command in '/home/kanja-koduki/buck_ws/build/cpp_node': CMAKE_PREFIX_PATH=${CMAKE_PREFIX_PATH}:/home/kanja-koduki/buck_ws/install/my_point:/home/kanja-koduki/buck_ws/install/model_py:/home/kanja-koduki/hannah_ws/install/hannah_bot:/home/kanja-koduki/niki_ws/install/sjtu_drone_bringup:/home/kanja-koduki/zypher_ws/install/prius_sdc_pkg:/home/kanja-koduki/ortega_ws/install/ortega_bot:/opt/ros/humble /home/kanja-koduki/.local/bin/cmake --install /home/kanja-koduki/buck_ws/build/cpp_node[0m
[9.237s] [34mcolcon.colcon_core.event_handler.log_command[0m [1;30mDEBUG[0m [32mInvoking command in '/home/kanja-koduki/buck_ws/build/robot_description': CMAKE_PREFIX_PATH=${CMAKE_PREFIX_PATH}:/home/kanja-koduki/buck_ws/install/my_point:/home/kanja-koduki/buck_ws/install/model_py:/home/kanja-koduki/hannah_ws/install/hannah_bot:/home/kanja-koduki/niki_ws/install/sjtu_drone_bringup:/home/kanja-koduki/zypher_ws/install/prius_sdc_pkg:/home/kanja-koduki/ortega_ws/install/ortega_bot:/opt/ros/humble /home/kanja-koduki/.local/bin/cmake --install /home/kanja-koduki/buck_ws/build/robot_description[0m
[9.327s] [34mcolcon.colcon_core.environment[0m [1;30mLevel 1[0m create_environment_scripts_only(cpp_node)
[9.330s] [34mcolcon.colcon_core.event_handler.log_command[0m [1;30mDEBUG[0m [32mInvoked command in '/home/kanja-koduki/buck_ws/build/cpp_node' returned '0': CMAKE_PREFIX_PATH=${CMAKE_PREFIX_PATH}:/home/kanja-koduki/buck_ws/install/my_point:/home/kanja-koduki/buck_ws/install/model_py:/home/kanja-koduki/hannah_ws/install/hannah_bot:/home/kanja-koduki/niki_ws/install/sjtu_drone_bringup:/home/kanja-koduki/zypher_ws/install/prius_sdc_pkg:/home/kanja-koduki/ortega_ws/install/ortega_bot:/opt/ros/humble /home/kanja-koduki/.local/bin/cmake --install /home/kanja-koduki/buck_ws/build/cpp_node[0m
[9.489s] [34mcolcon.colcon_core.environment[0m [1;30mLevel 1[0m checking '/home/kanja-koduki/buck_ws/install/cpp_node' for CMake module files
[9.490s] [34mcolcon.colcon_core.environment[0m [1;30mLevel 1[0m checking '/home/kanja-koduki/buck_ws/install/cpp_node' for CMake config files
[9.492s] [34mcolcon.colcon_core.shell[0m [1;30mLevel 1[0m create_environment_hook('cpp_node', 'cmake_prefix_path')
[9.592s] [34mcolcon.colcon_core.shell[0m [1;30mINFO[0m Creating environment hook '/home/kanja-koduki/buck_ws/install/cpp_node/share/cpp_node/hook/cmake_prefix_path.ps1'
[9.594s] [34mcolcon.colcon_core.shell[0m [1;30mINFO[0m Creating environment descriptor '/home/kanja-koduki/buck_ws/install/cpp_node/share/cpp_node/hook/cmake_prefix_path.dsv'
[9.595s] [34mcolcon.colcon_core.shell[0m [1;30mINFO[0m Creating environment hook '/home/kanja-koduki/buck_ws/install/cpp_node/share/cpp_node/hook/cmake_prefix_path.sh'
[9.598s] [34mcolcon.colcon_core.environment[0m [1;30mLevel 1[0m checking '/home/kanja-koduki/buck_ws/install/cpp_node/lib'
[9.599s] [34mcolcon.colcon_core.environment[0m [1;30mLevel 1[0m checking '/home/kanja-koduki/buck_ws/install/cpp_node/bin'
[9.599s] [34mcolcon.colcon_core.environment[0m [1;30mLevel 1[0m checking '/home/kanja-koduki/buck_ws/install/cpp_node/lib/pkgconfig/cpp_node.pc'
[9.600s] [34mcolcon.colcon_core.environment[0m [1;30mLevel 1[0m checking '/home/kanja-koduki/buck_ws/install/cpp_node/lib/python3.10/site-packages'
[9.600s] [34mcolcon.colcon_core.environment[0m [1;30mLevel 1[0m checking '/home/kanja-koduki/buck_ws/install/cpp_node/bin'
[9.698s] [34mcolcon.colcon_core.shell[0m [1;30mINFO[0m Creating package script '/home/kanja-koduki/buck_ws/install/cpp_node/share/cpp_node/package.ps1'
[9.700s] [34mcolcon.colcon_core.shell[0m [1;30mINFO[0m Creating package descriptor '/home/kanja-koduki/buck_ws/install/cpp_node/share/cpp_node/package.dsv'
[9.701s] [34mcolcon.colcon_core.shell[0m [1;30mINFO[0m Creating package script '/home/kanja-koduki/buck_ws/install/cpp_node/share/cpp_node/package.sh'
[9.702s] [34mcolcon.colcon_core.shell[0m [1;30mINFO[0m Creating package script '/home/kanja-koduki/buck_ws/install/cpp_node/share/cpp_node/package.bash'
[9.703s] [34mcolcon.colcon_core.shell[0m [1;30mINFO[0m Creating package script '/home/kanja-koduki/buck_ws/install/cpp_node/share/cpp_node/package.zsh'
[9.704s] [34mcolcon.colcon_core.environment[0m [1;30mLevel 1[0m create_file_with_runtime_dependencies(/home/kanja-koduki/buck_ws/install/cpp_node/share/colcon-core/packages/cpp_node)
[9.724s] [34mcolcon.colcon_core.environment[0m [1;30mLevel 1[0m create_environment_scripts_only(robot_description)
[9.725s] [34mcolcon.colcon_core.event_handler.log_command[0m [1;30mDEBUG[0m [32mInvoked command in '/home/kanja-koduki/buck_ws/build/robot_description' returned '0': CMAKE_PREFIX_PATH=${CMAKE_PREFIX_PATH}:/home/kanja-koduki/buck_ws/install/my_point:/home/kanja-koduki/buck_ws/install/model_py:/home/kanja-koduki/hannah_ws/install/hannah_bot:/home/kanja-koduki/niki_ws/install/sjtu_drone_bringup:/home/kanja-koduki/zypher_ws/install/prius_sdc_pkg:/home/kanja-koduki/ortega_ws/install/ortega_bot:/opt/ros/humble /home/kanja-koduki/.local/bin/cmake --install /home/kanja-koduki/buck_ws/build/robot_description[0m
[9.805s] [34mcolcon.colcon_core.environment[0m [1;30mLevel 1[0m checking '/home/kanja-koduki/buck_ws/install/robot_description' for CMake module files
[9.806s] [34mcolcon.colcon_core.environment[0m [1;30mLevel 1[0m checking '/home/kanja-koduki/buck_ws/install/robot_description' for CMake config files
[9.807s] [34mcolcon.colcon_core.shell[0m [1;30mLevel 1[0m create_environment_hook('robot_description', 'cmake_prefix_path')
[9.880s] [34mcolcon.colcon_core.shell[0m [1;30mINFO[0m Creating environment hook '/home/kanja-koduki/buck_ws/install/robot_description/share/robot_description/hook/cmake_prefix_path.ps1'
[9.881s] [34mcolcon.colcon_core.shell[0m [1;30mINFO[0m Creating environment descriptor '/home/kanja-koduki/buck_ws/install/robot_description/share/robot_description/hook/cmake_prefix_path.dsv'
[9.882s] [34mcolcon.colcon_core.shell[0m [1;30mINFO[0m Creating environment hook '/home/kanja-koduki/buck_ws/install/robot_description/share/robot_description/hook/cmake_prefix_path.sh'
[9.884s] [34mcolcon.colcon_core.environment[0m [1;30mLevel 1[0m checking '/home/kanja-koduki/buck_ws/install/robot_description/bin'
[9.884s] [34mcolcon.colcon_core.environment[0m [1;30mLevel 1[0m checking '/home/kanja-koduki/buck_ws/install/robot_description/lib/pkgconfig/robot_description.pc'
[9.885s] [34mcolcon.colcon_core.environment[0m [1;30mLevel 1[0m checking '/home/kanja-koduki/buck_ws/install/robot_description/lib/python3.10/site-packages'
[9.886s] [34mcolcon.colcon_core.environment[0m [1;30mLevel 1[0m checking '/home/kanja-koduki/buck_ws/install/robot_description/bin'
[9.960s] [34mcolcon.colcon_core.shell[0m [1;30mINFO[0m Creating package script '/home/kanja-koduki/buck_ws/install/robot_description/share/robot_description/package.ps1'
[9.962s] [34mcolcon.colcon_core.shell[0m [1;30mINFO[0m Creating package descriptor '/home/kanja-koduki/buck_ws/install/robot_description/share/robot_description/package.dsv'
[9.963s] [34mcolcon.colcon_core.shell[0m [1;30mINFO[0m Creating package script '/home/kanja-koduki/buck_ws/install/robot_description/share/robot_description/package.sh'
[9.964s] [34mcolcon.colcon_core.shell[0m [1;30mINFO[0m Creating package script '/home/kanja-koduki/buck_ws/install/robot_description/share/robot_description/package.bash'
[9.965s] [34mcolcon.colcon_core.shell[0m [1;30mINFO[0m Creating package script '/home/kanja-koduki/buck_ws/install/robot_description/share/robot_description/package.zsh'
[9.965s] [34mcolcon.colcon_core.environment[0m [1;30mLevel 1[0m create_file_with_runtime_dependencies(/home/kanja-koduki/buck_ws/install/robot_description/share/colcon-core/packages/robot_description)
[10.033s] [34mcolcon.colcon_core.environment[0m [1;30mLevel 1[0m create_environment_scripts_only(cpp_node)
[10.095s] [34mcolcon.colcon_core.environment[0m [1;30mLevel 1[0m checking '/home/kanja-koduki/buck_ws/install/cpp_node' for CMake module files
[10.097s] [34mcolcon.colcon_core.environment[0m [1;30mLevel 1[0m checking '/home/kanja-koduki/buck_ws/install/cpp_node' for CMake config files
[10.097s] [34mcolcon.colcon_core.shell[0m [1;30mLevel 1[0m create_environment_hook('cpp_node', 'cmake_prefix_path')
[10.163s] [34mcolcon.colcon_core.shell[0m [1;30mINFO[0m Creating environment hook '/home/kanja-koduki/buck_ws/install/cpp_node/share/cpp_node/hook/cmake_prefix_path.ps1'
[10.164s] [34mcolcon.colcon_core.shell[0m [1;30mINFO[0m Creating environment descriptor '/home/kanja-koduki/buck_ws/install/cpp_node/share/cpp_node/hook/cmake_prefix_path.dsv'
[10.165s] [34mcolcon.colcon_core.shell[0m [1;30mINFO[0m Creating environment hook '/home/kanja-koduki/buck_ws/install/cpp_node/share/cpp_node/hook/cmake_prefix_path.sh'
[10.167s] [34mcolcon.colcon_core.environment[0m [1;30mLevel 1[0m checking '/home/kanja-koduki/buck_ws/install/cpp_node/lib'
[10.167s] [34mcolcon.colcon_core.environment[0m [1;30mLevel 1[0m checking '/home/kanja-koduki/buck_ws/install/cpp_node/bin'
[10.167s] [34mcolcon.colcon_core.environment[0m [1;30mLevel 1[0m checking '/home/kanja-koduki/buck_ws/install/cpp_node/lib/pkgconfig/cpp_node.pc'
[10.168s] [34mcolcon.colcon_core.environment[0m [1;30mLevel 1[0m checking '/home/kanja-koduki/buck_ws/install/cpp_node/lib/python3.10/site-packages'
[10.168s] [34mcolcon.colcon_core.environment[0m [1;30mLevel 1[0m checking '/home/kanja-koduki/buck_ws/install/cpp_node/bin'
[10.240s] [34mcolcon.colcon_core.shell[0m [1;30mINFO[0m Creating package script '/home/kanja-koduki/buck_ws/install/cpp_node/share/cpp_node/package.ps1'
[10.242s] [34mcolcon.colcon_core.shell[0m [1;30mINFO[0m Creating package descriptor '/home/kanja-koduki/buck_ws/install/cpp_node/share/cpp_node/package.dsv'
[10.244s] [34mcolcon.colcon_core.shell[0m [1;30mINFO[0m Creating package script '/home/kanja-koduki/buck_ws/install/cpp_node/share/cpp_node/package.sh'
[10.246s] [34mcolcon.colcon_core.shell[0m [1;30mINFO[0m Creating package script '/home/kanja-koduki/buck_ws/install/cpp_node/share/cpp_node/package.bash'
[10.247s] [34mcolcon.colcon_core.shell[0m [1;30mINFO[0m Creating package script '/home/kanja-koduki/buck_ws/install/cpp_node/share/cpp_node/package.zsh'
[10.248s] [34mcolcon.colcon_core.environment[0m [1;30mLevel 1[0m create_file_with_runtime_dependencies(/home/kanja-koduki/buck_ws/install/cpp_node/share/colcon-core/packages/cpp_node)
[10.324s] [34mcolcon.colcon_core.environment[0m [1;30mLevel 1[0m create_environment_scripts_only(robot_description)
[10.404s] [34mcolcon.colcon_core.environment[0m [1;30mLevel 1[0m checking '/home/kanja-koduki/buck_ws/install/robot_description' for CMake module files
[10.405s] [34mcolcon.colcon_core.environment[0m [1;30mLevel 1[0m checking '/home/kanja-koduki/buck_ws/install/robot_description' for CMake config files
[10.406s] [34mcolcon.colcon_core.shell[0m [1;30mLevel 1[0m create_environment_hook('robot_description', 'cmake_prefix_path')
[10.470s] [34mcolcon.colcon_core.shell[0m [1;30mINFO[0m Creating environment hook '/home/kanja-koduki/buck_ws/install/robot_description/share/robot_description/hook/cmake_prefix_path.ps1'
[10.472s] [34mcolcon.colcon_core.shell[0m [1;30mINFO[0m Creating environment descriptor '/home/kanja-koduki/buck_ws/install/robot_description/share/robot_description/hook/cmake_prefix_path.dsv'
[10.472s] [34mcolcon.colcon_core.shell[0m [1;30mINFO[0m Creating environment hook '/home/kanja-koduki/buck_ws/install/robot_description/share/robot_description/hook/cmake_prefix_path.sh'
[10.474s] [34mcolcon.colcon_core.environment[0m [1;30mLevel 1[0m checking '/home/kanja-koduki/buck_ws/install/robot_description/bin'
[10.474s] [34mcolcon.colcon_core.environment[0m [1;30mLevel 1[0m checking '/home/kanja-koduki/buck_ws/install/robot_description/lib/pkgconfig/robot_description.pc'
[10.475s] [34mcolcon.colcon_core.environment[0m [1;30mLevel 1[0m checking '/home/kanja-koduki/buck_ws/install/robot_description/lib/python3.10/site-packages'
[10.475s] [34mcolcon.colcon_core.environment[0m [1;30mLevel 1[0m checking '/home/kanja-koduki/buck_ws/install/robot_description/bin'
[10.565s] [34mcolcon.colcon_core.shell[0m [1;30mINFO[0m Creating package script '/home/kanja-koduki/buck_ws/install/robot_description/share/robot_description/package.ps1'
[10.567s] [34mcolcon.colcon_core.shell[0m [1;30mINFO[0m Creating package descriptor '/home/kanja-koduki/buck_ws/install/robot_description/share/robot_description/package.dsv'
[10.568s] [34mcolcon.colcon_core.shell[0m [1;30mINFO[0m Creating package script '/home/kanja-koduki/buck_ws/install/robot_description/share/robot_description/package.sh'
[10.569s] [34mcolcon.colcon_core.shell[0m [1;30mINFO[0m Creating package script '/home/kanja-koduki/buck_ws/install/robot_description/share/robot_description/package.bash'
[10.570s] [34mcolcon.colcon_core.shell[0m [1;30mINFO[0m Creating package script '/home/kanja-koduki/buck_ws/install/robot_description/share/robot_description/package.zsh'
[10.571s] [34mcolcon.colcon_core.environment[0m [1;30mLevel 1[0m create_file_with_runtime_dependencies(/home/kanja-koduki/buck_ws/install/robot_description/share/colcon-core/packages/robot_description)
[11.060s] [34mcolcon.colcon_core.event_handler.log_command[0m [1;30mDEBUG[0m [32mInvoking command in '/home/kanja-koduki/buck_ws/src/model_py': PYTHONPATH=/home/kanja-koduki/buck_ws/build/model_py/prefix_override:/home/kanja-koduki/buck_ws/install/model_py/lib/python3.10/site-packages:${PYTHONPATH} /usr/bin/python3 setup.py egg_info --egg-base ../../build/model_py build --build-base /home/kanja-koduki/buck_ws/build/model_py/build install --record /home/kanja-koduki/buck_ws/build/model_py/install.log --single-version-externally-managed[0m
[11.135s] [34mcolcon.colcon_core.event_handler.log_command[0m [1;30mDEBUG[0m [32mInvoking command in '/home/kanja-koduki/buck_ws/src/my_point': PYTHONPATH=/home/kanja-koduki/buck_ws/build/my_point/prefix_override:/home/kanja-koduki/buck_ws/install/my_point/lib/python3.10/site-packages:${PYTHONPATH} /usr/bin/python3 setup.py egg_info --egg-base ../../build/my_point build --build-base /home/kanja-koduki/buck_ws/build/my_point/build install --record /home/kanja-koduki/buck_ws/build/my_point/install.log --single-version-externally-managed[0m
[12.753s] [34mcolcon.colcon_core.event_handler.log_command[0m [1;30mDEBUG[0m [32mInvoked command in '/home/kanja-koduki/buck_ws/src/my_point' returned '0': PYTHONPATH=/home/kanja-koduki/buck_ws/build/my_point/prefix_override:/home/kanja-koduki/buck_ws/install/my_point/lib/python3.10/site-packages:${PYTHONPATH} /usr/bin/python3 setup.py egg_info --egg-base ../../build/my_point build --build-base /home/kanja-koduki/buck_ws/build/my_point/build install --record /home/kanja-koduki/buck_ws/build/my_point/install.log --single-version-externally-managed[0m
[12.819s] [34mcolcon.colcon_core.environment[0m [1;30mLevel 1[0m checking '/home/kanja-koduki/buck_ws/install/my_point' for CMake module files
[12.821s] [34mcolcon.colcon_core.environment[0m [1;30mLevel 1[0m checking '/home/kanja-koduki/buck_ws/install/my_point' for CMake config files
[12.823s] [34mcolcon.colcon_core.environment[0m [1;30mLevel 1[0m checking '/home/kanja-koduki/buck_ws/install/my_point/lib'
[12.823s] [34mcolcon.colcon_core.environment[0m [1;30mLevel 1[0m checking '/home/kanja-koduki/buck_ws/install/my_point/bin'
[12.823s] [34mcolcon.colcon_core.environment[0m [1;30mLevel 1[0m checking '/home/kanja-koduki/buck_ws/install/my_point/lib/pkgconfig/my_point.pc'
[12.824s] [34mcolcon.colcon_core.environment[0m [1;30mLevel 1[0m checking '/home/kanja-koduki/buck_ws/install/my_point/lib/python3.10/site-packages'
[12.824s] [34mcolcon.colcon_core.shell[0m [1;30mLevel 1[0m create_environment_hook('my_point', 'pythonpath')
[12.875s] [34mcolcon.colcon_core.shell[0m [1;30mINFO[0m Creating environment hook '/home/kanja-koduki/buck_ws/install/my_point/share/my_point/hook/pythonpath.ps1'
[12.876s] [34mcolcon.colcon_core.shell[0m [1;30mINFO[0m Creating environment descriptor '/home/kanja-koduki/buck_ws/install/my_point/share/my_point/hook/pythonpath.dsv'
[12.877s] [34mcolcon.colcon_core.shell[0m [1;30mINFO[0m Creating environment hook '/home/kanja-koduki/buck_ws/install/my_point/share/my_point/hook/pythonpath.sh'
[12.878s] [34mcolcon.colcon_core.environment[0m [1;30mLevel 1[0m checking '/home/kanja-koduki/buck_ws/install/my_point/bin'
[12.878s] [34mcolcon.colcon_core.environment[0m [1;30mLevel 1[0m create_environment_scripts_only(my_point)
[12.938s] [34mcolcon.colcon_core.shell[0m [1;30mINFO[0m Creating package script '/home/kanja-koduki/buck_ws/install/my_point/share/my_point/package.ps1'
[12.940s] [34mcolcon.colcon_core.shell[0m [1;30mINFO[0m Creating package descriptor '/home/kanja-koduki/buck_ws/install/my_point/share/my_point/package.dsv'
[12.941s] [34mcolcon.colcon_core.shell[0m [1;30mINFO[0m Creating package script '/home/kanja-koduki/buck_ws/install/my_point/share/my_point/package.sh'
[12.942s] [34mcolcon.colcon_core.shell[0m [1;30mINFO[0m Creating package script '/home/kanja-koduki/buck_ws/install/my_point/share/my_point/package.bash'
[12.943s] [34mcolcon.colcon_core.shell[0m [1;30mINFO[0m Creating package script '/home/kanja-koduki/buck_ws/install/my_point/share/my_point/package.zsh'
[12.944s] [34mcolcon.colcon_core.environment[0m [1;30mLevel 1[0m create_file_with_runtime_dependencies(/home/kanja-koduki/buck_ws/install/my_point/share/colcon-core/packages/my_point)
[12.950s] [34mcolcon.colcon_core.event_handler.log_command[0m [1;30mDEBUG[0m [32mInvoked command in '/home/kanja-koduki/buck_ws/src/model_py' returned '0': PYTHONPATH=/home/kanja-koduki/buck_ws/build/model_py/prefix_override:/home/kanja-koduki/buck_ws/install/model_py/lib/python3.10/site-packages:${PYTHONPATH} /usr/bin/python3 setup.py egg_info --egg-base ../../build/model_py build --build-base /home/kanja-koduki/buck_ws/build/model_py/build install --record /home/kanja-koduki/buck_ws/build/model_py/install.log --single-version-externally-managed[0m
[13.007s] [34mcolcon.colcon_core.environment[0m [1;30mLevel 1[0m checking '/home/kanja-koduki/buck_ws/install/model_py' for CMake module files
[13.009s] [34mcolcon.colcon_core.environment[0m [1;30mLevel 1[0m checking '/home/kanja-koduki/buck_ws/install/model_py' for CMake config files
[13.010s] [34mcolcon.colcon_core.environment[0m [1;30mLevel 1[0m checking '/home/kanja-koduki/buck_ws/install/model_py/lib'
[13.011s] [34mcolcon.colcon_core.environment[0m [1;30mLevel 1[0m checking '/home/kanja-koduki/buck_ws/install/model_py/bin'
[13.011s] [34mcolcon.colcon_core.environment[0m [1;30mLevel 1[0m checking '/home/kanja-koduki/buck_ws/install/model_py/lib/pkgconfig/model_py.pc'
[13.011s] [34mcolcon.colcon_core.environment[0m [1;30mLevel 1[0m checking '/home/kanja-koduki/buck_ws/install/model_py/lib/python3.10/site-packages'
[13.011s] [34mcolcon.colcon_core.shell[0m [1;30mLevel 1[0m create_environment_hook('model_py', 'pythonpath')
[13.073s] [34mcolcon.colcon_core.shell[0m [1;30mINFO[0m Creating environment hook '/home/kanja-koduki/buck_ws/install/model_py/share/model_py/hook/pythonpath.ps1'
[13.074s] [34mcolcon.colcon_core.shell[0m [1;30mINFO[0m Creating environment descriptor '/home/kanja-koduki/buck_ws/install/model_py/share/model_py/hook/pythonpath.dsv'
[13.075s] [34mcolcon.colcon_core.shell[0m [1;30mINFO[0m Creating environment hook '/home/kanja-koduki/buck_ws/install/model_py/share/model_py/hook/pythonpath.sh'
[13.076s] [34mcolcon.colcon_core.environment[0m [1;30mLevel 1[0m checking '/home/kanja-koduki/buck_ws/install/model_py/bin'
[13.076s] [34mcolcon.colcon_core.environment[0m [1;30mLevel 1[0m create_environment_scripts_only(model_py)
[13.122s] [34mcolcon.colcon_core.shell[0m [1;30mINFO[0m Creating package script '/home/kanja-koduki/buck_ws/install/model_py/share/model_py/package.ps1'
[13.123s] [34mcolcon.colcon_core.shell[0m [1;30mINFO[0m Creating package descriptor '/home/kanja-koduki/buck_ws/install/model_py/share/model_py/package.dsv'
[13.124s] [34mcolcon.colcon_core.shell[0m [1;30mINFO[0m Creating package script '/home/kanja-koduki/buck_ws/install/model_py/share/model_py/package.sh'
[13.125s] [34mcolcon.colcon_core.shell[0m [1;30mINFO[0m Creating package script '/home/kanja-koduki/buck_ws/install/model_py/share/model_py/package.bash'
[13.126s] [34mcolcon.colcon_core.shell[0m [1;30mINFO[0m Creating package script '/home/kanja-koduki/buck_ws/install/model_py/share/model_py/package.zsh'
[13.126s] [34mcolcon.colcon_core.environment[0m [1;30mLevel 1[0m create_file_with_runtime_dependencies(/home/kanja-koduki/buck_ws/install/model_py/share/colcon-core/packages/model_py)
[13.127s] [34mcolcon.colcon_parallel_executor.executor.parallel[0m [1;30mDEBUG[0m [32mclosing loop[0m
[13.128s] [34mcolcon.colcon_parallel_executor.executor.parallel[0m [1;30mDEBUG[0m [32mloop closed[0m
[13.128s] [34mcolcon.colcon_parallel_executor.executor.parallel[0m [1;30mDEBUG[0m [32mrun_until_complete finished with '0'[0m
[13.129s] [34mcolcon.colcon_core.event_reactor[0m [1;30mDEBUG[0m [32mjoining thread[0m
[13.214s] [34mcolcon.colcon_core.plugin_system[0m [1;30mINFO[0m Skipping extension 'colcon_notification.desktop_notification.terminal_notifier': Not used on non-Darwin systems
[13.214s] [34mcolcon.colcon_core.plugin_system[0m [1;30mINFO[0m Skipping extension 'colcon_notification.desktop_notification.win32': Not used on non-Windows systems
[13.214s] [34mcolcon.colcon_notification.desktop_notification[0m [1;30mINFO[0m Sending desktop notification using 'notify2'
[13.241s] [34mcolcon.colcon_core.event_reactor[0m [1;30mDEBUG[0m [32mjoined thread[0m
[13.300s] [34mcolcon.colcon_core.shell[0m [1;30mINFO[0m Creating prefix script '/home/kanja-koduki/buck_ws/install/local_setup.ps1'
[13.303s] [34mcolcon.colcon_core.shell[0m [1;30mINFO[0m Creating prefix util module '/home/kanja-koduki/buck_ws/install/_local_setup_util_ps1.py'
[13.306s] [34mcolcon.colcon_core.shell[0m [1;30mINFO[0m Creating prefix chain script '/home/kanja-koduki/buck_ws/install/setup.ps1'
[13.354s] [34mcolcon.colcon_core.shell[0m [1;30mINFO[0m Creating prefix script '/home/kanja-koduki/buck_ws/install/local_setup.sh'
[13.356s] [34mcolcon.colcon_core.shell[0m [1;30mINFO[0m Creating prefix util module '/home/kanja-koduki/buck_ws/install/_local_setup_util_sh.py'
[13.357s] [34mcolcon.colcon_core.shell[0m [1;30mINFO[0m Creating prefix chain script '/home/kanja-koduki/buck_ws/install/setup.sh'
[13.410s] [34mcolcon.colcon_core.shell[0m [1;30mINFO[0m Creating prefix script '/home/kanja-koduki/buck_ws/install/local_setup.bash'
[13.411s] [34mcolcon.colcon_core.shell[0m [1;30mINFO[0m Creating prefix chain script '/home/kanja-koduki/buck_ws/install/setup.bash'
[13.473s] [34mcolcon.colcon_core.shell[0m [1;30mINFO[0m Creating prefix script '/home/kanja-koduki/buck_ws/install/local_setup.zsh'
[13.474s] [34mcolcon.colcon_core.shell[0m [1;30mINFO[0m Creating prefix chain script '/home/kanja-koduki/buck_ws/install/setup.zsh'
