[0.451s] Invoking command in '/home/kanja-koduki/buck_ws/build/my_point_cloud_publisher': CMAKE_PREFIX_PATH=${CMAKE_PREFIX_PATH}:/home/kanja-koduki/buck_ws/install/model_py:/home/kanja-koduki/hannah_ws/install/hannah_bot:/home/kanja-koduki/niki_ws/install/sjtu_drone_bringup:/home/kanja-koduki/zypher_ws/install/prius_sdc_pkg:/home/kanja-koduki/ortega_ws/install/ortega_bot:/opt/ros/humble /home/kanja-koduki/.local/bin/cmake --build /home/kanja-koduki/buck_ws/build/my_point_cloud_publisher -- -j8 -l8
[0.525s] -- Found ament_cmake: 1.3.5 (/opt/ros/humble/share/ament_cmake/cmake)
[0.965s] -- Found ament_lint_auto: 0.12.8 (/opt/ros/humble/share/ament_lint_auto/cmake)
[1.210s] -- Added test 'flake8' to check Python code syntax and style conventions
[1.211s] -- Added test 'lint_cmake' to check CMake code style
[1.211s] -- Added test 'pep257' to check Python code against some of the docstring style conventions in PEP 257
[1.212s] -- Added test 'xmllint' to check XML markup files
[1.214s] -- Configuring done (0.7s)
[1.220s] -- Generating done (0.0s)
[1.221s] -- Build files have been written to: /home/kanja-koduki/buck_ws/build/my_point_cloud_publisher
[1.246s] Invoked command in '/home/kanja-koduki/buck_ws/build/my_point_cloud_publisher' returned '0': CMAKE_PREFIX_PATH=${CMAKE_PREFIX_PATH}:/home/kanja-koduki/buck_ws/install/model_py:/home/kanja-koduki/hannah_ws/install/hannah_bot:/home/kanja-koduki/niki_ws/install/sjtu_drone_bringup:/home/kanja-koduki/zypher_ws/install/prius_sdc_pkg:/home/kanja-koduki/ortega_ws/install/ortega_bot:/opt/ros/humble /home/kanja-koduki/.local/bin/cmake --build /home/kanja-koduki/buck_ws/build/my_point_cloud_publisher -- -j8 -l8
[1.405s] Invoking command in '/home/kanja-koduki/buck_ws/build/my_point_cloud_publisher': CMAKE_PREFIX_PATH=${CMAKE_PREFIX_PATH}:/home/kanja-koduki/buck_ws/install/model_py:/home/kanja-koduki/hannah_ws/install/hannah_bot:/home/kanja-koduki/niki_ws/install/sjtu_drone_bringup:/home/kanja-koduki/zypher_ws/install/prius_sdc_pkg:/home/kanja-koduki/ortega_ws/install/ortega_bot:/opt/ros/humble /home/kanja-koduki/.local/bin/cmake --install /home/kanja-koduki/buck_ws/build/my_point_cloud_publisher
[1.460s] -- Install configuration: ""
[1.461s] -- Installing: /home/kanja-koduki/buck_ws/install/my_point_cloud_publisher/share/my_point_cloud_publisher/msg
[1.461s] -- Installing: /home/kanja-koduki/buck_ws/install/my_point_cloud_publisher/share/my_point_cloud_publisher/msg/pointcloud.msg
[1.461s] -- Up-to-date: /home/kanja-koduki/buck_ws/install/my_point_cloud_publisher/share/ament_index/resource_index/package_run_dependencies/my_point_cloud_publisher
[1.462s] -- Up-to-date: /home/kanja-koduki/buck_ws/install/my_point_cloud_publisher/share/ament_index/resource_index/parent_prefix_path/my_point_cloud_publisher
[1.462s] -- Up-to-date: /home/kanja-koduki/buck_ws/install/my_point_cloud_publisher/share/my_point_cloud_publisher/environment/ament_prefix_path.sh
[1.462s] -- Installing: /home/kanja-koduki/buck_ws/install/my_point_cloud_publisher/share/my_point_cloud_publisher/environment/ament_prefix_path.dsv
[1.462s] -- Up-to-date: /home/kanja-koduki/buck_ws/install/my_point_cloud_publisher/share/my_point_cloud_publisher/environment/path.sh
[1.462s] -- Installing: /home/kanja-koduki/buck_ws/install/my_point_cloud_publisher/share/my_point_cloud_publisher/environment/path.dsv
[1.463s] -- Up-to-date: /home/kanja-koduki/buck_ws/install/my_point_cloud_publisher/share/my_point_cloud_publisher/local_setup.bash
[1.463s] -- Up-to-date: /home/kanja-koduki/buck_ws/install/my_point_cloud_publisher/share/my_point_cloud_publisher/local_setup.sh
[1.463s] -- Up-to-date: /home/kanja-koduki/buck_ws/install/my_point_cloud_publisher/share/my_point_cloud_publisher/local_setup.zsh
[1.463s] -- Installing: /home/kanja-koduki/buck_ws/install/my_point_cloud_publisher/share/my_point_cloud_publisher/local_setup.dsv
[1.463s] -- Installing: /home/kanja-koduki/buck_ws/install/my_point_cloud_publisher/share/my_point_cloud_publisher/package.dsv
[1.463s] -- Up-to-date: /home/kanja-koduki/buck_ws/install/my_point_cloud_publisher/share/ament_index/resource_index/packages/my_point_cloud_publisher
[1.464s] -- Up-to-date: /home/kanja-koduki/buck_ws/install/my_point_cloud_publisher/share/my_point_cloud_publisher/cmake/my_point_cloud_publisherConfig.cmake
[1.464s] -- Up-to-date: /home/kanja-koduki/buck_ws/install/my_point_cloud_publisher/share/my_point_cloud_publisher/cmake/my_point_cloud_publisherConfig-version.cmake
[1.464s] -- Up-to-date: /home/kanja-koduki/buck_ws/install/my_point_cloud_publisher/share/my_point_cloud_publisher/package.xml
[1.472s] Invoked command in '/home/kanja-koduki/buck_ws/build/my_point_cloud_publisher' returned '0': CMAKE_PREFIX_PATH=${CMAKE_PREFIX_PATH}:/home/kanja-koduki/buck_ws/install/model_py:/home/kanja-koduki/hannah_ws/install/hannah_bot:/home/kanja-koduki/niki_ws/install/sjtu_drone_bringup:/home/kanja-koduki/zypher_ws/install/prius_sdc_pkg:/home/kanja-koduki/ortega_ws/install/ortega_bot:/opt/ros/humble /home/kanja-koduki/.local/bin/cmake --install /home/kanja-koduki/buck_ws/build/my_point_cloud_publisher
