[4.335s] Invoking command in '/home/kanja-koduki/buck_ws/src/my_point': PYTHONPATH=/home/kanja-koduki/buck_ws/build/my_point/prefix_override:/home/kanja-koduki/buck_ws/install/my_point/lib/python3.10/site-packages:${PYTHONPATH} /usr/bin/python3 setup.py egg_info --egg-base ../../build/my_point build --build-base /home/kanja-koduki/buck_ws/build/my_point/build install --record /home/kanja-koduki/buck_ws/build/my_point/install.log --single-version-externally-managed
[4.879s] running egg_info
[4.929s] writing ../../build/my_point/my_point.egg-info/PKG-INFO
[4.930s] writing dependency_links to ../../build/my_point/my_point.egg-info/dependency_links.txt
[4.930s] writing entry points to ../../build/my_point/my_point.egg-info/entry_points.txt
[4.931s] writing requirements to ../../build/my_point/my_point.egg-info/requires.txt
[4.931s] writing top-level names to ../../build/my_point/my_point.egg-info/top_level.txt
[5.027s] reading manifest file '../../build/my_point/my_point.egg-info/SOURCES.txt'
[5.029s] writing manifest file '../../build/my_point/my_point.egg-info/SOURCES.txt'
[5.030s] running build
[5.030s] running build_py
[5.031s] running install
[5.031s] /home/kanja-koduki/.local/lib/python3.10/site-packages/setuptools/_distutils/cmd.py:66: SetuptoolsDeprecationWarning: setup.py install is deprecated.
[5.032s] !!
[5.032s] 
[5.032s]         ********************************************************************************
[5.032s]         Please avoid running ``setup.py`` directly.
[5.033s]         Instead, use pypa/build, pypa/installer or other
[5.033s]         standards-based tools.
[5.034s] 
[5.034s]         See https://blog.ganssle.io/articles/2021/10/setup-py-deprecated.html for details.
[5.034s]         ********************************************************************************
[5.034s] 
[5.034s] !!
[5.035s]   self.initialize_options()
[5.048s] running install_lib
[5.097s] running install_data
[5.146s] running install_egg_info
[5.196s] removing '/home/kanja-koduki/buck_ws/install/my_point/lib/python3.10/site-packages/my_point-0.0.0-py3.10.egg-info' (and everything under it)
[5.196s] Copying ../../build/my_point/my_point.egg-info to /home/kanja-koduki/buck_ws/install/my_point/lib/python3.10/site-packages/my_point-0.0.0-py3.10.egg-info
[5.198s] running install_scripts
[5.688s] Installing base_link_publisher script to /home/kanja-koduki/buck_ws/install/my_point/lib/my_point
[5.688s] Installing lidar_publisher script to /home/kanja-koduki/buck_ws/install/my_point/lib/my_point
[5.689s] Installing point_node script to /home/kanja-koduki/buck_ws/install/my_point/lib/my_point
[5.691s] writing list of installed files to '/home/kanja-koduki/buck_ws/build/my_point/install.log'
[5.849s] Invoked command in '/home/kanja-koduki/buck_ws/src/my_point' returned '0': PYTHONPATH=/home/kanja-koduki/buck_ws/build/my_point/prefix_override:/home/kanja-koduki/buck_ws/install/my_point/lib/python3.10/site-packages:${PYTHONPATH} /usr/bin/python3 setup.py egg_info --egg-base ../../build/my_point build --build-base /home/kanja-koduki/buck_ws/build/my_point/build install --record /home/kanja-koduki/buck_ws/build/my_point/install.log --single-version-externally-managed
