[3.090s] colcon DEBUG Command line arguments: ['/usr/bin/colcon', 'list', '-p', '--base-paths', '/home/kanja-koduki/buck_ws']
[3.090s] colcon DEBUG Parsed command line arguments: Namespace(log_base=None, log_level=None, verb_name='list', build_base='build', ignore_user_meta=False, metas=['./colcon.meta'], base_paths=['/home/kanja-koduki/buck_ws'], packages_ignore=None, packages_ignore_regex=None, paths=None, packages_up_to=None, packages_up_to_regex=None, packages_above=None, packages_above_and_dependencies=None, packages_above_depth=None, packages_select_by_dep=None, packages_skip_by_dep=None, packages_skip_up_to=None, packages_select_build_failed=False, packages_skip_build_finished=False, packages_select_test_failures=False, packages_skip_test_passed=False, packages_select=None, packages_skip=None, packages_select_regex=None, packages_skip_regex=None, packages_start=None, packages_end=None, allow_overriding=[], topological_order=False, names_only=False, paths_only=True, topological_graph=False, topological_graph_dot=False, topological_graph_density=False, topological_graph_legend=False, topological_graph_dot_cluster=False, topological_graph_dot_include_skipped=False, verb_parser=<colcon_defaults.argument_parser.defaults.DefaultArgumentsDecorator object at 0x7f0fec0190c0>, verb_extension=<colcon_package_information.verb.list.ListVerb object at 0x7f0fec01b460>, main=<bound method ListVerb.main of <colcon_package_information.verb.list.ListVerb object at 0x7f0fec01b460>>)
[3.220s] colcon.colcon_core.package_discovery Level 1 discover_packages(colcon_meta) check parameters
[3.221s] colcon.colcon_core.package_discovery Level 1 discover_packages(recursive) check parameters
[3.221s] colcon.colcon_core.package_discovery Level 1 discover_packages(ignore) check parameters
[3.221s] colcon.colcon_core.package_discovery Level 1 discover_packages(path) check parameters
[3.221s] colcon.colcon_core.package_discovery Level 1 discover_packages(recursive) discover
[3.221s] colcon.colcon_core.package_discovery INFO Crawling recursively for packages in '/home/kanja-koduki/buck_ws'
[3.221s] colcon.colcon_core.package_identification Level 1 _identify(/home/kanja-koduki/buck_ws) by extensions ['ignore', 'ignore_ament_install']
[3.221s] colcon.colcon_core.package_identification Level 1 _identify(/home/kanja-koduki/buck_ws) by extension 'ignore'
[3.221s] colcon.colcon_core.package_identification Level 1 _identify(/home/kanja-koduki/buck_ws) by extension 'ignore_ament_install'
[3.222s] colcon.colcon_core.package_identification Level 1 _identify(/home/kanja-koduki/buck_ws) by extensions ['colcon_pkg']
[3.222s] colcon.colcon_core.package_identification Level 1 _identify(/home/kanja-koduki/buck_ws) by extension 'colcon_pkg'
[3.222s] colcon.colcon_core.package_identification Level 1 _identify(/home/kanja-koduki/buck_ws) by extensions ['colcon_meta']
[3.222s] colcon.colcon_core.package_identification Level 1 _identify(/home/kanja-koduki/buck_ws) by extension 'colcon_meta'
[3.222s] colcon.colcon_core.package_identification Level 1 _identify(/home/kanja-koduki/buck_ws) by extensions ['ros']
[3.222s] colcon.colcon_core.package_identification Level 1 _identify(/home/kanja-koduki/buck_ws) by extension 'ros'
[3.250s] colcon.colcon_core.package_identification Level 1 _identify(/home/kanja-koduki/buck_ws) by extensions ['cmake', 'python']
[3.250s] colcon.colcon_core.package_identification Level 1 _identify(/home/kanja-koduki/buck_ws) by extension 'cmake'
[3.250s] colcon.colcon_core.package_identification Level 1 _identify(/home/kanja-koduki/buck_ws) by extension 'python'
[3.250s] colcon.colcon_core.package_identification Level 1 _identify(/home/kanja-koduki/buck_ws) by extensions ['python_setup_py']
[3.250s] colcon.colcon_core.package_identification Level 1 _identify(/home/kanja-koduki/buck_ws) by extension 'python_setup_py'
[3.250s] colcon.colcon_core.package_identification Level 1 _identify(/home/kanja-koduki/buck_ws/build) by extensions ['ignore', 'ignore_ament_install']
[3.250s] colcon.colcon_core.package_identification Level 1 _identify(/home/kanja-koduki/buck_ws/build) by extension 'ignore'
[3.251s] colcon.colcon_core.package_identification Level 1 _identify(/home/kanja-koduki/buck_ws/build) ignored
[3.251s] colcon.colcon_core.package_identification Level 1 _identify(/home/kanja-koduki/buck_ws/install) by extensions ['ignore', 'ignore_ament_install']
[3.251s] colcon.colcon_core.package_identification Level 1 _identify(/home/kanja-koduki/buck_ws/install) by extension 'ignore'
[3.251s] colcon.colcon_core.package_identification Level 1 _identify(/home/kanja-koduki/buck_ws/install) ignored
[3.251s] colcon.colcon_core.package_identification Level 1 _identify(/home/kanja-koduki/buck_ws/log) by extensions ['ignore', 'ignore_ament_install']
[3.251s] colcon.colcon_core.package_identification Level 1 _identify(/home/kanja-koduki/buck_ws/log) by extension 'ignore'
[3.252s] colcon.colcon_core.package_identification Level 1 _identify(/home/kanja-koduki/buck_ws/log) ignored
[3.252s] colcon.colcon_core.package_identification Level 1 _identify(/home/kanja-koduki/buck_ws/src) by extensions ['ignore', 'ignore_ament_install']
[3.252s] colcon.colcon_core.package_identification Level 1 _identify(/home/kanja-koduki/buck_ws/src) by extension 'ignore'
[3.252s] colcon.colcon_core.package_identification Level 1 _identify(/home/kanja-koduki/buck_ws/src) by extension 'ignore_ament_install'
[3.252s] colcon.colcon_core.package_identification Level 1 _identify(/home/kanja-koduki/buck_ws/src) by extensions ['colcon_pkg']
[3.252s] colcon.colcon_core.package_identification Level 1 _identify(/home/kanja-koduki/buck_ws/src) by extension 'colcon_pkg'
[3.252s] colcon.colcon_core.package_identification Level 1 _identify(/home/kanja-koduki/buck_ws/src) by extensions ['colcon_meta']
[3.252s] colcon.colcon_core.package_identification Level 1 _identify(/home/kanja-koduki/buck_ws/src) by extension 'colcon_meta'
[3.252s] colcon.colcon_core.package_identification Level 1 _identify(/home/kanja-koduki/buck_ws/src) by extensions ['ros']
[3.252s] colcon.colcon_core.package_identification Level 1 _identify(/home/kanja-koduki/buck_ws/src) by extension 'ros'
[3.252s] colcon.colcon_core.package_identification Level 1 _identify(/home/kanja-koduki/buck_ws/src) by extensions ['cmake', 'python']
[3.252s] colcon.colcon_core.package_identification Level 1 _identify(/home/kanja-koduki/buck_ws/src) by extension 'cmake'
[3.253s] colcon.colcon_core.package_identification Level 1 _identify(/home/kanja-koduki/buck_ws/src) by extension 'python'
[3.253s] colcon.colcon_core.package_identification Level 1 _identify(/home/kanja-koduki/buck_ws/src) by extensions ['python_setup_py']
[3.253s] colcon.colcon_core.package_identification Level 1 _identify(/home/kanja-koduki/buck_ws/src) by extension 'python_setup_py'
[3.253s] colcon.colcon_core.package_identification Level 1 _identify(/home/kanja-koduki/buck_ws/src/robot_description) by extensions ['ignore', 'ignore_ament_install']
[3.253s] colcon.colcon_core.package_identification Level 1 _identify(/home/kanja-koduki/buck_ws/src/robot_description) by extension 'ignore'
[3.253s] colcon.colcon_core.package_identification Level 1 _identify(/home/kanja-koduki/buck_ws/src/robot_description) by extension 'ignore_ament_install'
[3.253s] colcon.colcon_core.package_identification Level 1 _identify(/home/kanja-koduki/buck_ws/src/robot_description) by extensions ['colcon_pkg']
[3.253s] colcon.colcon_core.package_identification Level 1 _identify(/home/kanja-koduki/buck_ws/src/robot_description) by extension 'colcon_pkg'
[3.253s] colcon.colcon_core.package_identification Level 1 _identify(/home/kanja-koduki/buck_ws/src/robot_description) by extensions ['colcon_meta']
[3.253s] colcon.colcon_core.package_identification Level 1 _identify(/home/kanja-koduki/buck_ws/src/robot_description) by extension 'colcon_meta'
[3.253s] colcon.colcon_core.package_identification Level 1 _identify(/home/kanja-koduki/buck_ws/src/robot_description) by extensions ['ros']
[3.253s] colcon.colcon_core.package_identification Level 1 _identify(/home/kanja-koduki/buck_ws/src/robot_description) by extension 'ros'
[3.258s] colcon.colcon_core.package_identification DEBUG Package '/home/kanja-koduki/buck_ws/src/robot_description' with type 'ros.ament_cmake' and name 'robot_description'
[3.258s] colcon.colcon_core.package_discovery Level 1 discover_packages(recursive) using defaults
