-- The C compiler identification is GNU 11.4.0
-- The CXX compiler identification is GNU 11.4.0
-- Detecting C compiler ABI info
-- Detecting C compiler ABI info - done
-- Check for working C compiler: /usr/bin/cc - skipped
-- Detecting C compile features
-- Detecting C compile features - done
-- Detecting CXX compiler ABI info
-- Detecting CXX compiler ABI info - done
-- Check for working CXX compiler: /usr/bin/c++ - skipped
-- Detecting CXX compile features
-- Detecting CXX compile features - done
-- Found ament_cmake: 1.3.5 (/opt/ros/humble/share/ament_cmake/cmake)
-- Found Python3: /usr/bin/python3.12 (found version "3.12.0") found components: Interpreter 
-- Found ament_lint_auto: 0.12.8 (/opt/ros/humble/share/ament_lint_auto/cmake)
-- Added test 'flake8' to check Python code syntax and style conventions
-- Added test 'lint_cmake' to check CMake code style
-- Added test 'pep257' to check Python code against some of the docstring style conventions in PEP 257
-- Added test 'xmllint' to check XML markup files
-- Configuring done (1.9s)
-- Generating done (0.0s)
-- Build files have been written to: /home/kanja-koduki/buck_ws/build/my_point_cloud_publisher
-- Install configuration: ""
-- Installing: /home/kanja-koduki/buck_ws/install/my_point_cloud_publisher/share/ament_index/resource_index/package_run_dependencies/my_point_cloud_publisher
-- Installing: /home/kanja-koduki/buck_ws/install/my_point_cloud_publisher/share/ament_index/resource_index/parent_prefix_path/my_point_cloud_publisher
-- Installing: /home/kanja-koduki/buck_ws/install/my_point_cloud_publisher/share/my_point_cloud_publisher/environment/ament_prefix_path.sh
-- Installing: /home/kanja-koduki/buck_ws/install/my_point_cloud_publisher/share/my_point_cloud_publisher/environment/ament_prefix_path.dsv
-- Installing: /home/kanja-koduki/buck_ws/install/my_point_cloud_publisher/share/my_point_cloud_publisher/environment/path.sh
-- Installing: /home/kanja-koduki/buck_ws/install/my_point_cloud_publisher/share/my_point_cloud_publisher/environment/path.dsv
-- Installing: /home/kanja-koduki/buck_ws/install/my_point_cloud_publisher/share/my_point_cloud_publisher/local_setup.bash
-- Installing: /home/kanja-koduki/buck_ws/install/my_point_cloud_publisher/share/my_point_cloud_publisher/local_setup.sh
-- Installing: /home/kanja-koduki/buck_ws/install/my_point_cloud_publisher/share/my_point_cloud_publisher/local_setup.zsh
-- Installing: /home/kanja-koduki/buck_ws/install/my_point_cloud_publisher/share/my_point_cloud_publisher/local_setup.dsv
-- Installing: /home/kanja-koduki/buck_ws/install/my_point_cloud_publisher/share/my_point_cloud_publisher/package.dsv
-- Installing: /home/kanja-koduki/buck_ws/install/my_point_cloud_publisher/share/ament_index/resource_index/packages/my_point_cloud_publisher
-- Installing: /home/kanja-koduki/buck_ws/install/my_point_cloud_publisher/share/my_point_cloud_publisher/cmake/my_point_cloud_publisherConfig.cmake
-- Installing: /home/kanja-koduki/buck_ws/install/my_point_cloud_publisher/share/my_point_cloud_publisher/cmake/my_point_cloud_publisherConfig-version.cmake
-- Installing: /home/kanja-koduki/buck_ws/install/my_point_cloud_publisher/share/my_point_cloud_publisher/package.xml
