[0.439s] Invoking command in '/home/kanja-koduki/buck_ws/build/my_point_cloud_publisher': CMAKE_PREFIX_PATH=${CMAKE_PREFIX_PATH}:/home/kanja-koduki/buck_ws/install/model_py:/home/kanja-koduki/hannah_ws/install/hannah_bot:/home/kanja-koduki/niki_ws/install/sjtu_drone_bringup:/home/kanja-koduki/zypher_ws/install/prius_sdc_pkg:/home/kanja-koduki/ortega_ws/install/ortega_bot:/opt/ros/humble /home/kanja-koduki/.local/bin/cmake /home/kanja-koduki/buck_ws/src/my_point_cloud_publisher -DCMAKE_INSTALL_PREFIX=/home/kanja-koduki/buck_ws/install/my_point_cloud_publisher
[0.689s] -- The C compiler identification is GNU 11.4.0
[0.864s] -- The CXX compiler identification is GNU 11.4.0
[0.895s] -- Detecting C compiler ABI info
[1.017s] -- Detecting C compiler ABI info - done
[1.041s] -- Check for working C compiler: /usr/bin/cc - skipped
[1.042s] -- Detecting C compile features
[1.043s] -- Detecting C compile features - done
[1.060s] -- Detecting CXX compiler ABI info
[1.195s] -- Detecting CXX compiler ABI info - done
[1.218s] -- Check for working CXX compiler: /usr/bin/c++ - skipped
[1.219s] -- Detecting CXX compile features
[1.220s] -- Detecting CXX compile features - done
[1.233s] -- Found ament_cmake: 1.3.5 (/opt/ros/humble/share/ament_cmake/cmake)
[1.801s] -- Found Python3: /usr/bin/python3.12 (found version "3.12.0") found components: Interpreter 
[2.100s] -- Found ament_lint_auto: 0.12.8 (/opt/ros/humble/share/ament_lint_auto/cmake)
[2.401s] -- Added test 'flake8' to check Python code syntax and style conventions
[2.403s] -- Added test 'lint_cmake' to check CMake code style
[2.405s] -- Added test 'pep257' to check Python code against some of the docstring style conventions in PEP 257
[2.408s] -- Added test 'xmllint' to check XML markup files
[2.412s] -- Configuring done (1.9s)
[2.417s] -- Generating done (0.0s)
[2.419s] -- Build files have been written to: /home/kanja-koduki/buck_ws/build/my_point_cloud_publisher
[2.436s] Invoked command in '/home/kanja-koduki/buck_ws/build/my_point_cloud_publisher' returned '0': CMAKE_PREFIX_PATH=${CMAKE_PREFIX_PATH}:/home/kanja-koduki/buck_ws/install/model_py:/home/kanja-koduki/hannah_ws/install/hannah_bot:/home/kanja-koduki/niki_ws/install/sjtu_drone_bringup:/home/kanja-koduki/zypher_ws/install/prius_sdc_pkg:/home/kanja-koduki/ortega_ws/install/ortega_bot:/opt/ros/humble /home/kanja-koduki/.local/bin/cmake /home/kanja-koduki/buck_ws/src/my_point_cloud_publisher -DCMAKE_INSTALL_PREFIX=/home/kanja-koduki/buck_ws/install/my_point_cloud_publisher
[2.437s] Invoking command in '/home/kanja-koduki/buck_ws/build/my_point_cloud_publisher': CMAKE_PREFIX_PATH=${CMAKE_PREFIX_PATH}:/home/kanja-koduki/buck_ws/install/model_py:/home/kanja-koduki/hannah_ws/install/hannah_bot:/home/kanja-koduki/niki_ws/install/sjtu_drone_bringup:/home/kanja-koduki/zypher_ws/install/prius_sdc_pkg:/home/kanja-koduki/ortega_ws/install/ortega_bot:/opt/ros/humble /home/kanja-koduki/.local/bin/cmake --build /home/kanja-koduki/buck_ws/build/my_point_cloud_publisher -- -j8 -l8
[2.528s] Invoked command in '/home/kanja-koduki/buck_ws/build/my_point_cloud_publisher' returned '0': CMAKE_PREFIX_PATH=${CMAKE_PREFIX_PATH}:/home/kanja-koduki/buck_ws/install/model_py:/home/kanja-koduki/hannah_ws/install/hannah_bot:/home/kanja-koduki/niki_ws/install/sjtu_drone_bringup:/home/kanja-koduki/zypher_ws/install/prius_sdc_pkg:/home/kanja-koduki/ortega_ws/install/ortega_bot:/opt/ros/humble /home/kanja-koduki/.local/bin/cmake --build /home/kanja-koduki/buck_ws/build/my_point_cloud_publisher -- -j8 -l8
[2.710s] Invoking command in '/home/kanja-koduki/buck_ws/build/my_point_cloud_publisher': CMAKE_PREFIX_PATH=${CMAKE_PREFIX_PATH}:/home/kanja-koduki/buck_ws/install/model_py:/home/kanja-koduki/hannah_ws/install/hannah_bot:/home/kanja-koduki/niki_ws/install/sjtu_drone_bringup:/home/kanja-koduki/zypher_ws/install/prius_sdc_pkg:/home/kanja-koduki/ortega_ws/install/ortega_bot:/opt/ros/humble /home/kanja-koduki/.local/bin/cmake --install /home/kanja-koduki/buck_ws/build/my_point_cloud_publisher
[2.772s] -- Install configuration: ""
[2.772s] -- Installing: /home/kanja-koduki/buck_ws/install/my_point_cloud_publisher/share/ament_index/resource_index/package_run_dependencies/my_point_cloud_publisher
[2.772s] -- Installing: /home/kanja-koduki/buck_ws/install/my_point_cloud_publisher/share/ament_index/resource_index/parent_prefix_path/my_point_cloud_publisher
[2.772s] -- Installing: /home/kanja-koduki/buck_ws/install/my_point_cloud_publisher/share/my_point_cloud_publisher/environment/ament_prefix_path.sh
[2.773s] -- Installing: /home/kanja-koduki/buck_ws/install/my_point_cloud_publisher/share/my_point_cloud_publisher/environment/ament_prefix_path.dsv
[2.773s] -- Installing: /home/kanja-koduki/buck_ws/install/my_point_cloud_publisher/share/my_point_cloud_publisher/environment/path.sh
[2.773s] -- Installing: /home/kanja-koduki/buck_ws/install/my_point_cloud_publisher/share/my_point_cloud_publisher/environment/path.dsv
[2.773s] -- Installing: /home/kanja-koduki/buck_ws/install/my_point_cloud_publisher/share/my_point_cloud_publisher/local_setup.bash
[2.774s] -- Installing: /home/kanja-koduki/buck_ws/install/my_point_cloud_publisher/share/my_point_cloud_publisher/local_setup.sh
[2.774s] -- Installing: /home/kanja-koduki/buck_ws/install/my_point_cloud_publisher/share/my_point_cloud_publisher/local_setup.zsh
[2.774s] -- Installing: /home/kanja-koduki/buck_ws/install/my_point_cloud_publisher/share/my_point_cloud_publisher/local_setup.dsv
[2.774s] -- Installing: /home/kanja-koduki/buck_ws/install/my_point_cloud_publisher/share/my_point_cloud_publisher/package.dsv
[2.774s] -- Installing: /home/kanja-koduki/buck_ws/install/my_point_cloud_publisher/share/ament_index/resource_index/packages/my_point_cloud_publisher
[2.775s] -- Installing: /home/kanja-koduki/buck_ws/install/my_point_cloud_publisher/share/my_point_cloud_publisher/cmake/my_point_cloud_publisherConfig.cmake
[2.775s] -- Installing: /home/kanja-koduki/buck_ws/install/my_point_cloud_publisher/share/my_point_cloud_publisher/cmake/my_point_cloud_publisherConfig-version.cmake
[2.775s] -- Installing: /home/kanja-koduki/buck_ws/install/my_point_cloud_publisher/share/my_point_cloud_publisher/package.xml
[2.785s] Invoked command in '/home/kanja-koduki/buck_ws/build/my_point_cloud_publisher' returned '0': CMAKE_PREFIX_PATH=${CMAKE_PREFIX_PATH}:/home/kanja-koduki/buck_ws/install/model_py:/home/kanja-koduki/hannah_ws/install/hannah_bot:/home/kanja-koduki/niki_ws/install/sjtu_drone_bringup:/home/kanja-koduki/zypher_ws/install/prius_sdc_pkg:/home/kanja-koduki/ortega_ws/install/ortega_bot:/opt/ros/humble /home/kanja-koduki/.local/bin/cmake --install /home/kanja-koduki/buck_ws/build/my_point_cloud_publisher
