[4.575s] Invoking command in '/home/kanja-koduki/buck_ws/src/model_py': PYTHONPATH=/home/kanja-koduki/buck_ws/build/model_py/prefix_override:/home/kanja-koduki/buck_ws/install/model_py/lib/python3.10/site-packages:${PYTHONPATH} /usr/bin/python3 setup.py egg_info --egg-base ../../build/model_py build --build-base /home/kanja-koduki/buck_ws/build/model_py/build install --record /home/kanja-koduki/buck_ws/build/model_py/install.log --single-version-externally-managed
[5.080s] running egg_info
[5.117s] writing ../../build/model_py/model_py.egg-info/PKG-INFO
[5.118s] writing dependency_links to ../../build/model_py/model_py.egg-info/dependency_links.txt
[5.118s] writing entry points to ../../build/model_py/model_py.egg-info/entry_points.txt
[5.119s] writing requirements to ../../build/model_py/model_py.egg-info/requires.txt
[5.119s] writing top-level names to ../../build/model_py/model_py.egg-info/top_level.txt
[5.196s] reading manifest file '../../build/model_py/model_py.egg-info/SOURCES.txt'
[5.200s] writing manifest file '../../build/model_py/model_py.egg-info/SOURCES.txt'
[5.200s] running build
[5.200s] running build_py
[5.200s] running install
[5.201s] /home/kanja-koduki/.local/lib/python3.10/site-packages/setuptools/_distutils/cmd.py:66: SetuptoolsDeprecationWarning: setup.py install is deprecated.
[5.201s] !!
[5.201s] 
[5.201s]         ********************************************************************************
[5.201s]         Please avoid running ``setup.py`` directly.
[5.201s]         Instead, use pypa/build, pypa/installer or other
[5.201s]         standards-based tools.
[5.201s] 
[5.201s]         See https://blog.ganssle.io/articles/2021/10/setup-py-deprecated.html for details.
[5.201s]         ********************************************************************************
[5.202s] 
[5.202s] !!
[5.202s]   self.initialize_options()
[5.211s] running install_lib
[5.251s] running install_data
[5.293s] copying urdf/depthcam2.urdf.xacro -> /home/kanja-koduki/buck_ws/install/model_py/share/model_py/urdf
[5.293s] running install_egg_info
[5.333s] removing '/home/kanja-koduki/buck_ws/install/model_py/lib/python3.10/site-packages/model_py-0.0.0-py3.10.egg-info' (and everything under it)
[5.334s] Copying ../../build/model_py/model_py.egg-info to /home/kanja-koduki/buck_ws/install/model_py/lib/python3.10/site-packages/model_py-0.0.0-py3.10.egg-info
[5.336s] running install_scripts
[5.701s] Installing keyboard_listener script to /home/kanja-koduki/buck_ws/install/model_py/lib/model_py
[5.701s] Installing laser_frame_publisher script to /home/kanja-koduki/buck_ws/install/model_py/lib/model_py
[5.701s] Installing test_joy script to /home/kanja-koduki/buck_ws/install/model_py/lib/model_py
[5.702s] writing list of installed files to '/home/kanja-koduki/buck_ws/build/model_py/install.log'
[5.881s] Invoked command in '/home/kanja-koduki/buck_ws/src/model_py' returned '0': PYTHONPATH=/home/kanja-koduki/buck_ws/build/model_py/prefix_override:/home/kanja-koduki/buck_ws/install/model_py/lib/python3.10/site-packages:${PYTHONPATH} /usr/bin/python3 setup.py egg_info --egg-base ../../build/model_py build --build-base /home/kanja-koduki/buck_ws/build/model_py/build install --record /home/kanja-koduki/buck_ws/build/model_py/install.log --single-version-externally-managed
