[4.223s] Invoking command in '/home/kanja-koduki/buck_ws/src/my_point': PYTHONPATH=/home/kanja-koduki/buck_ws/build/my_point/prefix_override:/home/kanja-koduki/buck_ws/install/my_point/lib/python3.10/site-packages:${PYTHONPATH} /usr/bin/python3 setup.py egg_info --egg-base ../../build/my_point build --build-base /home/kanja-koduki/buck_ws/build/my_point/build install --record /home/kanja-koduki/buck_ws/build/my_point/install.log --single-version-externally-managed
[4.737s] running egg_info
[4.783s] writing ../../build/my_point/my_point.egg-info/PKG-INFO
[4.784s] writing dependency_links to ../../build/my_point/my_point.egg-info/dependency_links.txt
[4.784s] writing entry points to ../../build/my_point/my_point.egg-info/entry_points.txt
[4.785s] writing requirements to ../../build/my_point/my_point.egg-info/requires.txt
[4.785s] writing top-level names to ../../build/my_point/my_point.egg-info/top_level.txt
[4.883s] reading manifest file '../../build/my_point/my_point.egg-info/SOURCES.txt'
[4.885s] writing manifest file '../../build/my_point/my_point.egg-info/SOURCES.txt'
[4.885s] running build
[4.885s] running build_py
[4.887s] running install
[4.887s] /home/kanja-koduki/.local/lib/python3.10/site-packages/setuptools/_distutils/cmd.py:66: SetuptoolsDeprecationWarning: setup.py install is deprecated.
[4.887s] !!
[4.887s] 
[4.888s]         ********************************************************************************
[4.888s]         Please avoid running ``setup.py`` directly.
[4.888s]         Instead, use pypa/build, pypa/installer or other
[4.888s]         standards-based tools.
[4.888s] 
[4.888s]         See https://blog.ganssle.io/articles/2021/10/setup-py-deprecated.html for details.
[4.888s]         ********************************************************************************
[4.888s] 
[4.889s] !!
[4.889s]   self.initialize_options()
[4.901s] running install_lib
[4.941s] running install_data
[4.984s] running install_egg_info
[5.029s] removing '/home/kanja-koduki/buck_ws/install/my_point/lib/python3.10/site-packages/my_point-0.0.0-py3.10.egg-info' (and everything under it)
[5.030s] Copying ../../build/my_point/my_point.egg-info to /home/kanja-koduki/buck_ws/install/my_point/lib/python3.10/site-packages/my_point-0.0.0-py3.10.egg-info
[5.032s] running install_scripts
[5.441s] Installing base_link_publisher script to /home/kanja-koduki/buck_ws/install/my_point/lib/my_point
[5.441s] Installing camera_pub script to /home/kanja-koduki/buck_ws/install/my_point/lib/my_point
[5.442s] Installing camera_sub script to /home/kanja-koduki/buck_ws/install/my_point/lib/my_point
[5.442s] Installing lidar_publisher script to /home/kanja-koduki/buck_ws/install/my_point/lib/my_point
[5.442s] Installing pcd_to_map_node script to /home/kanja-koduki/buck_ws/install/my_point/lib/my_point
[5.443s] Installing point_node script to /home/kanja-koduki/buck_ws/install/my_point/lib/my_point
[5.444s] writing list of installed files to '/home/kanja-koduki/buck_ws/build/my_point/install.log'
[5.644s] Invoked command in '/home/kanja-koduki/buck_ws/src/my_point' returned '0': PYTHONPATH=/home/kanja-koduki/buck_ws/build/my_point/prefix_override:/home/kanja-koduki/buck_ws/install/my_point/lib/python3.10/site-packages:${PYTHONPATH} /usr/bin/python3 setup.py egg_info --egg-base ../../build/my_point build --build-base /home/kanja-koduki/buck_ws/build/my_point/build install --record /home/kanja-koduki/buck_ws/build/my_point/install.log --single-version-externally-managed
