[4.476s] Invoking command in '/home/kanja-koduki/buck_ws/src/model_py': PYTHONPATH=/home/kanja-koduki/buck_ws/build/model_py/prefix_override:/home/kanja-koduki/buck_ws/install/model_py/lib/python3.10/site-packages:${PYTHONPATH} /usr/bin/python3 setup.py egg_info --egg-base ../../build/model_py build --build-base /home/kanja-koduki/buck_ws/build/model_py/build install --record /home/kanja-koduki/buck_ws/build/model_py/install.log --single-version-externally-managed
[4.994s] running egg_info
[5.034s] writing ../../build/model_py/model_py.egg-info/PKG-INFO
[5.035s] writing dependency_links to ../../build/model_py/model_py.egg-info/dependency_links.txt
[5.036s] writing entry points to ../../build/model_py/model_py.egg-info/entry_points.txt
[5.036s] writing requirements to ../../build/model_py/model_py.egg-info/requires.txt
[5.036s] writing top-level names to ../../build/model_py/model_py.egg-info/top_level.txt
[5.126s] reading manifest file '../../build/model_py/model_py.egg-info/SOURCES.txt'
[5.129s] writing manifest file '../../build/model_py/model_py.egg-info/SOURCES.txt'
[5.129s] running build
[5.129s] running build_py
[5.130s] running install
[5.131s] /home/kanja-koduki/.local/lib/python3.10/site-packages/setuptools/_distutils/cmd.py:66: SetuptoolsDeprecationWarning: setup.py install is deprecated.
[5.131s] !!
[5.131s] 
[5.132s]         ********************************************************************************
[5.132s]         Please avoid running ``setup.py`` directly.
[5.132s]         Instead, use pypa/build, pypa/installer or other
[5.132s]         standards-based tools.
[5.132s] 
[5.132s]         See https://blog.ganssle.io/articles/2021/10/setup-py-deprecated.html for details.
[5.132s]         ********************************************************************************
[5.133s] 
[5.133s] !!
[5.133s]   self.initialize_options()
[5.147s] running install_lib
[5.193s] running install_data
[5.232s] copying urdf/run.urdf.xacro -> /home/kanja-koduki/buck_ws/install/model_py/share/model_py/urdf
[5.233s] running install_egg_info
[5.274s] removing '/home/kanja-koduki/buck_ws/install/model_py/lib/python3.10/site-packages/model_py-0.0.0-py3.10.egg-info' (and everything under it)
[5.274s] Copying ../../build/model_py/model_py.egg-info to /home/kanja-koduki/buck_ws/install/model_py/lib/python3.10/site-packages/model_py-0.0.0-py3.10.egg-info
[5.276s] running install_scripts
[5.669s] Installing laser_frame_publisher script to /home/kanja-koduki/buck_ws/install/model_py/lib/model_py
[5.670s] Installing test_joy script to /home/kanja-koduki/buck_ws/install/model_py/lib/model_py
[5.671s] writing list of installed files to '/home/kanja-koduki/buck_ws/build/model_py/install.log'
[5.720s] Invoked command in '/home/kanja-koduki/buck_ws/src/model_py' returned '0': PYTHONPATH=/home/kanja-koduki/buck_ws/build/model_py/prefix_override:/home/kanja-koduki/buck_ws/install/model_py/lib/python3.10/site-packages:${PYTHONPATH} /usr/bin/python3 setup.py egg_info --egg-base ../../build/model_py build --build-base /home/kanja-koduki/buck_ws/build/model_py/build install --record /home/kanja-koduki/buck_ws/build/model_py/install.log --single-version-externally-managed
