[4.050s] Invoking command in '/home/kanja-koduki/buck_ws/src/my_point': PYTHONPATH=/home/kanja-koduki/buck_ws/build/my_point/prefix_override:/home/kanja-koduki/buck_ws/install/my_point/lib/python3.10/site-packages:${PYTHONPATH} /usr/bin/python3 setup.py egg_info --egg-base ../../build/my_point build --build-base /home/kanja-koduki/buck_ws/build/my_point/build install --record /home/kanja-koduki/buck_ws/build/my_point/install.log --single-version-externally-managed
[4.574s] running egg_info
[4.614s] writing ../../build/my_point/my_point.egg-info/PKG-INFO
[4.614s] writing dependency_links to ../../build/my_point/my_point.egg-info/dependency_links.txt
[4.615s] writing entry points to ../../build/my_point/my_point.egg-info/entry_points.txt
[4.615s] writing requirements to ../../build/my_point/my_point.egg-info/requires.txt
[4.615s] writing top-level names to ../../build/my_point/my_point.egg-info/top_level.txt
[4.695s] reading manifest file '../../build/my_point/my_point.egg-info/SOURCES.txt'
[4.697s] writing manifest file '../../build/my_point/my_point.egg-info/SOURCES.txt'
[4.697s] running build
[4.698s] running build_py
[4.698s] copying my_point/threed.py -> /home/kanja-koduki/buck_ws/build/my_point/build/lib/my_point
[4.698s] running install
[4.699s] /home/kanja-koduki/.local/lib/python3.10/site-packages/setuptools/_distutils/cmd.py:66: SetuptoolsDeprecationWarning: setup.py install is deprecated.
[4.699s] !!
[4.699s] 
[4.700s]         ********************************************************************************
[4.700s]         Please avoid running ``setup.py`` directly.
[4.700s]         Instead, use pypa/build, pypa/installer or other
[4.700s]         standards-based tools.
[4.700s] 
[4.701s]         See https://blog.ganssle.io/articles/2021/10/setup-py-deprecated.html for details.
[4.701s]         ********************************************************************************
[4.701s] 
[4.701s] !!
[4.701s]   self.initialize_options()
[4.712s] running install_lib
[4.750s] copying /home/kanja-koduki/buck_ws/build/my_point/build/lib/my_point/threed.py -> /home/kanja-koduki/buck_ws/install/my_point/lib/python3.10/site-packages/my_point
[4.751s] byte-compiling /home/kanja-koduki/buck_ws/install/my_point/lib/python3.10/site-packages/my_point/threed.py to threed.cpython-310.pyc
[4.753s] running install_data
[4.792s] running install_egg_info
[4.835s] removing '/home/kanja-koduki/buck_ws/install/my_point/lib/python3.10/site-packages/my_point-0.0.0-py3.10.egg-info' (and everything under it)
[4.835s] Copying ../../build/my_point/my_point.egg-info to /home/kanja-koduki/buck_ws/install/my_point/lib/python3.10/site-packages/my_point-0.0.0-py3.10.egg-info
[4.837s] running install_scripts
[5.240s] Installing base_link_publisher script to /home/kanja-koduki/buck_ws/install/my_point/lib/my_point
[5.240s] Installing point_cloud_to_occupancy_grid script to /home/kanja-koduki/buck_ws/install/my_point/lib/my_point
[5.241s] Installing point_node script to /home/kanja-koduki/buck_ws/install/my_point/lib/my_point
[5.242s] writing list of installed files to '/home/kanja-koduki/buck_ws/build/my_point/install.log'
[5.315s] Invoked command in '/home/kanja-koduki/buck_ws/src/my_point' returned '0': PYTHONPATH=/home/kanja-koduki/buck_ws/build/my_point/prefix_override:/home/kanja-koduki/buck_ws/install/my_point/lib/python3.10/site-packages:${PYTHONPATH} /usr/bin/python3 setup.py egg_info --egg-base ../../build/my_point build --build-base /home/kanja-koduki/buck_ws/build/my_point/build install --record /home/kanja-koduki/buck_ws/build/my_point/install.log --single-version-externally-managed
