[2.553s] Invoking command in '/home/kanja-koduki/buck_ws/build/cpp_node': CMAKE_PREFIX_PATH=${CMAKE_PREFIX_PATH}:/home/kanja-koduki/buck_ws/install/my_point:/home/kanja-koduki/buck_ws/install/model_py:/home/kanja-koduki/hannah_ws/install/hannah_bot:/home/kanja-koduki/niki_ws/install/sjtu_drone_bringup:/home/kanja-koduki/zypher_ws/install/prius_sdc_pkg:/home/kanja-koduki/ortega_ws/install/ortega_bot:/opt/ros/humble /home/kanja-koduki/.local/bin/cmake --build /home/kanja-koduki/buck_ws/build/cpp_node -- -j8 -l8
[4.933s] [ 50%] [32mBuilding CXX object CMakeFiles/niki_bunda.dir/src/niki_bunda.cpp.o[0m
[4.934s] [ 75%] Built target planner_seg
[12.472s] [100%] [32m[1mLinking CXX executable niki_bunda[0m
[13.778s] [100%] Built target niki_bunda
[13.800s] Invoked command in '/home/kanja-koduki/buck_ws/build/cpp_node' returned '0': CMAKE_PREFIX_PATH=${CMAKE_PREFIX_PATH}:/home/kanja-koduki/buck_ws/install/my_point:/home/kanja-koduki/buck_ws/install/model_py:/home/kanja-koduki/hannah_ws/install/hannah_bot:/home/kanja-koduki/niki_ws/install/sjtu_drone_bringup:/home/kanja-koduki/zypher_ws/install/prius_sdc_pkg:/home/kanja-koduki/ortega_ws/install/ortega_bot:/opt/ros/humble /home/kanja-koduki/.local/bin/cmake --build /home/kanja-koduki/buck_ws/build/cpp_node -- -j8 -l8
[13.948s] Invoking command in '/home/kanja-koduki/buck_ws/build/cpp_node': CMAKE_PREFIX_PATH=${CMAKE_PREFIX_PATH}:/home/kanja-koduki/buck_ws/install/my_point:/home/kanja-koduki/buck_ws/install/model_py:/home/kanja-koduki/hannah_ws/install/hannah_bot:/home/kanja-koduki/niki_ws/install/sjtu_drone_bringup:/home/kanja-koduki/zypher_ws/install/prius_sdc_pkg:/home/kanja-koduki/ortega_ws/install/ortega_bot:/opt/ros/humble /home/kanja-koduki/.local/bin/cmake --install /home/kanja-koduki/buck_ws/build/cpp_node
[14.024s] -- Install configuration: ""
[14.025s] -- Installing: /home/kanja-koduki/buck_ws/install/cpp_node/lib/cpp_node/niki_bunda
[14.027s] -- Up-to-date: /home/kanja-koduki/buck_ws/install/cpp_node/lib/cpp_node/planner_seg
[14.027s] -- Up-to-date: /home/kanja-koduki/buck_ws/install/cpp_node/share/ament_index/resource_index/package_run_dependencies/cpp_node
[14.028s] -- Up-to-date: /home/kanja-koduki/buck_ws/install/cpp_node/share/ament_index/resource_index/parent_prefix_path/cpp_node
[14.028s] -- Up-to-date: /home/kanja-koduki/buck_ws/install/cpp_node/share/cpp_node/environment/ament_prefix_path.sh
[14.028s] -- Up-to-date: /home/kanja-koduki/buck_ws/install/cpp_node/share/cpp_node/environment/ament_prefix_path.dsv
[14.029s] -- Up-to-date: /home/kanja-koduki/buck_ws/install/cpp_node/share/cpp_node/environment/path.sh
[14.029s] -- Up-to-date: /home/kanja-koduki/buck_ws/install/cpp_node/share/cpp_node/environment/path.dsv
[14.029s] -- Up-to-date: /home/kanja-koduki/buck_ws/install/cpp_node/share/cpp_node/local_setup.bash
[14.029s] -- Up-to-date: /home/kanja-koduki/buck_ws/install/cpp_node/share/cpp_node/local_setup.sh
[14.029s] -- Up-to-date: /home/kanja-koduki/buck_ws/install/cpp_node/share/cpp_node/local_setup.zsh
[14.029s] -- Up-to-date: /home/kanja-koduki/buck_ws/install/cpp_node/share/cpp_node/local_setup.dsv
[14.030s] -- Installing: /home/kanja-koduki/buck_ws/install/cpp_node/share/cpp_node/package.dsv
[14.030s] -- Up-to-date: /home/kanja-koduki/buck_ws/install/cpp_node/share/ament_index/resource_index/packages/cpp_node
[14.030s] -- Up-to-date: /home/kanja-koduki/buck_ws/install/cpp_node/share/cpp_node/cmake/cpp_nodeConfig.cmake
[14.030s] -- Up-to-date: /home/kanja-koduki/buck_ws/install/cpp_node/share/cpp_node/cmake/cpp_nodeConfig-version.cmake
[14.030s] -- Up-to-date: /home/kanja-koduki/buck_ws/install/cpp_node/share/cpp_node/package.xml
[14.043s] Invoked command in '/home/kanja-koduki/buck_ws/build/cpp_node' returned '0': CMAKE_PREFIX_PATH=${CMAKE_PREFIX_PATH}:/home/kanja-koduki/buck_ws/install/my_point:/home/kanja-koduki/buck_ws/install/model_py:/home/kanja-koduki/hannah_ws/install/hannah_bot:/home/kanja-koduki/niki_ws/install/sjtu_drone_bringup:/home/kanja-koduki/zypher_ws/install/prius_sdc_pkg:/home/kanja-koduki/ortega_ws/install/ortega_bot:/opt/ros/humble /home/kanja-koduki/.local/bin/cmake --install /home/kanja-koduki/buck_ws/build/cpp_node
