[5.131s] Invoking command in '/home/kanja-koduki/buck_ws/src/my_point': PYTHONPATH=/home/kanja-koduki/buck_ws/build/my_point/prefix_override:/home/kanja-koduki/buck_ws/install/my_point/lib/python3.10/site-packages:${PYTHONPATH} /usr/bin/python3 setup.py egg_info --egg-base ../../build/my_point build --build-base /home/kanja-koduki/buck_ws/build/my_point/build install --record /home/kanja-koduki/buck_ws/build/my_point/install.log --single-version-externally-managed
[5.752s] running egg_info
[5.815s] writing ../../build/my_point/my_point.egg-info/PKG-INFO
[5.816s] writing dependency_links to ../../build/my_point/my_point.egg-info/dependency_links.txt
[5.817s] writing entry points to ../../build/my_point/my_point.egg-info/entry_points.txt
[5.818s] writing requirements to ../../build/my_point/my_point.egg-info/requires.txt
[5.818s] writing top-level names to ../../build/my_point/my_point.egg-info/top_level.txt
[5.936s] reading manifest file '../../build/my_point/my_point.egg-info/SOURCES.txt'
[5.939s] writing manifest file '../../build/my_point/my_point.egg-info/SOURCES.txt'
[5.939s] running build
[5.939s] running build_py
[5.941s] running install
[5.942s] /home/kanja-koduki/.local/lib/python3.10/site-packages/setuptools/_distutils/cmd.py:66: SetuptoolsDeprecationWarning: setup.py install is deprecated.
[5.942s] !!
[5.942s] 
[5.943s]         ********************************************************************************
[5.943s]         Please avoid running ``setup.py`` directly.
[5.943s]         Instead, use pypa/build, pypa/installer or other
[5.943s]         standards-based tools.
[5.943s] 
[5.944s]         See https://blog.ganssle.io/articles/2021/10/setup-py-deprecated.html for details.
[5.944s]         ********************************************************************************
[5.944s] 
[5.944s] !!
[5.944s]   self.initialize_options()
[5.960s] running install_lib
[6.015s] running install_data
[6.081s] running install_egg_info
[6.153s] removing '/home/kanja-koduki/buck_ws/install/my_point/lib/python3.10/site-packages/my_point-0.0.0-py3.10.egg-info' (and everything under it)
[6.154s] Copying ../../build/my_point/my_point.egg-info to /home/kanja-koduki/buck_ws/install/my_point/lib/python3.10/site-packages/my_point-0.0.0-py3.10.egg-info
[6.156s] running install_scripts
[6.659s] Installing base_link_publisher script to /home/kanja-koduki/buck_ws/install/my_point/lib/my_point
[6.660s] Installing camera_pub script to /home/kanja-koduki/buck_ws/install/my_point/lib/my_point
[6.660s] Installing camera_sub script to /home/kanja-koduki/buck_ws/install/my_point/lib/my_point
[6.662s] Installing lidar_publisher script to /home/kanja-koduki/buck_ws/install/my_point/lib/my_point
[6.662s] Installing pcd_to_map_node script to /home/kanja-koduki/buck_ws/install/my_point/lib/my_point
[6.662s] Installing point_node script to /home/kanja-koduki/buck_ws/install/my_point/lib/my_point
[6.663s] writing list of installed files to '/home/kanja-koduki/buck_ws/build/my_point/install.log'
[6.723s] Invoked command in '/home/kanja-koduki/buck_ws/src/my_point' returned '0': PYTHONPATH=/home/kanja-koduki/buck_ws/build/my_point/prefix_override:/home/kanja-koduki/buck_ws/install/my_point/lib/python3.10/site-packages:${PYTHONPATH} /usr/bin/python3 setup.py egg_info --egg-base ../../build/my_point build --build-base /home/kanja-koduki/buck_ws/build/my_point/build install --record /home/kanja-koduki/buck_ws/build/my_point/install.log --single-version-externally-managed
