[1.602s] Invoking command in '/home/kanja-koduki/buck_ws/src/model_py': PYTHONPATH=/home/kanja-koduki/buck_ws/build/model_py/prefix_override:/home/kanja-koduki/buck_ws/install/model_py/lib/python3.10/site-packages:${PYTHONPATH} /usr/bin/python3 setup.py egg_info --egg-base ../../build/model_py build --build-base /home/kanja-koduki/buck_ws/build/model_py/build install --record /home/kanja-koduki/buck_ws/build/model_py/install.log --single-version-externally-managed
[1.783s] running egg_info
[1.796s] writing ../../build/model_py/model_py.egg-info/PKG-INFO
[1.796s] writing dependency_links to ../../build/model_py/model_py.egg-info/dependency_links.txt
[1.797s] writing entry points to ../../build/model_py/model_py.egg-info/entry_points.txt
[1.797s] writing requirements to ../../build/model_py/model_py.egg-info/requires.txt
[1.797s] writing top-level names to ../../build/model_py/model_py.egg-info/top_level.txt
[1.827s] reading manifest file '../../build/model_py/model_py.egg-info/SOURCES.txt'
[1.828s] writing manifest file '../../build/model_py/model_py.egg-info/SOURCES.txt'
[1.828s] running build
[1.828s] running build_py
[1.828s] running install
[1.828s] /home/kanja-koduki/.local/lib/python3.10/site-packages/setuptools/_distutils/cmd.py:66: SetuptoolsDeprecationWarning: setup.py install is deprecated.
[1.828s] !!
[1.829s] 
[1.829s]         ********************************************************************************
[1.829s]         Please avoid running ``setup.py`` directly.
[1.829s]         Instead, use pypa/build, pypa/installer or other
[1.829s]         standards-based tools.
[1.829s] 
[1.829s]         See https://blog.ganssle.io/articles/2021/10/setup-py-deprecated.html for details.
[1.829s]         ********************************************************************************
[1.829s] 
[1.829s] !!
[1.829s]   self.initialize_options()
[1.834s] running install_lib
[1.852s] running install_data
[1.866s] copying urdf/th3lidar.urdf.xacro -> /home/kanja-koduki/buck_ws/install/model_py/share/model_py/urdf
[1.866s] running install_egg_info
[1.880s] removing '/home/kanja-koduki/buck_ws/install/model_py/lib/python3.10/site-packages/model_py-0.0.0-py3.10.egg-info' (and everything under it)
[1.880s] Copying ../../build/model_py/model_py.egg-info to /home/kanja-koduki/buck_ws/install/model_py/lib/python3.10/site-packages/model_py-0.0.0-py3.10.egg-info
[1.881s] running install_scripts
[2.009s] Installing laser_frame_publisher script to /home/kanja-koduki/buck_ws/install/model_py/lib/model_py
[2.009s] writing list of installed files to '/home/kanja-koduki/buck_ws/build/model_py/install.log'
[2.029s] Invoked command in '/home/kanja-koduki/buck_ws/src/model_py' returned '0': PYTHONPATH=/home/kanja-koduki/buck_ws/build/model_py/prefix_override:/home/kanja-koduki/buck_ws/install/model_py/lib/python3.10/site-packages:${PYTHONPATH} /usr/bin/python3 setup.py egg_info --egg-base ../../build/model_py build --build-base /home/kanja-koduki/buck_ws/build/model_py/build install --record /home/kanja-koduki/buck_ws/build/model_py/install.log --single-version-externally-managed
