/home/kanja-koduki/buck_ws/install/my_point/lib/python3.10/site-packages/my_point/map_generator.py
/home/kanja-koduki/buck_ws/install/my_point/lib/python3.10/site-packages/my_point/base_link.py
/home/kanja-koduki/buck_ws/install/my_point/lib/python3.10/site-packages/my_point/point_pub.py
/home/kanja-koduki/buck_ws/install/my_point/lib/python3.10/site-packages/my_point/cam_sub.py
/home/kanja-koduki/buck_ws/install/my_point/lib/python3.10/site-packages/my_point/threed.py
/home/kanja-koduki/buck_ws/install/my_point/lib/python3.10/site-packages/my_point/pointthree_pub.py
/home/kanja-koduki/buck_ws/install/my_point/lib/python3.10/site-packages/my_point/mapsaver.py
/home/kanja-koduki/buck_ws/install/my_point/lib/python3.10/site-packages/my_point/cam_pub.py
/home/kanja-koduki/buck_ws/install/my_point/lib/python3.10/site-packages/my_point/__init__.py
/home/kanja-koduki/buck_ws/install/my_point/lib/python3.10/site-packages/my_point/__pycache__/map_generator.cpython-310.pyc
/home/kanja-koduki/buck_ws/install/my_point/lib/python3.10/site-packages/my_point/__pycache__/base_link.cpython-310.pyc
/home/kanja-koduki/buck_ws/install/my_point/lib/python3.10/site-packages/my_point/__pycache__/point_pub.cpython-310.pyc
/home/kanja-koduki/buck_ws/install/my_point/lib/python3.10/site-packages/my_point/__pycache__/cam_sub.cpython-310.pyc
/home/kanja-koduki/buck_ws/install/my_point/lib/python3.10/site-packages/my_point/__pycache__/threed.cpython-310.pyc
/home/kanja-koduki/buck_ws/install/my_point/lib/python3.10/site-packages/my_point/__pycache__/pointthree_pub.cpython-310.pyc
/home/kanja-koduki/buck_ws/install/my_point/lib/python3.10/site-packages/my_point/__pycache__/mapsaver.cpython-310.pyc
/home/kanja-koduki/buck_ws/install/my_point/lib/python3.10/site-packages/my_point/__pycache__/cam_pub.cpython-310.pyc
/home/kanja-koduki/buck_ws/install/my_point/lib/python3.10/site-packages/my_point/__pycache__/__init__.cpython-310.pyc
/home/kanja-koduki/buck_ws/install/my_point/share/ament_index/resource_index/packages/my_point
/home/kanja-koduki/buck_ws/install/my_point/share/my_point/package.xml
/home/kanja-koduki/buck_ws/install/my_point/lib/python3.10/site-packages/my_point-0.0.0-py3.10.egg-info/requires.txt
/home/kanja-koduki/buck_ws/install/my_point/lib/python3.10/site-packages/my_point-0.0.0-py3.10.egg-info/entry_points.txt
/home/kanja-koduki/buck_ws/install/my_point/lib/python3.10/site-packages/my_point-0.0.0-py3.10.egg-info/dependency_links.txt
/home/kanja-koduki/buck_ws/install/my_point/lib/python3.10/site-packages/my_point-0.0.0-py3.10.egg-info/PKG-INFO
/home/kanja-koduki/buck_ws/install/my_point/lib/python3.10/site-packages/my_point-0.0.0-py3.10.egg-info/SOURCES.txt
/home/kanja-koduki/buck_ws/install/my_point/lib/python3.10/site-packages/my_point-0.0.0-py3.10.egg-info/zip-safe
/home/kanja-koduki/buck_ws/install/my_point/lib/python3.10/site-packages/my_point-0.0.0-py3.10.egg-info/top_level.txt
/home/kanja-koduki/buck_ws/install/my_point/lib/my_point/base_link_publisher
/home/kanja-koduki/buck_ws/install/my_point/lib/my_point/camera_pub
/home/kanja-koduki/buck_ws/install/my_point/lib/my_point/camera_sub
/home/kanja-koduki/buck_ws/install/my_point/lib/my_point/lidar_publisher
/home/kanja-koduki/buck_ws/install/my_point/lib/my_point/pcd_to_map_node
/home/kanja-koduki/buck_ws/install/my_point/lib/my_point/point_node
