[1.456s] Invoking command in '/home/kanja-koduki/buck_ws/src/my_point': PYTHONPATH=/home/kanja-koduki/buck_ws/build/my_point/prefix_override:/home/kanja-koduki/buck_ws/install/my_point/lib/python3.10/site-packages:${PYTHONPATH} /usr/bin/python3 setup.py egg_info --egg-base ../../build/my_point build --build-base /home/kanja-koduki/buck_ws/build/my_point/build install --record /home/kanja-koduki/buck_ws/build/my_point/install.log --single-version-externally-managed
[1.637s] running egg_info
[1.651s] writing ../../build/my_point/my_point.egg-info/PKG-INFO
[1.652s] writing dependency_links to ../../build/my_point/my_point.egg-info/dependency_links.txt
[1.652s] writing entry points to ../../build/my_point/my_point.egg-info/entry_points.txt
[1.652s] writing requirements to ../../build/my_point/my_point.egg-info/requires.txt
[1.652s] writing top-level names to ../../build/my_point/my_point.egg-info/top_level.txt
[1.685s] reading manifest file '../../build/my_point/my_point.egg-info/SOURCES.txt'
[1.686s] writing manifest file '../../build/my_point/my_point.egg-info/SOURCES.txt'
[1.686s] running build
[1.686s] running build_py
[1.686s] running install
[1.687s] /home/kanja-koduki/.local/lib/python3.10/site-packages/setuptools/_distutils/cmd.py:66: SetuptoolsDeprecationWarning: setup.py install is deprecated.
[1.687s] !!
[1.687s] 
[1.687s]         ********************************************************************************
[1.687s]         Please avoid running ``setup.py`` directly.
[1.687s]         Instead, use pypa/build, pypa/installer or other
[1.687s]         standards-based tools.
[1.687s] 
[1.687s]         See https://blog.ganssle.io/articles/2021/10/setup-py-deprecated.html for details.
[1.687s]         ********************************************************************************
[1.687s] 
[1.687s] !!
[1.687s]   self.initialize_options()
[1.691s] running install_lib
[1.706s] running install_data
[1.719s] running install_egg_info
[1.736s] removing '/home/kanja-koduki/buck_ws/install/my_point/lib/python3.10/site-packages/my_point-0.0.0-py3.10.egg-info' (and everything under it)
[1.736s] Copying ../../build/my_point/my_point.egg-info to /home/kanja-koduki/buck_ws/install/my_point/lib/python3.10/site-packages/my_point-0.0.0-py3.10.egg-info
[1.737s] running install_scripts
[1.893s] Installing base_link_publisher script to /home/kanja-koduki/buck_ws/install/my_point/lib/my_point
[1.893s] Installing point_node script to /home/kanja-koduki/buck_ws/install/my_point/lib/my_point
[1.894s] writing list of installed files to '/home/kanja-koduki/buck_ws/build/my_point/install.log'
[1.974s] Invoked command in '/home/kanja-koduki/buck_ws/src/my_point' returned '0': PYTHONPATH=/home/kanja-koduki/buck_ws/build/my_point/prefix_override:/home/kanja-koduki/buck_ws/install/my_point/lib/python3.10/site-packages:${PYTHONPATH} /usr/bin/python3 setup.py egg_info --egg-base ../../build/my_point build --build-base /home/kanja-koduki/buck_ws/build/my_point/build install --record /home/kanja-koduki/buck_ws/build/my_point/install.log --single-version-externally-managed
