[6.388s] Invoking command in '/home/kanja-koduki/buck_ws/src/model_py': PYTHONPATH=/home/kanja-koduki/buck_ws/build/model_py/prefix_override:/home/kanja-koduki/buck_ws/install/model_py/lib/python3.10/site-packages:${PYTHONPATH} /usr/bin/python3 setup.py egg_info --egg-base ../../build/model_py build --build-base /home/kanja-koduki/buck_ws/build/model_py/build install --record /home/kanja-koduki/buck_ws/build/model_py/install.log --single-version-externally-managed
[7.022s] running egg_info
[7.076s] writing ../../build/model_py/model_py.egg-info/PKG-INFO
[7.077s] writing dependency_links to ../../build/model_py/model_py.egg-info/dependency_links.txt
[7.078s] writing entry points to ../../build/model_py/model_py.egg-info/entry_points.txt
[7.078s] writing requirements to ../../build/model_py/model_py.egg-info/requires.txt
[7.079s] writing top-level names to ../../build/model_py/model_py.egg-info/top_level.txt
[7.210s] reading manifest file '../../build/model_py/model_py.egg-info/SOURCES.txt'
[7.214s] writing manifest file '../../build/model_py/model_py.egg-info/SOURCES.txt'
[7.214s] running build
[7.215s] running build_py
[7.215s] running install
[7.216s] /home/kanja-koduki/.local/lib/python3.10/site-packages/setuptools/_distutils/cmd.py:66: SetuptoolsDeprecationWarning: setup.py install is deprecated.
[7.216s] !!
[7.216s] 
[7.217s]         ********************************************************************************
[7.217s]         Please avoid running ``setup.py`` directly.
[7.217s]         Instead, use pypa/build, pypa/installer or other
[7.217s]         standards-based tools.
[7.217s] 
[7.218s]         See https://blog.ganssle.io/articles/2021/10/setup-py-deprecated.html for details.
[7.218s]         ********************************************************************************
[7.218s] 
[7.218s] !!
[7.219s]   self.initialize_options()
[7.234s] running install_lib
[7.304s] running install_data
[7.368s] copying urdf/run.urdf.xacro -> /home/kanja-koduki/buck_ws/install/model_py/share/model_py/urdf
[7.370s] running install_egg_info
[7.440s] removing '/home/kanja-koduki/buck_ws/install/model_py/lib/python3.10/site-packages/model_py-0.0.0-py3.10.egg-info' (and everything under it)
[7.441s] Copying ../../build/model_py/model_py.egg-info to /home/kanja-koduki/buck_ws/install/model_py/lib/python3.10/site-packages/model_py-0.0.0-py3.10.egg-info
[7.444s] running install_scripts
[7.949s] Installing keyboard_listener script to /home/kanja-koduki/buck_ws/install/model_py/lib/model_py
[7.949s] Installing laser_frame_publisher script to /home/kanja-koduki/buck_ws/install/model_py/lib/model_py
[7.950s] Installing test_joy script to /home/kanja-koduki/buck_ws/install/model_py/lib/model_py
[7.951s] writing list of installed files to '/home/kanja-koduki/buck_ws/build/model_py/install.log'
[8.173s] Invoked command in '/home/kanja-koduki/buck_ws/src/model_py' returned '0': PYTHONPATH=/home/kanja-koduki/buck_ws/build/model_py/prefix_override:/home/kanja-koduki/buck_ws/install/model_py/lib/python3.10/site-packages:${PYTHONPATH} /usr/bin/python3 setup.py egg_info --egg-base ../../build/model_py build --build-base /home/kanja-koduki/buck_ws/build/model_py/build install --record /home/kanja-koduki/buck_ws/build/model_py/install.log --single-version-externally-managed
