[4.366s] Invoking command in '/home/kanja-koduki/buck_ws/src/model_py': PYTHONPATH=/home/kanja-koduki/buck_ws/build/model_py/prefix_override:/home/kanja-koduki/buck_ws/install/model_py/lib/python3.10/site-packages:${PYTHONPATH} /usr/bin/python3 setup.py egg_info --egg-base ../../build/model_py build --build-base /home/kanja-koduki/buck_ws/build/model_py/build install --record /home/kanja-koduki/buck_ws/build/model_py/install.log --single-version-externally-managed
[4.856s] running egg_info
[4.893s] writing ../../build/model_py/model_py.egg-info/PKG-INFO
[4.894s] writing dependency_links to ../../build/model_py/model_py.egg-info/dependency_links.txt
[4.894s] writing requirements to ../../build/model_py/model_py.egg-info/requires.txt
[4.895s] writing top-level names to ../../build/model_py/model_py.egg-info/top_level.txt
[4.971s] reading manifest file '../../build/model_py/model_py.egg-info/SOURCES.txt'
[4.973s] writing manifest file '../../build/model_py/model_py.egg-info/SOURCES.txt'
[4.973s] running build
[4.973s] running build_py
[4.974s] running install
[4.974s] /home/kanja-koduki/.local/lib/python3.10/site-packages/setuptools/_distutils/cmd.py:66: SetuptoolsDeprecationWarning: setup.py install is deprecated.
[4.974s] !!
[4.975s] 
[4.975s]         ********************************************************************************
[4.975s]         Please avoid running ``setup.py`` directly.
[4.975s]         Instead, use pypa/build, pypa/installer or other
[4.975s]         standards-based tools.
[4.975s] 
[4.976s]         See https://blog.ganssle.io/articles/2021/10/setup-py-deprecated.html for details.
[4.976s]         ********************************************************************************
[4.976s] 
[4.976s] !!
[4.976s]   self.initialize_options()
[4.987s] running install_lib
[5.024s] running install_data
[5.060s] copying launch/launch_sim.launch.py -> /home/kanja-koduki/buck_ws/install/model_py/share/model_py/launch
[5.060s] copying world/trial.world -> /home/kanja-koduki/buck_ws/install/model_py/share/model_py/world
[5.061s] running install_egg_info
[5.099s] removing '/home/kanja-koduki/buck_ws/install/model_py/lib/python3.10/site-packages/model_py-0.0.0-py3.10.egg-info' (and everything under it)
[5.099s] Copying ../../build/model_py/model_py.egg-info to /home/kanja-koduki/buck_ws/install/model_py/lib/python3.10/site-packages/model_py-0.0.0-py3.10.egg-info
[5.100s] running install_scripts
[5.436s] writing list of installed files to '/home/kanja-koduki/buck_ws/build/model_py/install.log'
[5.490s] Invoked command in '/home/kanja-koduki/buck_ws/src/model_py' returned '0': PYTHONPATH=/home/kanja-koduki/buck_ws/build/model_py/prefix_override:/home/kanja-koduki/buck_ws/install/model_py/lib/python3.10/site-packages:${PYTHONPATH} /usr/bin/python3 setup.py egg_info --egg-base ../../build/model_py build --build-base /home/kanja-koduki/buck_ws/build/model_py/build install --record /home/kanja-koduki/buck_ws/build/model_py/install.log --single-version-externally-managed
