[3.067s] Invoking command in '/home/kanja-koduki/buck_ws/src/model_py': PYTHONPATH=/home/kanja-koduki/buck_ws/build/model_py/prefix_override:/home/kanja-koduki/buck_ws/install/model_py/lib/python3.10/site-packages:${PYTHONPATH} /usr/bin/python3 setup.py egg_info --egg-base ../../build/model_py build --build-base /home/kanja-koduki/buck_ws/build/model_py/build install --record /home/kanja-koduki/buck_ws/build/model_py/install.log --single-version-externally-managed
[3.561s] running egg_info
[3.601s] writing ../../build/model_py/model_py.egg-info/PKG-INFO
[3.602s] writing dependency_links to ../../build/model_py/model_py.egg-info/dependency_links.txt
[3.602s] writing requirements to ../../build/model_py/model_py.egg-info/requires.txt
[3.603s] writing top-level names to ../../build/model_py/model_py.egg-info/top_level.txt
[3.676s] reading manifest file '../../build/model_py/model_py.egg-info/SOURCES.txt'
[3.679s] writing manifest file '../../build/model_py/model_py.egg-info/SOURCES.txt'
[3.679s] running build
[3.679s] running build_py
[3.679s] running install
[3.680s] /home/kanja-koduki/.local/lib/python3.10/site-packages/setuptools/_distutils/cmd.py:66: SetuptoolsDeprecationWarning: setup.py install is deprecated.
[3.680s] !!
[3.681s] 
[3.681s]         ********************************************************************************
[3.681s]         Please avoid running ``setup.py`` directly.
[3.681s]         Instead, use pypa/build, pypa/installer or other
[3.681s]         standards-based tools.
[3.681s] 
[3.681s]         See https://blog.ganssle.io/articles/2021/10/setup-py-deprecated.html for details.
[3.681s]         ********************************************************************************
[3.681s] 
[3.681s] !!
[3.682s]   self.initialize_options()
[3.691s] running install_lib
[3.729s] running install_data
[3.768s] copying urdf/run.urdf.xacro -> /home/kanja-koduki/buck_ws/install/model_py/share/model_py/urdf
[3.768s] copying urdf/robot_core.urdf.xacro -> /home/kanja-koduki/buck_ws/install/model_py/share/model_py/urdf
[3.768s] running install_egg_info
[3.808s] removing '/home/kanja-koduki/buck_ws/install/model_py/lib/python3.10/site-packages/model_py-0.0.0-py3.10.egg-info' (and everything under it)
[3.808s] Copying ../../build/model_py/model_py.egg-info to /home/kanja-koduki/buck_ws/install/model_py/lib/python3.10/site-packages/model_py-0.0.0-py3.10.egg-info
[3.810s] running install_scripts
[4.157s] writing list of installed files to '/home/kanja-koduki/buck_ws/build/model_py/install.log'
[4.206s] Invoked command in '/home/kanja-koduki/buck_ws/src/model_py' returned '0': PYTHONPATH=/home/kanja-koduki/buck_ws/build/model_py/prefix_override:/home/kanja-koduki/buck_ws/install/model_py/lib/python3.10/site-packages:${PYTHONPATH} /usr/bin/python3 setup.py egg_info --egg-base ../../build/model_py build --build-base /home/kanja-koduki/buck_ws/build/model_py/build install --record /home/kanja-koduki/buck_ws/build/model_py/install.log --single-version-externally-managed
