[4.190s] Invoking command in '/home/kanja-koduki/buck_ws/src/model_py': PYTHONPATH=/home/kanja-koduki/buck_ws/build/model_py/prefix_override:/home/kanja-koduki/buck_ws/install/model_py/lib/python3.10/site-packages:${PYTHONPATH} /usr/bin/python3 setup.py egg_info --egg-base ../../build/model_py build --build-base /home/kanja-koduki/buck_ws/build/model_py/build install --record /home/kanja-koduki/buck_ws/build/model_py/install.log --single-version-externally-managed
[4.668s] running egg_info
[4.705s] writing ../../build/model_py/model_py.egg-info/PKG-INFO
[4.706s] writing dependency_links to ../../build/model_py/model_py.egg-info/dependency_links.txt
[4.707s] writing requirements to ../../build/model_py/model_py.egg-info/requires.txt
[4.707s] writing top-level names to ../../build/model_py/model_py.egg-info/top_level.txt
[4.784s] reading manifest file '../../build/model_py/model_py.egg-info/SOURCES.txt'
[4.787s] writing manifest file '../../build/model_py/model_py.egg-info/SOURCES.txt'
[4.787s] running build
[4.787s] running build_py
[4.788s] running install
[4.789s] /home/kanja-koduki/.local/lib/python3.10/site-packages/setuptools/_distutils/cmd.py:66: SetuptoolsDeprecationWarning: setup.py install is deprecated.
[4.789s] !!
[4.789s] 
[4.789s]         ********************************************************************************
[4.789s]         Please avoid running ``setup.py`` directly.
[4.789s]         Instead, use pypa/build, pypa/installer or other
[4.789s]         standards-based tools.
[4.789s] 
[4.789s]         See https://blog.ganssle.io/articles/2021/10/setup-py-deprecated.html for details.
[4.789s]         ********************************************************************************
[4.790s] 
[4.790s] !!
[4.790s]   self.initialize_options()
[4.800s] running install_lib
[4.839s] running install_data
[4.878s] running install_egg_info
[4.916s] removing '/home/kanja-koduki/buck_ws/install/model_py/lib/python3.10/site-packages/model_py-0.0.0-py3.10.egg-info' (and everything under it)
[4.917s] Copying ../../build/model_py/model_py.egg-info to /home/kanja-koduki/buck_ws/install/model_py/lib/python3.10/site-packages/model_py-0.0.0-py3.10.egg-info
[4.918s] running install_scripts
[5.247s] writing list of installed files to '/home/kanja-koduki/buck_ws/build/model_py/install.log'
[5.423s] Invoked command in '/home/kanja-koduki/buck_ws/src/model_py' returned '0': PYTHONPATH=/home/kanja-koduki/buck_ws/build/model_py/prefix_override:/home/kanja-koduki/buck_ws/install/model_py/lib/python3.10/site-packages:${PYTHONPATH} /usr/bin/python3 setup.py egg_info --egg-base ../../build/model_py build --build-base /home/kanja-koduki/buck_ws/build/model_py/build install --record /home/kanja-koduki/buck_ws/build/model_py/install.log --single-version-externally-managed
