[4.626s] Invoking command in '/home/kanja-koduki/buck_ws/src/model_py': PYTHONPATH=/home/kanja-koduki/buck_ws/build/model_py/prefix_override:/home/kanja-koduki/buck_ws/install/model_py/lib/python3.10/site-packages:${PYTHONPATH} /usr/bin/python3 setup.py egg_info --egg-base ../../build/model_py build --build-base /home/kanja-koduki/buck_ws/build/model_py/build install --record /home/kanja-koduki/buck_ws/build/model_py/install.log --single-version-externally-managed
[5.128s] running egg_info
[5.165s] writing ../../build/model_py/model_py.egg-info/PKG-INFO
[5.166s] writing dependency_links to ../../build/model_py/model_py.egg-info/dependency_links.txt
[5.166s] writing entry points to ../../build/model_py/model_py.egg-info/entry_points.txt
[5.167s] writing requirements to ../../build/model_py/model_py.egg-info/requires.txt
[5.167s] writing top-level names to ../../build/model_py/model_py.egg-info/top_level.txt
[5.244s] reading manifest file '../../build/model_py/model_py.egg-info/SOURCES.txt'
[5.247s] writing manifest file '../../build/model_py/model_py.egg-info/SOURCES.txt'
[5.247s] running build
[5.247s] running build_py
[5.248s] running install
[5.249s] /home/kanja-koduki/.local/lib/python3.10/site-packages/setuptools/_distutils/cmd.py:66: SetuptoolsDeprecationWarning: setup.py install is deprecated.
[5.249s] !!
[5.250s] 
[5.250s]         ********************************************************************************
[5.250s]         Please avoid running ``setup.py`` directly.
[5.250s]         Instead, use pypa/build, pypa/installer or other
[5.250s]         standards-based tools.
[5.250s] 
[5.250s]         See https://blog.ganssle.io/articles/2021/10/setup-py-deprecated.html for details.
[5.250s]         ********************************************************************************
[5.251s] 
[5.251s] !!
[5.251s]   self.initialize_options()
[5.260s] running install_lib
[5.300s] running install_data
[5.340s] copying urdf/run.urdf.xacro -> /home/kanja-koduki/buck_ws/install/model_py/share/model_py/urdf
[5.340s] copying urdf/imu.urdf.xacro -> /home/kanja-koduki/buck_ws/install/model_py/share/model_py/urdf
[5.340s] running install_egg_info
[5.380s] removing '/home/kanja-koduki/buck_ws/install/model_py/lib/python3.10/site-packages/model_py-0.0.0-py3.10.egg-info' (and everything under it)
[5.381s] Copying ../../build/model_py/model_py.egg-info to /home/kanja-koduki/buck_ws/install/model_py/lib/python3.10/site-packages/model_py-0.0.0-py3.10.egg-info
[5.382s] running install_scripts
[5.785s] Installing keyboard_listener script to /home/kanja-koduki/buck_ws/install/model_py/lib/model_py
[5.785s] Installing laser_frame_publisher script to /home/kanja-koduki/buck_ws/install/model_py/lib/model_py
[5.785s] Installing test_joy script to /home/kanja-koduki/buck_ws/install/model_py/lib/model_py
[5.786s] writing list of installed files to '/home/kanja-koduki/buck_ws/build/model_py/install.log'
[5.974s] Invoked command in '/home/kanja-koduki/buck_ws/src/model_py' returned '0': PYTHONPATH=/home/kanja-koduki/buck_ws/build/model_py/prefix_override:/home/kanja-koduki/buck_ws/install/model_py/lib/python3.10/site-packages:${PYTHONPATH} /usr/bin/python3 setup.py egg_info --egg-base ../../build/model_py build --build-base /home/kanja-koduki/buck_ws/build/model_py/build install --record /home/kanja-koduki/buck_ws/build/model_py/install.log --single-version-externally-managed
