[2.617s] Invoking command in '/home/kanja-koduki/buck_ws/src/my_point': PYTHONPATH=/home/kanja-koduki/buck_ws/build/my_point/prefix_override:/home/kanja-koduki/buck_ws/install/my_point/lib/python3.10/site-packages:${PYTHONPATH} /usr/bin/python3 setup.py egg_info --egg-base ../../build/my_point build --build-base /home/kanja-koduki/buck_ws/build/my_point/build install --record /home/kanja-koduki/buck_ws/build/my_point/install.log --single-version-externally-managed
[2.973s] running egg_info
[3.001s] writing ../../build/my_point/my_point.egg-info/PKG-INFO
[3.002s] writing dependency_links to ../../build/my_point/my_point.egg-info/dependency_links.txt
[3.002s] writing entry points to ../../build/my_point/my_point.egg-info/entry_points.txt
[3.003s] writing requirements to ../../build/my_point/my_point.egg-info/requires.txt
[3.003s] writing top-level names to ../../build/my_point/my_point.egg-info/top_level.txt
[3.062s] reading manifest file '../../build/my_point/my_point.egg-info/SOURCES.txt'
[3.064s] writing manifest file '../../build/my_point/my_point.egg-info/SOURCES.txt'
[3.064s] running build
[3.064s] running build_py
[3.066s] running install
[3.066s] /home/kanja-koduki/.local/lib/python3.10/site-packages/setuptools/_distutils/cmd.py:66: SetuptoolsDeprecationWarning: setup.py install is deprecated.
[3.067s] !!
[3.067s] 
[3.067s]         ********************************************************************************
[3.067s]         Please avoid running ``setup.py`` directly.
[3.067s]         Instead, use pypa/build, pypa/installer or other
[3.067s]         standards-based tools.
[3.067s] 
[3.068s]         See https://blog.ganssle.io/articles/2021/10/setup-py-deprecated.html for details.
[3.068s]         ********************************************************************************
[3.068s] 
[3.068s] !!
[3.068s]   self.initialize_options()
[3.074s] running install_lib
[3.104s] running install_data
[3.133s] running install_egg_info
[3.163s] removing '/home/kanja-koduki/buck_ws/install/my_point/lib/python3.10/site-packages/my_point-0.0.0-py3.10.egg-info' (and everything under it)
[3.163s] Copying ../../build/my_point/my_point.egg-info to /home/kanja-koduki/buck_ws/install/my_point/lib/python3.10/site-packages/my_point-0.0.0-py3.10.egg-info
[3.164s] running install_scripts
[3.425s] Installing base_link_publisher script to /home/kanja-koduki/buck_ws/install/my_point/lib/my_point
[3.426s] Installing camera_pub script to /home/kanja-koduki/buck_ws/install/my_point/lib/my_point
[3.426s] Installing camera_sub script to /home/kanja-koduki/buck_ws/install/my_point/lib/my_point
[3.426s] Installing lidar_publisher script to /home/kanja-koduki/buck_ws/install/my_point/lib/my_point
[3.426s] Installing pcd_to_map_node script to /home/kanja-koduki/buck_ws/install/my_point/lib/my_point
[3.426s] Installing point_node script to /home/kanja-koduki/buck_ws/install/my_point/lib/my_point
[3.427s] writing list of installed files to '/home/kanja-koduki/buck_ws/build/my_point/install.log'
[3.483s] Invoked command in '/home/kanja-koduki/buck_ws/src/my_point' returned '0': PYTHONPATH=/home/kanja-koduki/buck_ws/build/my_point/prefix_override:/home/kanja-koduki/buck_ws/install/my_point/lib/python3.10/site-packages:${PYTHONPATH} /usr/bin/python3 setup.py egg_info --egg-base ../../build/my_point build --build-base /home/kanja-koduki/buck_ws/build/my_point/build install --record /home/kanja-koduki/buck_ws/build/my_point/install.log --single-version-externally-managed
