[3.817s] Invoking command in '/home/kanja-koduki/buck_ws/src/my_point': PYTHONPATH=/home/kanja-koduki/buck_ws/build/my_point/prefix_override:/home/kanja-koduki/buck_ws/install/my_point/lib/python3.10/site-packages:${PYTHONPATH} /usr/bin/python3 setup.py egg_info --egg-base ../../build/my_point build --build-base /home/kanja-koduki/buck_ws/build/my_point/build install --record /home/kanja-koduki/buck_ws/build/my_point/install.log --single-version-externally-managed
[4.304s] running egg_info
[4.343s] writing ../../build/my_point/my_point.egg-info/PKG-INFO
[4.344s] writing dependency_links to ../../build/my_point/my_point.egg-info/dependency_links.txt
[4.345s] writing entry points to ../../build/my_point/my_point.egg-info/entry_points.txt
[4.345s] writing requirements to ../../build/my_point/my_point.egg-info/requires.txt
[4.345s] writing top-level names to ../../build/my_point/my_point.egg-info/top_level.txt
[4.430s] reading manifest file '../../build/my_point/my_point.egg-info/SOURCES.txt'
[4.432s] writing manifest file '../../build/my_point/my_point.egg-info/SOURCES.txt'
[4.432s] running build
[4.432s] running build_py
[4.433s] copying my_point/mapsaver.py -> /home/kanja-koduki/buck_ws/build/my_point/build/lib/my_point
[4.434s] running install
[4.434s] /home/kanja-koduki/.local/lib/python3.10/site-packages/setuptools/_distutils/cmd.py:66: SetuptoolsDeprecationWarning: setup.py install is deprecated.
[4.435s] !!
[4.435s] 
[4.435s]         ********************************************************************************
[4.435s]         Please avoid running ``setup.py`` directly.
[4.435s]         Instead, use pypa/build, pypa/installer or other
[4.435s]         standards-based tools.
[4.435s] 
[4.435s]         See https://blog.ganssle.io/articles/2021/10/setup-py-deprecated.html for details.
[4.435s]         ********************************************************************************
[4.436s] 
[4.436s] !!
[4.436s]   self.initialize_options()
[4.451s] running install_lib
[4.490s] copying /home/kanja-koduki/buck_ws/build/my_point/build/lib/my_point/mapsaver.py -> /home/kanja-koduki/buck_ws/install/my_point/lib/python3.10/site-packages/my_point
[4.492s] byte-compiling /home/kanja-koduki/buck_ws/install/my_point/lib/python3.10/site-packages/my_point/mapsaver.py to mapsaver.cpython-310.pyc
[4.492s] running install_data
[4.533s] running install_egg_info
[4.579s] removing '/home/kanja-koduki/buck_ws/install/my_point/lib/python3.10/site-packages/my_point-0.0.0-py3.10.egg-info' (and everything under it)
[4.580s] Copying ../../build/my_point/my_point.egg-info to /home/kanja-koduki/buck_ws/install/my_point/lib/python3.10/site-packages/my_point-0.0.0-py3.10.egg-info
[4.582s] running install_scripts
[4.947s] Installing base_link_publisher script to /home/kanja-koduki/buck_ws/install/my_point/lib/my_point
[4.947s] Installing point_cloud_to_occupancy_grid script to /home/kanja-koduki/buck_ws/install/my_point/lib/my_point
[4.947s] Installing point_node script to /home/kanja-koduki/buck_ws/install/my_point/lib/my_point
[4.948s] writing list of installed files to '/home/kanja-koduki/buck_ws/build/my_point/install.log'
[5.101s] Invoked command in '/home/kanja-koduki/buck_ws/src/my_point' returned '0': PYTHONPATH=/home/kanja-koduki/buck_ws/build/my_point/prefix_override:/home/kanja-koduki/buck_ws/install/my_point/lib/python3.10/site-packages:${PYTHONPATH} /usr/bin/python3 setup.py egg_info --egg-base ../../build/my_point build --build-base /home/kanja-koduki/buck_ws/build/my_point/build install --record /home/kanja-koduki/buck_ws/build/my_point/install.log --single-version-externally-managed
