[3.419s] Invoking command in '/home/kanja-koduki/buck_ws/build/robot_description': CMAKE_PREFIX_PATH=${CMAKE_PREFIX_PATH}:/home/kanja-koduki/buck_ws/install/my_point:/home/kanja-koduki/buck_ws/install/model_py:/home/kanja-koduki/hannah_ws/install/hannah_bot:/home/kanja-koduki/niki_ws/install/sjtu_drone_bringup:/home/kanja-koduki/zypher_ws/install/prius_sdc_pkg:/home/kanja-koduki/ortega_ws/install/ortega_bot:/opt/ros/humble /home/kanja-koduki/.local/bin/cmake --build /home/kanja-koduki/buck_ws/build/robot_description -- -j8 -l8
[3.720s] Invoked command in '/home/kanja-koduki/buck_ws/build/robot_description' returned '0': CMAKE_PREFIX_PATH=${CMAKE_PREFIX_PATH}:/home/kanja-koduki/buck_ws/install/my_point:/home/kanja-koduki/buck_ws/install/model_py:/home/kanja-koduki/hannah_ws/install/hannah_bot:/home/kanja-koduki/niki_ws/install/sjtu_drone_bringup:/home/kanja-koduki/zypher_ws/install/prius_sdc_pkg:/home/kanja-koduki/ortega_ws/install/ortega_bot:/opt/ros/humble /home/kanja-koduki/.local/bin/cmake --build /home/kanja-koduki/buck_ws/build/robot_description -- -j8 -l8
[4.089s] Invoking command in '/home/kanja-koduki/buck_ws/build/robot_description': CMAKE_PREFIX_PATH=${CMAKE_PREFIX_PATH}:/home/kanja-koduki/buck_ws/install/my_point:/home/kanja-koduki/buck_ws/install/model_py:/home/kanja-koduki/hannah_ws/install/hannah_bot:/home/kanja-koduki/niki_ws/install/sjtu_drone_bringup:/home/kanja-koduki/zypher_ws/install/prius_sdc_pkg:/home/kanja-koduki/ortega_ws/install/ortega_bot:/opt/ros/humble /home/kanja-koduki/.local/bin/cmake --install /home/kanja-koduki/buck_ws/build/robot_description
[4.201s] -- Install configuration: ""
[4.202s] -- Up-to-date: /home/kanja-koduki/buck_ws/install/robot_description/share/robot_description/urdf
[4.202s] -- Up-to-date: /home/kanja-koduki/buck_ws/install/robot_description/share/robot_description/urdf/run.urdf.xacro
[4.202s] -- Up-to-date: /home/kanja-koduki/buck_ws/install/robot_description/share/robot_description/urdf/lidar.urdf.xacro
[4.202s] -- Up-to-date: /home/kanja-koduki/buck_ws/install/robot_description/share/robot_description/urdf/inertial.urdf.xacro
[4.202s] -- Up-to-date: /home/kanja-koduki/buck_ws/install/robot_description/share/robot_description/urdf/test2.urdf.xacro
[4.203s] -- Up-to-date: /home/kanja-koduki/buck_ws/install/robot_description/share/robot_description/urdf/robot_core.urdf.xacro
[4.203s] -- Up-to-date: /home/kanja-koduki/buck_ws/install/robot_description/share/robot_description/urdf/test.urdf.xacro
[4.203s] -- Up-to-date: /home/kanja-koduki/buck_ws/install/robot_description/share/robot_description/meshes
[4.203s] -- Up-to-date: /home/kanja-koduki/buck_ws/install/robot_description/share/robot_description/meshes/motor8.STL
[4.203s] -- Up-to-date: /home/kanja-koduki/buck_ws/install/robot_description/share/robot_description/meshes/motor7.STL
[4.203s] -- Up-to-date: /home/kanja-koduki/buck_ws/install/robot_description/share/robot_description/meshes/motor6.STL
[4.204s] -- Up-to-date: /home/kanja-koduki/buck_ws/install/robot_description/share/robot_description/meshes/model_test
[4.204s] -- Up-to-date: /home/kanja-koduki/buck_ws/install/robot_description/share/robot_description/meshes/model_test/model.config
[4.204s] -- Up-to-date: /home/kanja-koduki/buck_ws/install/robot_description/share/robot_description/meshes/model_test/model.sdf
[4.204s] -- Up-to-date: /home/kanja-koduki/buck_ws/install/robot_description/share/robot_description/meshes/motor2.STL
[4.204s] -- Up-to-date: /home/kanja-koduki/buck_ws/install/robot_description/share/robot_description/meshes/motor4.STL
[4.204s] -- Up-to-date: /home/kanja-koduki/buck_ws/install/robot_description/share/robot_description/meshes/motor3.STL
[4.205s] -- Up-to-date: /home/kanja-koduki/buck_ws/install/robot_description/share/robot_description/meshes/motor1.STL
[4.205s] -- Up-to-date: /home/kanja-koduki/buck_ws/install/robot_description/share/robot_description/meshes/base_link.STL
[4.205s] -- Up-to-date: /home/kanja-koduki/buck_ws/install/robot_description/share/robot_description/meshes/test
[4.205s] -- Up-to-date: /home/kanja-koduki/buck_ws/install/robot_description/share/robot_description/meshes/test/model.config
[4.205s] -- Up-to-date: /home/kanja-koduki/buck_ws/install/robot_description/share/robot_description/meshes/test/model.sdf
[4.206s] -- Up-to-date: /home/kanja-koduki/buck_ws/install/robot_description/share/robot_description/meshes/motor5.STL
[4.206s] -- Up-to-date: /home/kanja-koduki/buck_ws/install/robot_description/share/ament_index/resource_index/package_run_dependencies/robot_description
[4.206s] -- Up-to-date: /home/kanja-koduki/buck_ws/install/robot_description/share/ament_index/resource_index/parent_prefix_path/robot_description
[4.206s] -- Up-to-date: /home/kanja-koduki/buck_ws/install/robot_description/share/robot_description/environment/ament_prefix_path.sh
[4.206s] -- Up-to-date: /home/kanja-koduki/buck_ws/install/robot_description/share/robot_description/environment/ament_prefix_path.dsv
[4.207s] -- Up-to-date: /home/kanja-koduki/buck_ws/install/robot_description/share/robot_description/environment/path.sh
[4.207s] -- Up-to-date: /home/kanja-koduki/buck_ws/install/robot_description/share/robot_description/environment/path.dsv
[4.207s] -- Up-to-date: /home/kanja-koduki/buck_ws/install/robot_description/share/robot_description/local_setup.bash
[4.207s] -- Up-to-date: /home/kanja-koduki/buck_ws/install/robot_description/share/robot_description/local_setup.sh
[4.207s] -- Up-to-date: /home/kanja-koduki/buck_ws/install/robot_description/share/robot_description/local_setup.zsh
[4.207s] -- Up-to-date: /home/kanja-koduki/buck_ws/install/robot_description/share/robot_description/local_setup.dsv
[4.208s] -- Installing: /home/kanja-koduki/buck_ws/install/robot_description/share/robot_description/package.dsv
[4.208s] -- Up-to-date: /home/kanja-koduki/buck_ws/install/robot_description/share/ament_index/resource_index/packages/robot_description
[4.208s] -- Up-to-date: /home/kanja-koduki/buck_ws/install/robot_description/share/robot_description/cmake/robot_descriptionConfig.cmake
[4.208s] -- Up-to-date: /home/kanja-koduki/buck_ws/install/robot_description/share/robot_description/cmake/robot_descriptionConfig-version.cmake
[4.208s] -- Up-to-date: /home/kanja-koduki/buck_ws/install/robot_description/share/robot_description/package.xml
[4.230s] Invoked command in '/home/kanja-koduki/buck_ws/build/robot_description' returned '0': CMAKE_PREFIX_PATH=${CMAKE_PREFIX_PATH}:/home/kanja-koduki/buck_ws/install/my_point:/home/kanja-koduki/buck_ws/install/model_py:/home/kanja-koduki/hannah_ws/install/hannah_bot:/home/kanja-koduki/niki_ws/install/sjtu_drone_bringup:/home/kanja-koduki/zypher_ws/install/prius_sdc_pkg:/home/kanja-koduki/ortega_ws/install/ortega_bot:/opt/ros/humble /home/kanja-koduki/.local/bin/cmake --install /home/kanja-koduki/buck_ws/build/robot_description
