[5.268s] Invoking command in '/home/kanja-koduki/buck_ws/src/model_py': PYTHONPATH=/home/kanja-koduki/buck_ws/build/model_py/prefix_override:/home/kanja-koduki/buck_ws/install/model_py/lib/python3.10/site-packages:${PYTHONPATH} /usr/bin/python3 setup.py egg_info --egg-base ../../build/model_py build --build-base /home/kanja-koduki/buck_ws/build/model_py/build install --record /home/kanja-koduki/buck_ws/build/model_py/install.log --single-version-externally-managed
[5.836s] running egg_info
[5.881s] writing ../../build/model_py/model_py.egg-info/PKG-INFO
[5.882s] writing dependency_links to ../../build/model_py/model_py.egg-info/dependency_links.txt
[5.883s] writing entry points to ../../build/model_py/model_py.egg-info/entry_points.txt
[5.884s] writing requirements to ../../build/model_py/model_py.egg-info/requires.txt
[5.884s] writing top-level names to ../../build/model_py/model_py.egg-info/top_level.txt
[5.987s] reading manifest file '../../build/model_py/model_py.egg-info/SOURCES.txt'
[5.990s] writing manifest file '../../build/model_py/model_py.egg-info/SOURCES.txt'
[5.990s] running build
[5.990s] running build_py
[5.992s] running install
[5.992s] /home/kanja-koduki/.local/lib/python3.10/site-packages/setuptools/_distutils/cmd.py:66: SetuptoolsDeprecationWarning: setup.py install is deprecated.
[5.992s] !!
[5.993s] 
[5.993s]         ********************************************************************************
[5.993s]         Please avoid running ``setup.py`` directly.
[5.993s]         Instead, use pypa/build, pypa/installer or other
[5.993s]         standards-based tools.
[5.994s] 
[5.994s]         See https://blog.ganssle.io/articles/2021/10/setup-py-deprecated.html for details.
[5.994s]         ********************************************************************************
[5.994s] 
[5.994s] !!
[5.994s]   self.initialize_options()
[6.009s] running install_lib
[6.057s] running install_data
[6.105s] copying launch/test.launch.py -> /home/kanja-koduki/buck_ws/install/model_py/share/model_py/launch
[6.107s] running install_egg_info
[6.159s] removing '/home/kanja-koduki/buck_ws/install/model_py/lib/python3.10/site-packages/model_py-0.0.0-py3.10.egg-info' (and everything under it)
[6.160s] Copying ../../build/model_py/model_py.egg-info to /home/kanja-koduki/buck_ws/install/model_py/lib/python3.10/site-packages/model_py-0.0.0-py3.10.egg-info
[6.162s] running install_scripts
[6.641s] Installing laser_frame_publisher script to /home/kanja-koduki/buck_ws/install/model_py/lib/model_py
[6.642s] Installing test_joy script to /home/kanja-koduki/buck_ws/install/model_py/lib/model_py
[6.643s] writing list of installed files to '/home/kanja-koduki/buck_ws/build/model_py/install.log'
[6.704s] Invoked command in '/home/kanja-koduki/buck_ws/src/model_py' returned '0': PYTHONPATH=/home/kanja-koduki/buck_ws/build/model_py/prefix_override:/home/kanja-koduki/buck_ws/install/model_py/lib/python3.10/site-packages:${PYTHONPATH} /usr/bin/python3 setup.py egg_info --egg-base ../../build/model_py build --build-base /home/kanja-koduki/buck_ws/build/model_py/build install --record /home/kanja-koduki/buck_ws/build/model_py/install.log --single-version-externally-managed
