[4.844s] Invoking command in '/home/kanja-koduki/buck_ws/src/my_point': PYTHONPATH=/home/kanja-koduki/buck_ws/build/my_point/prefix_override:/home/kanja-koduki/buck_ws/install/my_point/lib/python3.10/site-packages:${PYTHONPATH} /usr/bin/python3 setup.py egg_info --egg-base ../../build/my_point build --build-base /home/kanja-koduki/buck_ws/build/my_point/build install --record /home/kanja-koduki/buck_ws/build/my_point/install.log --single-version-externally-managed
[5.462s] running egg_info
[5.510s] writing ../../build/my_point/my_point.egg-info/PKG-INFO
[5.511s] writing dependency_links to ../../build/my_point/my_point.egg-info/dependency_links.txt
[5.511s] writing entry points to ../../build/my_point/my_point.egg-info/entry_points.txt
[5.512s] writing requirements to ../../build/my_point/my_point.egg-info/requires.txt
[5.512s] writing top-level names to ../../build/my_point/my_point.egg-info/top_level.txt
[5.605s] reading manifest file '../../build/my_point/my_point.egg-info/SOURCES.txt'
[5.607s] writing manifest file '../../build/my_point/my_point.egg-info/SOURCES.txt'
[5.607s] running build
[5.608s] running build_py
[5.608s] copying my_point/threed.py -> /home/kanja-koduki/buck_ws/build/my_point/build/lib/my_point
[5.609s] running install
[5.609s] /home/kanja-koduki/.local/lib/python3.10/site-packages/setuptools/_distutils/cmd.py:66: SetuptoolsDeprecationWarning: setup.py install is deprecated.
[5.609s] !!
[5.610s] 
[5.610s]         ********************************************************************************
[5.610s]         Please avoid running ``setup.py`` directly.
[5.610s]         Instead, use pypa/build, pypa/installer or other
[5.610s]         standards-based tools.
[5.610s] 
[5.611s]         See https://blog.ganssle.io/articles/2021/10/setup-py-deprecated.html for details.
[5.611s]         ********************************************************************************
[5.611s] 
[5.611s] !!
[5.611s]   self.initialize_options()
[5.622s] running install_lib
[5.667s] copying /home/kanja-koduki/buck_ws/build/my_point/build/lib/my_point/threed.py -> /home/kanja-koduki/buck_ws/install/my_point/lib/python3.10/site-packages/my_point
[5.669s] byte-compiling /home/kanja-koduki/buck_ws/install/my_point/lib/python3.10/site-packages/my_point/threed.py to threed.cpython-310.pyc
[5.671s] running install_data
[5.714s] running install_egg_info
[5.769s] removing '/home/kanja-koduki/buck_ws/install/my_point/lib/python3.10/site-packages/my_point-0.0.0-py3.10.egg-info' (and everything under it)
[5.770s] Copying ../../build/my_point/my_point.egg-info to /home/kanja-koduki/buck_ws/install/my_point/lib/python3.10/site-packages/my_point-0.0.0-py3.10.egg-info
[5.771s] running install_scripts
[6.220s] Installing base_link_publisher script to /home/kanja-koduki/buck_ws/install/my_point/lib/my_point
[6.221s] Installing point_cloud_to_occupancy_grid script to /home/kanja-koduki/buck_ws/install/my_point/lib/my_point
[6.221s] Installing point_node script to /home/kanja-koduki/buck_ws/install/my_point/lib/my_point
[6.222s] writing list of installed files to '/home/kanja-koduki/buck_ws/build/my_point/install.log'
[6.409s] Invoked command in '/home/kanja-koduki/buck_ws/src/my_point' returned '0': PYTHONPATH=/home/kanja-koduki/buck_ws/build/my_point/prefix_override:/home/kanja-koduki/buck_ws/install/my_point/lib/python3.10/site-packages:${PYTHONPATH} /usr/bin/python3 setup.py egg_info --egg-base ../../build/my_point build --build-base /home/kanja-koduki/buck_ws/build/my_point/build install --record /home/kanja-koduki/buck_ws/build/my_point/install.log --single-version-externally-managed
