[4.273s] Invoking command in '/home/kanja-koduki/buck_ws/src/model_py': PYTHONPATH=/home/kanja-koduki/buck_ws/build/model_py/prefix_override:/home/kanja-koduki/buck_ws/install/model_py/lib/python3.10/site-packages:${PYTHONPATH} /usr/bin/python3 setup.py egg_info --egg-base ../../build/model_py build --build-base /home/kanja-koduki/buck_ws/build/model_py/build install --record /home/kanja-koduki/buck_ws/build/model_py/install.log --single-version-externally-managed
[4.757s] running egg_info
[4.794s] writing ../../build/model_py/model_py.egg-info/PKG-INFO
[4.795s] writing dependency_links to ../../build/model_py/model_py.egg-info/dependency_links.txt
[4.796s] writing requirements to ../../build/model_py/model_py.egg-info/requires.txt
[4.796s] writing top-level names to ../../build/model_py/model_py.egg-info/top_level.txt
[4.874s] reading manifest file '../../build/model_py/model_py.egg-info/SOURCES.txt'
[4.876s] writing manifest file '../../build/model_py/model_py.egg-info/SOURCES.txt'
[4.876s] running build
[4.876s] running build_py
[4.877s] running install
[4.878s] /home/kanja-koduki/.local/lib/python3.10/site-packages/setuptools/_distutils/cmd.py:66: SetuptoolsDeprecationWarning: setup.py install is deprecated.
[4.878s] !!
[4.878s] 
[4.878s]         ********************************************************************************
[4.879s]         Please avoid running ``setup.py`` directly.
[4.879s]         Instead, use pypa/build, pypa/installer or other
[4.879s]         standards-based tools.
[4.879s] 
[4.879s]         See https://blog.ganssle.io/articles/2021/10/setup-py-deprecated.html for details.
[4.879s]         ********************************************************************************
[4.880s] 
[4.880s] !!
[4.880s]   self.initialize_options()
[4.889s] running install_lib
[4.929s] running install_data
[4.966s] copying launch/launch_sim.launch.py -> /home/kanja-koduki/buck_ws/install/model_py/share/model_py/launch
[4.967s] running install_egg_info
[5.005s] removing '/home/kanja-koduki/buck_ws/install/model_py/lib/python3.10/site-packages/model_py-0.0.0-py3.10.egg-info' (and everything under it)
[5.006s] Copying ../../build/model_py/model_py.egg-info to /home/kanja-koduki/buck_ws/install/model_py/lib/python3.10/site-packages/model_py-0.0.0-py3.10.egg-info
[5.007s] running install_scripts
[5.344s] writing list of installed files to '/home/kanja-koduki/buck_ws/build/model_py/install.log'
[5.518s] Invoked command in '/home/kanja-koduki/buck_ws/src/model_py' returned '0': PYTHONPATH=/home/kanja-koduki/buck_ws/build/model_py/prefix_override:/home/kanja-koduki/buck_ws/install/model_py/lib/python3.10/site-packages:${PYTHONPATH} /usr/bin/python3 setup.py egg_info --egg-base ../../build/model_py build --build-base /home/kanja-koduki/buck_ws/build/model_py/build install --record /home/kanja-koduki/buck_ws/build/model_py/install.log --single-version-externally-managed
