[4.575s] Invoking command in '/home/kanja-koduki/buck_ws/src/model_py': PYTHONPATH=/home/kanja-koduki/buck_ws/build/model_py/prefix_override:/home/kanja-koduki/buck_ws/install/model_py/lib/python3.10/site-packages:${PYTHONPATH} /usr/bin/python3 setup.py egg_info --egg-base ../../build/model_py build --build-base /home/kanja-koduki/buck_ws/build/model_py/build install --record /home/kanja-koduki/buck_ws/build/model_py/install.log --single-version-externally-managed
[5.102s] running egg_info
[5.141s] writing ../../build/model_py/model_py.egg-info/PKG-INFO
[5.142s] writing dependency_links to ../../build/model_py/model_py.egg-info/dependency_links.txt
[5.143s] writing requirements to ../../build/model_py/model_py.egg-info/requires.txt
[5.143s] writing top-level names to ../../build/model_py/model_py.egg-info/top_level.txt
[5.253s] reading manifest file '../../build/model_py/model_py.egg-info/SOURCES.txt'
[5.257s] writing manifest file '../../build/model_py/model_py.egg-info/SOURCES.txt'
[5.258s] running build
[5.259s] running build_py
[5.261s] running install
[5.262s] /home/kanja-koduki/.local/lib/python3.10/site-packages/setuptools/_distutils/cmd.py:66: SetuptoolsDeprecationWarning: setup.py install is deprecated.
[5.263s] !!
[5.263s] 
[5.263s]         ********************************************************************************
[5.263s]         Please avoid running ``setup.py`` directly.
[5.263s]         Instead, use pypa/build, pypa/installer or other
[5.263s]         standards-based tools.
[5.264s] 
[5.264s]         See https://blog.ganssle.io/articles/2021/10/setup-py-deprecated.html for details.
[5.264s]         ********************************************************************************
[5.264s] 
[5.264s] !!
[5.265s]   self.initialize_options()
[5.285s] running install_lib
[5.338s] running install_data
[5.386s] copying urdf/lidar3d.urdf.xacro -> /home/kanja-koduki/buck_ws/install/model_py/share/model_py/urdf
[5.387s] running install_egg_info
[5.436s] removing '/home/kanja-koduki/buck_ws/install/model_py/lib/python3.10/site-packages/model_py-0.0.0-py3.10.egg-info' (and everything under it)
[5.436s] Copying ../../build/model_py/model_py.egg-info to /home/kanja-koduki/buck_ws/install/model_py/lib/python3.10/site-packages/model_py-0.0.0-py3.10.egg-info
[5.438s] running install_scripts
[5.857s] writing list of installed files to '/home/kanja-koduki/buck_ws/build/model_py/install.log'
[5.915s] Invoked command in '/home/kanja-koduki/buck_ws/src/model_py' returned '0': PYTHONPATH=/home/kanja-koduki/buck_ws/build/model_py/prefix_override:/home/kanja-koduki/buck_ws/install/model_py/lib/python3.10/site-packages:${PYTHONPATH} /usr/bin/python3 setup.py egg_info --egg-base ../../build/model_py build --build-base /home/kanja-koduki/buck_ws/build/model_py/build install --record /home/kanja-koduki/buck_ws/build/model_py/install.log --single-version-externally-managed
