[4.084s] Invoking command in '/home/kanja-koduki/buck_ws/src/my_point': PYTHONPATH=/home/kanja-koduki/buck_ws/build/my_point/prefix_override:/home/kanja-koduki/buck_ws/install/my_point/lib/python3.10/site-packages:${PYTHONPATH} /usr/bin/python3 setup.py egg_info --egg-base ../../build/my_point build --build-base /home/kanja-koduki/buck_ws/build/my_point/build install --record /home/kanja-koduki/buck_ws/build/my_point/install.log --single-version-externally-managed
[4.610s] running egg_info
[4.653s] writing ../../build/my_point/my_point.egg-info/PKG-INFO
[4.654s] writing dependency_links to ../../build/my_point/my_point.egg-info/dependency_links.txt
[4.655s] writing entry points to ../../build/my_point/my_point.egg-info/entry_points.txt
[4.655s] writing requirements to ../../build/my_point/my_point.egg-info/requires.txt
[4.656s] writing top-level names to ../../build/my_point/my_point.egg-info/top_level.txt
[4.749s] reading manifest file '../../build/my_point/my_point.egg-info/SOURCES.txt'
[4.752s] writing manifest file '../../build/my_point/my_point.egg-info/SOURCES.txt'
[4.752s] running build
[4.752s] running build_py
[4.753s] copying my_point/pointthree_pub.py -> /home/kanja-koduki/buck_ws/build/my_point/build/lib/my_point
[4.754s] running install
[4.755s] /home/kanja-koduki/.local/lib/python3.10/site-packages/setuptools/_distutils/cmd.py:66: SetuptoolsDeprecationWarning: setup.py install is deprecated.
[4.755s] !!
[4.755s] 
[4.755s]         ********************************************************************************
[4.755s]         Please avoid running ``setup.py`` directly.
[4.756s]         Instead, use pypa/build, pypa/installer or other
[4.756s]         standards-based tools.
[4.756s] 
[4.756s]         See https://blog.ganssle.io/articles/2021/10/setup-py-deprecated.html for details.
[4.756s]         ********************************************************************************
[4.757s] 
[4.757s] !!
[4.757s]   self.initialize_options()
[4.770s] running install_lib
[4.818s] copying /home/kanja-koduki/buck_ws/build/my_point/build/lib/my_point/pointthree_pub.py -> /home/kanja-koduki/buck_ws/install/my_point/lib/python3.10/site-packages/my_point
[4.820s] byte-compiling /home/kanja-koduki/buck_ws/install/my_point/lib/python3.10/site-packages/my_point/pointthree_pub.py to pointthree_pub.cpython-310.pyc
[4.822s] running install_data
[4.867s] running install_egg_info
[4.913s] removing '/home/kanja-koduki/buck_ws/install/my_point/lib/python3.10/site-packages/my_point-0.0.0-py3.10.egg-info' (and everything under it)
[4.913s] Copying ../../build/my_point/my_point.egg-info to /home/kanja-koduki/buck_ws/install/my_point/lib/python3.10/site-packages/my_point-0.0.0-py3.10.egg-info
[4.915s] running install_scripts
[5.333s] Installing base_link_publisher script to /home/kanja-koduki/buck_ws/install/my_point/lib/my_point
[5.333s] Installing lidar_publisher script to /home/kanja-koduki/buck_ws/install/my_point/lib/my_point
[5.334s] Installing point_node script to /home/kanja-koduki/buck_ws/install/my_point/lib/my_point
[5.335s] writing list of installed files to '/home/kanja-koduki/buck_ws/build/my_point/install.log'
[5.534s] Invoked command in '/home/kanja-koduki/buck_ws/src/my_point' returned '0': PYTHONPATH=/home/kanja-koduki/buck_ws/build/my_point/prefix_override:/home/kanja-koduki/buck_ws/install/my_point/lib/python3.10/site-packages:${PYTHONPATH} /usr/bin/python3 setup.py egg_info --egg-base ../../build/my_point build --build-base /home/kanja-koduki/buck_ws/build/my_point/build install --record /home/kanja-koduki/buck_ws/build/my_point/install.log --single-version-externally-managed
