[4.947s] Invoking command in '/home/kanja-koduki/buck_ws/src/my_point': PYTHONPATH=/home/kanja-koduki/buck_ws/build/my_point/prefix_override:/home/kanja-koduki/buck_ws/install/my_point/lib/python3.10/site-packages:${PYTHONPATH} /usr/bin/python3 setup.py egg_info --egg-base ../../build/my_point build --build-base /home/kanja-koduki/buck_ws/build/my_point/build install --record /home/kanja-koduki/buck_ws/build/my_point/install.log --single-version-externally-managed
[5.549s] running egg_info
[5.594s] writing ../../build/my_point/my_point.egg-info/PKG-INFO
[5.595s] writing dependency_links to ../../build/my_point/my_point.egg-info/dependency_links.txt
[5.595s] writing entry points to ../../build/my_point/my_point.egg-info/entry_points.txt
[5.596s] writing requirements to ../../build/my_point/my_point.egg-info/requires.txt
[5.596s] writing top-level names to ../../build/my_point/my_point.egg-info/top_level.txt
[5.709s] reading manifest file '../../build/my_point/my_point.egg-info/SOURCES.txt'
[5.712s] writing manifest file '../../build/my_point/my_point.egg-info/SOURCES.txt'
[5.712s] running build
[5.712s] running build_py
[5.714s] running install
[5.715s] /home/kanja-koduki/.local/lib/python3.10/site-packages/setuptools/_distutils/cmd.py:66: SetuptoolsDeprecationWarning: setup.py install is deprecated.
[5.715s] !!
[5.715s] 
[5.715s]         ********************************************************************************
[5.716s]         Please avoid running ``setup.py`` directly.
[5.716s]         Instead, use pypa/build, pypa/installer or other
[5.716s]         standards-based tools.
[5.716s] 
[5.716s]         See https://blog.ganssle.io/articles/2021/10/setup-py-deprecated.html for details.
[5.716s]         ********************************************************************************
[5.717s] 
[5.717s] !!
[5.717s]   self.initialize_options()
[5.736s] running install_lib
[5.797s] running install_data
[5.859s] running install_egg_info
[5.926s] removing '/home/kanja-koduki/buck_ws/install/my_point/lib/python3.10/site-packages/my_point-0.0.0-py3.10.egg-info' (and everything under it)
[5.934s] Copying ../../build/my_point/my_point.egg-info to /home/kanja-koduki/buck_ws/install/my_point/lib/python3.10/site-packages/my_point-0.0.0-py3.10.egg-info
[5.938s] running install_scripts
[6.457s] Installing base_link_publisher script to /home/kanja-koduki/buck_ws/install/my_point/lib/my_point
[6.458s] Installing camera_pub script to /home/kanja-koduki/buck_ws/install/my_point/lib/my_point
[6.458s] Installing camera_sub script to /home/kanja-koduki/buck_ws/install/my_point/lib/my_point
[6.458s] Installing lidar_publisher script to /home/kanja-koduki/buck_ws/install/my_point/lib/my_point
[6.458s] Installing pcd_to_map_node script to /home/kanja-koduki/buck_ws/install/my_point/lib/my_point
[6.459s] Installing point_node script to /home/kanja-koduki/buck_ws/install/my_point/lib/my_point
[6.460s] writing list of installed files to '/home/kanja-koduki/buck_ws/build/my_point/install.log'
[6.535s] Invoked command in '/home/kanja-koduki/buck_ws/src/my_point' returned '0': PYTHONPATH=/home/kanja-koduki/buck_ws/build/my_point/prefix_override:/home/kanja-koduki/buck_ws/install/my_point/lib/python3.10/site-packages:${PYTHONPATH} /usr/bin/python3 setup.py egg_info --egg-base ../../build/my_point build --build-base /home/kanja-koduki/buck_ws/build/my_point/build install --record /home/kanja-koduki/buck_ws/build/my_point/install.log --single-version-externally-managed
