[5.570s] Invoking command in '/home/kanja-koduki/buck_ws/src/my_point': PYTHONPATH=/home/kanja-koduki/buck_ws/build/my_point/prefix_override:/home/kanja-koduki/buck_ws/install/my_point/lib/python3.10/site-packages:${PYTHONPATH} /usr/bin/python3 setup.py egg_info --egg-base ../../build/my_point build --build-base /home/kanja-koduki/buck_ws/build/my_point/build install --record /home/kanja-koduki/buck_ws/build/my_point/install.log --single-version-externally-managed
[6.534s] running egg_info
[6.590s] writing ../../build/my_point/my_point.egg-info/PKG-INFO
[6.591s] writing dependency_links to ../../build/my_point/my_point.egg-info/dependency_links.txt
[6.592s] writing entry points to ../../build/my_point/my_point.egg-info/entry_points.txt
[6.592s] writing requirements to ../../build/my_point/my_point.egg-info/requires.txt
[6.593s] writing top-level names to ../../build/my_point/my_point.egg-info/top_level.txt
[6.726s] reading manifest file '../../build/my_point/my_point.egg-info/SOURCES.txt'
[6.729s] writing manifest file '../../build/my_point/my_point.egg-info/SOURCES.txt'
[6.729s] running build
[6.729s] running build_py
[6.731s] running install
[6.733s] /home/kanja-koduki/.local/lib/python3.10/site-packages/setuptools/_distutils/cmd.py:66: SetuptoolsDeprecationWarning: setup.py install is deprecated.
[6.733s] !!
[6.733s] 
[6.733s]         ********************************************************************************
[6.733s]         Please avoid running ``setup.py`` directly.
[6.734s]         Instead, use pypa/build, pypa/installer or other
[6.734s]         standards-based tools.
[6.734s] 
[6.734s]         See https://blog.ganssle.io/articles/2021/10/setup-py-deprecated.html for details.
[6.734s]         ********************************************************************************
[6.735s] 
[6.735s] !!
[6.735s]   self.initialize_options()
[6.766s] running install_lib
[6.825s] running install_data
[6.893s] running install_egg_info
[6.969s] removing '/home/kanja-koduki/buck_ws/install/my_point/lib/python3.10/site-packages/my_point-0.0.0-py3.10.egg-info' (and everything under it)
[6.971s] Copying ../../build/my_point/my_point.egg-info to /home/kanja-koduki/buck_ws/install/my_point/lib/python3.10/site-packages/my_point-0.0.0-py3.10.egg-info
[6.973s] running install_scripts
[7.582s] Installing base_link_publisher script to /home/kanja-koduki/buck_ws/install/my_point/lib/my_point
[7.583s] Installing camera_pub script to /home/kanja-koduki/buck_ws/install/my_point/lib/my_point
[7.583s] Installing camera_sub script to /home/kanja-koduki/buck_ws/install/my_point/lib/my_point
[7.583s] Installing lidar_publisher script to /home/kanja-koduki/buck_ws/install/my_point/lib/my_point
[7.584s] Installing pcd_to_map_node script to /home/kanja-koduki/buck_ws/install/my_point/lib/my_point
[7.584s] Installing point_node script to /home/kanja-koduki/buck_ws/install/my_point/lib/my_point
[7.585s] writing list of installed files to '/home/kanja-koduki/buck_ws/build/my_point/install.log'
[7.847s] Invoked command in '/home/kanja-koduki/buck_ws/src/my_point' returned '0': PYTHONPATH=/home/kanja-koduki/buck_ws/build/my_point/prefix_override:/home/kanja-koduki/buck_ws/install/my_point/lib/python3.10/site-packages:${PYTHONPATH} /usr/bin/python3 setup.py egg_info --egg-base ../../build/my_point build --build-base /home/kanja-koduki/buck_ws/build/my_point/build install --record /home/kanja-koduki/buck_ws/build/my_point/install.log --single-version-externally-managed
