[1.876s] Invoking command in '/home/kanja-koduki/buck_ws/src/model_py': PYTHONPATH=/home/kanja-koduki/buck_ws/build/model_py/prefix_override:/home/kanja-koduki/buck_ws/install/model_py/lib/python3.10/site-packages:${PYTHONPATH} /usr/bin/python3 setup.py egg_info --egg-base ../../build/model_py build --build-base /home/kanja-koduki/buck_ws/build/model_py/build install --record /home/kanja-koduki/buck_ws/build/model_py/install.log --single-version-externally-managed
[2.078s] running egg_info
[2.093s] writing ../../build/model_py/model_py.egg-info/PKG-INFO
[2.094s] writing dependency_links to ../../build/model_py/model_py.egg-info/dependency_links.txt
[2.094s] writing entry points to ../../build/model_py/model_py.egg-info/entry_points.txt
[2.094s] writing requirements to ../../build/model_py/model_py.egg-info/requires.txt
[2.094s] writing top-level names to ../../build/model_py/model_py.egg-info/top_level.txt
[2.127s] reading manifest file '../../build/model_py/model_py.egg-info/SOURCES.txt'
[2.128s] writing manifest file '../../build/model_py/model_py.egg-info/SOURCES.txt'
[2.128s] running build
[2.128s] running build_py
[2.128s] running install
[2.129s] /home/kanja-koduki/.local/lib/python3.10/site-packages/setuptools/_distutils/cmd.py:66: SetuptoolsDeprecationWarning: setup.py install is deprecated.
[2.129s] !!
[2.129s] 
[2.129s]         ********************************************************************************
[2.129s]         Please avoid running ``setup.py`` directly.
[2.129s]         Instead, use pypa/build, pypa/installer or other
[2.129s]         standards-based tools.
[2.129s] 
[2.129s]         See https://blog.ganssle.io/articles/2021/10/setup-py-deprecated.html for details.
[2.129s]         ********************************************************************************
[2.129s] 
[2.129s] !!
[2.130s]   self.initialize_options()
[2.133s] running install_lib
[2.151s] running install_data
[2.167s] copying urdf/depthcamera.urdf.xacro -> /home/kanja-koduki/buck_ws/install/model_py/share/model_py/urdf
[2.167s] running install_egg_info
[2.185s] removing '/home/kanja-koduki/buck_ws/install/model_py/lib/python3.10/site-packages/model_py-0.0.0-py3.10.egg-info' (and everything under it)
[2.185s] Copying ../../build/model_py/model_py.egg-info to /home/kanja-koduki/buck_ws/install/model_py/lib/python3.10/site-packages/model_py-0.0.0-py3.10.egg-info
[2.186s] running install_scripts
[2.328s] Installing laser_frame_publisher script to /home/kanja-koduki/buck_ws/install/model_py/lib/model_py
[2.328s] writing list of installed files to '/home/kanja-koduki/buck_ws/build/model_py/install.log'
[2.409s] Invoked command in '/home/kanja-koduki/buck_ws/src/model_py' returned '0': PYTHONPATH=/home/kanja-koduki/buck_ws/build/model_py/prefix_override:/home/kanja-koduki/buck_ws/install/model_py/lib/python3.10/site-packages:${PYTHONPATH} /usr/bin/python3 setup.py egg_info --egg-base ../../build/model_py build --build-base /home/kanja-koduki/buck_ws/build/model_py/build install --record /home/kanja-koduki/buck_ws/build/model_py/install.log --single-version-externally-managed
