[1.744s] Invoking command in '/home/kanja-koduki/buck_ws/src/model_py': PYTHONPATH=/home/kanja-koduki/buck_ws/build/model_py/prefix_override:/home/kanja-koduki/buck_ws/install/model_py/lib/python3.10/site-packages:${PYTHONPATH} /usr/bin/python3 setup.py egg_info --egg-base ../../build/model_py build --build-base /home/kanja-koduki/buck_ws/build/model_py/build install --record /home/kanja-koduki/buck_ws/build/model_py/install.log --single-version-externally-managed
[1.935s] running egg_info
[1.949s] writing ../../build/model_py/model_py.egg-info/PKG-INFO
[1.950s] writing dependency_links to ../../build/model_py/model_py.egg-info/dependency_links.txt
[1.950s] writing entry points to ../../build/model_py/model_py.egg-info/entry_points.txt
[1.950s] writing requirements to ../../build/model_py/model_py.egg-info/requires.txt
[1.950s] writing top-level names to ../../build/model_py/model_py.egg-info/top_level.txt
[1.982s] reading manifest file '../../build/model_py/model_py.egg-info/SOURCES.txt'
[1.984s] writing manifest file '../../build/model_py/model_py.egg-info/SOURCES.txt'
[1.985s] running build
[1.985s] running build_py
[1.985s] running install
[1.985s] /home/kanja-koduki/.local/lib/python3.10/site-packages/setuptools/_distutils/cmd.py:66: SetuptoolsDeprecationWarning: setup.py install is deprecated.
[1.985s] !!
[1.985s] 
[1.985s]         ********************************************************************************
[1.985s]         Please avoid running ``setup.py`` directly.
[1.985s]         Instead, use pypa/build, pypa/installer or other
[1.985s]         standards-based tools.
[1.985s] 
[1.985s]         See https://blog.ganssle.io/articles/2021/10/setup-py-deprecated.html for details.
[1.985s]         ********************************************************************************
[1.985s] 
[1.986s] !!
[1.986s]   self.initialize_options()
[1.989s] running install_lib
[2.005s] running install_data
[2.020s] running install_egg_info
[2.035s] removing '/home/kanja-koduki/buck_ws/install/model_py/lib/python3.10/site-packages/model_py-0.0.0-py3.10.egg-info' (and everything under it)
[2.035s] Copying ../../build/model_py/model_py.egg-info to /home/kanja-koduki/buck_ws/install/model_py/lib/python3.10/site-packages/model_py-0.0.0-py3.10.egg-info
[2.036s] running install_scripts
[2.167s] Installing laser_frame_publisher script to /home/kanja-koduki/buck_ws/install/model_py/lib/model_py
[2.168s] Installing test_joy script to /home/kanja-koduki/buck_ws/install/model_py/lib/model_py
[2.168s] writing list of installed files to '/home/kanja-koduki/buck_ws/build/model_py/install.log'
[2.199s] Invoked command in '/home/kanja-koduki/buck_ws/src/model_py' returned '0': PYTHONPATH=/home/kanja-koduki/buck_ws/build/model_py/prefix_override:/home/kanja-koduki/buck_ws/install/model_py/lib/python3.10/site-packages:${PYTHONPATH} /usr/bin/python3 setup.py egg_info --egg-base ../../build/model_py build --build-base /home/kanja-koduki/buck_ws/build/model_py/build install --record /home/kanja-koduki/buck_ws/build/model_py/install.log --single-version-externally-managed
