[5.915s] Invoking command in '/home/kanja-koduki/buck_ws/src/my_point': PYTHONPATH=/home/kanja-koduki/buck_ws/build/my_point/prefix_override:/home/kanja-koduki/buck_ws/install/my_point/lib/python3.10/site-packages:${PYTHONPATH} /usr/bin/python3 setup.py egg_info --egg-base ../../build/my_point build --build-base /home/kanja-koduki/buck_ws/build/my_point/build install --record /home/kanja-koduki/buck_ws/build/my_point/install.log --single-version-externally-managed
[6.711s] running egg_info
[6.777s] writing ../../build/my_point/my_point.egg-info/PKG-INFO
[6.778s] writing dependency_links to ../../build/my_point/my_point.egg-info/dependency_links.txt
[6.780s] writing entry points to ../../build/my_point/my_point.egg-info/entry_points.txt
[6.781s] writing requirements to ../../build/my_point/my_point.egg-info/requires.txt
[6.782s] writing top-level names to ../../build/my_point/my_point.egg-info/top_level.txt
[6.901s] reading manifest file '../../build/my_point/my_point.egg-info/SOURCES.txt'
[6.904s] writing manifest file '../../build/my_point/my_point.egg-info/SOURCES.txt'
[6.904s] running build
[6.905s] running build_py
[6.906s] running install
[6.907s] /home/kanja-koduki/.local/lib/python3.10/site-packages/setuptools/_distutils/cmd.py:66: SetuptoolsDeprecationWarning: setup.py install is deprecated.
[6.907s] !!
[6.907s] 
[6.908s]         ********************************************************************************
[6.908s]         Please avoid running ``setup.py`` directly.
[6.908s]         Instead, use pypa/build, pypa/installer or other
[6.908s]         standards-based tools.
[6.908s] 
[6.909s]         See https://blog.ganssle.io/articles/2021/10/setup-py-deprecated.html for details.
[6.909s]         ********************************************************************************
[6.909s] 
[6.909s] !!
[6.909s]   self.initialize_options()
[6.922s] running install_lib
[6.982s] running install_data
[7.040s] running install_egg_info
[7.109s] removing '/home/kanja-koduki/buck_ws/install/my_point/lib/python3.10/site-packages/my_point-0.0.0-py3.10.egg-info' (and everything under it)
[7.110s] Copying ../../build/my_point/my_point.egg-info to /home/kanja-koduki/buck_ws/install/my_point/lib/python3.10/site-packages/my_point-0.0.0-py3.10.egg-info
[7.117s] running install_scripts
[7.733s] Installing base_link_publisher script to /home/kanja-koduki/buck_ws/install/my_point/lib/my_point
[7.733s] Installing camera_pub script to /home/kanja-koduki/buck_ws/install/my_point/lib/my_point
[7.733s] Installing camera_sub script to /home/kanja-koduki/buck_ws/install/my_point/lib/my_point
[7.734s] Installing lidar_publisher script to /home/kanja-koduki/buck_ws/install/my_point/lib/my_point
[7.734s] Installing pcd_to_map_node script to /home/kanja-koduki/buck_ws/install/my_point/lib/my_point
[7.735s] Installing point_node script to /home/kanja-koduki/buck_ws/install/my_point/lib/my_point
[7.736s] writing list of installed files to '/home/kanja-koduki/buck_ws/build/my_point/install.log'
[7.828s] Invoked command in '/home/kanja-koduki/buck_ws/src/my_point' returned '0': PYTHONPATH=/home/kanja-koduki/buck_ws/build/my_point/prefix_override:/home/kanja-koduki/buck_ws/install/my_point/lib/python3.10/site-packages:${PYTHONPATH} /usr/bin/python3 setup.py egg_info --egg-base ../../build/my_point build --build-base /home/kanja-koduki/buck_ws/build/my_point/build install --record /home/kanja-koduki/buck_ws/build/my_point/install.log --single-version-externally-managed
