[1.659s] Invoking command in '/home/kanja-koduki/buck_ws/src/model_py': PYTHONPATH=/home/kanja-koduki/buck_ws/build/model_py/prefix_override:/home/kanja-koduki/buck_ws/install/model_py/lib/python3.10/site-packages:${PYTHONPATH} /usr/bin/python3 setup.py egg_info --egg-base ../../build/model_py build --build-base /home/kanja-koduki/buck_ws/build/model_py/build install --record /home/kanja-koduki/buck_ws/build/model_py/install.log --single-version-externally-managed
[1.844s] running egg_info
[1.858s] writing ../../build/model_py/model_py.egg-info/PKG-INFO
[1.858s] writing dependency_links to ../../build/model_py/model_py.egg-info/dependency_links.txt
[1.858s] writing entry points to ../../build/model_py/model_py.egg-info/entry_points.txt
[1.858s] writing requirements to ../../build/model_py/model_py.egg-info/requires.txt
[1.859s] writing top-level names to ../../build/model_py/model_py.egg-info/top_level.txt
[1.889s] reading manifest file '../../build/model_py/model_py.egg-info/SOURCES.txt'
[1.890s] writing manifest file '../../build/model_py/model_py.egg-info/SOURCES.txt'
[1.890s] running build
[1.891s] running build_py
[1.891s] running install
[1.891s] /home/kanja-koduki/.local/lib/python3.10/site-packages/setuptools/_distutils/cmd.py:66: SetuptoolsDeprecationWarning: setup.py install is deprecated.
[1.891s] !!
[1.891s] 
[1.891s]         ********************************************************************************
[1.891s]         Please avoid running ``setup.py`` directly.
[1.891s]         Instead, use pypa/build, pypa/installer or other
[1.891s]         standards-based tools.
[1.891s] 
[1.891s]         See https://blog.ganssle.io/articles/2021/10/setup-py-deprecated.html for details.
[1.892s]         ********************************************************************************
[1.892s] 
[1.892s] !!
[1.892s]   self.initialize_options()
[1.896s] running install_lib
[1.910s] running install_data
[1.925s] error: can't copy 'config/log': doesn't exist or not a regular file
[1.940s] Invoked command in '/home/kanja-koduki/buck_ws/src/model_py' returned '1': PYTHONPATH=/home/kanja-koduki/buck_ws/build/model_py/prefix_override:/home/kanja-koduki/buck_ws/install/model_py/lib/python3.10/site-packages:${PYTHONPATH} /usr/bin/python3 setup.py egg_info --egg-base ../../build/model_py build --build-base /home/kanja-koduki/buck_ws/build/model_py/build install --record /home/kanja-koduki/buck_ws/build/model_py/install.log --single-version-externally-managed
