[4.973s] Invoking command in '/home/kanja-koduki/buck_ws/src/my_point': PYTHONPATH=/home/kanja-koduki/buck_ws/build/my_point/prefix_override:/home/kanja-koduki/buck_ws/install/my_point/lib/python3.10/site-packages:${PYTHONPATH} /usr/bin/python3 setup.py egg_info --egg-base ../../build/my_point build --build-base /home/kanja-koduki/buck_ws/build/my_point/build install --record /home/kanja-koduki/buck_ws/build/my_point/install.log --single-version-externally-managed
[5.665s] running egg_info
[5.717s] writing ../../build/my_point/my_point.egg-info/PKG-INFO
[5.718s] writing dependency_links to ../../build/my_point/my_point.egg-info/dependency_links.txt
[5.719s] writing entry points to ../../build/my_point/my_point.egg-info/entry_points.txt
[5.719s] writing requirements to ../../build/my_point/my_point.egg-info/requires.txt
[5.720s] writing top-level names to ../../build/my_point/my_point.egg-info/top_level.txt
[5.829s] reading manifest file '../../build/my_point/my_point.egg-info/SOURCES.txt'
[5.832s] writing manifest file '../../build/my_point/my_point.egg-info/SOURCES.txt'
[5.832s] running build
[5.832s] running build_py
[5.834s] running install
[5.834s] /home/kanja-koduki/.local/lib/python3.10/site-packages/setuptools/_distutils/cmd.py:66: SetuptoolsDeprecationWarning: setup.py install is deprecated.
[5.834s] !!
[5.835s] 
[5.835s]         ********************************************************************************
[5.835s]         Please avoid running ``setup.py`` directly.
[5.835s]         Instead, use pypa/build, pypa/installer or other
[5.835s]         standards-based tools.
[5.835s] 
[5.836s]         See https://blog.ganssle.io/articles/2021/10/setup-py-deprecated.html for details.
[5.836s]         ********************************************************************************
[5.836s] 
[5.836s] !!
[5.836s]   self.initialize_options()
[5.853s] running install_lib
[5.909s] running install_data
[5.954s] running install_egg_info
[5.998s] removing '/home/kanja-koduki/buck_ws/install/my_point/lib/python3.10/site-packages/my_point-0.0.0-py3.10.egg-info' (and everything under it)
[5.999s] Copying ../../build/my_point/my_point.egg-info to /home/kanja-koduki/buck_ws/install/my_point/lib/python3.10/site-packages/my_point-0.0.0-py3.10.egg-info
[6.001s] running install_scripts
[6.481s] Installing base_link_publisher script to /home/kanja-koduki/buck_ws/install/my_point/lib/my_point
[6.482s] Installing camera_pub script to /home/kanja-koduki/buck_ws/install/my_point/lib/my_point
[6.482s] Installing camera_sub script to /home/kanja-koduki/buck_ws/install/my_point/lib/my_point
[6.482s] Installing lidar_publisher script to /home/kanja-koduki/buck_ws/install/my_point/lib/my_point
[6.482s] Installing pcd_to_map_node script to /home/kanja-koduki/buck_ws/install/my_point/lib/my_point
[6.483s] Installing point_node script to /home/kanja-koduki/buck_ws/install/my_point/lib/my_point
[6.484s] writing list of installed files to '/home/kanja-koduki/buck_ws/build/my_point/install.log'
[6.542s] Invoked command in '/home/kanja-koduki/buck_ws/src/my_point' returned '0': PYTHONPATH=/home/kanja-koduki/buck_ws/build/my_point/prefix_override:/home/kanja-koduki/buck_ws/install/my_point/lib/python3.10/site-packages:${PYTHONPATH} /usr/bin/python3 setup.py egg_info --egg-base ../../build/my_point build --build-base /home/kanja-koduki/buck_ws/build/my_point/build install --record /home/kanja-koduki/buck_ws/build/my_point/install.log --single-version-externally-managed
