[2.541s] Invoking command in '/home/kanja-koduki/buck_ws/build/pointcloud': CMAKE_PREFIX_PATH=${CMAKE_PREFIX_PATH}:/home/kanja-koduki/buck_ws/install/my_point:/home/kanja-koduki/buck_ws/install/model_py:/home/kanja-koduki/hannah_ws/install/hannah_bot:/home/kanja-koduki/niki_ws/install/sjtu_drone_bringup:/home/kanja-koduki/zypher_ws/install/prius_sdc_pkg:/home/kanja-koduki/ortega_ws/install/ortega_bot:/opt/ros/humble /home/kanja-koduki/.local/bin/cmake /home/kanja-koduki/buck_ws/src/pointcloud -DCMAKE_INSTALL_PREFIX=/home/kanja-koduki/buck_ws/install/pointcloud
[2.765s] -- The C compiler identification is GNU 11.4.0
[2.935s] -- The CXX compiler identification is GNU 11.4.0
[2.981s] -- Detecting C compiler ABI info
[3.117s] -- Detecting C compiler ABI info - done
[3.141s] -- Check for working C compiler: /usr/bin/cc - skipped
[3.142s] -- Detecting C compile features
[3.144s] -- Detecting C compile features - done
[3.161s] -- Detecting CXX compiler ABI info
[3.300s] -- Detecting CXX compiler ABI info - done
[3.324s] -- Check for working CXX compiler: /usr/bin/c++ - skipped
[3.324s] -- Detecting CXX compile features
[3.326s] -- Detecting CXX compile features - done
[3.336s] -- Found ament_cmake: 1.3.5 (/opt/ros/humble/share/ament_cmake/cmake)
[3.872s] -- Found Python3: /usr/bin/python3.12 (found version "3.12.0") found components: Interpreter 
[4.163s] -- Found ament_lint_auto: 0.12.8 (/opt/ros/humble/share/ament_lint_auto/cmake)
[4.464s] -- Added test 'lint_cmake' to check CMake code style
[4.468s] -- Added test 'xmllint' to check XML markup files
[4.471s] -- Configuring done (1.9s)
[4.476s] -- Generating done (0.0s)
[4.478s] -- Build files have been written to: /home/kanja-koduki/buck_ws/build/pointcloud
[4.496s] Invoked command in '/home/kanja-koduki/buck_ws/build/pointcloud' returned '0': CMAKE_PREFIX_PATH=${CMAKE_PREFIX_PATH}:/home/kanja-koduki/buck_ws/install/my_point:/home/kanja-koduki/buck_ws/install/model_py:/home/kanja-koduki/hannah_ws/install/hannah_bot:/home/kanja-koduki/niki_ws/install/sjtu_drone_bringup:/home/kanja-koduki/zypher_ws/install/prius_sdc_pkg:/home/kanja-koduki/ortega_ws/install/ortega_bot:/opt/ros/humble /home/kanja-koduki/.local/bin/cmake /home/kanja-koduki/buck_ws/src/pointcloud -DCMAKE_INSTALL_PREFIX=/home/kanja-koduki/buck_ws/install/pointcloud
[4.500s] Invoking command in '/home/kanja-koduki/buck_ws/build/pointcloud': CMAKE_PREFIX_PATH=${CMAKE_PREFIX_PATH}:/home/kanja-koduki/buck_ws/install/my_point:/home/kanja-koduki/buck_ws/install/model_py:/home/kanja-koduki/hannah_ws/install/hannah_bot:/home/kanja-koduki/niki_ws/install/sjtu_drone_bringup:/home/kanja-koduki/zypher_ws/install/prius_sdc_pkg:/home/kanja-koduki/ortega_ws/install/ortega_bot:/opt/ros/humble /home/kanja-koduki/.local/bin/cmake --build /home/kanja-koduki/buck_ws/build/pointcloud -- -j8 -l8
[4.589s] Invoked command in '/home/kanja-koduki/buck_ws/build/pointcloud' returned '0': CMAKE_PREFIX_PATH=${CMAKE_PREFIX_PATH}:/home/kanja-koduki/buck_ws/install/my_point:/home/kanja-koduki/buck_ws/install/model_py:/home/kanja-koduki/hannah_ws/install/hannah_bot:/home/kanja-koduki/niki_ws/install/sjtu_drone_bringup:/home/kanja-koduki/zypher_ws/install/prius_sdc_pkg:/home/kanja-koduki/ortega_ws/install/ortega_bot:/opt/ros/humble /home/kanja-koduki/.local/bin/cmake --build /home/kanja-koduki/buck_ws/build/pointcloud -- -j8 -l8
[4.690s] Invoking command in '/home/kanja-koduki/buck_ws/build/pointcloud': CMAKE_PREFIX_PATH=${CMAKE_PREFIX_PATH}:/home/kanja-koduki/buck_ws/install/my_point:/home/kanja-koduki/buck_ws/install/model_py:/home/kanja-koduki/hannah_ws/install/hannah_bot:/home/kanja-koduki/niki_ws/install/sjtu_drone_bringup:/home/kanja-koduki/zypher_ws/install/prius_sdc_pkg:/home/kanja-koduki/ortega_ws/install/ortega_bot:/opt/ros/humble /home/kanja-koduki/.local/bin/cmake --install /home/kanja-koduki/buck_ws/build/pointcloud
[4.749s] -- Install configuration: ""
[4.750s] -- Installing: /home/kanja-koduki/buck_ws/install/pointcloud/share/ament_index/resource_index/package_run_dependencies/pointcloud
[4.750s] -- Installing: /home/kanja-koduki/buck_ws/install/pointcloud/share/ament_index/resource_index/parent_prefix_path/pointcloud
[4.751s] -- Installing: /home/kanja-koduki/buck_ws/install/pointcloud/share/pointcloud/environment/ament_prefix_path.sh
[4.751s] -- Installing: /home/kanja-koduki/buck_ws/install/pointcloud/share/pointcloud/environment/ament_prefix_path.dsv
[4.751s] -- Installing: /home/kanja-koduki/buck_ws/install/pointcloud/share/pointcloud/environment/path.sh
[4.751s] -- Installing: /home/kanja-koduki/buck_ws/install/pointcloud/share/pointcloud/environment/path.dsv
[4.751s] -- Installing: /home/kanja-koduki/buck_ws/install/pointcloud/share/pointcloud/local_setup.bash
[4.752s] -- Installing: /home/kanja-koduki/buck_ws/install/pointcloud/share/pointcloud/local_setup.sh
[4.752s] -- Installing: /home/kanja-koduki/buck_ws/install/pointcloud/share/pointcloud/local_setup.zsh
[4.752s] -- Installing: /home/kanja-koduki/buck_ws/install/pointcloud/share/pointcloud/local_setup.dsv
[4.753s] -- Installing: /home/kanja-koduki/buck_ws/install/pointcloud/share/pointcloud/package.dsv
[4.753s] -- Installing: /home/kanja-koduki/buck_ws/install/pointcloud/share/ament_index/resource_index/packages/pointcloud
[4.753s] -- Installing: /home/kanja-koduki/buck_ws/install/pointcloud/share/pointcloud/cmake/pointcloudConfig.cmake
[4.754s] -- Installing: /home/kanja-koduki/buck_ws/install/pointcloud/share/pointcloud/cmake/pointcloudConfig-version.cmake
[4.754s] -- Installing: /home/kanja-koduki/buck_ws/install/pointcloud/share/pointcloud/package.xml
[4.764s] Invoked command in '/home/kanja-koduki/buck_ws/build/pointcloud' returned '0': CMAKE_PREFIX_PATH=${CMAKE_PREFIX_PATH}:/home/kanja-koduki/buck_ws/install/my_point:/home/kanja-koduki/buck_ws/install/model_py:/home/kanja-koduki/hannah_ws/install/hannah_bot:/home/kanja-koduki/niki_ws/install/sjtu_drone_bringup:/home/kanja-koduki/zypher_ws/install/prius_sdc_pkg:/home/kanja-koduki/ortega_ws/install/ortega_bot:/opt/ros/humble /home/kanja-koduki/.local/bin/cmake --install /home/kanja-koduki/buck_ws/build/pointcloud
