[2.049s] Invoking command in '/home/kanja-koduki/buck_ws/src/model_py': PYTHONPATH=/home/kanja-koduki/buck_ws/build/model_py/prefix_override:/home/kanja-koduki/buck_ws/install/model_py/lib/python3.10/site-packages:${PYTHONPATH} /usr/bin/python3 setup.py egg_info --egg-base ../../build/model_py build --build-base /home/kanja-koduki/buck_ws/build/model_py/build install --record /home/kanja-koduki/buck_ws/build/model_py/install.log --single-version-externally-managed
[2.264s] running egg_info
[2.280s] writing ../../build/model_py/model_py.egg-info/PKG-INFO
[2.281s] writing dependency_links to ../../build/model_py/model_py.egg-info/dependency_links.txt
[2.281s] writing entry points to ../../build/model_py/model_py.egg-info/entry_points.txt
[2.281s] writing requirements to ../../build/model_py/model_py.egg-info/requires.txt
[2.282s] writing top-level names to ../../build/model_py/model_py.egg-info/top_level.txt
[2.322s] reading manifest file '../../build/model_py/model_py.egg-info/SOURCES.txt'
[2.323s] writing manifest file '../../build/model_py/model_py.egg-info/SOURCES.txt'
[2.324s] running build
[2.324s] running build_py
[2.324s] running install
[2.324s] /home/kanja-koduki/.local/lib/python3.10/site-packages/setuptools/_distutils/cmd.py:66: SetuptoolsDeprecationWarning: setup.py install is deprecated.
[2.324s] !!
[2.324s] 
[2.324s]         ********************************************************************************
[2.325s]         Please avoid running ``setup.py`` directly.
[2.325s]         Instead, use pypa/build, pypa/installer or other
[2.325s]         standards-based tools.
[2.325s] 
[2.325s]         See https://blog.ganssle.io/articles/2021/10/setup-py-deprecated.html for details.
[2.325s]         ********************************************************************************
[2.325s] 
[2.325s] !!
[2.325s]   self.initialize_options()
[2.332s] running install_lib
[2.353s] running install_data
[2.374s] running install_egg_info
[2.394s] removing '/home/kanja-koduki/buck_ws/install/model_py/lib/python3.10/site-packages/model_py-0.0.0-py3.10.egg-info' (and everything under it)
[2.395s] Copying ../../build/model_py/model_py.egg-info to /home/kanja-koduki/buck_ws/install/model_py/lib/python3.10/site-packages/model_py-0.0.0-py3.10.egg-info
[2.396s] running install_scripts
[2.637s] Installing laser_frame_publisher script to /home/kanja-koduki/buck_ws/install/model_py/lib/model_py
[2.638s] writing list of installed files to '/home/kanja-koduki/buck_ws/build/model_py/install.log'
[2.677s] Invoked command in '/home/kanja-koduki/buck_ws/src/model_py' returned '0': PYTHONPATH=/home/kanja-koduki/buck_ws/build/model_py/prefix_override:/home/kanja-koduki/buck_ws/install/model_py/lib/python3.10/site-packages:${PYTHONPATH} /usr/bin/python3 setup.py egg_info --egg-base ../../build/model_py build --build-base /home/kanja-koduki/buck_ws/build/model_py/build install --record /home/kanja-koduki/buck_ws/build/model_py/install.log --single-version-externally-managed
