[1.479s] Invoking command in '/home/kanja-koduki/buck_ws/src/my_point': PYTHONPATH=/home/kanja-koduki/buck_ws/build/my_point/prefix_override:/home/kanja-koduki/buck_ws/install/my_point/lib/python3.10/site-packages:${PYTHONPATH} /usr/bin/python3 setup.py egg_info --egg-base ../../build/my_point build --build-base /home/kanja-koduki/buck_ws/build/my_point/build install --record /home/kanja-koduki/buck_ws/build/my_point/install.log --single-version-externally-managed
[1.663s] running egg_info
[1.679s] writing ../../build/my_point/my_point.egg-info/PKG-INFO
[1.679s] writing dependency_links to ../../build/my_point/my_point.egg-info/dependency_links.txt
[1.680s] writing entry points to ../../build/my_point/my_point.egg-info/entry_points.txt
[1.680s] writing requirements to ../../build/my_point/my_point.egg-info/requires.txt
[1.680s] writing top-level names to ../../build/my_point/my_point.egg-info/top_level.txt
[1.709s] reading manifest file '../../build/my_point/my_point.egg-info/SOURCES.txt'
[1.710s] writing manifest file '../../build/my_point/my_point.egg-info/SOURCES.txt'
[1.710s] running build
[1.711s] running build_py
[1.712s] running install
[1.712s] /home/kanja-koduki/.local/lib/python3.10/site-packages/setuptools/_distutils/cmd.py:66: SetuptoolsDeprecationWarning: setup.py install is deprecated.
[1.712s] !!
[1.712s] 
[1.712s]         ********************************************************************************
[1.712s]         Please avoid running ``setup.py`` directly.
[1.712s]         Instead, use pypa/build, pypa/installer or other
[1.712s]         standards-based tools.
[1.712s] 
[1.712s]         See https://blog.ganssle.io/articles/2021/10/setup-py-deprecated.html for details.
[1.713s]         ********************************************************************************
[1.713s] 
[1.713s] !!
[1.713s]   self.initialize_options()
[1.716s] running install_lib
[1.732s] running install_data
[1.746s] running install_egg_info
[1.761s] removing '/home/kanja-koduki/buck_ws/install/my_point/lib/python3.10/site-packages/my_point-0.0.0-py3.10.egg-info' (and everything under it)
[1.761s] Copying ../../build/my_point/my_point.egg-info to /home/kanja-koduki/buck_ws/install/my_point/lib/python3.10/site-packages/my_point-0.0.0-py3.10.egg-info
[1.762s] running install_scripts
[1.897s] Installing base_link_publisher script to /home/kanja-koduki/buck_ws/install/my_point/lib/my_point
[1.897s] Installing camera_pub script to /home/kanja-koduki/buck_ws/install/my_point/lib/my_point
[1.898s] Installing camera_sub script to /home/kanja-koduki/buck_ws/install/my_point/lib/my_point
[1.898s] Installing lidar_publisher script to /home/kanja-koduki/buck_ws/install/my_point/lib/my_point
[1.898s] Installing point_node script to /home/kanja-koduki/buck_ws/install/my_point/lib/my_point
[1.899s] writing list of installed files to '/home/kanja-koduki/buck_ws/build/my_point/install.log'
[1.976s] Invoked command in '/home/kanja-koduki/buck_ws/src/my_point' returned '0': PYTHONPATH=/home/kanja-koduki/buck_ws/build/my_point/prefix_override:/home/kanja-koduki/buck_ws/install/my_point/lib/python3.10/site-packages:${PYTHONPATH} /usr/bin/python3 setup.py egg_info --egg-base ../../build/my_point build --build-base /home/kanja-koduki/buck_ws/build/my_point/build install --record /home/kanja-koduki/buck_ws/build/my_point/install.log --single-version-externally-managed
