[1.613s] Invoking command in '/home/kanja-koduki/buck_ws/src/model_py': PYTHONPATH=/home/kanja-koduki/buck_ws/build/model_py/prefix_override:/home/kanja-koduki/buck_ws/install/model_py/lib/python3.10/site-packages:${PYTHONPATH} /usr/bin/python3 setup.py egg_info --egg-base ../../build/model_py build --build-base /home/kanja-koduki/buck_ws/build/model_py/build install --record /home/kanja-koduki/buck_ws/build/model_py/install.log --single-version-externally-managed
[1.792s] running egg_info
[1.806s] writing ../../build/model_py/model_py.egg-info/PKG-INFO
[1.806s] writing dependency_links to ../../build/model_py/model_py.egg-info/dependency_links.txt
[1.807s] writing requirements to ../../build/model_py/model_py.egg-info/requires.txt
[1.807s] writing top-level names to ../../build/model_py/model_py.egg-info/top_level.txt
[1.840s] reading manifest file '../../build/model_py/model_py.egg-info/SOURCES.txt'
[1.840s] writing manifest file '../../build/model_py/model_py.egg-info/SOURCES.txt'
[1.841s] running build
[1.841s] running build_py
[1.841s] running install
[1.842s] /home/kanja-koduki/.local/lib/python3.10/site-packages/setuptools/_distutils/cmd.py:66: SetuptoolsDeprecationWarning: setup.py install is deprecated.
[1.842s] !!
[1.842s] 
[1.842s]         ********************************************************************************
[1.843s]         Please avoid running ``setup.py`` directly.
[1.843s]         Instead, use pypa/build, pypa/installer or other
[1.843s]         standards-based tools.
[1.843s] 
[1.843s]         See https://blog.ganssle.io/articles/2021/10/setup-py-deprecated.html for details.
[1.843s]         ********************************************************************************
[1.843s] 
[1.843s] !!
[1.843s]   self.initialize_options()
[1.846s] running install_lib
[1.862s] running install_data
[1.876s] copying urdf/lidar3d.urdf.xacro -> /home/kanja-koduki/buck_ws/install/model_py/share/model_py/urdf
[1.877s] running install_egg_info
[1.893s] removing '/home/kanja-koduki/buck_ws/install/model_py/lib/python3.10/site-packages/model_py-0.0.0-py3.10.egg-info' (and everything under it)
[1.894s] Copying ../../build/model_py/model_py.egg-info to /home/kanja-koduki/buck_ws/install/model_py/lib/python3.10/site-packages/model_py-0.0.0-py3.10.egg-info
[1.894s] running install_scripts
[2.048s] writing list of installed files to '/home/kanja-koduki/buck_ws/build/model_py/install.log'
[2.073s] Invoked command in '/home/kanja-koduki/buck_ws/src/model_py' returned '0': PYTHONPATH=/home/kanja-koduki/buck_ws/build/model_py/prefix_override:/home/kanja-koduki/buck_ws/install/model_py/lib/python3.10/site-packages:${PYTHONPATH} /usr/bin/python3 setup.py egg_info --egg-base ../../build/model_py build --build-base /home/kanja-koduki/buck_ws/build/model_py/build install --record /home/kanja-koduki/buck_ws/build/model_py/install.log --single-version-externally-managed
