[1.619s] Invoking command in '/home/kanja-koduki/buck_ws/src/model_py': PYTHONPATH=/home/kanja-koduki/buck_ws/build/model_py/prefix_override:/home/kanja-koduki/buck_ws/install/model_py/lib/python3.10/site-packages:${PYTHONPATH} /usr/bin/python3 setup.py egg_info --egg-base ../../build/model_py build --build-base /home/kanja-koduki/buck_ws/build/model_py/build install --record /home/kanja-koduki/buck_ws/build/model_py/install.log --single-version-externally-managed
[1.799s] running egg_info
[1.812s] writing ../../build/model_py/model_py.egg-info/PKG-INFO
[1.812s] writing dependency_links to ../../build/model_py/model_py.egg-info/dependency_links.txt
[1.812s] writing entry points to ../../build/model_py/model_py.egg-info/entry_points.txt
[1.812s] writing requirements to ../../build/model_py/model_py.egg-info/requires.txt
[1.812s] writing top-level names to ../../build/model_py/model_py.egg-info/top_level.txt
[1.842s] reading manifest file '../../build/model_py/model_py.egg-info/SOURCES.txt'
[1.843s] writing manifest file '../../build/model_py/model_py.egg-info/SOURCES.txt'
[1.843s] running build
[1.843s] running build_py
[1.843s] running install
[1.843s] /home/kanja-koduki/.local/lib/python3.10/site-packages/setuptools/_distutils/cmd.py:66: SetuptoolsDeprecationWarning: setup.py install is deprecated.
[1.843s] !!
[1.843s] 
[1.843s]         ********************************************************************************
[1.843s]         Please avoid running ``setup.py`` directly.
[1.844s]         Instead, use pypa/build, pypa/installer or other
[1.844s]         standards-based tools.
[1.844s] 
[1.844s]         See https://blog.ganssle.io/articles/2021/10/setup-py-deprecated.html for details.
[1.844s]         ********************************************************************************
[1.844s] 
[1.844s] !!
[1.844s]   self.initialize_options()
[1.847s] running install_lib
[1.862s] running install_data
[1.876s] copying urdf/th3lidar.urdf.xacro -> /home/kanja-koduki/buck_ws/install/model_py/share/model_py/urdf
[1.876s] running install_egg_info
[1.891s] removing '/home/kanja-koduki/buck_ws/install/model_py/lib/python3.10/site-packages/model_py-0.0.0-py3.10.egg-info' (and everything under it)
[1.891s] Copying ../../build/model_py/model_py.egg-info to /home/kanja-koduki/buck_ws/install/model_py/lib/python3.10/site-packages/model_py-0.0.0-py3.10.egg-info
[1.891s] running install_scripts
[2.022s] Installing laser_frame_publisher script to /home/kanja-koduki/buck_ws/install/model_py/lib/model_py
[2.022s] writing list of installed files to '/home/kanja-koduki/buck_ws/build/model_py/install.log'
[2.044s] Invoked command in '/home/kanja-koduki/buck_ws/src/model_py' returned '0': PYTHONPATH=/home/kanja-koduki/buck_ws/build/model_py/prefix_override:/home/kanja-koduki/buck_ws/install/model_py/lib/python3.10/site-packages:${PYTHONPATH} /usr/bin/python3 setup.py egg_info --egg-base ../../build/model_py build --build-base /home/kanja-koduki/buck_ws/build/model_py/build install --record /home/kanja-koduki/buck_ws/build/model_py/install.log --single-version-externally-managed
