[4.699s] Invoking command in '/home/kanja-koduki/buck_ws/src/model_py': PYTHONPATH=/home/kanja-koduki/buck_ws/build/model_py/prefix_override:/home/kanja-koduki/buck_ws/install/model_py/lib/python3.10/site-packages:${PYTHONPATH} /usr/bin/python3 setup.py egg_info --egg-base ../../build/model_py build --build-base /home/kanja-koduki/buck_ws/build/model_py/build install --record /home/kanja-koduki/buck_ws/build/model_py/install.log --single-version-externally-managed
[5.223s] running egg_info
[5.265s] writing ../../build/model_py/model_py.egg-info/PKG-INFO
[5.266s] writing dependency_links to ../../build/model_py/model_py.egg-info/dependency_links.txt
[5.266s] writing entry points to ../../build/model_py/model_py.egg-info/entry_points.txt
[5.267s] writing requirements to ../../build/model_py/model_py.egg-info/requires.txt
[5.267s] writing top-level names to ../../build/model_py/model_py.egg-info/top_level.txt
[5.366s] reading manifest file '../../build/model_py/model_py.egg-info/SOURCES.txt'
[5.369s] writing manifest file '../../build/model_py/model_py.egg-info/SOURCES.txt'
[5.370s] running build
[5.370s] running build_py
[5.370s] copying model_py/keyboard_node.py -> /home/kanja-koduki/buck_ws/build/model_py/build/lib/model_py
[5.371s] running install
[5.372s] /home/kanja-koduki/.local/lib/python3.10/site-packages/setuptools/_distutils/cmd.py:66: SetuptoolsDeprecationWarning: setup.py install is deprecated.
[5.372s] !!
[5.372s] 
[5.372s]         ********************************************************************************
[5.373s]         Please avoid running ``setup.py`` directly.
[5.373s]         Instead, use pypa/build, pypa/installer or other
[5.373s]         standards-based tools.
[5.373s] 
[5.373s]         See https://blog.ganssle.io/articles/2021/10/setup-py-deprecated.html for details.
[5.373s]         ********************************************************************************
[5.373s] 
[5.374s] !!
[5.374s]   self.initialize_options()
[5.387s] running install_lib
[5.430s] copying /home/kanja-koduki/buck_ws/build/model_py/build/lib/model_py/keyboard_node.py -> /home/kanja-koduki/buck_ws/install/model_py/lib/python3.10/site-packages/model_py
[5.431s] byte-compiling /home/kanja-koduki/buck_ws/install/model_py/lib/python3.10/site-packages/model_py/keyboard_node.py to keyboard_node.cpython-310.pyc
[5.432s] running install_data
[5.477s] copying launch/launch_sim.launch.py -> /home/kanja-koduki/buck_ws/install/model_py/share/model_py/launch
[5.478s] running install_egg_info
[5.523s] removing '/home/kanja-koduki/buck_ws/install/model_py/lib/python3.10/site-packages/model_py-0.0.0-py3.10.egg-info' (and everything under it)
[5.523s] Copying ../../build/model_py/model_py.egg-info to /home/kanja-koduki/buck_ws/install/model_py/lib/python3.10/site-packages/model_py-0.0.0-py3.10.egg-info
[5.525s] running install_scripts
[5.936s] Installing keyboard_listener script to /home/kanja-koduki/buck_ws/install/model_py/lib/model_py
[5.938s] Installing laser_frame_publisher script to /home/kanja-koduki/buck_ws/install/model_py/lib/model_py
[5.938s] Installing test_joy script to /home/kanja-koduki/buck_ws/install/model_py/lib/model_py
[5.939s] writing list of installed files to '/home/kanja-koduki/buck_ws/build/model_py/install.log'
[5.999s] Invoked command in '/home/kanja-koduki/buck_ws/src/model_py' returned '0': PYTHONPATH=/home/kanja-koduki/buck_ws/build/model_py/prefix_override:/home/kanja-koduki/buck_ws/install/model_py/lib/python3.10/site-packages:${PYTHONPATH} /usr/bin/python3 setup.py egg_info --egg-base ../../build/model_py build --build-base /home/kanja-koduki/buck_ws/build/model_py/build install --record /home/kanja-koduki/buck_ws/build/model_py/install.log --single-version-externally-managed
