[2.746s] Invoking command in '/home/kanja-koduki/buck_ws/build/robot_description': CMAKE_PREFIX_PATH=${CMAKE_PREFIX_PATH}:/home/kanja-koduki/buck_ws/install/my_point:/home/kanja-koduki/buck_ws/install/model_py:/home/kanja-koduki/hannah_ws/install/hannah_bot:/home/kanja-koduki/niki_ws/install/sjtu_drone_bringup:/home/kanja-koduki/zypher_ws/install/prius_sdc_pkg:/home/kanja-koduki/ortega_ws/install/ortega_bot:/opt/ros/humble /home/kanja-koduki/.local/bin/cmake --build /home/kanja-koduki/buck_ws/build/robot_description -- -j8 -l8
[2.925s] Invoked command in '/home/kanja-koduki/buck_ws/build/robot_description' returned '0': CMAKE_PREFIX_PATH=${CMAKE_PREFIX_PATH}:/home/kanja-koduki/buck_ws/install/my_point:/home/kanja-koduki/buck_ws/install/model_py:/home/kanja-koduki/hannah_ws/install/hannah_bot:/home/kanja-koduki/niki_ws/install/sjtu_drone_bringup:/home/kanja-koduki/zypher_ws/install/prius_sdc_pkg:/home/kanja-koduki/ortega_ws/install/ortega_bot:/opt/ros/humble /home/kanja-koduki/.local/bin/cmake --build /home/kanja-koduki/buck_ws/build/robot_description -- -j8 -l8
[3.081s] Invoking command in '/home/kanja-koduki/buck_ws/build/robot_description': CMAKE_PREFIX_PATH=${CMAKE_PREFIX_PATH}:/home/kanja-koduki/buck_ws/install/my_point:/home/kanja-koduki/buck_ws/install/model_py:/home/kanja-koduki/hannah_ws/install/hannah_bot:/home/kanja-koduki/niki_ws/install/sjtu_drone_bringup:/home/kanja-koduki/zypher_ws/install/prius_sdc_pkg:/home/kanja-koduki/ortega_ws/install/ortega_bot:/opt/ros/humble /home/kanja-koduki/.local/bin/cmake --install /home/kanja-koduki/buck_ws/build/robot_description
[3.188s] -- Install configuration: ""
[3.189s] -- Up-to-date: /home/kanja-koduki/buck_ws/install/robot_description/share/robot_description/urdf
[3.189s] -- Up-to-date: /home/kanja-koduki/buck_ws/install/robot_description/share/robot_description/urdf/run.urdf.xacro
[3.190s] -- Up-to-date: /home/kanja-koduki/buck_ws/install/robot_description/share/robot_description/urdf/lidar.urdf.xacro
[3.190s] -- Up-to-date: /home/kanja-koduki/buck_ws/install/robot_description/share/robot_description/urdf/inertial.urdf.xacro
[3.191s] -- Up-to-date: /home/kanja-koduki/buck_ws/install/robot_description/share/robot_description/urdf/test2.urdf.xacro
[3.192s] -- Up-to-date: /home/kanja-koduki/buck_ws/install/robot_description/share/robot_description/urdf/robot_core.urdf.xacro
[3.192s] -- Up-to-date: /home/kanja-koduki/buck_ws/install/robot_description/share/robot_description/urdf/test.urdf.xacro
[3.193s] -- Up-to-date: /home/kanja-koduki/buck_ws/install/robot_description/share/robot_description/meshes
[3.194s] -- Up-to-date: /home/kanja-koduki/buck_ws/install/robot_description/share/robot_description/meshes/motor8.STL
[3.194s] -- Up-to-date: /home/kanja-koduki/buck_ws/install/robot_description/share/robot_description/meshes/motor7.STL
[3.200s] -- Up-to-date: /home/kanja-koduki/buck_ws/install/robot_description/share/robot_description/meshes/motor6.STL
[3.200s] -- Up-to-date: /home/kanja-koduki/buck_ws/install/robot_description/share/robot_description/meshes/model_test
[3.201s] -- Up-to-date: /home/kanja-koduki/buck_ws/install/robot_description/share/robot_description/meshes/model_test/model.config
[3.201s] -- Up-to-date: /home/kanja-koduki/buck_ws/install/robot_description/share/robot_description/meshes/model_test/model.sdf
[3.202s] -- Up-to-date: /home/kanja-koduki/buck_ws/install/robot_description/share/robot_description/meshes/motor2.STL
[3.203s] -- Up-to-date: /home/kanja-koduki/buck_ws/install/robot_description/share/robot_description/meshes/motor4.STL
[3.203s] -- Up-to-date: /home/kanja-koduki/buck_ws/install/robot_description/share/robot_description/meshes/motor3.STL
[3.205s] -- Up-to-date: /home/kanja-koduki/buck_ws/install/robot_description/share/robot_description/meshes/motor1.STL
[3.205s] -- Up-to-date: /home/kanja-koduki/buck_ws/install/robot_description/share/robot_description/meshes/base_link.STL
[3.205s] -- Up-to-date: /home/kanja-koduki/buck_ws/install/robot_description/share/robot_description/meshes/test
[3.206s] -- Up-to-date: /home/kanja-koduki/buck_ws/install/robot_description/share/robot_description/meshes/test/model.config
[3.206s] -- Up-to-date: /home/kanja-koduki/buck_ws/install/robot_description/share/robot_description/meshes/test/model.sdf
[3.206s] -- Up-to-date: /home/kanja-koduki/buck_ws/install/robot_description/share/robot_description/meshes/motor5.STL
[3.212s] -- Up-to-date: /home/kanja-koduki/buck_ws/install/robot_description/share/ament_index/resource_index/package_run_dependencies/robot_description
[3.215s] -- Up-to-date: /home/kanja-koduki/buck_ws/install/robot_description/share/ament_index/resource_index/parent_prefix_path/robot_description
[3.216s] -- Up-to-date: /home/kanja-koduki/buck_ws/install/robot_description/share/robot_description/environment/ament_prefix_path.sh
[3.219s] -- Up-to-date: /home/kanja-koduki/buck_ws/install/robot_description/share/robot_description/environment/ament_prefix_path.dsv
[3.220s] -- Up-to-date: /home/kanja-koduki/buck_ws/install/robot_description/share/robot_description/environment/path.sh
[3.221s] -- Up-to-date: /home/kanja-koduki/buck_ws/install/robot_description/share/robot_description/environment/path.dsv
[3.223s] -- Up-to-date: /home/kanja-koduki/buck_ws/install/robot_description/share/robot_description/local_setup.bash
[3.223s] -- Up-to-date: /home/kanja-koduki/buck_ws/install/robot_description/share/robot_description/local_setup.sh
[3.224s] -- Up-to-date: /home/kanja-koduki/buck_ws/install/robot_description/share/robot_description/local_setup.zsh
[3.224s] -- Up-to-date: /home/kanja-koduki/buck_ws/install/robot_description/share/robot_description/local_setup.dsv
[3.227s] -- Installing: /home/kanja-koduki/buck_ws/install/robot_description/share/robot_description/package.dsv
[3.230s] -- Up-to-date: /home/kanja-koduki/buck_ws/install/robot_description/share/ament_index/resource_index/packages/robot_description
[3.234s] -- Up-to-date: /home/kanja-koduki/buck_ws/install/robot_description/share/robot_description/cmake/robot_descriptionConfig.cmake
[3.235s] -- Up-to-date: /home/kanja-koduki/buck_ws/install/robot_description/share/robot_description/cmake/robot_descriptionConfig-version.cmake
[3.235s] -- Up-to-date: /home/kanja-koduki/buck_ws/install/robot_description/share/robot_description/package.xml
[3.436s] Invoked command in '/home/kanja-koduki/buck_ws/build/robot_description' returned '0': CMAKE_PREFIX_PATH=${CMAKE_PREFIX_PATH}:/home/kanja-koduki/buck_ws/install/my_point:/home/kanja-koduki/buck_ws/install/model_py:/home/kanja-koduki/hannah_ws/install/hannah_bot:/home/kanja-koduki/niki_ws/install/sjtu_drone_bringup:/home/kanja-koduki/zypher_ws/install/prius_sdc_pkg:/home/kanja-koduki/ortega_ws/install/ortega_bot:/opt/ros/humble /home/kanja-koduki/.local/bin/cmake --install /home/kanja-koduki/buck_ws/build/robot_description
