[5.057s] Invoking command in '/home/kanja-koduki/buck_ws/src/my_point': PYTHONPATH=/home/kanja-koduki/buck_ws/build/my_point/prefix_override:/home/kanja-koduki/buck_ws/install/my_point/lib/python3.10/site-packages:${PYTHONPATH} /usr/bin/python3 setup.py egg_info --egg-base ../../build/my_point build --build-base /home/kanja-koduki/buck_ws/build/my_point/build install --record /home/kanja-koduki/buck_ws/build/my_point/install.log --single-version-externally-managed
[5.645s] running egg_info
[5.703s] writing ../../build/my_point/my_point.egg-info/PKG-INFO
[5.706s] writing dependency_links to ../../build/my_point/my_point.egg-info/dependency_links.txt
[5.706s] writing entry points to ../../build/my_point/my_point.egg-info/entry_points.txt
[5.707s] writing requirements to ../../build/my_point/my_point.egg-info/requires.txt
[5.708s] writing top-level names to ../../build/my_point/my_point.egg-info/top_level.txt
[5.828s] reading manifest file '../../build/my_point/my_point.egg-info/SOURCES.txt'
[5.831s] writing manifest file '../../build/my_point/my_point.egg-info/SOURCES.txt'
[5.831s] running build
[5.831s] running build_py
[5.832s] running install
[5.833s] /home/kanja-koduki/.local/lib/python3.10/site-packages/setuptools/_distutils/cmd.py:66: SetuptoolsDeprecationWarning: setup.py install is deprecated.
[5.833s] !!
[5.834s] 
[5.834s]         ********************************************************************************
[5.834s]         Please avoid running ``setup.py`` directly.
[5.834s]         Instead, use pypa/build, pypa/installer or other
[5.834s]         standards-based tools.
[5.834s] 
[5.835s]         See https://blog.ganssle.io/articles/2021/10/setup-py-deprecated.html for details.
[5.835s]         ********************************************************************************
[5.835s] 
[5.835s] !!
[5.835s]   self.initialize_options()
[5.845s] running install_lib
[5.891s] running install_data
[5.948s] running install_egg_info
[6.001s] removing '/home/kanja-koduki/buck_ws/install/my_point/lib/python3.10/site-packages/my_point-0.0.0-py3.10.egg-info' (and everything under it)
[6.002s] Copying ../../build/my_point/my_point.egg-info to /home/kanja-koduki/buck_ws/install/my_point/lib/python3.10/site-packages/my_point-0.0.0-py3.10.egg-info
[6.004s] running install_scripts
[6.528s] Installing base_link_publisher script to /home/kanja-koduki/buck_ws/install/my_point/lib/my_point
[6.529s] Installing camera_pub script to /home/kanja-koduki/buck_ws/install/my_point/lib/my_point
[6.529s] Installing camera_sub script to /home/kanja-koduki/buck_ws/install/my_point/lib/my_point
[6.530s] Installing lidar_publisher script to /home/kanja-koduki/buck_ws/install/my_point/lib/my_point
[6.530s] Installing pcd_to_map_node script to /home/kanja-koduki/buck_ws/install/my_point/lib/my_point
[6.531s] Installing point_node script to /home/kanja-koduki/buck_ws/install/my_point/lib/my_point
[6.533s] writing list of installed files to '/home/kanja-koduki/buck_ws/build/my_point/install.log'
[6.601s] Invoked command in '/home/kanja-koduki/buck_ws/src/my_point' returned '0': PYTHONPATH=/home/kanja-koduki/buck_ws/build/my_point/prefix_override:/home/kanja-koduki/buck_ws/install/my_point/lib/python3.10/site-packages:${PYTHONPATH} /usr/bin/python3 setup.py egg_info --egg-base ../../build/my_point build --build-base /home/kanja-koduki/buck_ws/build/my_point/build install --record /home/kanja-koduki/buck_ws/build/my_point/install.log --single-version-externally-managed
