[1.791s] Invoking command in '/home/kanja-koduki/buck_ws/src/model_py': PYTHONPATH=/home/kanja-koduki/buck_ws/build/model_py/prefix_override:/home/kanja-koduki/buck_ws/install/model_py/lib/python3.10/site-packages:${PYTHONPATH} /usr/bin/python3 setup.py egg_info --egg-base ../../build/model_py build --build-base /home/kanja-koduki/buck_ws/build/model_py/build install --record /home/kanja-koduki/buck_ws/build/model_py/install.log --single-version-externally-managed
[1.977s] running egg_info
[1.992s] writing ../../build/model_py/model_py.egg-info/PKG-INFO
[1.992s] writing dependency_links to ../../build/model_py/model_py.egg-info/dependency_links.txt
[1.992s] writing entry points to ../../build/model_py/model_py.egg-info/entry_points.txt
[1.992s] writing requirements to ../../build/model_py/model_py.egg-info/requires.txt
[1.992s] writing top-level names to ../../build/model_py/model_py.egg-info/top_level.txt
[2.024s] reading manifest file '../../build/model_py/model_py.egg-info/SOURCES.txt'
[2.025s] writing manifest file '../../build/model_py/model_py.egg-info/SOURCES.txt'
[2.025s] running build
[2.025s] running build_py
[2.025s] running install
[2.025s] /home/kanja-koduki/.local/lib/python3.10/site-packages/setuptools/_distutils/cmd.py:66: SetuptoolsDeprecationWarning: setup.py install is deprecated.
[2.025s] !!
[2.026s] 
[2.026s]         ********************************************************************************
[2.026s]         Please avoid running ``setup.py`` directly.
[2.026s]         Instead, use pypa/build, pypa/installer or other
[2.026s]         standards-based tools.
[2.026s] 
[2.026s]         See https://blog.ganssle.io/articles/2021/10/setup-py-deprecated.html for details.
[2.026s]         ********************************************************************************
[2.026s] 
[2.026s] !!
[2.026s]   self.initialize_options()
[2.030s] running install_lib
[2.045s] running install_data
[2.060s] copying launch/launch_sim.launch.py -> /home/kanja-koduki/buck_ws/install/model_py/share/model_py/launch
[2.060s] running install_egg_info
[2.076s] removing '/home/kanja-koduki/buck_ws/install/model_py/lib/python3.10/site-packages/model_py-0.0.0-py3.10.egg-info' (and everything under it)
[2.076s] Copying ../../build/model_py/model_py.egg-info to /home/kanja-koduki/buck_ws/install/model_py/lib/python3.10/site-packages/model_py-0.0.0-py3.10.egg-info
[2.076s] running install_scripts
[2.219s] Installing laser_frame_publisher script to /home/kanja-koduki/buck_ws/install/model_py/lib/model_py
[2.220s] Installing test_joy script to /home/kanja-koduki/buck_ws/install/model_py/lib/model_py
[2.220s] writing list of installed files to '/home/kanja-koduki/buck_ws/build/model_py/install.log'
[2.277s] Invoked command in '/home/kanja-koduki/buck_ws/src/model_py' returned '0': PYTHONPATH=/home/kanja-koduki/buck_ws/build/model_py/prefix_override:/home/kanja-koduki/buck_ws/install/model_py/lib/python3.10/site-packages:${PYTHONPATH} /usr/bin/python3 setup.py egg_info --egg-base ../../build/model_py build --build-base /home/kanja-koduki/buck_ws/build/model_py/build install --record /home/kanja-koduki/buck_ws/build/model_py/install.log --single-version-externally-managed
