[2.639s] Invoking command in '/home/kanja-koduki/buck_ws/src/model_py': PYTHONPATH=/home/kanja-koduki/buck_ws/build/model_py/prefix_override:/home/kanja-koduki/buck_ws/install/model_py/lib/python3.10/site-packages:${PYTHONPATH} /usr/bin/python3 setup.py egg_info --egg-base ../../build/model_py build --build-base /home/kanja-koduki/buck_ws/build/model_py/build install --record /home/kanja-koduki/buck_ws/build/model_py/install.log --single-version-externally-managed
[2.950s] running egg_info
[2.982s] writing ../../build/model_py/model_py.egg-info/PKG-INFO
[2.982s] writing dependency_links to ../../build/model_py/model_py.egg-info/dependency_links.txt
[2.983s] writing entry points to ../../build/model_py/model_py.egg-info/entry_points.txt
[2.983s] writing requirements to ../../build/model_py/model_py.egg-info/requires.txt
[2.983s] writing top-level names to ../../build/model_py/model_py.egg-info/top_level.txt
[3.047s] reading manifest file '../../build/model_py/model_py.egg-info/SOURCES.txt'
[3.049s] writing manifest file '../../build/model_py/model_py.egg-info/SOURCES.txt'
[3.050s] running build
[3.050s] running build_py
[3.050s] running install
[3.051s] /home/kanja-koduki/.local/lib/python3.10/site-packages/setuptools/_distutils/cmd.py:66: SetuptoolsDeprecationWarning: setup.py install is deprecated.
[3.051s] !!
[3.051s] 
[3.051s]         ********************************************************************************
[3.051s]         Please avoid running ``setup.py`` directly.
[3.051s]         Instead, use pypa/build, pypa/installer or other
[3.051s]         standards-based tools.
[3.051s] 
[3.052s]         See https://blog.ganssle.io/articles/2021/10/setup-py-deprecated.html for details.
[3.052s]         ********************************************************************************
[3.052s] 
[3.052s] !!
[3.052s]   self.initialize_options()
[3.064s] running install_lib
[3.094s] running install_data
[3.121s] copying config/mapper_params_online_async.yaml -> /home/kanja-koduki/buck_ws/install/model_py/share/model_py/config
[3.121s] running install_egg_info
[3.152s] removing '/home/kanja-koduki/buck_ws/install/model_py/lib/python3.10/site-packages/model_py-0.0.0-py3.10.egg-info' (and everything under it)
[3.154s] Copying ../../build/model_py/model_py.egg-info to /home/kanja-koduki/buck_ws/install/model_py/lib/python3.10/site-packages/model_py-0.0.0-py3.10.egg-info
[3.156s] running install_scripts
[3.472s] Installing laser_frame_publisher script to /home/kanja-koduki/buck_ws/install/model_py/lib/model_py
[3.472s] writing list of installed files to '/home/kanja-koduki/buck_ws/build/model_py/install.log'
[3.529s] Invoked command in '/home/kanja-koduki/buck_ws/src/model_py' returned '0': PYTHONPATH=/home/kanja-koduki/buck_ws/build/model_py/prefix_override:/home/kanja-koduki/buck_ws/install/model_py/lib/python3.10/site-packages:${PYTHONPATH} /usr/bin/python3 setup.py egg_info --egg-base ../../build/model_py build --build-base /home/kanja-koduki/buck_ws/build/model_py/build install --record /home/kanja-koduki/buck_ws/build/model_py/install.log --single-version-externally-managed
