[1.592s] Invoking command in '/home/kanja-koduki/buck_ws/src/my_point': PYTHONPATH=/home/kanja-koduki/buck_ws/build/my_point/prefix_override:/home/kanja-koduki/buck_ws/install/my_point/lib/python3.10/site-packages:${PYTHONPATH} /usr/bin/python3 setup.py egg_info --egg-base ../../build/my_point build --build-base /home/kanja-koduki/buck_ws/build/my_point/build install --record /home/kanja-koduki/buck_ws/build/my_point/install.log --single-version-externally-managed
[1.799s] running egg_info
[1.815s] writing ../../build/my_point/my_point.egg-info/PKG-INFO
[1.816s] writing dependency_links to ../../build/my_point/my_point.egg-info/dependency_links.txt
[1.816s] writing entry points to ../../build/my_point/my_point.egg-info/entry_points.txt
[1.816s] writing requirements to ../../build/my_point/my_point.egg-info/requires.txt
[1.816s] writing top-level names to ../../build/my_point/my_point.egg-info/top_level.txt
[1.851s] reading manifest file '../../build/my_point/my_point.egg-info/SOURCES.txt'
[1.852s] writing manifest file '../../build/my_point/my_point.egg-info/SOURCES.txt'
[1.852s] running build
[1.853s] running build_py
[1.853s] copying my_point/map_generator.py -> /home/kanja-koduki/buck_ws/build/my_point/build/lib/my_point
[1.853s] running install
[1.854s] /home/kanja-koduki/.local/lib/python3.10/site-packages/setuptools/_distutils/cmd.py:66: SetuptoolsDeprecationWarning: setup.py install is deprecated.
[1.854s] !!
[1.854s] 
[1.854s]         ********************************************************************************
[1.854s]         Please avoid running ``setup.py`` directly.
[1.854s]         Instead, use pypa/build, pypa/installer or other
[1.854s]         standards-based tools.
[1.854s] 
[1.854s]         See https://blog.ganssle.io/articles/2021/10/setup-py-deprecated.html for details.
[1.855s]         ********************************************************************************
[1.855s] 
[1.855s] !!
[1.855s]   self.initialize_options()
[1.861s] running install_lib
[1.879s] copying /home/kanja-koduki/buck_ws/build/my_point/build/lib/my_point/map_generator.py -> /home/kanja-koduki/buck_ws/install/my_point/lib/python3.10/site-packages/my_point
[1.879s] byte-compiling /home/kanja-koduki/buck_ws/install/my_point/lib/python3.10/site-packages/my_point/map_generator.py to map_generator.cpython-310.pyc
[1.880s] running install_data
[1.895s] running install_egg_info
[1.910s] removing '/home/kanja-koduki/buck_ws/install/my_point/lib/python3.10/site-packages/my_point-0.0.0-py3.10.egg-info' (and everything under it)
[1.910s] Copying ../../build/my_point/my_point.egg-info to /home/kanja-koduki/buck_ws/install/my_point/lib/python3.10/site-packages/my_point-0.0.0-py3.10.egg-info
[1.911s] running install_scripts
[2.052s] Installing base_link_publisher script to /home/kanja-koduki/buck_ws/install/my_point/lib/my_point
[2.052s] Installing camera_pub script to /home/kanja-koduki/buck_ws/install/my_point/lib/my_point
[2.052s] Installing camera_sub script to /home/kanja-koduki/buck_ws/install/my_point/lib/my_point
[2.053s] Installing lidar_publisher script to /home/kanja-koduki/buck_ws/install/my_point/lib/my_point
[2.053s] Installing pcd_to_map_node script to /home/kanja-koduki/buck_ws/install/my_point/lib/my_point
[2.053s] Installing point_node script to /home/kanja-koduki/buck_ws/install/my_point/lib/my_point
[2.053s] writing list of installed files to '/home/kanja-koduki/buck_ws/build/my_point/install.log'
[2.084s] Invoked command in '/home/kanja-koduki/buck_ws/src/my_point' returned '0': PYTHONPATH=/home/kanja-koduki/buck_ws/build/my_point/prefix_override:/home/kanja-koduki/buck_ws/install/my_point/lib/python3.10/site-packages:${PYTHONPATH} /usr/bin/python3 setup.py egg_info --egg-base ../../build/my_point build --build-base /home/kanja-koduki/buck_ws/build/my_point/build install --record /home/kanja-koduki/buck_ws/build/my_point/install.log --single-version-externally-managed
