[4.850s] Invoking command in '/home/kanja-koduki/buck_ws/src/my_point': PYTHONPATH=/home/kanja-koduki/buck_ws/build/my_point/prefix_override:/home/kanja-koduki/buck_ws/install/my_point/lib/python3.10/site-packages:${PYTHONPATH} /usr/bin/python3 setup.py egg_info --egg-base ../../build/my_point build --build-base /home/kanja-koduki/buck_ws/build/my_point/build install --record /home/kanja-koduki/buck_ws/build/my_point/install.log --single-version-externally-managed
[5.461s] running egg_info
[5.509s] writing ../../build/my_point/my_point.egg-info/PKG-INFO
[5.510s] writing dependency_links to ../../build/my_point/my_point.egg-info/dependency_links.txt
[5.511s] writing entry points to ../../build/my_point/my_point.egg-info/entry_points.txt
[5.511s] writing requirements to ../../build/my_point/my_point.egg-info/requires.txt
[5.512s] writing top-level names to ../../build/my_point/my_point.egg-info/top_level.txt
[5.610s] reading manifest file '../../build/my_point/my_point.egg-info/SOURCES.txt'
[5.612s] writing manifest file '../../build/my_point/my_point.egg-info/SOURCES.txt'
[5.612s] running build
[5.612s] running build_py
[5.614s] running install
[5.615s] /home/kanja-koduki/.local/lib/python3.10/site-packages/setuptools/_distutils/cmd.py:66: SetuptoolsDeprecationWarning: setup.py install is deprecated.
[5.615s] !!
[5.615s] 
[5.615s]         ********************************************************************************
[5.616s]         Please avoid running ``setup.py`` directly.
[5.616s]         Instead, use pypa/build, pypa/installer or other
[5.616s]         standards-based tools.
[5.616s] 
[5.616s]         See https://blog.ganssle.io/articles/2021/10/setup-py-deprecated.html for details.
[5.617s]         ********************************************************************************
[5.617s] 
[5.617s] !!
[5.617s]   self.initialize_options()
[5.631s] running install_lib
[5.687s] running install_data
[5.763s] running install_egg_info
[5.819s] removing '/home/kanja-koduki/buck_ws/install/my_point/lib/python3.10/site-packages/my_point-0.0.0-py3.10.egg-info' (and everything under it)
[5.819s] Copying ../../build/my_point/my_point.egg-info to /home/kanja-koduki/buck_ws/install/my_point/lib/python3.10/site-packages/my_point-0.0.0-py3.10.egg-info
[5.821s] running install_scripts
[6.359s] Installing base_link_publisher script to /home/kanja-koduki/buck_ws/install/my_point/lib/my_point
[6.359s] Installing camera_pub script to /home/kanja-koduki/buck_ws/install/my_point/lib/my_point
[6.359s] Installing camera_sub script to /home/kanja-koduki/buck_ws/install/my_point/lib/my_point
[6.360s] Installing lidar_publisher script to /home/kanja-koduki/buck_ws/install/my_point/lib/my_point
[6.360s] Installing pcd_to_map_node script to /home/kanja-koduki/buck_ws/install/my_point/lib/my_point
[6.360s] Installing point_node script to /home/kanja-koduki/buck_ws/install/my_point/lib/my_point
[6.361s] writing list of installed files to '/home/kanja-koduki/buck_ws/build/my_point/install.log'
[6.420s] Invoked command in '/home/kanja-koduki/buck_ws/src/my_point' returned '0': PYTHONPATH=/home/kanja-koduki/buck_ws/build/my_point/prefix_override:/home/kanja-koduki/buck_ws/install/my_point/lib/python3.10/site-packages:${PYTHONPATH} /usr/bin/python3 setup.py egg_info --egg-base ../../build/my_point build --build-base /home/kanja-koduki/buck_ws/build/my_point/build install --record /home/kanja-koduki/buck_ws/build/my_point/install.log --single-version-externally-managed
