[4.753s] Invoking command in '/home/kanja-koduki/buck_ws/src/my_point': PYTHONPATH=/home/kanja-koduki/buck_ws/build/my_point/prefix_override:/home/kanja-koduki/buck_ws/install/my_point/lib/python3.10/site-packages:${PYTHONPATH} /usr/bin/python3 setup.py egg_info --egg-base ../../build/my_point build --build-base /home/kanja-koduki/buck_ws/build/my_point/build install --record /home/kanja-koduki/buck_ws/build/my_point/install.log --single-version-externally-managed
[5.373s] running egg_info
[5.419s] writing ../../build/my_point/my_point.egg-info/PKG-INFO
[5.420s] writing dependency_links to ../../build/my_point/my_point.egg-info/dependency_links.txt
[5.420s] writing entry points to ../../build/my_point/my_point.egg-info/entry_points.txt
[5.420s] writing requirements to ../../build/my_point/my_point.egg-info/requires.txt
[5.421s] writing top-level names to ../../build/my_point/my_point.egg-info/top_level.txt
[5.518s] reading manifest file '../../build/my_point/my_point.egg-info/SOURCES.txt'
[5.520s] writing manifest file '../../build/my_point/my_point.egg-info/SOURCES.txt'
[5.521s] running build
[5.521s] running build_py
[5.522s] running install
[5.523s] /home/kanja-koduki/.local/lib/python3.10/site-packages/setuptools/_distutils/cmd.py:66: SetuptoolsDeprecationWarning: setup.py install is deprecated.
[5.523s] !!
[5.523s] 
[5.524s]         ********************************************************************************
[5.524s]         Please avoid running ``setup.py`` directly.
[5.524s]         Instead, use pypa/build, pypa/installer or other
[5.524s]         standards-based tools.
[5.525s] 
[5.525s]         See https://blog.ganssle.io/articles/2021/10/setup-py-deprecated.html for details.
[5.525s]         ********************************************************************************
[5.525s] 
[5.525s] !!
[5.526s]   self.initialize_options()
[5.536s] running install_lib
[5.585s] running install_data
[5.631s] running install_egg_info
[5.683s] removing '/home/kanja-koduki/buck_ws/install/my_point/lib/python3.10/site-packages/my_point-0.0.0-py3.10.egg-info' (and everything under it)
[5.684s] Copying ../../build/my_point/my_point.egg-info to /home/kanja-koduki/buck_ws/install/my_point/lib/python3.10/site-packages/my_point-0.0.0-py3.10.egg-info
[5.687s] running install_scripts
[6.157s] Installing base_link_publisher script to /home/kanja-koduki/buck_ws/install/my_point/lib/my_point
[6.158s] Installing camera_pub script to /home/kanja-koduki/buck_ws/install/my_point/lib/my_point
[6.159s] Installing camera_sub script to /home/kanja-koduki/buck_ws/install/my_point/lib/my_point
[6.160s] Installing lidar_publisher script to /home/kanja-koduki/buck_ws/install/my_point/lib/my_point
[6.160s] Installing pcd_to_map_node script to /home/kanja-koduki/buck_ws/install/my_point/lib/my_point
[6.162s] Installing point_node script to /home/kanja-koduki/buck_ws/install/my_point/lib/my_point
[6.162s] writing list of installed files to '/home/kanja-koduki/buck_ws/build/my_point/install.log'
[6.219s] Invoked command in '/home/kanja-koduki/buck_ws/src/my_point' returned '0': PYTHONPATH=/home/kanja-koduki/buck_ws/build/my_point/prefix_override:/home/kanja-koduki/buck_ws/install/my_point/lib/python3.10/site-packages:${PYTHONPATH} /usr/bin/python3 setup.py egg_info --egg-base ../../build/my_point build --build-base /home/kanja-koduki/buck_ws/build/my_point/build install --record /home/kanja-koduki/buck_ws/build/my_point/install.log --single-version-externally-managed
