[6.366s] Invoking command in '/home/kanja-koduki/buck_ws/src/model_py': PYTHONPATH=/home/kanja-koduki/buck_ws/build/model_py/prefix_override:/home/kanja-koduki/buck_ws/install/model_py/lib/python3.10/site-packages:${PYTHONPATH} /usr/bin/python3 setup.py egg_info --egg-base ../../build/model_py build --build-base /home/kanja-koduki/buck_ws/build/model_py/build install --record /home/kanja-koduki/buck_ws/build/model_py/install.log --single-version-externally-managed
[7.030s] running egg_info
[7.085s] writing ../../build/model_py/model_py.egg-info/PKG-INFO
[7.087s] writing dependency_links to ../../build/model_py/model_py.egg-info/dependency_links.txt
[7.088s] writing entry points to ../../build/model_py/model_py.egg-info/entry_points.txt
[7.088s] writing requirements to ../../build/model_py/model_py.egg-info/requires.txt
[7.088s] writing top-level names to ../../build/model_py/model_py.egg-info/top_level.txt
[7.203s] reading manifest file '../../build/model_py/model_py.egg-info/SOURCES.txt'
[7.208s] writing manifest file '../../build/model_py/model_py.egg-info/SOURCES.txt'
[7.208s] running build
[7.208s] running build_py
[7.210s] running install
[7.210s] /home/kanja-koduki/.local/lib/python3.10/site-packages/setuptools/_distutils/cmd.py:66: SetuptoolsDeprecationWarning: setup.py install is deprecated.
[7.211s] !!
[7.211s] 
[7.211s]         ********************************************************************************
[7.211s]         Please avoid running ``setup.py`` directly.
[7.211s]         Instead, use pypa/build, pypa/installer or other
[7.211s]         standards-based tools.
[7.211s] 
[7.212s]         See https://blog.ganssle.io/articles/2021/10/setup-py-deprecated.html for details.
[7.212s]         ********************************************************************************
[7.212s] 
[7.212s] !!
[7.212s]   self.initialize_options()
[7.233s] running install_lib
[7.308s] running install_data
[7.382s] copying launch/launch_sim.launch.py -> /home/kanja-koduki/buck_ws/install/model_py/share/model_py/launch
[7.386s] copying world/hills.world -> /home/kanja-koduki/buck_ws/install/model_py/share/model_py/world
[7.389s] running install_egg_info
[7.455s] removing '/home/kanja-koduki/buck_ws/install/model_py/lib/python3.10/site-packages/model_py-0.0.0-py3.10.egg-info' (and everything under it)
[7.457s] Copying ../../build/model_py/model_py.egg-info to /home/kanja-koduki/buck_ws/install/model_py/lib/python3.10/site-packages/model_py-0.0.0-py3.10.egg-info
[7.459s] running install_scripts
[8.087s] Installing keyboard_listener script to /home/kanja-koduki/buck_ws/install/model_py/lib/model_py
[8.087s] Installing laser_frame_publisher script to /home/kanja-koduki/buck_ws/install/model_py/lib/model_py
[8.088s] Installing test_joy script to /home/kanja-koduki/buck_ws/install/model_py/lib/model_py
[8.088s] writing list of installed files to '/home/kanja-koduki/buck_ws/build/model_py/install.log'
[8.289s] Invoked command in '/home/kanja-koduki/buck_ws/src/model_py' returned '0': PYTHONPATH=/home/kanja-koduki/buck_ws/build/model_py/prefix_override:/home/kanja-koduki/buck_ws/install/model_py/lib/python3.10/site-packages:${PYTHONPATH} /usr/bin/python3 setup.py egg_info --egg-base ../../build/model_py build --build-base /home/kanja-koduki/buck_ws/build/model_py/build install --record /home/kanja-koduki/buck_ws/build/model_py/install.log --single-version-externally-managed
