[5.436s] Invoking command in '/home/kanja-koduki/buck_ws/src/model_py': PYTHONPATH=/home/kanja-koduki/buck_ws/build/model_py/prefix_override:/home/kanja-koduki/buck_ws/install/model_py/lib/python3.10/site-packages:${PYTHONPATH} /usr/bin/python3 setup.py egg_info --egg-base ../../build/model_py build --build-base /home/kanja-koduki/buck_ws/build/model_py/build install --record /home/kanja-koduki/buck_ws/build/model_py/install.log --single-version-externally-managed
[6.003s] running egg_info
[6.044s] writing ../../build/model_py/model_py.egg-info/PKG-INFO
[6.045s] writing dependency_links to ../../build/model_py/model_py.egg-info/dependency_links.txt
[6.046s] writing entry points to ../../build/model_py/model_py.egg-info/entry_points.txt
[6.046s] writing requirements to ../../build/model_py/model_py.egg-info/requires.txt
[6.046s] writing top-level names to ../../build/model_py/model_py.egg-info/top_level.txt
[6.141s] reading manifest file '../../build/model_py/model_py.egg-info/SOURCES.txt'
[6.145s] writing manifest file '../../build/model_py/model_py.egg-info/SOURCES.txt'
[6.145s] running build
[6.145s] running build_py
[6.147s] running install
[6.147s] /home/kanja-koduki/.local/lib/python3.10/site-packages/setuptools/_distutils/cmd.py:66: SetuptoolsDeprecationWarning: setup.py install is deprecated.
[6.148s] !!
[6.148s] 
[6.148s]         ********************************************************************************
[6.148s]         Please avoid running ``setup.py`` directly.
[6.149s]         Instead, use pypa/build, pypa/installer or other
[6.149s]         standards-based tools.
[6.149s] 
[6.149s]         See https://blog.ganssle.io/articles/2021/10/setup-py-deprecated.html for details.
[6.149s]         ********************************************************************************
[6.150s] 
[6.150s] !!
[6.150s]   self.initialize_options()
[6.162s] running install_lib
[6.214s] running install_data
[6.262s] copying launch/niki.launch.py -> /home/kanja-koduki/buck_ws/install/model_py/share/model_py/launch
[6.263s] running install_egg_info
[6.335s] removing '/home/kanja-koduki/buck_ws/install/model_py/lib/python3.10/site-packages/model_py-0.0.0-py3.10.egg-info' (and everything under it)
[6.337s] Copying ../../build/model_py/model_py.egg-info to /home/kanja-koduki/buck_ws/install/model_py/lib/python3.10/site-packages/model_py-0.0.0-py3.10.egg-info
[6.340s] running install_scripts
[6.837s] Installing laser_frame_publisher script to /home/kanja-koduki/buck_ws/install/model_py/lib/model_py
[6.837s] Installing test_joy script to /home/kanja-koduki/buck_ws/install/model_py/lib/model_py
[6.838s] writing list of installed files to '/home/kanja-koduki/buck_ws/build/model_py/install.log'
[6.894s] Invoked command in '/home/kanja-koduki/buck_ws/src/model_py' returned '0': PYTHONPATH=/home/kanja-koduki/buck_ws/build/model_py/prefix_override:/home/kanja-koduki/buck_ws/install/model_py/lib/python3.10/site-packages:${PYTHONPATH} /usr/bin/python3 setup.py egg_info --egg-base ../../build/model_py build --build-base /home/kanja-koduki/buck_ws/build/model_py/build install --record /home/kanja-koduki/buck_ws/build/model_py/install.log --single-version-externally-managed
