[1.785s] Invoking command in '/home/kanja-koduki/buck_ws/src/model_py': PYTHONPATH=/home/kanja-koduki/buck_ws/build/model_py/prefix_override:/home/kanja-koduki/buck_ws/install/model_py/lib/python3.10/site-packages:${PYTHONPATH} /usr/bin/python3 setup.py egg_info --egg-base ../../build/model_py build --build-base /home/kanja-koduki/buck_ws/build/model_py/build install --record /home/kanja-koduki/buck_ws/build/model_py/install.log --single-version-externally-managed
[1.997s] running egg_info
[2.013s] writing ../../build/model_py/model_py.egg-info/PKG-INFO
[2.014s] writing dependency_links to ../../build/model_py/model_py.egg-info/dependency_links.txt
[2.014s] writing requirements to ../../build/model_py/model_py.egg-info/requires.txt
[2.014s] writing top-level names to ../../build/model_py/model_py.egg-info/top_level.txt
[2.056s] reading manifest file '../../build/model_py/model_py.egg-info/SOURCES.txt'
[2.057s] writing manifest file '../../build/model_py/model_py.egg-info/SOURCES.txt'
[2.057s] running build
[2.058s] running build_py
[2.058s] running install
[2.058s] /home/kanja-koduki/.local/lib/python3.10/site-packages/setuptools/_distutils/cmd.py:66: SetuptoolsDeprecationWarning: setup.py install is deprecated.
[2.058s] !!
[2.058s] 
[2.058s]         ********************************************************************************
[2.058s]         Please avoid running ``setup.py`` directly.
[2.058s]         Instead, use pypa/build, pypa/installer or other
[2.059s]         standards-based tools.
[2.059s] 
[2.059s]         See https://blog.ganssle.io/articles/2021/10/setup-py-deprecated.html for details.
[2.059s]         ********************************************************************************
[2.059s] 
[2.059s] !!
[2.059s]   self.initialize_options()
[2.064s] running install_lib
[2.082s] running install_data
[2.101s] running install_egg_info
[2.121s] removing '/home/kanja-koduki/buck_ws/install/model_py/lib/python3.10/site-packages/model_py-0.0.0-py3.10.egg-info' (and everything under it)
[2.121s] Copying ../../build/model_py/model_py.egg-info to /home/kanja-koduki/buck_ws/install/model_py/lib/python3.10/site-packages/model_py-0.0.0-py3.10.egg-info
[2.122s] running install_scripts
[2.320s] writing list of installed files to '/home/kanja-koduki/buck_ws/build/model_py/install.log'
[2.355s] Invoked command in '/home/kanja-koduki/buck_ws/src/model_py' returned '0': PYTHONPATH=/home/kanja-koduki/buck_ws/build/model_py/prefix_override:/home/kanja-koduki/buck_ws/install/model_py/lib/python3.10/site-packages:${PYTHONPATH} /usr/bin/python3 setup.py egg_info --egg-base ../../build/model_py build --build-base /home/kanja-koduki/buck_ws/build/model_py/build install --record /home/kanja-koduki/buck_ws/build/model_py/install.log --single-version-externally-managed
