[0.152s] Invoking command in '/home/kanja-koduki/buck_ws/build/pointcloud': CMAKE_PREFIX_PATH=${CMAKE_PREFIX_PATH}:/home/kanja-koduki/buck_ws/install/my_point:/home/kanja-koduki/buck_ws/install/model_py:/home/kanja-koduki/hannah_ws/install/hannah_bot:/home/kanja-koduki/niki_ws/install/sjtu_drone_bringup:/home/kanja-koduki/zypher_ws/install/prius_sdc_pkg:/home/kanja-koduki/ortega_ws/install/ortega_bot:/opt/ros/humble /home/kanja-koduki/.local/bin/cmake --build /home/kanja-koduki/buck_ws/build/pointcloud -- -j8 -l8
[0.180s] -- Found ament_cmake: 1.3.5 (/opt/ros/humble/share/ament_cmake/cmake)
[0.377s] -- Configuring incomplete, errors occurred!
[0.377s] [31mCMake Error at CMakeLists.txt:9 (find_package):
[0.378s]   By not providing "Findrosidl_generate_generators.cmake" in
[0.378s]   CMAKE_MODULE_PATH this project has asked CMake to find a package
[0.378s]   configuration file provided by "rosidl_generate_generators", but CMake did
[0.378s]   not find one.
[0.378s] 
[0.378s]   Could not find a package configuration file provided by
[0.378s]   "rosidl_generate_generators" with any of the following names:
[0.378s] 
[0.378s]     rosidl_generate_generatorsConfig.cmake
[0.378s]     rosidl_generate_generators-config.cmake
[0.378s] 
[0.378s]   Add the installation prefix of "rosidl_generate_generators" to
[0.378s]   CMAKE_PREFIX_PATH or set "rosidl_generate_generators_DIR" to a directory
[0.378s]   containing one of the above files.  If "rosidl_generate_generators"
[0.378s]   provides a separate development package or SDK, be sure it has been
[0.378s]   installed.
[0.378s] 
[0.378s] [0m
[0.379s] gmake: *** [Makefile:226: cmake_check_build_system] Error 1
[0.383s] Invoked command in '/home/kanja-koduki/buck_ws/build/pointcloud' returned '2': CMAKE_PREFIX_PATH=${CMAKE_PREFIX_PATH}:/home/kanja-koduki/buck_ws/install/my_point:/home/kanja-koduki/buck_ws/install/model_py:/home/kanja-koduki/hannah_ws/install/hannah_bot:/home/kanja-koduki/niki_ws/install/sjtu_drone_bringup:/home/kanja-koduki/zypher_ws/install/prius_sdc_pkg:/home/kanja-koduki/ortega_ws/install/ortega_bot:/opt/ros/humble /home/kanja-koduki/.local/bin/cmake --build /home/kanja-koduki/buck_ws/build/pointcloud -- -j8 -l8
