[2.932s] Invoking command in '/home/kanja-koduki/buck_ws/src/model_py': PYTHONPATH=/home/kanja-koduki/buck_ws/build/model_py/prefix_override:/home/kanja-koduki/buck_ws/install/model_py/lib/python3.10/site-packages:${PYTHONPATH} /usr/bin/python3 setup.py egg_info --egg-base ../../build/model_py build --build-base /home/kanja-koduki/buck_ws/build/model_py/build install --record /home/kanja-koduki/buck_ws/build/model_py/install.log --single-version-externally-managed
[3.416s] running egg_info
[3.452s] writing ../../build/model_py/model_py.egg-info/PKG-INFO
[3.453s] writing dependency_links to ../../build/model_py/model_py.egg-info/dependency_links.txt
[3.454s] writing requirements to ../../build/model_py/model_py.egg-info/requires.txt
[3.454s] writing top-level names to ../../build/model_py/model_py.egg-info/top_level.txt
[3.530s] reading manifest file '../../build/model_py/model_py.egg-info/SOURCES.txt'
[3.532s] writing manifest file '../../build/model_py/model_py.egg-info/SOURCES.txt'
[3.532s] running build
[3.533s] running build_py
[3.533s] running install
[3.533s] /home/kanja-koduki/.local/lib/python3.10/site-packages/setuptools/_distutils/cmd.py:66: SetuptoolsDeprecationWarning: setup.py install is deprecated.
[3.534s] !!
[3.534s] 
[3.534s]         ********************************************************************************
[3.534s]         Please avoid running ``setup.py`` directly.
[3.534s]         Instead, use pypa/build, pypa/installer or other
[3.534s]         standards-based tools.
[3.534s] 
[3.534s]         See https://blog.ganssle.io/articles/2021/10/setup-py-deprecated.html for details.
[3.534s]         ********************************************************************************
[3.534s] 
[3.535s] !!
[3.535s]   self.initialize_options()
[3.544s] running install_lib
[3.583s] running install_data
[3.620s] copying urdf/robot_core.urdf.xacro -> /home/kanja-koduki/buck_ws/install/model_py/share/model_py/urdf
[3.620s] running install_egg_info
[3.660s] removing '/home/kanja-koduki/buck_ws/install/model_py/lib/python3.10/site-packages/model_py-0.0.0-py3.10.egg-info' (and everything under it)
[3.660s] Copying ../../build/model_py/model_py.egg-info to /home/kanja-koduki/buck_ws/install/model_py/lib/python3.10/site-packages/model_py-0.0.0-py3.10.egg-info
[3.661s] running install_scripts
[3.996s] writing list of installed files to '/home/kanja-koduki/buck_ws/build/model_py/install.log'
[4.044s] Invoked command in '/home/kanja-koduki/buck_ws/src/model_py' returned '0': PYTHONPATH=/home/kanja-koduki/buck_ws/build/model_py/prefix_override:/home/kanja-koduki/buck_ws/install/model_py/lib/python3.10/site-packages:${PYTHONPATH} /usr/bin/python3 setup.py egg_info --egg-base ../../build/model_py build --build-base /home/kanja-koduki/buck_ws/build/model_py/build install --record /home/kanja-koduki/buck_ws/build/model_py/install.log --single-version-externally-managed
