[5.497s] Invoking command in '/home/kanja-koduki/buck_ws/src/model_py': PYTHONPATH=/home/kanja-koduki/buck_ws/build/model_py/prefix_override:/home/kanja-koduki/buck_ws/install/model_py/lib/python3.10/site-packages:${PYTHONPATH} /usr/bin/python3 setup.py egg_info --egg-base ../../build/model_py build --build-base /home/kanja-koduki/buck_ws/build/model_py/build install --record /home/kanja-koduki/buck_ws/build/model_py/install.log --single-version-externally-managed
[6.151s] running egg_info
[6.206s] writing ../../build/model_py/model_py.egg-info/PKG-INFO
[6.208s] writing dependency_links to ../../build/model_py/model_py.egg-info/dependency_links.txt
[6.208s] writing entry points to ../../build/model_py/model_py.egg-info/entry_points.txt
[6.209s] writing requirements to ../../build/model_py/model_py.egg-info/requires.txt
[6.209s] writing top-level names to ../../build/model_py/model_py.egg-info/top_level.txt
[6.329s] reading manifest file '../../build/model_py/model_py.egg-info/SOURCES.txt'
[6.334s] writing manifest file '../../build/model_py/model_py.egg-info/SOURCES.txt'
[6.334s] running build
[6.334s] running build_py
[6.336s] running install
[6.337s] /home/kanja-koduki/.local/lib/python3.10/site-packages/setuptools/_distutils/cmd.py:66: SetuptoolsDeprecationWarning: setup.py install is deprecated.
[6.337s] !!
[6.337s] 
[6.337s]         ********************************************************************************
[6.337s]         Please avoid running ``setup.py`` directly.
[6.337s]         Instead, use pypa/build, pypa/installer or other
[6.338s]         standards-based tools.
[6.338s] 
[6.338s]         See https://blog.ganssle.io/articles/2021/10/setup-py-deprecated.html for details.
[6.338s]         ********************************************************************************
[6.338s] 
[6.338s] !!
[6.339s]   self.initialize_options()
[6.358s] running install_lib
[6.412s] running install_data
[6.472s] copying launch/launch_sim.launch.py -> /home/kanja-koduki/buck_ws/install/model_py/share/model_py/launch
[6.474s] running install_egg_info
[6.536s] removing '/home/kanja-koduki/buck_ws/install/model_py/lib/python3.10/site-packages/model_py-0.0.0-py3.10.egg-info' (and everything under it)
[6.537s] Copying ../../build/model_py/model_py.egg-info to /home/kanja-koduki/buck_ws/install/model_py/lib/python3.10/site-packages/model_py-0.0.0-py3.10.egg-info
[6.539s] running install_scripts
[7.009s] Installing laser_frame_publisher script to /home/kanja-koduki/buck_ws/install/model_py/lib/model_py
[7.009s] Installing test_joy script to /home/kanja-koduki/buck_ws/install/model_py/lib/model_py
[7.011s] writing list of installed files to '/home/kanja-koduki/buck_ws/build/model_py/install.log'
[7.176s] Invoked command in '/home/kanja-koduki/buck_ws/src/model_py' returned '0': PYTHONPATH=/home/kanja-koduki/buck_ws/build/model_py/prefix_override:/home/kanja-koduki/buck_ws/install/model_py/lib/python3.10/site-packages:${PYTHONPATH} /usr/bin/python3 setup.py egg_info --egg-base ../../build/model_py build --build-base /home/kanja-koduki/buck_ws/build/model_py/build install --record /home/kanja-koduki/buck_ws/build/model_py/install.log --single-version-externally-managed
