-- Found ament_cmake: 1.3.5 (/opt/ros/humble/share/ament_cmake/cmake)
-- Found rosidl_default_generators: 1.2.0 (/opt/ros/humble/share/rosidl_default_generators/cmake)
-- Using all available rosidl_typesupport_c: rosidl_typesupport_fastrtps_c;rosidl_typesupport_introspection_c
-- Found rosidl_adapter: 3.1.5 (/opt/ros/humble/share/rosidl_adapter/cmake)
-- Using all available rosidl_typesupport_cpp: rosidl_typesupport_fastrtps_cpp;rosidl_typesupport_introspection_cpp
-- Found ament_cmake_ros: 0.10.0 (/opt/ros/humble/share/ament_cmake_ros/cmake)
-- Using all available rosidl_typesupport_c: rosidl_typesupport_fastrtps_c;rosidl_typesupport_introspection_c
-- Using all available rosidl_typesupport_cpp: rosidl_typesupport_fastrtps_cpp;rosidl_typesupport_introspection_cpp
[33mCMake Warning (dev) at /opt/ros/humble/share/rosidl_generator_py/cmake/rosidl_generator_py_generate_interfaces.cmake:20 (find_package):
  Policy CMP0148 is not set: The FindPythonInterp and FindPythonLibs modules
  are removed.  Run "cmake --help-policy CMP0148" for policy details.  Use
  the cmake_policy command to set the policy and suppress this warning.

Call Stack (most recent call first):
  /opt/ros/humble/share/ament_cmake_core/cmake/core/ament_execute_extensions.cmake:48 (include)
  /opt/ros/humble/share/rosidl_cmake/cmake/rosidl_generate_interfaces.cmake:286 (ament_execute_extensions)
  CMakeLists.txt:12 (rosidl_generate_interfaces)
This warning is for project developers.  Use -Wno-dev to suppress it.
[0m
-- Found python_cmake_module: 0.10.0 (/opt/ros/humble/share/python_cmake_module/cmake)
[33mCMake Warning (dev) at /opt/ros/humble/share/python_cmake_module/cmake/Modules/FindPythonExtra.cmake:52 (find_package):
  Policy CMP0148 is not set: The FindPythonInterp and FindPythonLibs modules
  are removed.  Run "cmake --help-policy CMP0148" for policy details.  Use
  the cmake_policy command to set the policy and suppress this warning.

Call Stack (most recent call first):
  /opt/ros/humble/share/rosidl_generator_py/cmake/rosidl_generator_py_generate_interfaces.cmake:23 (find_package)
  /opt/ros/humble/share/ament_cmake_core/cmake/core/ament_execute_extensions.cmake:48 (include)
  /opt/ros/humble/share/rosidl_cmake/cmake/rosidl_generate_interfaces.cmake:286 (ament_execute_extensions)
  CMakeLists.txt:12 (rosidl_generate_interfaces)
This warning is for project developers.  Use -Wno-dev to suppress it.
[0m
[33mCMake Warning (dev) at /opt/ros/humble/share/python_cmake_module/cmake/Modules/FindPythonExtra.cmake:140 (find_package):
  Policy CMP0148 is not set: The FindPythonInterp and FindPythonLibs modules
  are removed.  Run "cmake --help-policy CMP0148" for policy details.  Use
  the cmake_policy command to set the policy and suppress this warning.

Call Stack (most recent call first):
  /opt/ros/humble/share/rosidl_generator_py/cmake/rosidl_generator_py_generate_interfaces.cmake:23 (find_package)
  /opt/ros/humble/share/ament_cmake_core/cmake/core/ament_execute_extensions.cmake:48 (include)
  /opt/ros/humble/share/rosidl_cmake/cmake/rosidl_generate_interfaces.cmake:286 (ament_execute_extensions)
  CMakeLists.txt:12 (rosidl_generate_interfaces)
This warning is for project developers.  Use -Wno-dev to suppress it.
[0m
-- Using PYTHON_EXECUTABLE: /usr/bin/python3
-- Using PYTHON_INCLUDE_DIRS: /usr/include/python3.10
-- Using PYTHON_LIBRARIES: /usr/lib/x86_64-linux-gnu/libpython3.10.so
-- Configuring done (1.3s)
-- Generating done (0.0s)
-- Build files have been written to: /home/kanja-koduki/buck_ws/build/pointcloud
[  3%] Built target pointcloud__cpp
[ 12%] Built target pointcloud__rosidl_generator_c
[ 12%] Built target ament_cmake_python_copy_pointcloud
[ 16%] [34m[1mGenerating C++ type support for eProsima Fast-RTPS[0m
[ 19%] [34m[1mGenerating C++ introspection for ROS interfaces[0m
[ 22%] [34m[1mGenerating C++ type support dispatch for ROS interfaces[0m
[ 29%] [34m[1mGenerating C type support dispatch for ROS interfaces[0m
[ 29%] [34m[1mGenerating C introspection for ROS interfaces[0m
[ 32%] [34m[1mGenerating C type support for eProsima Fast-RTPS[0m
Traceback (most recent call last):
  File "/home/kanja-koduki/buck_ws/build/pointcloud/ament_cmake_python/pointcloud/setup.py", line 1, in <module>
    from setuptools import find_packages
  File "/usr/lib/python3/dist-packages/setuptools/__init__.py", line 10, in <module>
    import distutils.core
ModuleNotFoundError: No module named 'distutils'
gmake[2]: *** [CMakeFiles/ament_cmake_python_build_pointcloud_egg.dir/build.make:70: CMakeFiles/ament_cmake_python_build_pointcloud_egg] Error 1
gmake[1]: *** [CMakeFiles/Makefile2:447: CMakeFiles/ament_cmake_python_build_pointcloud_egg.dir/all] Error 2
gmake[1]: *** Waiting for unfinished jobs....
[ 35%] [32mBuilding CXX object CMakeFiles/pointcloud__rosidl_typesupport_introspection_cpp.dir/rosidl_typesupport_introspection_cpp/pointcloud/msg/detail/point_cloud__type_support.cpp.o[0m
[ 38%] [32mBuilding CXX object CMakeFiles/pointcloud__rosidl_typesupport_fastrtps_cpp.dir/rosidl_typesupport_fastrtps_cpp/pointcloud/msg/detail/dds_fastrtps/point_cloud__type_support.cpp.o[0m
[ 41%] [32mBuilding CXX object CMakeFiles/pointcloud__rosidl_typesupport_c.dir/rosidl_typesupport_c/pointcloud/msg/point_cloud__type_support.cpp.o[0m
[ 45%] [32mBuilding CXX object CMakeFiles/pointcloud__rosidl_typesupport_cpp.dir/rosidl_typesupport_cpp/pointcloud/msg/point_cloud__type_support.cpp.o[0m
[ 48%] [32mBuilding C object CMakeFiles/pointcloud__rosidl_typesupport_introspection_c.dir/rosidl_typesupport_introspection_c/pointcloud/msg/detail/point_cloud__type_support.c.o[0m
[ 51%] [32mBuilding CXX object CMakeFiles/pointcloud__rosidl_typesupport_fastrtps_c.dir/rosidl_typesupport_fastrtps_c/pointcloud/msg/detail/point_cloud__type_support_c.cpp.o[0m
[ 54%] [32m[1mLinking CXX shared library libpointcloud__rosidl_typesupport_c.so[0m
[ 54%] Built target pointcloud__rosidl_typesupport_c
[ 58%] [32m[1mLinking C shared library libpointcloud__rosidl_typesupport_introspection_c.so[0m
[ 58%] Built target pointcloud__rosidl_typesupport_introspection_c
[ 61%] [32m[1mLinking CXX shared library libpointcloud__rosidl_typesupport_cpp.so[0m
[ 61%] Built target pointcloud__rosidl_typesupport_cpp
[ 64%] [32m[1mLinking CXX shared library libpointcloud__rosidl_typesupport_fastrtps_c.so[0m
[ 67%] [32m[1mLinking CXX shared library libpointcloud__rosidl_typesupport_introspection_cpp.so[0m
[ 70%] [32m[1mLinking CXX shared library libpointcloud__rosidl_typesupport_fastrtps_cpp.so[0m
[ 70%] Built target pointcloud__rosidl_typesupport_introspection_cpp
[ 70%] Built target pointcloud__rosidl_typesupport_fastrtps_c
[ 70%] Built target pointcloud__rosidl_typesupport_fastrtps_cpp
gmake: *** [Makefile:146: all] Error 2
