-- Found ament_cmake: 1.3.5 (/opt/ros/humble/share/ament_cmake/cmake)
-- Found rosidl_default_generators: 1.2.0 (/opt/ros/humble/share/rosidl_default_generators/cmake)
-- Using all available rosidl_typesupport_c: rosidl_typesupport_fastrtps_c;rosidl_typesupport_introspection_c
-- Found rosidl_adapter: 3.1.5 (/opt/ros/humble/share/rosidl_adapter/cmake)
-- Using all available rosidl_typesupport_cpp: rosidl_typesupport_fastrtps_cpp;rosidl_typesupport_introspection_cpp
-- Found ament_cmake_ros: 0.10.0 (/opt/ros/humble/share/ament_cmake_ros/cmake)
-- Using all available rosidl_typesupport_c: rosidl_typesupport_fastrtps_c;rosidl_typesupport_introspection_c
-- Using all available rosidl_typesupport_cpp: rosidl_typesupport_fastrtps_cpp;rosidl_typesupport_introspection_cpp
-- Found python_cmake_module: 0.10.0 (/opt/ros/humble/share/python_cmake_module/cmake)
-- Using PYTHON_EXECUTABLE: /usr/bin/python3
-- Using PYTHON_INCLUDE_DIRS: /usr/include/python3.10
-- Using PYTHON_LIBRARIES: /usr/lib/x86_64-linux-gnu/libpython3.10.so
-- Configuring done (1.3s)
-- Generating done (0.0s)
-- Build files have been written to: /home/kanja-koduki/buck_ws/build/pointcloud
[  3%] Built target pointcloud__cpp
[ 12%] Built target pointcloud__rosidl_generator_c
[ 12%] Built target ament_cmake_python_copy_pointcloud
[ 16%] [34m[1mGenerating C++ type support for eProsima Fast-RTPS[0m
[ 19%] [34m[1mGenerating C++ introspection for ROS interfaces[0m
[ 22%] [34m[1mGenerating C++ type support dispatch for ROS interfaces[0m
[ 29%] [34m[1mGenerating C type support dispatch for ROS interfaces[0m
[ 29%] [34m[1mGenerating C introspection for ROS interfaces[0m
[ 32%] [34m[1mGenerating C type support for eProsima Fast-RTPS[0m
[ 35%] [32mBuilding CXX object CMakeFiles/pointcloud__rosidl_typesupport_introspection_cpp.dir/rosidl_typesupport_introspection_cpp/pointcloud/msg/detail/point_cloud__type_support.cpp.o[0m
[ 38%] [32mBuilding CXX object CMakeFiles/pointcloud__rosidl_typesupport_fastrtps_cpp.dir/rosidl_typesupport_fastrtps_cpp/pointcloud/msg/detail/dds_fastrtps/point_cloud__type_support.cpp.o[0m
[ 41%] [32mBuilding CXX object CMakeFiles/pointcloud__rosidl_typesupport_c.dir/rosidl_typesupport_c/pointcloud/msg/point_cloud__type_support.cpp.o[0m
[ 45%] [32mBuilding CXX object CMakeFiles/pointcloud__rosidl_typesupport_cpp.dir/rosidl_typesupport_cpp/pointcloud/msg/point_cloud__type_support.cpp.o[0m
[ 48%] [32mBuilding C object CMakeFiles/pointcloud__rosidl_typesupport_introspection_c.dir/rosidl_typesupport_introspection_c/pointcloud/msg/detail/point_cloud__type_support.c.o[0m
[ 51%] [32mBuilding CXX object CMakeFiles/pointcloud__rosidl_typesupport_fastrtps_c.dir/rosidl_typesupport_fastrtps_c/pointcloud/msg/detail/point_cloud__type_support_c.cpp.o[0m
[ 54%] [32m[1mLinking CXX shared library libpointcloud__rosidl_typesupport_c.so[0m
[ 54%] Built target pointcloud__rosidl_typesupport_c
[ 58%] [32m[1mLinking C shared library libpointcloud__rosidl_typesupport_introspection_c.so[0m
[ 58%] Built target pointcloud__rosidl_typesupport_introspection_c
[ 61%] [32m[1mLinking CXX shared library libpointcloud__rosidl_typesupport_cpp.so[0m
[ 61%] Built target pointcloud__rosidl_typesupport_cpp
[ 64%] [32m[1mLinking CXX shared library libpointcloud__rosidl_typesupport_fastrtps_c.so[0m
[ 67%] [32m[1mLinking CXX shared library libpointcloud__rosidl_typesupport_introspection_cpp.so[0m
[ 70%] [32m[1mLinking CXX shared library libpointcloud__rosidl_typesupport_fastrtps_cpp.so[0m
[ 70%] Built target pointcloud__rosidl_typesupport_introspection_cpp
[ 70%] Built target pointcloud__rosidl_typesupport_fastrtps_c
[ 70%] Built target pointcloud__rosidl_typesupport_fastrtps_cpp
