[4.476s] Invoking command in '/home/kanja-koduki/buck_ws/src/model_py': PYTHONPATH=/home/kanja-koduki/buck_ws/build/model_py/prefix_override:/home/kanja-koduki/buck_ws/install/model_py/lib/python3.10/site-packages:${PYTHONPATH} /usr/bin/python3 setup.py egg_info --egg-base ../../build/model_py build --build-base /home/kanja-koduki/buck_ws/build/model_py/build install --record /home/kanja-koduki/buck_ws/build/model_py/install.log --single-version-externally-managed
[4.980s] running egg_info
[5.019s] writing ../../build/model_py/model_py.egg-info/PKG-INFO
[5.020s] writing dependency_links to ../../build/model_py/model_py.egg-info/dependency_links.txt
[5.021s] writing entry points to ../../build/model_py/model_py.egg-info/entry_points.txt
[5.021s] writing requirements to ../../build/model_py/model_py.egg-info/requires.txt
[5.021s] writing top-level names to ../../build/model_py/model_py.egg-info/top_level.txt
[5.119s] reading manifest file '../../build/model_py/model_py.egg-info/SOURCES.txt'
[5.122s] writing manifest file '../../build/model_py/model_py.egg-info/SOURCES.txt'
[5.122s] running build
[5.122s] running build_py
[5.123s] running install
[5.123s] /home/kanja-koduki/.local/lib/python3.10/site-packages/setuptools/_distutils/cmd.py:66: SetuptoolsDeprecationWarning: setup.py install is deprecated.
[5.124s] !!
[5.124s] 
[5.124s]         ********************************************************************************
[5.124s]         Please avoid running ``setup.py`` directly.
[5.124s]         Instead, use pypa/build, pypa/installer or other
[5.124s]         standards-based tools.
[5.124s] 
[5.124s]         See https://blog.ganssle.io/articles/2021/10/setup-py-deprecated.html for details.
[5.124s]         ********************************************************************************
[5.125s] 
[5.125s] !!
[5.125s]   self.initialize_options()
[5.137s] running install_lib
[5.182s] running install_data
[5.221s] running install_egg_info
[5.262s] removing '/home/kanja-koduki/buck_ws/install/model_py/lib/python3.10/site-packages/model_py-0.0.0-py3.10.egg-info' (and everything under it)
[5.263s] Copying ../../build/model_py/model_py.egg-info to /home/kanja-koduki/buck_ws/install/model_py/lib/python3.10/site-packages/model_py-0.0.0-py3.10.egg-info
[5.265s] running install_scripts
[5.656s] Installing laser_frame_publisher script to /home/kanja-koduki/buck_ws/install/model_py/lib/model_py
[5.656s] Installing test_joy script to /home/kanja-koduki/buck_ws/install/model_py/lib/model_py
[5.657s] writing list of installed files to '/home/kanja-koduki/buck_ws/build/model_py/install.log'
[5.836s] Invoked command in '/home/kanja-koduki/buck_ws/src/model_py' returned '0': PYTHONPATH=/home/kanja-koduki/buck_ws/build/model_py/prefix_override:/home/kanja-koduki/buck_ws/install/model_py/lib/python3.10/site-packages:${PYTHONPATH} /usr/bin/python3 setup.py egg_info --egg-base ../../build/model_py build --build-base /home/kanja-koduki/buck_ws/build/model_py/build install --record /home/kanja-koduki/buck_ws/build/model_py/install.log --single-version-externally-managed
