[4.563s] Invoking command in '/home/kanja-koduki/buck_ws/src/model_py': PYTHONPATH=/home/kanja-koduki/buck_ws/build/model_py/prefix_override:/home/kanja-koduki/buck_ws/install/model_py/lib/python3.10/site-packages:${PYTHONPATH} /usr/bin/python3 setup.py egg_info --egg-base ../../build/model_py build --build-base /home/kanja-koduki/buck_ws/build/model_py/build install --record /home/kanja-koduki/buck_ws/build/model_py/install.log --single-version-externally-managed
[5.080s] running egg_info
[5.117s] writing ../../build/model_py/model_py.egg-info/PKG-INFO
[5.118s] writing dependency_links to ../../build/model_py/model_py.egg-info/dependency_links.txt
[5.119s] writing requirements to ../../build/model_py/model_py.egg-info/requires.txt
[5.119s] writing top-level names to ../../build/model_py/model_py.egg-info/top_level.txt
[5.198s] reading manifest file '../../build/model_py/model_py.egg-info/SOURCES.txt'
[5.201s] writing manifest file '../../build/model_py/model_py.egg-info/SOURCES.txt'
[5.201s] running build
[5.201s] running build_py
[5.202s] running install
[5.202s] /home/kanja-koduki/.local/lib/python3.10/site-packages/setuptools/_distutils/cmd.py:66: SetuptoolsDeprecationWarning: setup.py install is deprecated.
[5.202s] !!
[5.202s] 
[5.202s]         ********************************************************************************
[5.203s]         Please avoid running ``setup.py`` directly.
[5.203s]         Instead, use pypa/build, pypa/installer or other
[5.203s]         standards-based tools.
[5.203s] 
[5.203s]         See https://blog.ganssle.io/articles/2021/10/setup-py-deprecated.html for details.
[5.203s]         ********************************************************************************
[5.203s] 
[5.203s] !!
[5.203s]   self.initialize_options()
[5.219s] running install_lib
[5.256s] running install_data
[5.293s] copying launch/launch_sim.launch.py -> /home/kanja-koduki/buck_ws/install/model_py/share/model_py/launch
[5.294s] running install_egg_info
[5.335s] removing '/home/kanja-koduki/buck_ws/install/model_py/lib/python3.10/site-packages/model_py-0.0.0-py3.10.egg-info' (and everything under it)
[5.335s] Copying ../../build/model_py/model_py.egg-info to /home/kanja-koduki/buck_ws/install/model_py/lib/python3.10/site-packages/model_py-0.0.0-py3.10.egg-info
[5.336s] running install_scripts
[5.755s] writing list of installed files to '/home/kanja-koduki/buck_ws/build/model_py/install.log'
[5.819s] Invoked command in '/home/kanja-koduki/buck_ws/src/model_py' returned '0': PYTHONPATH=/home/kanja-koduki/buck_ws/build/model_py/prefix_override:/home/kanja-koduki/buck_ws/install/model_py/lib/python3.10/site-packages:${PYTHONPATH} /usr/bin/python3 setup.py egg_info --egg-base ../../build/model_py build --build-base /home/kanja-koduki/buck_ws/build/model_py/build install --record /home/kanja-koduki/buck_ws/build/model_py/install.log --single-version-externally-managed
