[4.739s] Invoking command in '/home/kanja-koduki/buck_ws/src/model_py': PYTHONPATH=/home/kanja-koduki/buck_ws/build/model_py/prefix_override:/home/kanja-koduki/buck_ws/install/model_py/lib/python3.10/site-packages:${PYTHONPATH} /usr/bin/python3 setup.py egg_info --egg-base ../../build/model_py build --build-base /home/kanja-koduki/buck_ws/build/model_py/build install --record /home/kanja-koduki/buck_ws/build/model_py/install.log --single-version-externally-managed
[5.271s] running egg_info
[5.313s] writing ../../build/model_py/model_py.egg-info/PKG-INFO
[5.314s] writing dependency_links to ../../build/model_py/model_py.egg-info/dependency_links.txt
[5.315s] writing requirements to ../../build/model_py/model_py.egg-info/requires.txt
[5.315s] writing top-level names to ../../build/model_py/model_py.egg-info/top_level.txt
[5.408s] reading manifest file '../../build/model_py/model_py.egg-info/SOURCES.txt'
[5.411s] writing manifest file '../../build/model_py/model_py.egg-info/SOURCES.txt'
[5.411s] running build
[5.411s] running build_py
[5.412s] running install
[5.413s] /home/kanja-koduki/.local/lib/python3.10/site-packages/setuptools/_distutils/cmd.py:66: SetuptoolsDeprecationWarning: setup.py install is deprecated.
[5.413s] !!
[5.413s] 
[5.414s]         ********************************************************************************
[5.414s]         Please avoid running ``setup.py`` directly.
[5.414s]         Instead, use pypa/build, pypa/installer or other
[5.414s]         standards-based tools.
[5.414s] 
[5.414s]         See https://blog.ganssle.io/articles/2021/10/setup-py-deprecated.html for details.
[5.415s]         ********************************************************************************
[5.415s] 
[5.415s] !!
[5.415s]   self.initialize_options()
[5.428s] running install_lib
[5.482s] running install_data
[5.530s] copying urdf/lidar.urdf.xacro -> /home/kanja-koduki/buck_ws/install/model_py/share/model_py/urdf
[5.531s] copying urdf/lidar3d.urdf.xacro -> /home/kanja-koduki/buck_ws/install/model_py/share/model_py/urdf
[5.531s] running install_egg_info
[5.600s] removing '/home/kanja-koduki/buck_ws/install/model_py/lib/python3.10/site-packages/model_py-0.0.0-py3.10.egg-info' (and everything under it)
[5.601s] Copying ../../build/model_py/model_py.egg-info to /home/kanja-koduki/buck_ws/install/model_py/lib/python3.10/site-packages/model_py-0.0.0-py3.10.egg-info
[5.603s] running install_scripts
[6.088s] writing list of installed files to '/home/kanja-koduki/buck_ws/build/model_py/install.log'
[6.147s] Invoked command in '/home/kanja-koduki/buck_ws/src/model_py' returned '0': PYTHONPATH=/home/kanja-koduki/buck_ws/build/model_py/prefix_override:/home/kanja-koduki/buck_ws/install/model_py/lib/python3.10/site-packages:${PYTHONPATH} /usr/bin/python3 setup.py egg_info --egg-base ../../build/model_py build --build-base /home/kanja-koduki/buck_ws/build/model_py/build install --record /home/kanja-koduki/buck_ws/build/model_py/install.log --single-version-externally-managed
