/home/kanja-koduki/buck_ws/install/model_py/lib/python3.10/site-packages/model_py/frame.py
/home/kanja-koduki/buck_ws/install/model_py/lib/python3.10/site-packages/model_py/try.py
/home/kanja-koduki/buck_ws/install/model_py/lib/python3.10/site-packages/model_py/test.py
/home/kanja-koduki/buck_ws/install/model_py/lib/python3.10/site-packages/model_py/joytest.py
/home/kanja-koduki/buck_ws/install/model_py/lib/python3.10/site-packages/model_py/__init__.py
/home/kanja-koduki/buck_ws/install/model_py/lib/python3.10/site-packages/model_py/__pycache__/frame.cpython-310.pyc
/home/kanja-koduki/buck_ws/install/model_py/lib/python3.10/site-packages/model_py/__pycache__/try.cpython-310.pyc
/home/kanja-koduki/buck_ws/install/model_py/lib/python3.10/site-packages/model_py/__pycache__/test.cpython-310.pyc
/home/kanja-koduki/buck_ws/install/model_py/lib/python3.10/site-packages/model_py/__pycache__/joytest.cpython-310.pyc
/home/kanja-koduki/buck_ws/install/model_py/lib/python3.10/site-packages/model_py/__pycache__/__init__.cpython-310.pyc
/home/kanja-koduki/buck_ws/install/model_py/share/ament_index/resource_index/packages/model_py
/home/kanja-koduki/buck_ws/install/model_py/share/model_py/package.xml
/home/kanja-koduki/buck_ws/install/model_py/share/model_py/launch/test.launch.py
/home/kanja-koduki/buck_ws/install/model_py/share/model_py/launch/niki.launch.py
/home/kanja-koduki/buck_ws/install/model_py/share/model_py/launch/launch_sim.launch.py
/home/kanja-koduki/buck_ws/install/model_py/share/model_py/launch/joy_test.launch.py
/home/kanja-koduki/buck_ws/install/model_py/share/model_py/launch/rsp.launch.py
/home/kanja-koduki/buck_ws/install/model_py/share/model_py/world/test.world
/home/kanja-koduki/buck_ws/install/model_py/share/model_py/world/simple.world
/home/kanja-koduki/buck_ws/install/model_py/share/model_py/world/empty.world
/home/kanja-koduki/buck_ws/install/model_py/share/model_py/world/trial.world
/home/kanja-koduki/buck_ws/install/model_py/share/model_py/urdf/test.xacro
/home/kanja-koduki/buck_ws/install/model_py/share/model_py/urdf/gazebo_control.xacro
/home/kanja-koduki/buck_ws/install/model_py/share/model_py/urdf/ir.urdf.xacro
/home/kanja-koduki/buck_ws/install/model_py/share/model_py/urdf/_r430.urdf.xacro
/home/kanja-koduki/buck_ws/install/model_py/share/model_py/urdf/run.urdf.xacro
/home/kanja-koduki/buck_ws/install/model_py/share/model_py/urdf/lidar.urdf.xacro
/home/kanja-koduki/buck_ws/install/model_py/share/model_py/urdf/_usb_plug.urdf.xacro
/home/kanja-koduki/buck_ws/install/model_py/share/model_py/urdf/inertial.urdf.xacro
/home/kanja-koduki/buck_ws/install/model_py/share/model_py/urdf/test2.urdf.xacro
/home/kanja-koduki/buck_ws/install/model_py/share/model_py/urdf/depthcamera.urdf.xacro
/home/kanja-koduki/buck_ws/install/model_py/share/model_py/urdf/_materials.urdf.xacro
/home/kanja-koduki/buck_ws/install/model_py/share/model_py/urdf/th3lidar.urdf.xacro
/home/kanja-koduki/buck_ws/install/model_py/share/model_py/urdf/robot_core.urdf.xacro
/home/kanja-koduki/buck_ws/install/model_py/share/model_py/urdf/depth_test.urdf.xacro
/home/kanja-koduki/buck_ws/install/model_py/share/model_py/urdf/lidar3d.urdf.xacro
/home/kanja-koduki/buck_ws/install/model_py/share/model_py/urdf/test.urdf.xacro
/home/kanja-koduki/buck_ws/install/model_py/share/model_py/config/joystick.yaml
/home/kanja-koduki/buck_ws/install/model_py/lib/python3.10/site-packages/model_py-0.0.0-py3.10.egg-info/requires.txt
/home/kanja-koduki/buck_ws/install/model_py/lib/python3.10/site-packages/model_py-0.0.0-py3.10.egg-info/entry_points.txt
/home/kanja-koduki/buck_ws/install/model_py/lib/python3.10/site-packages/model_py-0.0.0-py3.10.egg-info/dependency_links.txt
/home/kanja-koduki/buck_ws/install/model_py/lib/python3.10/site-packages/model_py-0.0.0-py3.10.egg-info/PKG-INFO
/home/kanja-koduki/buck_ws/install/model_py/lib/python3.10/site-packages/model_py-0.0.0-py3.10.egg-info/SOURCES.txt
/home/kanja-koduki/buck_ws/install/model_py/lib/python3.10/site-packages/model_py-0.0.0-py3.10.egg-info/zip-safe
/home/kanja-koduki/buck_ws/install/model_py/lib/python3.10/site-packages/model_py-0.0.0-py3.10.egg-info/top_level.txt
/home/kanja-koduki/buck_ws/install/model_py/lib/model_py/laser_frame_publisher
/home/kanja-koduki/buck_ws/install/model_py/lib/model_py/test_joy
