[2.403s] [34mcolcon[0m [1;30mDEBUG[0m [32mCommand line arguments: ['/usr/bin/colcon', 'build'][0m
[2.403s] [34mcolcon[0m [1;30mDEBUG[0m [32mParsed command line arguments: Namespace(log_base=None, log_level=None, verb_name='build', build_base='build', install_base='install', merge_install=False, symlink_install=False, test_result_base=None, continue_on_error=False, executor='parallel', parallel_workers=8, event_handlers=None, ignore_user_meta=False, metas=['./colcon.meta'], base_paths=['.'], packages_ignore=None, packages_ignore_regex=None, paths=None, packages_up_to=None, packages_up_to_regex=None, packages_above=None, packages_above_and_dependencies=None, packages_above_depth=None, packages_select_by_dep=None, packages_skip_by_dep=None, packages_skip_up_to=None, packages_select_build_failed=False, packages_skip_build_finished=False, packages_select_test_failures=False, packages_skip_test_passed=False, packages_select=None, packages_skip=None, packages_select_regex=None, packages_skip_regex=None, packages_start=None, packages_end=None, allow_overriding=[], cmake_args=None, cmake_target=None, cmake_target_skip_unavailable=False, cmake_clean_cache=False, cmake_clean_first=False, cmake_force_configure=False, ament_cmake_args=None, catkin_cmake_args=None, catkin_skip_building_tests=False, verb_parser=<colcon_defaults.argument_parser.defaults.DefaultArgumentsDecorator object at 0x7fbc12b4c610>, verb_extension=<colcon_core.verb.build.BuildVerb object at 0x7fbc12b4fc10>, main=<bound method BuildVerb.main of <colcon_core.verb.build.BuildVerb object at 0x7fbc12b4fc10>>)[0m
[2.532s] [34mcolcon.colcon_core.package_discovery[0m [1;30mLevel 1[0m discover_packages(colcon_meta) check parameters
[2.532s] [34mcolcon.colcon_core.package_discovery[0m [1;30mLevel 1[0m discover_packages(recursive) check parameters
[2.532s] [34mcolcon.colcon_core.package_discovery[0m [1;30mLevel 1[0m discover_packages(ignore) check parameters
[2.532s] [34mcolcon.colcon_core.package_discovery[0m [1;30mLevel 1[0m discover_packages(path) check parameters
[2.533s] [34mcolcon.colcon_core.package_discovery[0m [1;30mLevel 1[0m discover_packages(colcon_meta) discover
[2.533s] [34mcolcon.colcon_core.package_discovery[0m [1;30mLevel 1[0m discover_packages(recursive) discover
[2.533s] [34mcolcon.colcon_core.package_discovery[0m [1;30mINFO[0m Crawling recursively for packages in '/home/kanja-koduki/buck_ws'
[2.533s] [34mcolcon.colcon_core.package_identification[0m [1;30mLevel 1[0m _identify(.) by extensions ['ignore', 'ignore_ament_install']
[2.533s] [34mcolcon.colcon_core.package_identification[0m [1;30mLevel 1[0m _identify(.) by extension 'ignore'
[2.533s] [34mcolcon.colcon_core.package_identification[0m [1;30mLevel 1[0m _identify(.) by extension 'ignore_ament_install'
[2.534s] [34mcolcon.colcon_core.package_identification[0m [1;30mLevel 1[0m _identify(.) by extensions ['colcon_pkg']
[2.534s] [34mcolcon.colcon_core.package_identification[0m [1;30mLevel 1[0m _identify(.) by extension 'colcon_pkg'
[2.534s] [34mcolcon.colcon_core.package_identification[0m [1;30mLevel 1[0m _identify(.) by extensions ['colcon_meta']
[2.534s] [34mcolcon.colcon_core.package_identification[0m [1;30mLevel 1[0m _identify(.) by extension 'colcon_meta'
[2.534s] [34mcolcon.colcon_core.package_identification[0m [1;30mLevel 1[0m _identify(.) by extensions ['ros']
[2.534s] [34mcolcon.colcon_core.package_identification[0m [1;30mLevel 1[0m _identify(.) by extension 'ros'
[2.564s] [34mcolcon.colcon_core.package_identification[0m [1;30mLevel 1[0m _identify(.) by extensions ['cmake', 'python']
[2.564s] [34mcolcon.colcon_core.package_identification[0m [1;30mLevel 1[0m _identify(.) by extension 'cmake'
[2.564s] [34mcolcon.colcon_core.package_identification[0m [1;30mLevel 1[0m _identify(.) by extension 'python'
[2.564s] [34mcolcon.colcon_core.package_identification[0m [1;30mLevel 1[0m _identify(.) by extensions ['python_setup_py']
[2.564s] [34mcolcon.colcon_core.package_identification[0m [1;30mLevel 1[0m _identify(.) by extension 'python_setup_py'
[2.565s] [34mcolcon.colcon_core.package_identification[0m [1;30mLevel 1[0m _identify(build) by extensions ['ignore', 'ignore_ament_install']
[2.565s] [34mcolcon.colcon_core.package_identification[0m [1;30mLevel 1[0m _identify(build) by extension 'ignore'
[2.565s] [34mcolcon.colcon_core.package_identification[0m [1;30mLevel 1[0m _identify(build) ignored
[2.565s] [34mcolcon.colcon_core.package_identification[0m [1;30mLevel 1[0m _identify(install) by extensions ['ignore', 'ignore_ament_install']
[2.566s] [34mcolcon.colcon_core.package_identification[0m [1;30mLevel 1[0m _identify(install) by extension 'ignore'
[2.566s] [34mcolcon.colcon_core.package_identification[0m [1;30mLevel 1[0m _identify(install) ignored
[2.566s] [34mcolcon.colcon_core.package_identification[0m [1;30mLevel 1[0m _identify(log) by extensions ['ignore', 'ignore_ament_install']
[2.567s] [34mcolcon.colcon_core.package_identification[0m [1;30mLevel 1[0m _identify(log) by extension 'ignore'
[2.567s] [34mcolcon.colcon_core.package_identification[0m [1;30mLevel 1[0m _identify(log) ignored
[2.567s] [34mcolcon.colcon_core.package_identification[0m [1;30mLevel 1[0m _identify(src) by extensions ['ignore', 'ignore_ament_install']
[2.567s] [34mcolcon.colcon_core.package_identification[0m [1;30mLevel 1[0m _identify(src) by extension 'ignore'
[2.567s] [34mcolcon.colcon_core.package_identification[0m [1;30mLevel 1[0m _identify(src) by extension 'ignore_ament_install'
[2.567s] [34mcolcon.colcon_core.package_identification[0m [1;30mLevel 1[0m _identify(src) by extensions ['colcon_pkg']
[2.567s] [34mcolcon.colcon_core.package_identification[0m [1;30mLevel 1[0m _identify(src) by extension 'colcon_pkg'
[2.568s] [34mcolcon.colcon_core.package_identification[0m [1;30mLevel 1[0m _identify(src) by extensions ['colcon_meta']
[2.568s] [34mcolcon.colcon_core.package_identification[0m [1;30mLevel 1[0m _identify(src) by extension 'colcon_meta'
[2.568s] [34mcolcon.colcon_core.package_identification[0m [1;30mLevel 1[0m _identify(src) by extensions ['ros']
[2.568s] [34mcolcon.colcon_core.package_identification[0m [1;30mLevel 1[0m _identify(src) by extension 'ros'
[2.568s] [34mcolcon.colcon_core.package_identification[0m [1;30mLevel 1[0m _identify(src) by extensions ['cmake', 'python']
[2.568s] [34mcolcon.colcon_core.package_identification[0m [1;30mLevel 1[0m _identify(src) by extension 'cmake'
[2.568s] [34mcolcon.colcon_core.package_identification[0m [1;30mLevel 1[0m _identify(src) by extension 'python'
[2.568s] [34mcolcon.colcon_core.package_identification[0m [1;30mLevel 1[0m _identify(src) by extensions ['python_setup_py']
[2.568s] [34mcolcon.colcon_core.package_identification[0m [1;30mLevel 1[0m _identify(src) by extension 'python_setup_py'
[2.569s] [34mcolcon.colcon_core.package_identification[0m [1;30mLevel 1[0m _identify(src/cpp_node) by extensions ['ignore', 'ignore_ament_install']
[2.569s] [34mcolcon.colcon_core.package_identification[0m [1;30mLevel 1[0m _identify(src/cpp_node) by extension 'ignore'
[2.569s] [34mcolcon.colcon_core.package_identification[0m [1;30mLevel 1[0m _identify(src/cpp_node) by extension 'ignore_ament_install'
[2.569s] [34mcolcon.colcon_core.package_identification[0m [1;30mLevel 1[0m _identify(src/cpp_node) by extensions ['colcon_pkg']
[2.569s] [34mcolcon.colcon_core.package_identification[0m [1;30mLevel 1[0m _identify(src/cpp_node) by extension 'colcon_pkg'
[2.569s] [34mcolcon.colcon_core.package_identification[0m [1;30mLevel 1[0m _identify(src/cpp_node) by extensions ['colcon_meta']
[2.569s] [34mcolcon.colcon_core.package_identification[0m [1;30mLevel 1[0m _identify(src/cpp_node) by extension 'colcon_meta'
[2.569s] [34mcolcon.colcon_core.package_identification[0m [1;30mLevel 1[0m _identify(src/cpp_node) by extensions ['ros']
[2.569s] [34mcolcon.colcon_core.package_identification[0m [1;30mLevel 1[0m _identify(src/cpp_node) by extension 'ros'
[2.574s] [34mcolcon.colcon_core.package_identification[0m [1;30mDEBUG[0m [32mPackage 'src/cpp_node' with type 'ros.ament_cmake' and name 'cpp_node'[0m
[2.574s] [34mcolcon.colcon_core.package_identification[0m [1;30mLevel 1[0m _identify(src/model_py) by extensions ['ignore', 'ignore_ament_install']
[2.574s] [34mcolcon.colcon_core.package_identification[0m [1;30mLevel 1[0m _identify(src/model_py) by extension 'ignore'
[2.575s] [34mcolcon.colcon_core.package_identification[0m [1;30mLevel 1[0m _identify(src/model_py) by extension 'ignore_ament_install'
[2.575s] [34mcolcon.colcon_core.package_identification[0m [1;30mLevel 1[0m _identify(src/model_py) by extensions ['colcon_pkg']
[2.575s] [34mcolcon.colcon_core.package_identification[0m [1;30mLevel 1[0m _identify(src/model_py) by extension 'colcon_pkg'
[2.575s] [34mcolcon.colcon_core.package_identification[0m [1;30mLevel 1[0m _identify(src/model_py) by extensions ['colcon_meta']
[2.575s] [34mcolcon.colcon_core.package_identification[0m [1;30mLevel 1[0m _identify(src/model_py) by extension 'colcon_meta'
[2.575s] [34mcolcon.colcon_core.package_identification[0m [1;30mLevel 1[0m _identify(src/model_py) by extensions ['ros']
[2.575s] [34mcolcon.colcon_core.package_identification[0m [1;30mLevel 1[0m _identify(src/model_py) by extension 'ros'
[2.576s] [34mcolcon.colcon_core.package_identification[0m [1;30mDEBUG[0m [32mPackage 'src/model_py' with type 'ros.ament_python' and name 'model_py'[0m
[2.576s] [34mcolcon.colcon_core.package_identification[0m [1;30mLevel 1[0m _identify(src/my_point) by extensions ['ignore', 'ignore_ament_install']
[2.577s] [34mcolcon.colcon_core.package_identification[0m [1;30mLevel 1[0m _identify(src/my_point) by extension 'ignore'
[2.577s] [34mcolcon.colcon_core.package_identification[0m [1;30mLevel 1[0m _identify(src/my_point) by extension 'ignore_ament_install'
[2.577s] [34mcolcon.colcon_core.package_identification[0m [1;30mLevel 1[0m _identify(src/my_point) by extensions ['colcon_pkg']
[2.577s] [34mcolcon.colcon_core.package_identification[0m [1;30mLevel 1[0m _identify(src/my_point) by extension 'colcon_pkg'
[2.577s] [34mcolcon.colcon_core.package_identification[0m [1;30mLevel 1[0m _identify(src/my_point) by extensions ['colcon_meta']
[2.577s] [34mcolcon.colcon_core.package_identification[0m [1;30mLevel 1[0m _identify(src/my_point) by extension 'colcon_meta'
[2.577s] [34mcolcon.colcon_core.package_identification[0m [1;30mLevel 1[0m _identify(src/my_point) by extensions ['ros']
[2.577s] [34mcolcon.colcon_core.package_identification[0m [1;30mLevel 1[0m _identify(src/my_point) by extension 'ros'
[2.578s] [34mcolcon.colcon_core.package_identification[0m [1;30mDEBUG[0m [32mPackage 'src/my_point' with type 'ros.ament_python' and name 'my_point'[0m
[2.579s] [34mcolcon.colcon_core.package_identification[0m [1;30mLevel 1[0m _identify(src/robot_description) by extensions ['ignore', 'ignore_ament_install']
[2.579s] [34mcolcon.colcon_core.package_identification[0m [1;30mLevel 1[0m _identify(src/robot_description) by extension 'ignore'
[2.579s] [34mcolcon.colcon_core.package_identification[0m [1;30mLevel 1[0m _identify(src/robot_description) by extension 'ignore_ament_install'
[2.579s] [34mcolcon.colcon_core.package_identification[0m [1;30mLevel 1[0m _identify(src/robot_description) by extensions ['colcon_pkg']
[2.579s] [34mcolcon.colcon_core.package_identification[0m [1;30mLevel 1[0m _identify(src/robot_description) by extension 'colcon_pkg'
[2.579s] [34mcolcon.colcon_core.package_identification[0m [1;30mLevel 1[0m _identify(src/robot_description) by extensions ['colcon_meta']
[2.579s] [34mcolcon.colcon_core.package_identification[0m [1;30mLevel 1[0m _identify(src/robot_description) by extension 'colcon_meta'
[2.580s] [34mcolcon.colcon_core.package_identification[0m [1;30mLevel 1[0m _identify(src/robot_description) by extensions ['ros']
[2.580s] [34mcolcon.colcon_core.package_identification[0m [1;30mLevel 1[0m _identify(src/robot_description) by extension 'ros'
[2.580s] [34mcolcon.colcon_core.package_identification[0m [1;30mDEBUG[0m [32mPackage 'src/robot_description' with type 'ros.ament_cmake' and name 'robot_description'[0m
[2.581s] [34mcolcon.colcon_core.package_discovery[0m [1;30mLevel 1[0m discover_packages(recursive) using defaults
[2.581s] [34mcolcon.colcon_core.package_discovery[0m [1;30mLevel 1[0m discover_packages(ignore) discover
[2.581s] [34mcolcon.colcon_core.package_discovery[0m [1;30mLevel 1[0m discover_packages(ignore) using defaults
[2.581s] [34mcolcon.colcon_core.package_discovery[0m [1;30mLevel 1[0m discover_packages(path) discover
[2.581s] [34mcolcon.colcon_core.package_discovery[0m [1;30mLevel 1[0m discover_packages(path) using defaults
[2.829s] [34mcolcon.colcon_core.package_discovery[0m [1;30mLevel 1[0m discover_packages(prefix_path) check parameters
[2.829s] [34mcolcon.colcon_core.package_discovery[0m [1;30mLevel 1[0m discover_packages(prefix_path) discover
[2.904s] [34mcolcon.colcon_installed_package_information.package_discovery[0m [1;30mDEBUG[0m [32mFound 1 installed packages in /home/kanja-koduki/zypher_ws/install[0m
[2.940s] [34mcolcon.colcon_installed_package_information.package_discovery[0m [1;30mDEBUG[0m [32mFound 7 installed packages in /home/kanja-koduki/flair_ws/install[0m
[2.979s] [34mcolcon.colcon_installed_package_information.package_discovery[0m [1;30mDEBUG[0m [32mFound 1 installed packages in /home/kanja-koduki/missy_ws/install[0m
[3.020s] [34mcolcon.colcon_installed_package_information.package_discovery[0m [1;30mDEBUG[0m [32mFound 1 installed packages in /home/kanja-koduki/ortega_ws/install[0m
[3.057s] [34mcolcon.colcon_installed_package_information.package_discovery[0m [1;30mDEBUG[0m [32mFound 3 installed packages in /home/kanja-koduki/eyantra23_ws/install[0m
[3.098s] [34mcolcon.colcon_installed_package_information.package_discovery[0m [1;30mDEBUG[0m [32mFound 3 installed packages in /home/kanja-koduki/hannah_ws/install[0m
[3.162s] [34mcolcon.colcon_installed_package_information.package_discovery[0m [1;30mDEBUG[0m [32mFound 2 installed packages in /home/kanja-koduki/niki_ws/install[0m
[3.206s] [34mcolcon.colcon_installed_package_information.package_discovery[0m [1;30mDEBUG[0m [32mFound 7 installed packages in /home/kanja-koduki/buck_ws/install[0m
[3.251s] [34mcolcon.colcon_installed_package_information.package_discovery[0m [1;30mDEBUG[0m [32mFound 486 installed packages in /opt/ros/humble[0m
[3.256s] [34mcolcon.colcon_core.package_discovery[0m [1;30mLevel 1[0m discover_packages(prefix_path) using defaults
[3.457s] [34mcolcon.colcon_core.verb[0m [1;30mLevel 5[0m set package 'cpp_node' build argument 'cmake_args' from command line to 'None'
[3.457s] [34mcolcon.colcon_core.verb[0m [1;30mLevel 5[0m set package 'cpp_node' build argument 'cmake_target' from command line to 'None'
[3.457s] [34mcolcon.colcon_core.verb[0m [1;30mLevel 5[0m set package 'cpp_node' build argument 'cmake_target_skip_unavailable' from command line to 'False'
[3.457s] [34mcolcon.colcon_core.verb[0m [1;30mLevel 5[0m set package 'cpp_node' build argument 'cmake_clean_cache' from command line to 'False'
[3.457s] [34mcolcon.colcon_core.verb[0m [1;30mLevel 5[0m set package 'cpp_node' build argument 'cmake_clean_first' from command line to 'False'
[3.458s] [34mcolcon.colcon_core.verb[0m [1;30mLevel 5[0m set package 'cpp_node' build argument 'cmake_force_configure' from command line to 'False'
[3.458s] [34mcolcon.colcon_core.verb[0m [1;30mLevel 5[0m set package 'cpp_node' build argument 'ament_cmake_args' from command line to 'None'
[3.458s] [34mcolcon.colcon_core.verb[0m [1;30mLevel 5[0m set package 'cpp_node' build argument 'catkin_cmake_args' from command line to 'None'
[3.458s] [34mcolcon.colcon_core.verb[0m [1;30mLevel 5[0m set package 'cpp_node' build argument 'catkin_skip_building_tests' from command line to 'False'
[3.458s] [34mcolcon.colcon_core.verb[0m [1;30mDEBUG[0m [32mBuilding package 'cpp_node' with the following arguments: {'ament_cmake_args': None, 'build_base': '/home/kanja-koduki/buck_ws/build/cpp_node', 'catkin_cmake_args': None, 'catkin_skip_building_tests': False, 'cmake_args': None, 'cmake_clean_cache': False, 'cmake_clean_first': False, 'cmake_force_configure': False, 'cmake_target': None, 'cmake_target_skip_unavailable': False, 'install_base': '/home/kanja-koduki/buck_ws/install/cpp_node', 'merge_install': False, 'path': '/home/kanja-koduki/buck_ws/src/cpp_node', 'symlink_install': False, 'test_result_base': None}[0m
[3.499s] [34mcolcon.colcon_core.verb[0m [1;30mLevel 5[0m set package 'model_py' build argument 'cmake_args' from command line to 'None'
[3.499s] [34mcolcon.colcon_core.verb[0m [1;30mLevel 5[0m set package 'model_py' build argument 'cmake_target' from command line to 'None'
[3.499s] [34mcolcon.colcon_core.verb[0m [1;30mLevel 5[0m set package 'model_py' build argument 'cmake_target_skip_unavailable' from command line to 'False'
[3.500s] [34mcolcon.colcon_core.verb[0m [1;30mLevel 5[0m set package 'model_py' build argument 'cmake_clean_cache' from command line to 'False'
[3.500s] [34mcolcon.colcon_core.verb[0m [1;30mLevel 5[0m set package 'model_py' build argument 'cmake_clean_first' from command line to 'False'
[3.500s] [34mcolcon.colcon_core.verb[0m [1;30mLevel 5[0m set package 'model_py' build argument 'cmake_force_configure' from command line to 'False'
[3.500s] [34mcolcon.colcon_core.verb[0m [1;30mLevel 5[0m set package 'model_py' build argument 'ament_cmake_args' from command line to 'None'
[3.500s] [34mcolcon.colcon_core.verb[0m [1;30mLevel 5[0m set package 'model_py' build argument 'catkin_cmake_args' from command line to 'None'
[3.500s] [34mcolcon.colcon_core.verb[0m [1;30mLevel 5[0m set package 'model_py' build argument 'catkin_skip_building_tests' from command line to 'False'
[3.500s] [34mcolcon.colcon_core.verb[0m [1;30mDEBUG[0m [32mBuilding package 'model_py' with the following arguments: {'ament_cmake_args': None, 'build_base': '/home/kanja-koduki/buck_ws/build/model_py', 'catkin_cmake_args': None, 'catkin_skip_building_tests': False, 'cmake_args': None, 'cmake_clean_cache': False, 'cmake_clean_first': False, 'cmake_force_configure': False, 'cmake_target': None, 'cmake_target_skip_unavailable': False, 'install_base': '/home/kanja-koduki/buck_ws/install/model_py', 'merge_install': False, 'path': '/home/kanja-koduki/buck_ws/src/model_py', 'symlink_install': False, 'test_result_base': None}[0m
[3.542s] [34mcolcon.colcon_core.verb[0m [1;30mLevel 5[0m set package 'my_point' build argument 'cmake_args' from command line to 'None'
[3.542s] [34mcolcon.colcon_core.verb[0m [1;30mLevel 5[0m set package 'my_point' build argument 'cmake_target' from command line to 'None'
[3.542s] [34mcolcon.colcon_core.verb[0m [1;30mLevel 5[0m set package 'my_point' build argument 'cmake_target_skip_unavailable' from command line to 'False'
[3.542s] [34mcolcon.colcon_core.verb[0m [1;30mLevel 5[0m set package 'my_point' build argument 'cmake_clean_cache' from command line to 'False'
[3.542s] [34mcolcon.colcon_core.verb[0m [1;30mLevel 5[0m set package 'my_point' build argument 'cmake_clean_first' from command line to 'False'
[3.542s] [34mcolcon.colcon_core.verb[0m [1;30mLevel 5[0m set package 'my_point' build argument 'cmake_force_configure' from command line to 'False'
[3.542s] [34mcolcon.colcon_core.verb[0m [1;30mLevel 5[0m set package 'my_point' build argument 'ament_cmake_args' from command line to 'None'
[3.542s] [34mcolcon.colcon_core.verb[0m [1;30mLevel 5[0m set package 'my_point' build argument 'catkin_cmake_args' from command line to 'None'
[3.542s] [34mcolcon.colcon_core.verb[0m [1;30mLevel 5[0m set package 'my_point' build argument 'catkin_skip_building_tests' from command line to 'False'
[3.542s] [34mcolcon.colcon_core.verb[0m [1;30mDEBUG[0m [32mBuilding package 'my_point' with the following arguments: {'ament_cmake_args': None, 'build_base': '/home/kanja-koduki/buck_ws/build/my_point', 'catkin_cmake_args': None, 'catkin_skip_building_tests': False, 'cmake_args': None, 'cmake_clean_cache': False, 'cmake_clean_first': False, 'cmake_force_configure': False, 'cmake_target': None, 'cmake_target_skip_unavailable': False, 'install_base': '/home/kanja-koduki/buck_ws/install/my_point', 'merge_install': False, 'path': '/home/kanja-koduki/buck_ws/src/my_point', 'symlink_install': False, 'test_result_base': None}[0m
[3.580s] [34mcolcon.colcon_core.verb[0m [1;30mLevel 5[0m set package 'robot_description' build argument 'cmake_args' from command line to 'None'
[3.581s] [34mcolcon.colcon_core.verb[0m [1;30mLevel 5[0m set package 'robot_description' build argument 'cmake_target' from command line to 'None'
[3.581s] [34mcolcon.colcon_core.verb[0m [1;30mLevel 5[0m set package 'robot_description' build argument 'cmake_target_skip_unavailable' from command line to 'False'
[3.581s] [34mcolcon.colcon_core.verb[0m [1;30mLevel 5[0m set package 'robot_description' build argument 'cmake_clean_cache' from command line to 'False'
[3.581s] [34mcolcon.colcon_core.verb[0m [1;30mLevel 5[0m set package 'robot_description' build argument 'cmake_clean_first' from command line to 'False'
[3.581s] [34mcolcon.colcon_core.verb[0m [1;30mLevel 5[0m set package 'robot_description' build argument 'cmake_force_configure' from command line to 'False'
[3.581s] [34mcolcon.colcon_core.verb[0m [1;30mLevel 5[0m set package 'robot_description' build argument 'ament_cmake_args' from command line to 'None'
[3.581s] [34mcolcon.colcon_core.verb[0m [1;30mLevel 5[0m set package 'robot_description' build argument 'catkin_cmake_args' from command line to 'None'
[3.581s] [34mcolcon.colcon_core.verb[0m [1;30mLevel 5[0m set package 'robot_description' build argument 'catkin_skip_building_tests' from command line to 'False'
[3.581s] [34mcolcon.colcon_core.verb[0m [1;30mDEBUG[0m [32mBuilding package 'robot_description' with the following arguments: {'ament_cmake_args': None, 'build_base': '/home/kanja-koduki/buck_ws/build/robot_description', 'catkin_cmake_args': None, 'catkin_skip_building_tests': False, 'cmake_args': None, 'cmake_clean_cache': False, 'cmake_clean_first': False, 'cmake_force_configure': False, 'cmake_target': None, 'cmake_target_skip_unavailable': False, 'install_base': '/home/kanja-koduki/buck_ws/install/robot_description', 'merge_install': False, 'path': '/home/kanja-koduki/buck_ws/src/robot_description', 'symlink_install': False, 'test_result_base': None}[0m
[3.618s] [34mcolcon.colcon_core.executor[0m [1;30mINFO[0m Executing jobs using 'parallel' executor
[3.656s] [34mcolcon.colcon_parallel_executor.executor.parallel[0m [1;30mDEBUG[0m [32mrun_until_complete[0m
[3.657s] [34mcolcon.colcon_ros.task.ament_cmake.build[0m [1;30mINFO[0m Building ROS package in '/home/kanja-koduki/buck_ws/src/cpp_node' with build type 'ament_cmake'
[3.657s] [34mcolcon.colcon_cmake.task.cmake.build[0m [1;30mINFO[0m Building CMake package in '/home/kanja-koduki/buck_ws/src/cpp_node'
[3.702s] [34mcolcon.colcon_core.plugin_system[0m [1;30mINFO[0m Skipping extension 'colcon_core.shell.bat': Not used on non-Windows systems
[3.703s] [34mcolcon.colcon_core.shell[0m [1;30mINFO[0m Skip shell extension 'powershell' for command environment: Not usable outside of PowerShell
[3.703s] [34mcolcon.colcon_core.shell[0m [1;30mDEBUG[0m [32mSkip shell extension 'dsv' for command environment[0m
[4.089s] [34mcolcon.colcon_ros.task.ament_python.build[0m [1;30mINFO[0m Building ROS package in '/home/kanja-koduki/buck_ws/src/model_py' with build type 'ament_python'
[4.089s] [34mcolcon.colcon_core.shell[0m [1;30mLevel 1[0m create_environment_hook('model_py', 'ament_prefix_path')
[4.131s] [34mcolcon.colcon_core.shell[0m [1;30mINFO[0m Creating environment hook '/home/kanja-koduki/buck_ws/install/model_py/share/model_py/hook/ament_prefix_path.ps1'
[4.132s] [34mcolcon.colcon_core.shell[0m [1;30mINFO[0m Creating environment descriptor '/home/kanja-koduki/buck_ws/install/model_py/share/model_py/hook/ament_prefix_path.dsv'
[4.133s] [34mcolcon.colcon_core.shell[0m [1;30mINFO[0m Creating environment hook '/home/kanja-koduki/buck_ws/install/model_py/share/model_py/hook/ament_prefix_path.sh'
[4.179s] [34mcolcon.colcon_core.shell[0m [1;30mINFO[0m Skip shell extension 'powershell' for command environment: Not usable outside of PowerShell
[4.180s] [34mcolcon.colcon_core.shell[0m [1;30mDEBUG[0m [32mSkip shell extension 'dsv' for command environment[0m
[4.566s] [34mcolcon.colcon_ros.task.ament_python.build[0m [1;30mINFO[0m Building ROS package in '/home/kanja-koduki/buck_ws/src/my_point' with build type 'ament_python'
[4.567s] [34mcolcon.colcon_core.shell[0m [1;30mLevel 1[0m create_environment_hook('my_point', 'ament_prefix_path')
[4.609s] [34mcolcon.colcon_core.shell[0m [1;30mINFO[0m Creating environment hook '/home/kanja-koduki/buck_ws/install/my_point/share/my_point/hook/ament_prefix_path.ps1'
[4.609s] [34mcolcon.colcon_core.shell[0m [1;30mINFO[0m Creating environment descriptor '/home/kanja-koduki/buck_ws/install/my_point/share/my_point/hook/ament_prefix_path.dsv'
[4.610s] [34mcolcon.colcon_core.shell[0m [1;30mINFO[0m Creating environment hook '/home/kanja-koduki/buck_ws/install/my_point/share/my_point/hook/ament_prefix_path.sh'
[4.655s] [34mcolcon.colcon_core.shell[0m [1;30mINFO[0m Skip shell extension 'powershell' for command environment: Not usable outside of PowerShell
[4.655s] [34mcolcon.colcon_core.shell[0m [1;30mDEBUG[0m [32mSkip shell extension 'dsv' for command environment[0m
[5.043s] [34mcolcon.colcon_ros.task.ament_cmake.build[0m [1;30mINFO[0m Building ROS package in '/home/kanja-koduki/buck_ws/src/robot_description' with build type 'ament_cmake'
[5.043s] [34mcolcon.colcon_cmake.task.cmake.build[0m [1;30mINFO[0m Building CMake package in '/home/kanja-koduki/buck_ws/src/robot_description'
[5.084s] [34mcolcon.colcon_core.shell[0m [1;30mINFO[0m Skip shell extension 'powershell' for command environment: Not usable outside of PowerShell
[5.085s] [34mcolcon.colcon_core.shell[0m [1;30mDEBUG[0m [32mSkip shell extension 'dsv' for command environment[0m
[5.504s] [34mcolcon.colcon_core.event_handler.log_command[0m [1;30mDEBUG[0m [32mInvoking command in '/home/kanja-koduki/buck_ws/build/cpp_node': CMAKE_PREFIX_PATH=${CMAKE_PREFIX_PATH}:/home/kanja-koduki/buck_ws/install/my_point:/home/kanja-koduki/buck_ws/install/model_py:/home/kanja-koduki/hannah_ws/install/hannah_bot:/home/kanja-koduki/niki_ws/install/sjtu_drone_bringup:/home/kanja-koduki/zypher_ws/install/prius_sdc_pkg:/home/kanja-koduki/ortega_ws/install/ortega_bot:/opt/ros/humble /home/kanja-koduki/.local/bin/cmake --build /home/kanja-koduki/buck_ws/build/cpp_node -- -j8 -l8[0m
[5.941s] [34mcolcon.colcon_core.task.python.build[0m [1;30mINFO[0m Building Python package in '/home/kanja-koduki/buck_ws/src/model_py'
[5.980s] [34mcolcon.colcon_core.shell[0m [1;30mINFO[0m Skip shell extension 'powershell' for command environment: Not usable outside of PowerShell
[5.980s] [34mcolcon.colcon_core.shell[0m [1;30mDEBUG[0m [32mSkip shell extension 'dsv' for command environment[0m
[6.780s] [34mcolcon.colcon_core.task.python.build[0m [1;30mINFO[0m Building Python package in '/home/kanja-koduki/buck_ws/src/my_point'
[6.838s] [34mcolcon.colcon_core.shell[0m [1;30mINFO[0m Skip shell extension 'powershell' for command environment: Not usable outside of PowerShell
[6.839s] [34mcolcon.colcon_core.shell[0m [1;30mDEBUG[0m [32mSkip shell extension 'dsv' for command environment[0m
[7.255s] [34mcolcon.colcon_core.event_handler.log_command[0m [1;30mDEBUG[0m [32mInvoked command in '/home/kanja-koduki/buck_ws/build/cpp_node' returned '0': CMAKE_PREFIX_PATH=${CMAKE_PREFIX_PATH}:/home/kanja-koduki/buck_ws/install/my_point:/home/kanja-koduki/buck_ws/install/model_py:/home/kanja-koduki/hannah_ws/install/hannah_bot:/home/kanja-koduki/niki_ws/install/sjtu_drone_bringup:/home/kanja-koduki/zypher_ws/install/prius_sdc_pkg:/home/kanja-koduki/ortega_ws/install/ortega_bot:/opt/ros/humble /home/kanja-koduki/.local/bin/cmake --build /home/kanja-koduki/buck_ws/build/cpp_node -- -j8 -l8[0m
[7.266s] [34mcolcon.colcon_core.event_handler.log_command[0m [1;30mDEBUG[0m [32mInvoking command in '/home/kanja-koduki/buck_ws/build/robot_description': CMAKE_PREFIX_PATH=${CMAKE_PREFIX_PATH}:/home/kanja-koduki/buck_ws/install/my_point:/home/kanja-koduki/buck_ws/install/model_py:/home/kanja-koduki/hannah_ws/install/hannah_bot:/home/kanja-koduki/niki_ws/install/sjtu_drone_bringup:/home/kanja-koduki/zypher_ws/install/prius_sdc_pkg:/home/kanja-koduki/ortega_ws/install/ortega_bot:/opt/ros/humble /home/kanja-koduki/.local/bin/cmake --build /home/kanja-koduki/buck_ws/build/robot_description -- -j8 -l8[0m
[7.474s] [34mcolcon.colcon_core.event_handler.log_command[0m [1;30mDEBUG[0m [32mInvoking command in '/home/kanja-koduki/buck_ws/build/cpp_node': CMAKE_PREFIX_PATH=${CMAKE_PREFIX_PATH}:/home/kanja-koduki/buck_ws/install/my_point:/home/kanja-koduki/buck_ws/install/model_py:/home/kanja-koduki/hannah_ws/install/hannah_bot:/home/kanja-koduki/niki_ws/install/sjtu_drone_bringup:/home/kanja-koduki/zypher_ws/install/prius_sdc_pkg:/home/kanja-koduki/ortega_ws/install/ortega_bot:/opt/ros/humble /home/kanja-koduki/.local/bin/cmake --install /home/kanja-koduki/buck_ws/build/cpp_node[0m
[7.482s] [34mcolcon.colcon_core.event_handler.log_command[0m [1;30mDEBUG[0m [32mInvoked command in '/home/kanja-koduki/buck_ws/build/robot_description' returned '0': CMAKE_PREFIX_PATH=${CMAKE_PREFIX_PATH}:/home/kanja-koduki/buck_ws/install/my_point:/home/kanja-koduki/buck_ws/install/model_py:/home/kanja-koduki/hannah_ws/install/hannah_bot:/home/kanja-koduki/niki_ws/install/sjtu_drone_bringup:/home/kanja-koduki/zypher_ws/install/prius_sdc_pkg:/home/kanja-koduki/ortega_ws/install/ortega_bot:/opt/ros/humble /home/kanja-koduki/.local/bin/cmake --build /home/kanja-koduki/buck_ws/build/robot_description -- -j8 -l8[0m
[7.552s] [34mcolcon.colcon_core.environment[0m [1;30mLevel 1[0m create_environment_scripts_only(cpp_node)
[7.554s] [34mcolcon.colcon_core.event_handler.log_command[0m [1;30mDEBUG[0m [32mInvoked command in '/home/kanja-koduki/buck_ws/build/cpp_node' returned '0': CMAKE_PREFIX_PATH=${CMAKE_PREFIX_PATH}:/home/kanja-koduki/buck_ws/install/my_point:/home/kanja-koduki/buck_ws/install/model_py:/home/kanja-koduki/hannah_ws/install/hannah_bot:/home/kanja-koduki/niki_ws/install/sjtu_drone_bringup:/home/kanja-koduki/zypher_ws/install/prius_sdc_pkg:/home/kanja-koduki/ortega_ws/install/ortega_bot:/opt/ros/humble /home/kanja-koduki/.local/bin/cmake --install /home/kanja-koduki/buck_ws/build/cpp_node[0m
[7.612s] [34mcolcon.colcon_core.environment[0m [1;30mLevel 1[0m checking '/home/kanja-koduki/buck_ws/install/cpp_node' for CMake module files
[7.613s] [34mcolcon.colcon_core.environment[0m [1;30mLevel 1[0m checking '/home/kanja-koduki/buck_ws/install/cpp_node' for CMake config files
[7.613s] [34mcolcon.colcon_core.shell[0m [1;30mLevel 1[0m create_environment_hook('cpp_node', 'cmake_prefix_path')
[7.663s] [34mcolcon.colcon_core.shell[0m [1;30mINFO[0m Creating environment hook '/home/kanja-koduki/buck_ws/install/cpp_node/share/cpp_node/hook/cmake_prefix_path.ps1'
[7.664s] [34mcolcon.colcon_core.shell[0m [1;30mINFO[0m Creating environment descriptor '/home/kanja-koduki/buck_ws/install/cpp_node/share/cpp_node/hook/cmake_prefix_path.dsv'
[7.665s] [34mcolcon.colcon_core.shell[0m [1;30mINFO[0m Creating environment hook '/home/kanja-koduki/buck_ws/install/cpp_node/share/cpp_node/hook/cmake_prefix_path.sh'
[7.666s] [34mcolcon.colcon_core.environment[0m [1;30mLevel 1[0m checking '/home/kanja-koduki/buck_ws/install/cpp_node/lib'
[7.666s] [34mcolcon.colcon_core.environment[0m [1;30mLevel 1[0m checking '/home/kanja-koduki/buck_ws/install/cpp_node/bin'
[7.667s] [34mcolcon.colcon_core.environment[0m [1;30mLevel 1[0m checking '/home/kanja-koduki/buck_ws/install/cpp_node/lib/pkgconfig/cpp_node.pc'
[7.667s] [34mcolcon.colcon_core.environment[0m [1;30mLevel 1[0m checking '/home/kanja-koduki/buck_ws/install/cpp_node/lib/python3.10/site-packages'
[7.668s] [34mcolcon.colcon_core.environment[0m [1;30mLevel 1[0m checking '/home/kanja-koduki/buck_ws/install/cpp_node/bin'
[7.723s] [34mcolcon.colcon_core.shell[0m [1;30mINFO[0m Creating package script '/home/kanja-koduki/buck_ws/install/cpp_node/share/cpp_node/package.ps1'
[7.725s] [34mcolcon.colcon_core.shell[0m [1;30mINFO[0m Creating package descriptor '/home/kanja-koduki/buck_ws/install/cpp_node/share/cpp_node/package.dsv'
[7.726s] [34mcolcon.colcon_core.shell[0m [1;30mINFO[0m Creating package script '/home/kanja-koduki/buck_ws/install/cpp_node/share/cpp_node/package.sh'
[7.728s] [34mcolcon.colcon_core.shell[0m [1;30mINFO[0m Creating package script '/home/kanja-koduki/buck_ws/install/cpp_node/share/cpp_node/package.bash'
[7.730s] [34mcolcon.colcon_core.shell[0m [1;30mINFO[0m Creating package script '/home/kanja-koduki/buck_ws/install/cpp_node/share/cpp_node/package.zsh'
[7.731s] [34mcolcon.colcon_core.environment[0m [1;30mLevel 1[0m create_file_with_runtime_dependencies(/home/kanja-koduki/buck_ws/install/cpp_node/share/colcon-core/packages/cpp_node)
[7.737s] [34mcolcon.colcon_core.event_handler.log_command[0m [1;30mDEBUG[0m [32mInvoking command in '/home/kanja-koduki/buck_ws/build/robot_description': CMAKE_PREFIX_PATH=${CMAKE_PREFIX_PATH}:/home/kanja-koduki/buck_ws/install/my_point:/home/kanja-koduki/buck_ws/install/model_py:/home/kanja-koduki/hannah_ws/install/hannah_bot:/home/kanja-koduki/niki_ws/install/sjtu_drone_bringup:/home/kanja-koduki/zypher_ws/install/prius_sdc_pkg:/home/kanja-koduki/ortega_ws/install/ortega_bot:/opt/ros/humble /home/kanja-koduki/.local/bin/cmake --install /home/kanja-koduki/buck_ws/build/robot_description[0m
[7.822s] [34mcolcon.colcon_core.environment[0m [1;30mLevel 1[0m create_environment_scripts_only(robot_description)
[7.836s] [34mcolcon.colcon_core.event_handler.log_command[0m [1;30mDEBUG[0m [32mInvoked command in '/home/kanja-koduki/buck_ws/build/robot_description' returned '0': CMAKE_PREFIX_PATH=${CMAKE_PREFIX_PATH}:/home/kanja-koduki/buck_ws/install/my_point:/home/kanja-koduki/buck_ws/install/model_py:/home/kanja-koduki/hannah_ws/install/hannah_bot:/home/kanja-koduki/niki_ws/install/sjtu_drone_bringup:/home/kanja-koduki/zypher_ws/install/prius_sdc_pkg:/home/kanja-koduki/ortega_ws/install/ortega_bot:/opt/ros/humble /home/kanja-koduki/.local/bin/cmake --install /home/kanja-koduki/buck_ws/build/robot_description[0m
[7.884s] [34mcolcon.colcon_core.environment[0m [1;30mLevel 1[0m checking '/home/kanja-koduki/buck_ws/install/robot_description' for CMake module files
[7.885s] [34mcolcon.colcon_core.environment[0m [1;30mLevel 1[0m checking '/home/kanja-koduki/buck_ws/install/robot_description' for CMake config files
[7.885s] [34mcolcon.colcon_core.shell[0m [1;30mLevel 1[0m create_environment_hook('robot_description', 'cmake_prefix_path')
[7.937s] [34mcolcon.colcon_core.shell[0m [1;30mINFO[0m Creating environment hook '/home/kanja-koduki/buck_ws/install/robot_description/share/robot_description/hook/cmake_prefix_path.ps1'
[7.938s] [34mcolcon.colcon_core.shell[0m [1;30mINFO[0m Creating environment descriptor '/home/kanja-koduki/buck_ws/install/robot_description/share/robot_description/hook/cmake_prefix_path.dsv'
[7.939s] [34mcolcon.colcon_core.shell[0m [1;30mINFO[0m Creating environment hook '/home/kanja-koduki/buck_ws/install/robot_description/share/robot_description/hook/cmake_prefix_path.sh'
[7.940s] [34mcolcon.colcon_core.environment[0m [1;30mLevel 1[0m checking '/home/kanja-koduki/buck_ws/install/robot_description/bin'
[7.940s] [34mcolcon.colcon_core.environment[0m [1;30mLevel 1[0m checking '/home/kanja-koduki/buck_ws/install/robot_description/lib/pkgconfig/robot_description.pc'
[7.941s] [34mcolcon.colcon_core.environment[0m [1;30mLevel 1[0m checking '/home/kanja-koduki/buck_ws/install/robot_description/lib/python3.10/site-packages'
[7.941s] [34mcolcon.colcon_core.environment[0m [1;30mLevel 1[0m checking '/home/kanja-koduki/buck_ws/install/robot_description/bin'
[7.992s] [34mcolcon.colcon_core.shell[0m [1;30mINFO[0m Creating package script '/home/kanja-koduki/buck_ws/install/robot_description/share/robot_description/package.ps1'
[7.994s] [34mcolcon.colcon_core.shell[0m [1;30mINFO[0m Creating package descriptor '/home/kanja-koduki/buck_ws/install/robot_description/share/robot_description/package.dsv'
[7.995s] [34mcolcon.colcon_core.shell[0m [1;30mINFO[0m Creating package script '/home/kanja-koduki/buck_ws/install/robot_description/share/robot_description/package.sh'
[7.996s] [34mcolcon.colcon_core.shell[0m [1;30mINFO[0m Creating package script '/home/kanja-koduki/buck_ws/install/robot_description/share/robot_description/package.bash'
[7.997s] [34mcolcon.colcon_core.shell[0m [1;30mINFO[0m Creating package script '/home/kanja-koduki/buck_ws/install/robot_description/share/robot_description/package.zsh'
[7.998s] [34mcolcon.colcon_core.environment[0m [1;30mLevel 1[0m create_file_with_runtime_dependencies(/home/kanja-koduki/buck_ws/install/robot_description/share/colcon-core/packages/robot_description)
[8.074s] [34mcolcon.colcon_core.environment[0m [1;30mLevel 1[0m create_environment_scripts_only(cpp_node)
[8.139s] [34mcolcon.colcon_core.environment[0m [1;30mLevel 1[0m checking '/home/kanja-koduki/buck_ws/install/cpp_node' for CMake module files
[8.140s] [34mcolcon.colcon_core.environment[0m [1;30mLevel 1[0m checking '/home/kanja-koduki/buck_ws/install/cpp_node' for CMake config files
[8.141s] [34mcolcon.colcon_core.shell[0m [1;30mLevel 1[0m create_environment_hook('cpp_node', 'cmake_prefix_path')
[8.198s] [34mcolcon.colcon_core.shell[0m [1;30mINFO[0m Creating environment hook '/home/kanja-koduki/buck_ws/install/cpp_node/share/cpp_node/hook/cmake_prefix_path.ps1'
[8.199s] [34mcolcon.colcon_core.shell[0m [1;30mINFO[0m Creating environment descriptor '/home/kanja-koduki/buck_ws/install/cpp_node/share/cpp_node/hook/cmake_prefix_path.dsv'
[8.200s] [34mcolcon.colcon_core.shell[0m [1;30mINFO[0m Creating environment hook '/home/kanja-koduki/buck_ws/install/cpp_node/share/cpp_node/hook/cmake_prefix_path.sh'
[8.201s] [34mcolcon.colcon_core.environment[0m [1;30mLevel 1[0m checking '/home/kanja-koduki/buck_ws/install/cpp_node/lib'
[8.202s] [34mcolcon.colcon_core.environment[0m [1;30mLevel 1[0m checking '/home/kanja-koduki/buck_ws/install/cpp_node/bin'
[8.202s] [34mcolcon.colcon_core.environment[0m [1;30mLevel 1[0m checking '/home/kanja-koduki/buck_ws/install/cpp_node/lib/pkgconfig/cpp_node.pc'
[8.202s] [34mcolcon.colcon_core.environment[0m [1;30mLevel 1[0m checking '/home/kanja-koduki/buck_ws/install/cpp_node/lib/python3.10/site-packages'
[8.203s] [34mcolcon.colcon_core.environment[0m [1;30mLevel 1[0m checking '/home/kanja-koduki/buck_ws/install/cpp_node/bin'
[8.260s] [34mcolcon.colcon_core.shell[0m [1;30mINFO[0m Creating package script '/home/kanja-koduki/buck_ws/install/cpp_node/share/cpp_node/package.ps1'
[8.261s] [34mcolcon.colcon_core.shell[0m [1;30mINFO[0m Creating package descriptor '/home/kanja-koduki/buck_ws/install/cpp_node/share/cpp_node/package.dsv'
[8.262s] [34mcolcon.colcon_core.shell[0m [1;30mINFO[0m Creating package script '/home/kanja-koduki/buck_ws/install/cpp_node/share/cpp_node/package.sh'
[8.264s] [34mcolcon.colcon_core.shell[0m [1;30mINFO[0m Creating package script '/home/kanja-koduki/buck_ws/install/cpp_node/share/cpp_node/package.bash'
[8.265s] [34mcolcon.colcon_core.shell[0m [1;30mINFO[0m Creating package script '/home/kanja-koduki/buck_ws/install/cpp_node/share/cpp_node/package.zsh'
[8.265s] [34mcolcon.colcon_core.environment[0m [1;30mLevel 1[0m create_file_with_runtime_dependencies(/home/kanja-koduki/buck_ws/install/cpp_node/share/colcon-core/packages/cpp_node)
[8.323s] [34mcolcon.colcon_core.environment[0m [1;30mLevel 1[0m create_environment_scripts_only(robot_description)
[8.375s] [34mcolcon.colcon_core.environment[0m [1;30mLevel 1[0m checking '/home/kanja-koduki/buck_ws/install/robot_description' for CMake module files
[8.376s] [34mcolcon.colcon_core.environment[0m [1;30mLevel 1[0m checking '/home/kanja-koduki/buck_ws/install/robot_description' for CMake config files
[8.377s] [34mcolcon.colcon_core.shell[0m [1;30mLevel 1[0m create_environment_hook('robot_description', 'cmake_prefix_path')
[8.423s] [34mcolcon.colcon_core.shell[0m [1;30mINFO[0m Creating environment hook '/home/kanja-koduki/buck_ws/install/robot_description/share/robot_description/hook/cmake_prefix_path.ps1'
[8.424s] [34mcolcon.colcon_core.shell[0m [1;30mINFO[0m Creating environment descriptor '/home/kanja-koduki/buck_ws/install/robot_description/share/robot_description/hook/cmake_prefix_path.dsv'
[8.425s] [34mcolcon.colcon_core.shell[0m [1;30mINFO[0m Creating environment hook '/home/kanja-koduki/buck_ws/install/robot_description/share/robot_description/hook/cmake_prefix_path.sh'
[8.426s] [34mcolcon.colcon_core.environment[0m [1;30mLevel 1[0m checking '/home/kanja-koduki/buck_ws/install/robot_description/bin'
[8.427s] [34mcolcon.colcon_core.environment[0m [1;30mLevel 1[0m checking '/home/kanja-koduki/buck_ws/install/robot_description/lib/pkgconfig/robot_description.pc'
[8.427s] [34mcolcon.colcon_core.environment[0m [1;30mLevel 1[0m checking '/home/kanja-koduki/buck_ws/install/robot_description/lib/python3.10/site-packages'
[8.428s] [34mcolcon.colcon_core.environment[0m [1;30mLevel 1[0m checking '/home/kanja-koduki/buck_ws/install/robot_description/bin'
[8.476s] [34mcolcon.colcon_core.shell[0m [1;30mINFO[0m Creating package script '/home/kanja-koduki/buck_ws/install/robot_description/share/robot_description/package.ps1'
[8.478s] [34mcolcon.colcon_core.shell[0m [1;30mINFO[0m Creating package descriptor '/home/kanja-koduki/buck_ws/install/robot_description/share/robot_description/package.dsv'
[8.479s] [34mcolcon.colcon_core.shell[0m [1;30mINFO[0m Creating package script '/home/kanja-koduki/buck_ws/install/robot_description/share/robot_description/package.sh'
[8.480s] [34mcolcon.colcon_core.shell[0m [1;30mINFO[0m Creating package script '/home/kanja-koduki/buck_ws/install/robot_description/share/robot_description/package.bash'
[8.480s] [34mcolcon.colcon_core.shell[0m [1;30mINFO[0m Creating package script '/home/kanja-koduki/buck_ws/install/robot_description/share/robot_description/package.zsh'
[8.481s] [34mcolcon.colcon_core.environment[0m [1;30mLevel 1[0m create_file_with_runtime_dependencies(/home/kanja-koduki/buck_ws/install/robot_description/share/colcon-core/packages/robot_description)
[8.957s] [34mcolcon.colcon_core.event_handler.log_command[0m [1;30mDEBUG[0m [32mInvoking command in '/home/kanja-koduki/buck_ws/src/model_py': PYTHONPATH=/home/kanja-koduki/buck_ws/build/model_py/prefix_override:/home/kanja-koduki/buck_ws/install/model_py/lib/python3.10/site-packages:${PYTHONPATH} /usr/bin/python3 setup.py egg_info --egg-base ../../build/model_py build --build-base /home/kanja-koduki/buck_ws/build/model_py/build install --record /home/kanja-koduki/buck_ws/build/model_py/install.log --single-version-externally-managed[0m
[8.960s] [34mcolcon.colcon_core.event_handler.log_command[0m [1;30mDEBUG[0m [32mInvoking command in '/home/kanja-koduki/buck_ws/src/my_point': PYTHONPATH=/home/kanja-koduki/buck_ws/build/my_point/prefix_override:/home/kanja-koduki/buck_ws/install/my_point/lib/python3.10/site-packages:${PYTHONPATH} /usr/bin/python3 setup.py egg_info --egg-base ../../build/my_point build --build-base /home/kanja-koduki/buck_ws/build/my_point/build install --record /home/kanja-koduki/buck_ws/build/my_point/install.log --single-version-externally-managed[0m
[10.321s] [34mcolcon.colcon_core.event_handler.log_command[0m [1;30mDEBUG[0m [32mInvoked command in '/home/kanja-koduki/buck_ws/src/my_point' returned '0': PYTHONPATH=/home/kanja-koduki/buck_ws/build/my_point/prefix_override:/home/kanja-koduki/buck_ws/install/my_point/lib/python3.10/site-packages:${PYTHONPATH} /usr/bin/python3 setup.py egg_info --egg-base ../../build/my_point build --build-base /home/kanja-koduki/buck_ws/build/my_point/build install --record /home/kanja-koduki/buck_ws/build/my_point/install.log --single-version-externally-managed[0m
[10.370s] [34mcolcon.colcon_core.environment[0m [1;30mLevel 1[0m checking '/home/kanja-koduki/buck_ws/install/my_point' for CMake module files
[10.371s] [34mcolcon.colcon_core.environment[0m [1;30mLevel 1[0m checking '/home/kanja-koduki/buck_ws/install/my_point' for CMake config files
[10.372s] [34mcolcon.colcon_core.environment[0m [1;30mLevel 1[0m checking '/home/kanja-koduki/buck_ws/install/my_point/lib'
[10.372s] [34mcolcon.colcon_core.environment[0m [1;30mLevel 1[0m checking '/home/kanja-koduki/buck_ws/install/my_point/bin'
[10.372s] [34mcolcon.colcon_core.environment[0m [1;30mLevel 1[0m checking '/home/kanja-koduki/buck_ws/install/my_point/lib/pkgconfig/my_point.pc'
[10.373s] [34mcolcon.colcon_core.environment[0m [1;30mLevel 1[0m checking '/home/kanja-koduki/buck_ws/install/my_point/lib/python3.10/site-packages'
[10.373s] [34mcolcon.colcon_core.shell[0m [1;30mLevel 1[0m create_environment_hook('my_point', 'pythonpath')
[10.418s] [34mcolcon.colcon_core.shell[0m [1;30mINFO[0m Creating environment hook '/home/kanja-koduki/buck_ws/install/my_point/share/my_point/hook/pythonpath.ps1'
[10.419s] [34mcolcon.colcon_core.shell[0m [1;30mINFO[0m Creating environment descriptor '/home/kanja-koduki/buck_ws/install/my_point/share/my_point/hook/pythonpath.dsv'
[10.419s] [34mcolcon.colcon_core.shell[0m [1;30mINFO[0m Creating environment hook '/home/kanja-koduki/buck_ws/install/my_point/share/my_point/hook/pythonpath.sh'
[10.421s] [34mcolcon.colcon_core.environment[0m [1;30mLevel 1[0m checking '/home/kanja-koduki/buck_ws/install/my_point/bin'
[10.421s] [34mcolcon.colcon_core.environment[0m [1;30mLevel 1[0m create_environment_scripts_only(my_point)
[10.467s] [34mcolcon.colcon_core.shell[0m [1;30mINFO[0m Creating package script '/home/kanja-koduki/buck_ws/install/my_point/share/my_point/package.ps1'
[10.468s] [34mcolcon.colcon_core.shell[0m [1;30mINFO[0m Creating package descriptor '/home/kanja-koduki/buck_ws/install/my_point/share/my_point/package.dsv'
[10.469s] [34mcolcon.colcon_core.shell[0m [1;30mINFO[0m Creating package script '/home/kanja-koduki/buck_ws/install/my_point/share/my_point/package.sh'
[10.469s] [34mcolcon.colcon_core.shell[0m [1;30mINFO[0m Creating package script '/home/kanja-koduki/buck_ws/install/my_point/share/my_point/package.bash'
[10.470s] [34mcolcon.colcon_core.shell[0m [1;30mINFO[0m Creating package script '/home/kanja-koduki/buck_ws/install/my_point/share/my_point/package.zsh'
[10.471s] [34mcolcon.colcon_core.environment[0m [1;30mLevel 1[0m create_file_with_runtime_dependencies(/home/kanja-koduki/buck_ws/install/my_point/share/colcon-core/packages/my_point)
[10.475s] [34mcolcon.colcon_core.event_handler.log_command[0m [1;30mDEBUG[0m [32mInvoked command in '/home/kanja-koduki/buck_ws/src/model_py' returned '0': PYTHONPATH=/home/kanja-koduki/buck_ws/build/model_py/prefix_override:/home/kanja-koduki/buck_ws/install/model_py/lib/python3.10/site-packages:${PYTHONPATH} /usr/bin/python3 setup.py egg_info --egg-base ../../build/model_py build --build-base /home/kanja-koduki/buck_ws/build/model_py/build install --record /home/kanja-koduki/buck_ws/build/model_py/install.log --single-version-externally-managed[0m
[10.523s] [34mcolcon.colcon_core.environment[0m [1;30mLevel 1[0m checking '/home/kanja-koduki/buck_ws/install/model_py' for CMake module files
[10.524s] [34mcolcon.colcon_core.environment[0m [1;30mLevel 1[0m checking '/home/kanja-koduki/buck_ws/install/model_py' for CMake config files
[10.525s] [34mcolcon.colcon_core.environment[0m [1;30mLevel 1[0m checking '/home/kanja-koduki/buck_ws/install/model_py/lib'
[10.525s] [34mcolcon.colcon_core.environment[0m [1;30mLevel 1[0m checking '/home/kanja-koduki/buck_ws/install/model_py/bin'
[10.525s] [34mcolcon.colcon_core.environment[0m [1;30mLevel 1[0m checking '/home/kanja-koduki/buck_ws/install/model_py/lib/pkgconfig/model_py.pc'
[10.526s] [34mcolcon.colcon_core.environment[0m [1;30mLevel 1[0m checking '/home/kanja-koduki/buck_ws/install/model_py/lib/python3.10/site-packages'
[10.526s] [34mcolcon.colcon_core.shell[0m [1;30mLevel 1[0m create_environment_hook('model_py', 'pythonpath')
[10.572s] [34mcolcon.colcon_core.shell[0m [1;30mINFO[0m Creating environment hook '/home/kanja-koduki/buck_ws/install/model_py/share/model_py/hook/pythonpath.ps1'
[10.573s] [34mcolcon.colcon_core.shell[0m [1;30mINFO[0m Creating environment descriptor '/home/kanja-koduki/buck_ws/install/model_py/share/model_py/hook/pythonpath.dsv'
[10.573s] [34mcolcon.colcon_core.shell[0m [1;30mINFO[0m Creating environment hook '/home/kanja-koduki/buck_ws/install/model_py/share/model_py/hook/pythonpath.sh'
[10.575s] [34mcolcon.colcon_core.environment[0m [1;30mLevel 1[0m checking '/home/kanja-koduki/buck_ws/install/model_py/bin'
[10.575s] [34mcolcon.colcon_core.environment[0m [1;30mLevel 1[0m create_environment_scripts_only(model_py)
[10.623s] [34mcolcon.colcon_core.shell[0m [1;30mINFO[0m Creating package script '/home/kanja-koduki/buck_ws/install/model_py/share/model_py/package.ps1'
[10.624s] [34mcolcon.colcon_core.shell[0m [1;30mINFO[0m Creating package descriptor '/home/kanja-koduki/buck_ws/install/model_py/share/model_py/package.dsv'
[10.625s] [34mcolcon.colcon_core.shell[0m [1;30mINFO[0m Creating package script '/home/kanja-koduki/buck_ws/install/model_py/share/model_py/package.sh'
[10.625s] [34mcolcon.colcon_core.shell[0m [1;30mINFO[0m Creating package script '/home/kanja-koduki/buck_ws/install/model_py/share/model_py/package.bash'
[10.626s] [34mcolcon.colcon_core.shell[0m [1;30mINFO[0m Creating package script '/home/kanja-koduki/buck_ws/install/model_py/share/model_py/package.zsh'
[10.627s] [34mcolcon.colcon_core.environment[0m [1;30mLevel 1[0m create_file_with_runtime_dependencies(/home/kanja-koduki/buck_ws/install/model_py/share/colcon-core/packages/model_py)
[10.627s] [34mcolcon.colcon_parallel_executor.executor.parallel[0m [1;30mDEBUG[0m [32mclosing loop[0m
[10.628s] [34mcolcon.colcon_parallel_executor.executor.parallel[0m [1;30mDEBUG[0m [32mloop closed[0m
[10.628s] [34mcolcon.colcon_parallel_executor.executor.parallel[0m [1;30mDEBUG[0m [32mrun_until_complete finished with '0'[0m
[10.628s] [34mcolcon.colcon_core.event_reactor[0m [1;30mDEBUG[0m [32mjoining thread[0m
[10.703s] [34mcolcon.colcon_core.plugin_system[0m [1;30mINFO[0m Skipping extension 'colcon_notification.desktop_notification.terminal_notifier': Not used on non-Darwin systems
[10.703s] [34mcolcon.colcon_core.plugin_system[0m [1;30mINFO[0m Skipping extension 'colcon_notification.desktop_notification.win32': Not used on non-Windows systems
[10.703s] [34mcolcon.colcon_notification.desktop_notification[0m [1;30mINFO[0m Sending desktop notification using 'notify2'
[10.728s] [34mcolcon.colcon_core.event_reactor[0m [1;30mDEBUG[0m [32mjoined thread[0m
[10.788s] [34mcolcon.colcon_core.shell[0m [1;30mINFO[0m Creating prefix script '/home/kanja-koduki/buck_ws/install/local_setup.ps1'
[10.791s] [34mcolcon.colcon_core.shell[0m [1;30mINFO[0m Creating prefix util module '/home/kanja-koduki/buck_ws/install/_local_setup_util_ps1.py'
[10.795s] [34mcolcon.colcon_core.shell[0m [1;30mINFO[0m Creating prefix chain script '/home/kanja-koduki/buck_ws/install/setup.ps1'
[10.858s] [34mcolcon.colcon_core.shell[0m [1;30mINFO[0m Creating prefix script '/home/kanja-koduki/buck_ws/install/local_setup.sh'
[10.860s] [34mcolcon.colcon_core.shell[0m [1;30mINFO[0m Creating prefix util module '/home/kanja-koduki/buck_ws/install/_local_setup_util_sh.py'
[10.861s] [34mcolcon.colcon_core.shell[0m [1;30mINFO[0m Creating prefix chain script '/home/kanja-koduki/buck_ws/install/setup.sh'
[10.924s] [34mcolcon.colcon_core.shell[0m [1;30mINFO[0m Creating prefix script '/home/kanja-koduki/buck_ws/install/local_setup.bash'
[10.925s] [34mcolcon.colcon_core.shell[0m [1;30mINFO[0m Creating prefix chain script '/home/kanja-koduki/buck_ws/install/setup.bash'
[10.983s] [34mcolcon.colcon_core.shell[0m [1;30mINFO[0m Creating prefix script '/home/kanja-koduki/buck_ws/install/local_setup.zsh'
[10.984s] [34mcolcon.colcon_core.shell[0m [1;30mINFO[0m Creating prefix chain script '/home/kanja-koduki/buck_ws/install/setup.zsh'
