[4.392s] Invoking command in '/home/kanja-koduki/buck_ws/src/model_py': PYTHONPATH=/home/kanja-koduki/buck_ws/build/model_py/prefix_override:/home/kanja-koduki/buck_ws/install/model_py/lib/python3.10/site-packages:${PYTHONPATH} /usr/bin/python3 setup.py egg_info --egg-base ../../build/model_py build --build-base /home/kanja-koduki/buck_ws/build/model_py/build install --record /home/kanja-koduki/buck_ws/build/model_py/install.log --single-version-externally-managed
[4.877s] running egg_info
[4.914s] writing ../../build/model_py/model_py.egg-info/PKG-INFO
[4.915s] writing dependency_links to ../../build/model_py/model_py.egg-info/dependency_links.txt
[4.915s] writing entry points to ../../build/model_py/model_py.egg-info/entry_points.txt
[4.915s] writing requirements to ../../build/model_py/model_py.egg-info/requires.txt
[4.916s] writing top-level names to ../../build/model_py/model_py.egg-info/top_level.txt
[4.994s] reading manifest file '../../build/model_py/model_py.egg-info/SOURCES.txt'
[4.997s] writing manifest file '../../build/model_py/model_py.egg-info/SOURCES.txt'
[4.997s] running build
[4.997s] running build_py
[4.998s] running install
[4.998s] /home/kanja-koduki/.local/lib/python3.10/site-packages/setuptools/_distutils/cmd.py:66: SetuptoolsDeprecationWarning: setup.py install is deprecated.
[4.998s] !!
[4.998s] 
[4.999s]         ********************************************************************************
[4.999s]         Please avoid running ``setup.py`` directly.
[4.999s]         Instead, use pypa/build, pypa/installer or other
[4.999s]         standards-based tools.
[4.999s] 
[4.999s]         See https://blog.ganssle.io/articles/2021/10/setup-py-deprecated.html for details.
[5.000s]         ********************************************************************************
[5.000s] 
[5.000s] !!
[5.000s]   self.initialize_options()
[5.008s] running install_lib
[5.048s] running install_data
[5.084s] copying launch/twodepth.launch.py -> /home/kanja-koduki/buck_ws/install/model_py/share/model_py/launch
[5.085s] running install_egg_info
[5.125s] removing '/home/kanja-koduki/buck_ws/install/model_py/lib/python3.10/site-packages/model_py-0.0.0-py3.10.egg-info' (and everything under it)
[5.126s] Copying ../../build/model_py/model_py.egg-info to /home/kanja-koduki/buck_ws/install/model_py/lib/python3.10/site-packages/model_py-0.0.0-py3.10.egg-info
[5.127s] running install_scripts
[5.518s] Installing keyboard_listener script to /home/kanja-koduki/buck_ws/install/model_py/lib/model_py
[5.518s] Installing laser_frame_publisher script to /home/kanja-koduki/buck_ws/install/model_py/lib/model_py
[5.518s] Installing test_joy script to /home/kanja-koduki/buck_ws/install/model_py/lib/model_py
[5.519s] writing list of installed files to '/home/kanja-koduki/buck_ws/build/model_py/install.log'
[5.695s] Invoked command in '/home/kanja-koduki/buck_ws/src/model_py' returned '0': PYTHONPATH=/home/kanja-koduki/buck_ws/build/model_py/prefix_override:/home/kanja-koduki/buck_ws/install/model_py/lib/python3.10/site-packages:${PYTHONPATH} /usr/bin/python3 setup.py egg_info --egg-base ../../build/model_py build --build-base /home/kanja-koduki/buck_ws/build/model_py/build install --record /home/kanja-koduki/buck_ws/build/model_py/install.log --single-version-externally-managed
