[6.185s] Invoking command in '/home/kanja-koduki/buck_ws/src/model_py': PYTHONPATH=/home/kanja-koduki/buck_ws/build/model_py/prefix_override:/home/kanja-koduki/buck_ws/install/model_py/lib/python3.10/site-packages:${PYTHONPATH} /usr/bin/python3 setup.py egg_info --egg-base ../../build/model_py build --build-base /home/kanja-koduki/buck_ws/build/model_py/build install --record /home/kanja-koduki/buck_ws/build/model_py/install.log --single-version-externally-managed
[7.161s] running egg_info
[7.217s] writing ../../build/model_py/model_py.egg-info/PKG-INFO
[7.219s] writing dependency_links to ../../build/model_py/model_py.egg-info/dependency_links.txt
[7.220s] writing entry points to ../../build/model_py/model_py.egg-info/entry_points.txt
[7.220s] writing requirements to ../../build/model_py/model_py.egg-info/requires.txt
[7.221s] writing top-level names to ../../build/model_py/model_py.egg-info/top_level.txt
[7.352s] reading manifest file '../../build/model_py/model_py.egg-info/SOURCES.txt'
[7.362s] writing manifest file '../../build/model_py/model_py.egg-info/SOURCES.txt'
[7.362s] running build
[7.362s] running build_py
[7.364s] running install
[7.365s] /home/kanja-koduki/.local/lib/python3.10/site-packages/setuptools/_distutils/cmd.py:66: SetuptoolsDeprecationWarning: setup.py install is deprecated.
[7.365s] !!
[7.366s] 
[7.366s]         ********************************************************************************
[7.366s]         Please avoid running ``setup.py`` directly.
[7.367s]         Instead, use pypa/build, pypa/installer or other
[7.367s]         standards-based tools.
[7.367s] 
[7.368s]         See https://blog.ganssle.io/articles/2021/10/setup-py-deprecated.html for details.
[7.368s]         ********************************************************************************
[7.368s] 
[7.368s] !!
[7.369s]   self.initialize_options()
[7.390s] running install_lib
[7.464s] running install_data
[7.537s] copying launch/launch_sim.launch.py -> /home/kanja-koduki/buck_ws/install/model_py/share/model_py/launch
[7.541s] running install_egg_info
[7.616s] removing '/home/kanja-koduki/buck_ws/install/model_py/lib/python3.10/site-packages/model_py-0.0.0-py3.10.egg-info' (and everything under it)
[7.618s] Copying ../../build/model_py/model_py.egg-info to /home/kanja-koduki/buck_ws/install/model_py/lib/python3.10/site-packages/model_py-0.0.0-py3.10.egg-info
[7.621s] running install_scripts
[8.192s] Installing keyboard_listener script to /home/kanja-koduki/buck_ws/install/model_py/lib/model_py
[8.193s] Installing laser_frame_publisher script to /home/kanja-koduki/buck_ws/install/model_py/lib/model_py
[8.193s] Installing test_joy script to /home/kanja-koduki/buck_ws/install/model_py/lib/model_py
[8.194s] writing list of installed files to '/home/kanja-koduki/buck_ws/build/model_py/install.log'
[8.271s] Invoked command in '/home/kanja-koduki/buck_ws/src/model_py' returned '0': PYTHONPATH=/home/kanja-koduki/buck_ws/build/model_py/prefix_override:/home/kanja-koduki/buck_ws/install/model_py/lib/python3.10/site-packages:${PYTHONPATH} /usr/bin/python3 setup.py egg_info --egg-base ../../build/model_py build --build-base /home/kanja-koduki/buck_ws/build/model_py/build install --record /home/kanja-koduki/buck_ws/build/model_py/install.log --single-version-externally-managed
