[4.718s] Invoking command in '/home/kanja-koduki/buck_ws/src/model_py': PYTHONPATH=/home/kanja-koduki/buck_ws/build/model_py/prefix_override:/home/kanja-koduki/buck_ws/install/model_py/lib/python3.10/site-packages:${PYTHONPATH} /usr/bin/python3 setup.py egg_info --egg-base ../../build/model_py build --build-base /home/kanja-koduki/buck_ws/build/model_py/build install --record /home/kanja-koduki/buck_ws/build/model_py/install.log --single-version-externally-managed
[5.257s] running egg_info
[5.299s] writing ../../build/model_py/model_py.egg-info/PKG-INFO
[5.300s] writing dependency_links to ../../build/model_py/model_py.egg-info/dependency_links.txt
[5.301s] writing requirements to ../../build/model_py/model_py.egg-info/requires.txt
[5.301s] writing top-level names to ../../build/model_py/model_py.egg-info/top_level.txt
[5.394s] reading manifest file '../../build/model_py/model_py.egg-info/SOURCES.txt'
[5.397s] writing manifest file '../../build/model_py/model_py.egg-info/SOURCES.txt'
[5.397s] running build
[5.397s] running build_py
[5.398s] running install
[5.399s] /home/kanja-koduki/.local/lib/python3.10/site-packages/setuptools/_distutils/cmd.py:66: SetuptoolsDeprecationWarning: setup.py install is deprecated.
[5.399s] !!
[5.399s] 
[5.399s]         ********************************************************************************
[5.400s]         Please avoid running ``setup.py`` directly.
[5.400s]         Instead, use pypa/build, pypa/installer or other
[5.400s]         standards-based tools.
[5.400s] 
[5.400s]         See https://blog.ganssle.io/articles/2021/10/setup-py-deprecated.html for details.
[5.401s]         ********************************************************************************
[5.401s] 
[5.401s] !!
[5.401s]   self.initialize_options()
[5.417s] running install_lib
[5.465s] running install_data
[5.511s] copying urdf/run.urdf.xacro -> /home/kanja-koduki/buck_ws/install/model_py/share/model_py/urdf
[5.513s] running install_egg_info
[5.569s] removing '/home/kanja-koduki/buck_ws/install/model_py/lib/python3.10/site-packages/model_py-0.0.0-py3.10.egg-info' (and everything under it)
[5.569s] Copying ../../build/model_py/model_py.egg-info to /home/kanja-koduki/buck_ws/install/model_py/lib/python3.10/site-packages/model_py-0.0.0-py3.10.egg-info
[5.571s] running install_scripts
[6.045s] writing list of installed files to '/home/kanja-koduki/buck_ws/build/model_py/install.log'
[6.101s] Invoked command in '/home/kanja-koduki/buck_ws/src/model_py' returned '0': PYTHONPATH=/home/kanja-koduki/buck_ws/build/model_py/prefix_override:/home/kanja-koduki/buck_ws/install/model_py/lib/python3.10/site-packages:${PYTHONPATH} /usr/bin/python3 setup.py egg_info --egg-base ../../build/model_py build --build-base /home/kanja-koduki/buck_ws/build/model_py/build install --record /home/kanja-koduki/buck_ws/build/model_py/install.log --single-version-externally-managed
