-- Install configuration: ""
-- Up-to-date: /home/kanja-koduki/buck_ws/install/robot_description/share/robot_description/urdf
-- Up-to-date: /home/kanja-koduki/buck_ws/install/robot_description/share/robot_description/urdf/rov3.urdf
-- Up-to-date: /home/kanja-koduki/buck_ws/install/robot_description/share/robot_description/urdf/test2.urdf.xacro
-- Up-to-date: /home/kanja-koduki/buck_ws/install/robot_description/share/robot_description/urdf/rov.urdf.xacro
-- Installing: /home/kanja-koduki/buck_ws/install/robot_description/share/robot_description/urdf/test.urdf.xacro
-- Up-to-date: /home/kanja-koduki/buck_ws/install/robot_description/share/ament_index/resource_index/package_run_dependencies/robot_description
-- Up-to-date: /home/kanja-koduki/buck_ws/install/robot_description/share/ament_index/resource_index/parent_prefix_path/robot_description
-- Up-to-date: /home/kanja-koduki/buck_ws/install/robot_description/share/robot_description/environment/ament_prefix_path.sh
-- Up-to-date: /home/kanja-koduki/buck_ws/install/robot_description/share/robot_description/environment/ament_prefix_path.dsv
-- Up-to-date: /home/kanja-koduki/buck_ws/install/robot_description/share/robot_description/environment/path.sh
-- Up-to-date: /home/kanja-koduki/buck_ws/install/robot_description/share/robot_description/environment/path.dsv
-- Up-to-date: /home/kanja-koduki/buck_ws/install/robot_description/share/robot_description/local_setup.bash
-- Up-to-date: /home/kanja-koduki/buck_ws/install/robot_description/share/robot_description/local_setup.sh
-- Up-to-date: /home/kanja-koduki/buck_ws/install/robot_description/share/robot_description/local_setup.zsh
-- Up-to-date: /home/kanja-koduki/buck_ws/install/robot_description/share/robot_description/local_setup.dsv
-- Installing: /home/kanja-koduki/buck_ws/install/robot_description/share/robot_description/package.dsv
-- Up-to-date: /home/kanja-koduki/buck_ws/install/robot_description/share/ament_index/resource_index/packages/robot_description
-- Up-to-date: /home/kanja-koduki/buck_ws/install/robot_description/share/robot_description/cmake/robot_descriptionConfig.cmake
-- Up-to-date: /home/kanja-koduki/buck_ws/install/robot_description/share/robot_description/cmake/robot_descriptionConfig-version.cmake
-- Up-to-date: /home/kanja-koduki/buck_ws/install/robot_description/share/robot_description/package.xml
