[2.340s] Invoking command in '/home/kanja-koduki/buck_ws/src/my_point': PYTHONPATH=/home/kanja-koduki/buck_ws/build/my_point/prefix_override:/home/kanja-koduki/buck_ws/install/my_point/lib/python3.10/site-packages:${PYTHONPATH} /usr/bin/python3 setup.py egg_info --egg-base ../../build/my_point build --build-base /home/kanja-koduki/buck_ws/build/my_point/build install --record /home/kanja-koduki/buck_ws/build/my_point/install.log --single-version-externally-managed
[2.657s] running egg_info
[2.685s] writing ../../build/my_point/my_point.egg-info/PKG-INFO
[2.686s] writing dependency_links to ../../build/my_point/my_point.egg-info/dependency_links.txt
[2.687s] writing entry points to ../../build/my_point/my_point.egg-info/entry_points.txt
[2.687s] writing requirements to ../../build/my_point/my_point.egg-info/requires.txt
[2.687s] writing top-level names to ../../build/my_point/my_point.egg-info/top_level.txt
[2.749s] reading manifest file '../../build/my_point/my_point.egg-info/SOURCES.txt'
[2.751s] writing manifest file '../../build/my_point/my_point.egg-info/SOURCES.txt'
[2.751s] running build
[2.751s] running build_py
[2.752s] running install
[2.752s] /home/kanja-koduki/.local/lib/python3.10/site-packages/setuptools/_distutils/cmd.py:66: SetuptoolsDeprecationWarning: setup.py install is deprecated.
[2.752s] !!
[2.753s] 
[2.753s]         ********************************************************************************
[2.753s]         Please avoid running ``setup.py`` directly.
[2.753s]         Instead, use pypa/build, pypa/installer or other
[2.753s]         standards-based tools.
[2.753s] 
[2.753s]         See https://blog.ganssle.io/articles/2021/10/setup-py-deprecated.html for details.
[2.753s]         ********************************************************************************
[2.753s] 
[2.753s] !!
[2.753s]   self.initialize_options()
[2.762s] running install_lib
[2.792s] running install_data
[2.819s] running install_egg_info
[2.853s] removing '/home/kanja-koduki/buck_ws/install/my_point/lib/python3.10/site-packages/my_point-0.0.0-py3.10.egg-info' (and everything under it)
[2.853s] Copying ../../build/my_point/my_point.egg-info to /home/kanja-koduki/buck_ws/install/my_point/lib/python3.10/site-packages/my_point-0.0.0-py3.10.egg-info
[2.855s] running install_scripts
[3.169s] Installing base_link_publisher script to /home/kanja-koduki/buck_ws/install/my_point/lib/my_point
[3.169s] Installing lidar_publisher script to /home/kanja-koduki/buck_ws/install/my_point/lib/my_point
[3.169s] Installing point_node script to /home/kanja-koduki/buck_ws/install/my_point/lib/my_point
[3.170s] writing list of installed files to '/home/kanja-koduki/buck_ws/build/my_point/install.log'
[3.306s] Invoked command in '/home/kanja-koduki/buck_ws/src/my_point' returned '0': PYTHONPATH=/home/kanja-koduki/buck_ws/build/my_point/prefix_override:/home/kanja-koduki/buck_ws/install/my_point/lib/python3.10/site-packages:${PYTHONPATH} /usr/bin/python3 setup.py egg_info --egg-base ../../build/my_point build --build-base /home/kanja-koduki/buck_ws/build/my_point/build install --record /home/kanja-koduki/buck_ws/build/my_point/install.log --single-version-externally-managed
