[2.927s] Invoking command in '/home/kanja-koduki/buck_ws/src/model_py': PYTHONPATH=/home/kanja-koduki/buck_ws/build/model_py/prefix_override:/home/kanja-koduki/buck_ws/install/model_py/lib/python3.10/site-packages:${PYTHONPATH} /usr/bin/python3 setup.py egg_info --egg-base ../../build/model_py build --build-base /home/kanja-koduki/buck_ws/build/model_py/build install --record /home/kanja-koduki/buck_ws/build/model_py/install.log --single-version-externally-managed
[3.402s] running egg_info
[3.437s] writing ../../build/model_py/model_py.egg-info/PKG-INFO
[3.437s] writing dependency_links to ../../build/model_py/model_py.egg-info/dependency_links.txt
[3.438s] writing requirements to ../../build/model_py/model_py.egg-info/requires.txt
[3.438s] writing top-level names to ../../build/model_py/model_py.egg-info/top_level.txt
[3.513s] reading manifest file '../../build/model_py/model_py.egg-info/SOURCES.txt'
[3.515s] writing manifest file '../../build/model_py/model_py.egg-info/SOURCES.txt'
[3.515s] running build
[3.515s] running build_py
[3.515s] running install
[3.515s] /home/kanja-koduki/.local/lib/python3.10/site-packages/setuptools/_distutils/cmd.py:66: SetuptoolsDeprecationWarning: setup.py install is deprecated.
[3.515s] !!
[3.516s] 
[3.516s]         ********************************************************************************
[3.516s]         Please avoid running ``setup.py`` directly.
[3.516s]         Instead, use pypa/build, pypa/installer or other
[3.516s]         standards-based tools.
[3.516s] 
[3.516s]         See https://blog.ganssle.io/articles/2021/10/setup-py-deprecated.html for details.
[3.516s]         ********************************************************************************
[3.516s] 
[3.516s] !!
[3.517s]   self.initialize_options()
[3.526s] running install_lib
[3.562s] running install_data
[3.600s] copying urdf/gazebo_control.xacro -> /home/kanja-koduki/buck_ws/install/model_py/share/model_py/urdf
[3.601s] copying urdf/robot_core.urdf.xacro -> /home/kanja-koduki/buck_ws/install/model_py/share/model_py/urdf
[3.601s] running install_egg_info
[3.638s] removing '/home/kanja-koduki/buck_ws/install/model_py/lib/python3.10/site-packages/model_py-0.0.0-py3.10.egg-info' (and everything under it)
[3.639s] Copying ../../build/model_py/model_py.egg-info to /home/kanja-koduki/buck_ws/install/model_py/lib/python3.10/site-packages/model_py-0.0.0-py3.10.egg-info
[3.640s] running install_scripts
[3.992s] writing list of installed files to '/home/kanja-koduki/buck_ws/build/model_py/install.log'
[4.040s] Invoked command in '/home/kanja-koduki/buck_ws/src/model_py' returned '0': PYTHONPATH=/home/kanja-koduki/buck_ws/build/model_py/prefix_override:/home/kanja-koduki/buck_ws/install/model_py/lib/python3.10/site-packages:${PYTHONPATH} /usr/bin/python3 setup.py egg_info --egg-base ../../build/model_py build --build-base /home/kanja-koduki/buck_ws/build/model_py/build install --record /home/kanja-koduki/buck_ws/build/model_py/install.log --single-version-externally-managed
