[5.663s] Invoking command in '/home/kanja-koduki/buck_ws/src/my_point': PYTHONPATH=/home/kanja-koduki/buck_ws/build/my_point/prefix_override:/home/kanja-koduki/buck_ws/install/my_point/lib/python3.10/site-packages:${PYTHONPATH} /usr/bin/python3 setup.py egg_info --egg-base ../../build/my_point build --build-base /home/kanja-koduki/buck_ws/build/my_point/build install --record /home/kanja-koduki/buck_ws/build/my_point/install.log --single-version-externally-managed
[6.529s] running egg_info
[6.579s] writing ../../build/my_point/my_point.egg-info/PKG-INFO
[6.580s] writing dependency_links to ../../build/my_point/my_point.egg-info/dependency_links.txt
[6.581s] writing entry points to ../../build/my_point/my_point.egg-info/entry_points.txt
[6.581s] writing requirements to ../../build/my_point/my_point.egg-info/requires.txt
[6.582s] writing top-level names to ../../build/my_point/my_point.egg-info/top_level.txt
[6.697s] reading manifest file '../../build/my_point/my_point.egg-info/SOURCES.txt'
[6.700s] writing manifest file '../../build/my_point/my_point.egg-info/SOURCES.txt'
[6.700s] running build
[6.700s] running build_py
[6.703s] running install
[6.704s] /home/kanja-koduki/.local/lib/python3.10/site-packages/setuptools/_distutils/cmd.py:66: SetuptoolsDeprecationWarning: setup.py install is deprecated.
[6.705s] !!
[6.705s] 
[6.705s]         ********************************************************************************
[6.705s]         Please avoid running ``setup.py`` directly.
[6.705s]         Instead, use pypa/build, pypa/installer or other
[6.706s]         standards-based tools.
[6.706s] 
[6.706s]         See https://blog.ganssle.io/articles/2021/10/setup-py-deprecated.html for details.
[6.706s]         ********************************************************************************
[6.706s] 
[6.707s] !!
[6.707s]   self.initialize_options()
[6.723s] running install_lib
[6.792s] running install_data
[6.851s] running install_egg_info
[6.918s] removing '/home/kanja-koduki/buck_ws/install/my_point/lib/python3.10/site-packages/my_point-0.0.0-py3.10.egg-info' (and everything under it)
[6.920s] Copying ../../build/my_point/my_point.egg-info to /home/kanja-koduki/buck_ws/install/my_point/lib/python3.10/site-packages/my_point-0.0.0-py3.10.egg-info
[6.924s] running install_scripts
[7.442s] Installing base_link_publisher script to /home/kanja-koduki/buck_ws/install/my_point/lib/my_point
[7.442s] Installing camera_pub script to /home/kanja-koduki/buck_ws/install/my_point/lib/my_point
[7.442s] Installing camera_sub script to /home/kanja-koduki/buck_ws/install/my_point/lib/my_point
[7.442s] Installing lidar_publisher script to /home/kanja-koduki/buck_ws/install/my_point/lib/my_point
[7.443s] Installing pcd_to_map_node script to /home/kanja-koduki/buck_ws/install/my_point/lib/my_point
[7.443s] Installing point_node script to /home/kanja-koduki/buck_ws/install/my_point/lib/my_point
[7.444s] writing list of installed files to '/home/kanja-koduki/buck_ws/build/my_point/install.log'
[7.518s] Invoked command in '/home/kanja-koduki/buck_ws/src/my_point' returned '0': PYTHONPATH=/home/kanja-koduki/buck_ws/build/my_point/prefix_override:/home/kanja-koduki/buck_ws/install/my_point/lib/python3.10/site-packages:${PYTHONPATH} /usr/bin/python3 setup.py egg_info --egg-base ../../build/my_point build --build-base /home/kanja-koduki/buck_ws/build/my_point/build install --record /home/kanja-koduki/buck_ws/build/my_point/install.log --single-version-externally-managed
