[1.707s] Invoking command in '/home/kanja-koduki/buck_ws/build/my_point_cloud_publisher': CMAKE_PREFIX_PATH=${CMAKE_PREFIX_PATH}:/home/kanja-koduki/buck_ws/install/model_py:/home/kanja-koduki/hannah_ws/install/hannah_bot:/home/kanja-koduki/niki_ws/install/sjtu_drone_bringup:/home/kanja-koduki/zypher_ws/install/prius_sdc_pkg:/home/kanja-koduki/ortega_ws/install/ortega_bot:/opt/ros/humble /home/kanja-koduki/.local/bin/cmake --build /home/kanja-koduki/buck_ws/build/my_point_cloud_publisher -- -j8 -l8
[1.807s] Invoked command in '/home/kanja-koduki/buck_ws/build/my_point_cloud_publisher' returned '0': CMAKE_PREFIX_PATH=${CMAKE_PREFIX_PATH}:/home/kanja-koduki/buck_ws/install/model_py:/home/kanja-koduki/hannah_ws/install/hannah_bot:/home/kanja-koduki/niki_ws/install/sjtu_drone_bringup:/home/kanja-koduki/zypher_ws/install/prius_sdc_pkg:/home/kanja-koduki/ortega_ws/install/ortega_bot:/opt/ros/humble /home/kanja-koduki/.local/bin/cmake --build /home/kanja-koduki/buck_ws/build/my_point_cloud_publisher -- -j8 -l8
[1.976s] Invoking command in '/home/kanja-koduki/buck_ws/build/my_point_cloud_publisher': CMAKE_PREFIX_PATH=${CMAKE_PREFIX_PATH}:/home/kanja-koduki/buck_ws/install/model_py:/home/kanja-koduki/hannah_ws/install/hannah_bot:/home/kanja-koduki/niki_ws/install/sjtu_drone_bringup:/home/kanja-koduki/zypher_ws/install/prius_sdc_pkg:/home/kanja-koduki/ortega_ws/install/ortega_bot:/opt/ros/humble /home/kanja-koduki/.local/bin/cmake --install /home/kanja-koduki/buck_ws/build/my_point_cloud_publisher
[2.061s] -- Install configuration: ""
[2.061s] -- Up-to-date: /home/kanja-koduki/buck_ws/install/my_point_cloud_publisher/share/my_point_cloud_publisher/msg
[2.062s] -- Up-to-date: /home/kanja-koduki/buck_ws/install/my_point_cloud_publisher/share/my_point_cloud_publisher/msg/pointcloud.msg
[2.062s] -- Up-to-date: /home/kanja-koduki/buck_ws/install/my_point_cloud_publisher/share/ament_index/resource_index/package_run_dependencies/my_point_cloud_publisher
[2.062s] -- Up-to-date: /home/kanja-koduki/buck_ws/install/my_point_cloud_publisher/share/ament_index/resource_index/parent_prefix_path/my_point_cloud_publisher
[2.062s] -- Up-to-date: /home/kanja-koduki/buck_ws/install/my_point_cloud_publisher/share/my_point_cloud_publisher/environment/ament_prefix_path.sh
[2.062s] -- Up-to-date: /home/kanja-koduki/buck_ws/install/my_point_cloud_publisher/share/my_point_cloud_publisher/environment/ament_prefix_path.dsv
[2.063s] -- Up-to-date: /home/kanja-koduki/buck_ws/install/my_point_cloud_publisher/share/my_point_cloud_publisher/environment/path.sh
[2.063s] -- Up-to-date: /home/kanja-koduki/buck_ws/install/my_point_cloud_publisher/share/my_point_cloud_publisher/environment/path.dsv
[2.063s] -- Up-to-date: /home/kanja-koduki/buck_ws/install/my_point_cloud_publisher/share/my_point_cloud_publisher/local_setup.bash
[2.063s] -- Up-to-date: /home/kanja-koduki/buck_ws/install/my_point_cloud_publisher/share/my_point_cloud_publisher/local_setup.sh
[2.063s] -- Up-to-date: /home/kanja-koduki/buck_ws/install/my_point_cloud_publisher/share/my_point_cloud_publisher/local_setup.zsh
[2.064s] -- Up-to-date: /home/kanja-koduki/buck_ws/install/my_point_cloud_publisher/share/my_point_cloud_publisher/local_setup.dsv
[2.064s] -- Up-to-date: /home/kanja-koduki/buck_ws/install/my_point_cloud_publisher/share/my_point_cloud_publisher/package.dsv
[2.064s] -- Up-to-date: /home/kanja-koduki/buck_ws/install/my_point_cloud_publisher/share/ament_index/resource_index/packages/my_point_cloud_publisher
[2.064s] -- Up-to-date: /home/kanja-koduki/buck_ws/install/my_point_cloud_publisher/share/my_point_cloud_publisher/cmake/my_point_cloud_publisherConfig.cmake
[2.064s] -- Up-to-date: /home/kanja-koduki/buck_ws/install/my_point_cloud_publisher/share/my_point_cloud_publisher/cmake/my_point_cloud_publisherConfig-version.cmake
[2.064s] -- Up-to-date: /home/kanja-koduki/buck_ws/install/my_point_cloud_publisher/share/my_point_cloud_publisher/package.xml
[2.066s] Invoked command in '/home/kanja-koduki/buck_ws/build/my_point_cloud_publisher' returned '0': CMAKE_PREFIX_PATH=${CMAKE_PREFIX_PATH}:/home/kanja-koduki/buck_ws/install/model_py:/home/kanja-koduki/hannah_ws/install/hannah_bot:/home/kanja-koduki/niki_ws/install/sjtu_drone_bringup:/home/kanja-koduki/zypher_ws/install/prius_sdc_pkg:/home/kanja-koduki/ortega_ws/install/ortega_bot:/opt/ros/humble /home/kanja-koduki/.local/bin/cmake --install /home/kanja-koduki/buck_ws/build/my_point_cloud_publisher
