[1.516s] colcon DEBUG Command line arguments: ['/usr/bin/colcon', 'list', '-p', '--base-paths', '/home/kanja-koduki/buck_ws']
[1.517s] colcon DEBUG Parsed command line arguments: Namespace(log_base=None, log_level=None, verb_name='list', build_base='build', ignore_user_meta=False, metas=['./colcon.meta'], base_paths=['/home/kanja-koduki/buck_ws'], packages_ignore=None, packages_ignore_regex=None, paths=None, packages_up_to=None, packages_up_to_regex=None, packages_above=None, packages_above_and_dependencies=None, packages_above_depth=None, packages_select_by_dep=None, packages_skip_by_dep=None, packages_skip_up_to=None, packages_select_build_failed=False, packages_skip_build_finished=False, packages_select_test_failures=False, packages_skip_test_passed=False, packages_select=None, packages_skip=None, packages_select_regex=None, packages_skip_regex=None, packages_start=None, packages_end=None, allow_overriding=[], topological_order=False, names_only=False, paths_only=True, topological_graph=False, topological_graph_dot=False, topological_graph_density=False, topological_graph_legend=False, topological_graph_dot_cluster=False, topological_graph_dot_include_skipped=False, verb_parser=<colcon_defaults.argument_parser.defaults.DefaultArgumentsDecorator object at 0x7fdb2c6516f0>, verb_extension=<colcon_package_information.verb.list.ListVerb object at 0x7fdb2c7fbbe0>, main=<bound method ListVerb.main of <colcon_package_information.verb.list.ListVerb object at 0x7fdb2c7fbbe0>>)
[1.618s] colcon.colcon_core.package_discovery Level 1 discover_packages(colcon_meta) check parameters
[1.618s] colcon.colcon_core.package_discovery Level 1 discover_packages(recursive) check parameters
[1.618s] colcon.colcon_core.package_discovery Level 1 discover_packages(ignore) check parameters
[1.618s] colcon.colcon_core.package_discovery Level 1 discover_packages(path) check parameters
[1.618s] colcon.colcon_core.package_discovery Level 1 discover_packages(recursive) discover
[1.618s] colcon.colcon_core.package_discovery INFO Crawling recursively for packages in '/home/kanja-koduki/buck_ws'
[1.619s] colcon.colcon_core.package_identification Level 1 _identify(/home/kanja-koduki/buck_ws) by extensions ['ignore', 'ignore_ament_install']
[1.619s] colcon.colcon_core.package_identification Level 1 _identify(/home/kanja-koduki/buck_ws) by extension 'ignore'
[1.619s] colcon.colcon_core.package_identification Level 1 _identify(/home/kanja-koduki/buck_ws) by extension 'ignore_ament_install'
[1.619s] colcon.colcon_core.package_identification Level 1 _identify(/home/kanja-koduki/buck_ws) by extensions ['colcon_pkg']
[1.619s] colcon.colcon_core.package_identification Level 1 _identify(/home/kanja-koduki/buck_ws) by extension 'colcon_pkg'
[1.619s] colcon.colcon_core.package_identification Level 1 _identify(/home/kanja-koduki/buck_ws) by extensions ['colcon_meta']
[1.619s] colcon.colcon_core.package_identification Level 1 _identify(/home/kanja-koduki/buck_ws) by extension 'colcon_meta'
[1.619s] colcon.colcon_core.package_identification Level 1 _identify(/home/kanja-koduki/buck_ws) by extensions ['ros']
[1.619s] colcon.colcon_core.package_identification Level 1 _identify(/home/kanja-koduki/buck_ws) by extension 'ros'
[1.634s] colcon.colcon_core.package_identification Level 1 _identify(/home/kanja-koduki/buck_ws) by extensions ['cmake', 'python']
[1.634s] colcon.colcon_core.package_identification Level 1 _identify(/home/kanja-koduki/buck_ws) by extension 'cmake'
[1.634s] colcon.colcon_core.package_identification Level 1 _identify(/home/kanja-koduki/buck_ws) by extension 'python'
[1.634s] colcon.colcon_core.package_identification Level 1 _identify(/home/kanja-koduki/buck_ws) by extensions ['python_setup_py']
[1.634s] colcon.colcon_core.package_identification Level 1 _identify(/home/kanja-koduki/buck_ws) by extension 'python_setup_py'
[1.634s] colcon.colcon_core.package_identification Level 1 _identify(/home/kanja-koduki/buck_ws/build) by extensions ['ignore', 'ignore_ament_install']
[1.634s] colcon.colcon_core.package_identification Level 1 _identify(/home/kanja-koduki/buck_ws/build) by extension 'ignore'
[1.634s] colcon.colcon_core.package_identification Level 1 _identify(/home/kanja-koduki/buck_ws/build) ignored
[1.635s] colcon.colcon_core.package_identification Level 1 _identify(/home/kanja-koduki/buck_ws/install) by extensions ['ignore', 'ignore_ament_install']
[1.635s] colcon.colcon_core.package_identification Level 1 _identify(/home/kanja-koduki/buck_ws/install) by extension 'ignore'
[1.635s] colcon.colcon_core.package_identification Level 1 _identify(/home/kanja-koduki/buck_ws/install) ignored
[1.635s] colcon.colcon_core.package_identification Level 1 _identify(/home/kanja-koduki/buck_ws/log) by extensions ['ignore', 'ignore_ament_install']
[1.635s] colcon.colcon_core.package_identification Level 1 _identify(/home/kanja-koduki/buck_ws/log) by extension 'ignore'
[1.635s] colcon.colcon_core.package_identification Level 1 _identify(/home/kanja-koduki/buck_ws/log) ignored
[1.635s] colcon.colcon_core.package_identification Level 1 _identify(/home/kanja-koduki/buck_ws/src) by extensions ['ignore', 'ignore_ament_install']
[1.635s] colcon.colcon_core.package_identification Level 1 _identify(/home/kanja-koduki/buck_ws/src) by extension 'ignore'
[1.635s] colcon.colcon_core.package_identification Level 1 _identify(/home/kanja-koduki/buck_ws/src) by extension 'ignore_ament_install'
[1.635s] colcon.colcon_core.package_identification Level 1 _identify(/home/kanja-koduki/buck_ws/src) by extensions ['colcon_pkg']
[1.635s] colcon.colcon_core.package_identification Level 1 _identify(/home/kanja-koduki/buck_ws/src) by extension 'colcon_pkg'
[1.635s] colcon.colcon_core.package_identification Level 1 _identify(/home/kanja-koduki/buck_ws/src) by extensions ['colcon_meta']
[1.635s] colcon.colcon_core.package_identification Level 1 _identify(/home/kanja-koduki/buck_ws/src) by extension 'colcon_meta'
[1.635s] colcon.colcon_core.package_identification Level 1 _identify(/home/kanja-koduki/buck_ws/src) by extensions ['ros']
[1.635s] colcon.colcon_core.package_identification Level 1 _identify(/home/kanja-koduki/buck_ws/src) by extension 'ros'
[1.636s] colcon.colcon_core.package_identification Level 1 _identify(/home/kanja-koduki/buck_ws/src) by extensions ['cmake', 'python']
[1.636s] colcon.colcon_core.package_identification Level 1 _identify(/home/kanja-koduki/buck_ws/src) by extension 'cmake'
[1.636s] colcon.colcon_core.package_identification Level 1 _identify(/home/kanja-koduki/buck_ws/src) by extension 'python'
[1.636s] colcon.colcon_core.package_identification Level 1 _identify(/home/kanja-koduki/buck_ws/src) by extensions ['python_setup_py']
[1.636s] colcon.colcon_core.package_identification Level 1 _identify(/home/kanja-koduki/buck_ws/src) by extension 'python_setup_py'
[1.636s] colcon.colcon_core.package_identification Level 1 _identify(/home/kanja-koduki/buck_ws/src/model_py) by extensions ['ignore', 'ignore_ament_install']
[1.636s] colcon.colcon_core.package_identification Level 1 _identify(/home/kanja-koduki/buck_ws/src/model_py) by extension 'ignore'
[1.636s] colcon.colcon_core.package_identification Level 1 _identify(/home/kanja-koduki/buck_ws/src/model_py) by extension 'ignore_ament_install'
[1.636s] colcon.colcon_core.package_identification Level 1 _identify(/home/kanja-koduki/buck_ws/src/model_py) by extensions ['colcon_pkg']
[1.636s] colcon.colcon_core.package_identification Level 1 _identify(/home/kanja-koduki/buck_ws/src/model_py) by extension 'colcon_pkg'
[1.636s] colcon.colcon_core.package_identification Level 1 _identify(/home/kanja-koduki/buck_ws/src/model_py) by extensions ['colcon_meta']
[1.636s] colcon.colcon_core.package_identification Level 1 _identify(/home/kanja-koduki/buck_ws/src/model_py) by extension 'colcon_meta'
[1.636s] colcon.colcon_core.package_identification Level 1 _identify(/home/kanja-koduki/buck_ws/src/model_py) by extensions ['ros']
[1.636s] colcon.colcon_core.package_identification Level 1 _identify(/home/kanja-koduki/buck_ws/src/model_py) by extension 'ros'
[1.639s] colcon.colcon_core.package_identification DEBUG Package '/home/kanja-koduki/buck_ws/src/model_py' with type 'ros.ament_python' and name 'model_py'
[1.639s] colcon.colcon_core.package_identification Level 1 _identify(/home/kanja-koduki/buck_ws/src/my_point) by extensions ['ignore', 'ignore_ament_install']
[1.640s] colcon.colcon_core.package_identification Level 1 _identify(/home/kanja-koduki/buck_ws/src/my_point) by extension 'ignore'
[1.640s] colcon.colcon_core.package_identification Level 1 _identify(/home/kanja-koduki/buck_ws/src/my_point) by extension 'ignore_ament_install'
[1.640s] colcon.colcon_core.package_identification Level 1 _identify(/home/kanja-koduki/buck_ws/src/my_point) by extensions ['colcon_pkg']
[1.640s] colcon.colcon_core.package_identification Level 1 _identify(/home/kanja-koduki/buck_ws/src/my_point) by extension 'colcon_pkg'
[1.640s] colcon.colcon_core.package_identification Level 1 _identify(/home/kanja-koduki/buck_ws/src/my_point) by extensions ['colcon_meta']
[1.640s] colcon.colcon_core.package_identification Level 1 _identify(/home/kanja-koduki/buck_ws/src/my_point) by extension 'colcon_meta'
[1.641s] colcon.colcon_core.package_identification Level 1 _identify(/home/kanja-koduki/buck_ws/src/my_point) by extensions ['ros']
[1.641s] colcon.colcon_core.package_identification Level 1 _identify(/home/kanja-koduki/buck_ws/src/my_point) by extension 'ros'
[1.642s] colcon.colcon_core.package_identification DEBUG Package '/home/kanja-koduki/buck_ws/src/my_point' with type 'ros.ament_python' and name 'my_point'
[1.642s] colcon.colcon_core.package_identification Level 1 _identify(/home/kanja-koduki/buck_ws/src/robot_description) by extensions ['ignore', 'ignore_ament_install']
[1.642s] colcon.colcon_core.package_identification Level 1 _identify(/home/kanja-koduki/buck_ws/src/robot_description) by extension 'ignore'
[1.642s] colcon.colcon_core.package_identification Level 1 _identify(/home/kanja-koduki/buck_ws/src/robot_description) by extension 'ignore_ament_install'
[1.642s] colcon.colcon_core.package_identification Level 1 _identify(/home/kanja-koduki/buck_ws/src/robot_description) by extensions ['colcon_pkg']
[1.643s] colcon.colcon_core.package_identification Level 1 _identify(/home/kanja-koduki/buck_ws/src/robot_description) by extension 'colcon_pkg'
[1.643s] colcon.colcon_core.package_identification Level 1 _identify(/home/kanja-koduki/buck_ws/src/robot_description) by extensions ['colcon_meta']
[1.643s] colcon.colcon_core.package_identification Level 1 _identify(/home/kanja-koduki/buck_ws/src/robot_description) by extension 'colcon_meta'
[1.643s] colcon.colcon_core.package_identification Level 1 _identify(/home/kanja-koduki/buck_ws/src/robot_description) by extensions ['ros']
[1.643s] colcon.colcon_core.package_identification Level 1 _identify(/home/kanja-koduki/buck_ws/src/robot_description) by extension 'ros'
[1.644s] colcon.colcon_core.package_identification DEBUG Package '/home/kanja-koduki/buck_ws/src/robot_description' with type 'ros.ament_cmake' and name 'robot_description'
[1.645s] colcon.colcon_core.package_identification Level 1 _identify(/home/kanja-koduki/buck_ws/src/test) by extensions ['ignore', 'ignore_ament_install']
[1.645s] colcon.colcon_core.package_identification Level 1 _identify(/home/kanja-koduki/buck_ws/src/test) by extension 'ignore'
[1.645s] colcon.colcon_core.package_identification Level 1 _identify(/home/kanja-koduki/buck_ws/src/test) by extension 'ignore_ament_install'
[1.645s] colcon.colcon_core.package_identification Level 1 _identify(/home/kanja-koduki/buck_ws/src/test) by extensions ['colcon_pkg']
[1.645s] colcon.colcon_core.package_identification Level 1 _identify(/home/kanja-koduki/buck_ws/src/test) by extension 'colcon_pkg'
[1.646s] colcon.colcon_core.package_identification Level 1 _identify(/home/kanja-koduki/buck_ws/src/test) by extensions ['colcon_meta']
[1.646s] colcon.colcon_core.package_identification Level 1 _identify(/home/kanja-koduki/buck_ws/src/test) by extension 'colcon_meta'
[1.646s] colcon.colcon_core.package_identification Level 1 _identify(/home/kanja-koduki/buck_ws/src/test) by extensions ['ros']
[1.646s] colcon.colcon_core.package_identification Level 1 _identify(/home/kanja-koduki/buck_ws/src/test) by extension 'ros'
[1.646s] colcon.colcon_core.package_identification Level 1 _identify(/home/kanja-koduki/buck_ws/src/test) by extensions ['cmake', 'python']
[1.646s] colcon.colcon_core.package_identification Level 1 _identify(/home/kanja-koduki/buck_ws/src/test) by extension 'cmake'
[1.647s] colcon.colcon_core.package_identification Level 1 _identify(/home/kanja-koduki/buck_ws/src/test) by extension 'python'
[1.647s] colcon.colcon_core.package_identification Level 1 _identify(/home/kanja-koduki/buck_ws/src/test) by extensions ['python_setup_py']
[1.647s] colcon.colcon_core.package_identification Level 1 _identify(/home/kanja-koduki/buck_ws/src/test) by extension 'python_setup_py'
[1.647s] colcon.colcon_core.package_identification Level 1 _identify(/home/kanja-koduki/buck_ws/src/test/realsense-ros) by extensions ['ignore', 'ignore_ament_install']
[1.647s] colcon.colcon_core.package_identification Level 1 _identify(/home/kanja-koduki/buck_ws/src/test/realsense-ros) by extension 'ignore'
[1.647s] colcon.colcon_core.package_identification Level 1 _identify(/home/kanja-koduki/buck_ws/src/test/realsense-ros) by extension 'ignore_ament_install'
[1.648s] colcon.colcon_core.package_identification Level 1 _identify(/home/kanja-koduki/buck_ws/src/test/realsense-ros) by extensions ['colcon_pkg']
[1.648s] colcon.colcon_core.package_identification Level 1 _identify(/home/kanja-koduki/buck_ws/src/test/realsense-ros) by extension 'colcon_pkg'
[1.648s] colcon.colcon_core.package_identification Level 1 _identify(/home/kanja-koduki/buck_ws/src/test/realsense-ros) by extensions ['colcon_meta']
[1.648s] colcon.colcon_core.package_identification Level 1 _identify(/home/kanja-koduki/buck_ws/src/test/realsense-ros) by extension 'colcon_meta'
[1.648s] colcon.colcon_core.package_identification Level 1 _identify(/home/kanja-koduki/buck_ws/src/test/realsense-ros) by extensions ['ros']
[1.648s] colcon.colcon_core.package_identification Level 1 _identify(/home/kanja-koduki/buck_ws/src/test/realsense-ros) by extension 'ros'
[1.649s] colcon.colcon_core.package_identification Level 1 _identify(/home/kanja-koduki/buck_ws/src/test/realsense-ros) by extensions ['cmake', 'python']
[1.649s] colcon.colcon_core.package_identification Level 1 _identify(/home/kanja-koduki/buck_ws/src/test/realsense-ros) by extension 'cmake'
[1.649s] colcon.colcon_core.package_identification Level 1 _identify(/home/kanja-koduki/buck_ws/src/test/realsense-ros) by extension 'python'
[1.649s] colcon.colcon_core.package_identification Level 1 _identify(/home/kanja-koduki/buck_ws/src/test/realsense-ros) by extensions ['python_setup_py']
[1.649s] colcon.colcon_core.package_identification Level 1 _identify(/home/kanja-koduki/buck_ws/src/test/realsense-ros) by extension 'python_setup_py'
[1.649s] colcon.colcon_core.package_identification Level 1 _identify(/home/kanja-koduki/buck_ws/src/test/realsense-ros/realsense2_camera) by extensions ['ignore', 'ignore_ament_install']
[1.650s] colcon.colcon_core.package_identification Level 1 _identify(/home/kanja-koduki/buck_ws/src/test/realsense-ros/realsense2_camera) by extension 'ignore'
[1.650s] colcon.colcon_core.package_identification Level 1 _identify(/home/kanja-koduki/buck_ws/src/test/realsense-ros/realsense2_camera) by extension 'ignore_ament_install'
[1.650s] colcon.colcon_core.package_identification Level 1 _identify(/home/kanja-koduki/buck_ws/src/test/realsense-ros/realsense2_camera) by extensions ['colcon_pkg']
[1.650s] colcon.colcon_core.package_identification Level 1 _identify(/home/kanja-koduki/buck_ws/src/test/realsense-ros/realsense2_camera) by extension 'colcon_pkg'
[1.650s] colcon.colcon_core.package_identification Level 1 _identify(/home/kanja-koduki/buck_ws/src/test/realsense-ros/realsense2_camera) by extensions ['colcon_meta']
[1.650s] colcon.colcon_core.package_identification Level 1 _identify(/home/kanja-koduki/buck_ws/src/test/realsense-ros/realsense2_camera) by extension 'colcon_meta'
[1.651s] colcon.colcon_core.package_identification Level 1 _identify(/home/kanja-koduki/buck_ws/src/test/realsense-ros/realsense2_camera) by extensions ['ros']
[1.651s] colcon.colcon_core.package_identification Level 1 _identify(/home/kanja-koduki/buck_ws/src/test/realsense-ros/realsense2_camera) by extension 'ros'
[1.654s] colcon.colcon_core.package_identification DEBUG Package '/home/kanja-koduki/buck_ws/src/test/realsense-ros/realsense2_camera' with type 'ros.ament_cmake' and name 'realsense2_camera'
[1.654s] colcon.colcon_core.package_identification Level 1 _identify(/home/kanja-koduki/buck_ws/src/test/realsense-ros/realsense2_camera_msgs) by extensions ['ignore', 'ignore_ament_install']
[1.654s] colcon.colcon_core.package_identification Level 1 _identify(/home/kanja-koduki/buck_ws/src/test/realsense-ros/realsense2_camera_msgs) by extension 'ignore'
[1.655s] colcon.colcon_core.package_identification Level 1 _identify(/home/kanja-koduki/buck_ws/src/test/realsense-ros/realsense2_camera_msgs) by extension 'ignore_ament_install'
[1.655s] colcon.colcon_core.package_identification Level 1 _identify(/home/kanja-koduki/buck_ws/src/test/realsense-ros/realsense2_camera_msgs) by extensions ['colcon_pkg']
[1.655s] colcon.colcon_core.package_identification Level 1 _identify(/home/kanja-koduki/buck_ws/src/test/realsense-ros/realsense2_camera_msgs) by extension 'colcon_pkg'
[1.655s] colcon.colcon_core.package_identification Level 1 _identify(/home/kanja-koduki/buck_ws/src/test/realsense-ros/realsense2_camera_msgs) by extensions ['colcon_meta']
[1.655s] colcon.colcon_core.package_identification Level 1 _identify(/home/kanja-koduki/buck_ws/src/test/realsense-ros/realsense2_camera_msgs) by extension 'colcon_meta'
[1.655s] colcon.colcon_core.package_identification Level 1 _identify(/home/kanja-koduki/buck_ws/src/test/realsense-ros/realsense2_camera_msgs) by extensions ['ros']
[1.655s] colcon.colcon_core.package_identification Level 1 _identify(/home/kanja-koduki/buck_ws/src/test/realsense-ros/realsense2_camera_msgs) by extension 'ros'
[1.657s] colcon.colcon_core.package_identification DEBUG Package '/home/kanja-koduki/buck_ws/src/test/realsense-ros/realsense2_camera_msgs' with type 'ros.ament_cmake' and name 'realsense2_camera_msgs'
[1.657s] colcon.colcon_core.package_identification Level 1 _identify(/home/kanja-koduki/buck_ws/src/test/realsense-ros/realsense2_description) by extensions ['ignore', 'ignore_ament_install']
[1.657s] colcon.colcon_core.package_identification Level 1 _identify(/home/kanja-koduki/buck_ws/src/test/realsense-ros/realsense2_description) by extension 'ignore'
[1.657s] colcon.colcon_core.package_identification Level 1 _identify(/home/kanja-koduki/buck_ws/src/test/realsense-ros/realsense2_description) by extension 'ignore_ament_install'
[1.658s] colcon.colcon_core.package_identification Level 1 _identify(/home/kanja-koduki/buck_ws/src/test/realsense-ros/realsense2_description) by extensions ['colcon_pkg']
[1.658s] colcon.colcon_core.package_identification Level 1 _identify(/home/kanja-koduki/buck_ws/src/test/realsense-ros/realsense2_description) by extension 'colcon_pkg'
[1.658s] colcon.colcon_core.package_identification Level 1 _identify(/home/kanja-koduki/buck_ws/src/test/realsense-ros/realsense2_description) by extensions ['colcon_meta']
[1.658s] colcon.colcon_core.package_identification Level 1 _identify(/home/kanja-koduki/buck_ws/src/test/realsense-ros/realsense2_description) by extension 'colcon_meta'
[1.658s] colcon.colcon_core.package_identification Level 1 _identify(/home/kanja-koduki/buck_ws/src/test/realsense-ros/realsense2_description) by extensions ['ros']
[1.658s] colcon.colcon_core.package_identification Level 1 _identify(/home/kanja-koduki/buck_ws/src/test/realsense-ros/realsense2_description) by extension 'ros'
[1.662s] colcon.colcon_core.package_identification DEBUG Package '/home/kanja-koduki/buck_ws/src/test/realsense-ros/realsense2_description' with type 'ros.ament_cmake' and name 'realsense2_description'
[1.662s] colcon.colcon_core.package_identification Level 1 _identify(/home/kanja-koduki/buck_ws/src/test/realsense-ros/scripts) by extensions ['ignore', 'ignore_ament_install']
[1.662s] colcon.colcon_core.package_identification Level 1 _identify(/home/kanja-koduki/buck_ws/src/test/realsense-ros/scripts) by extension 'ignore'
[1.662s] colcon.colcon_core.package_identification Level 1 _identify(/home/kanja-koduki/buck_ws/src/test/realsense-ros/scripts) by extension 'ignore_ament_install'
[1.662s] colcon.colcon_core.package_identification Level 1 _identify(/home/kanja-koduki/buck_ws/src/test/realsense-ros/scripts) by extensions ['colcon_pkg']
[1.662s] colcon.colcon_core.package_identification Level 1 _identify(/home/kanja-koduki/buck_ws/src/test/realsense-ros/scripts) by extension 'colcon_pkg'
[1.662s] colcon.colcon_core.package_identification Level 1 _identify(/home/kanja-koduki/buck_ws/src/test/realsense-ros/scripts) by extensions ['colcon_meta']
[1.662s] colcon.colcon_core.package_identification Level 1 _identify(/home/kanja-koduki/buck_ws/src/test/realsense-ros/scripts) by extension 'colcon_meta'
[1.662s] colcon.colcon_core.package_identification Level 1 _identify(/home/kanja-koduki/buck_ws/src/test/realsense-ros/scripts) by extensions ['ros']
[1.662s] colcon.colcon_core.package_identification Level 1 _identify(/home/kanja-koduki/buck_ws/src/test/realsense-ros/scripts) by extension 'ros'
[1.663s] colcon.colcon_core.package_identification Level 1 _identify(/home/kanja-koduki/buck_ws/src/test/realsense-ros/scripts) by extensions ['cmake', 'python']
[1.663s] colcon.colcon_core.package_identification Level 1 _identify(/home/kanja-koduki/buck_ws/src/test/realsense-ros/scripts) by extension 'cmake'
[1.663s] colcon.colcon_core.package_identification Level 1 _identify(/home/kanja-koduki/buck_ws/src/test/realsense-ros/scripts) by extension 'python'
[1.663s] colcon.colcon_core.package_identification Level 1 _identify(/home/kanja-koduki/buck_ws/src/test/realsense-ros/scripts) by extensions ['python_setup_py']
[1.663s] colcon.colcon_core.package_identification Level 1 _identify(/home/kanja-koduki/buck_ws/src/test/realsense-ros/scripts) by extension 'python_setup_py'
[1.663s] colcon.colcon_core.package_discovery Level 1 discover_packages(recursive) using defaults
