running egg_info
creating ../../build/my_point/my_point.egg-info
writing ../../build/my_point/my_point.egg-info/PKG-INFO
writing dependency_links to ../../build/my_point/my_point.egg-info/dependency_links.txt
writing requirements to ../../build/my_point/my_point.egg-info/requires.txt
writing top-level names to ../../build/my_point/my_point.egg-info/top_level.txt
writing manifest file '../../build/my_point/my_point.egg-info/SOURCES.txt'
reading manifest file '../../build/my_point/my_point.egg-info/SOURCES.txt'
writing manifest file '../../build/my_point/my_point.egg-info/SOURCES.txt'
running build
running build_py
creating /home/kanja-koduki/buck_ws/build/my_point/build
creating /home/kanja-koduki/buck_ws/build/my_point/build/lib
creating /home/kanja-koduki/buck_ws/build/my_point/build/lib/my_point
copying my_point/point_pub.py -> /home/kanja-koduki/buck_ws/build/my_point/build/lib/my_point
copying my_point/__init__.py -> /home/kanja-koduki/buck_ws/build/my_point/build/lib/my_point
running install
running install_lib
creating /home/kanja-koduki/buck_ws/install/my_point/lib/python3.10/site-packages/my_point
copying /home/kanja-koduki/buck_ws/build/my_point/build/lib/my_point/point_pub.py -> /home/kanja-koduki/buck_ws/install/my_point/lib/python3.10/site-packages/my_point
copying /home/kanja-koduki/buck_ws/build/my_point/build/lib/my_point/__init__.py -> /home/kanja-koduki/buck_ws/install/my_point/lib/python3.10/site-packages/my_point
byte-compiling /home/kanja-koduki/buck_ws/install/my_point/lib/python3.10/site-packages/my_point/point_pub.py to point_pub.cpython-310.pyc
byte-compiling /home/kanja-koduki/buck_ws/install/my_point/lib/python3.10/site-packages/my_point/__init__.py to __init__.cpython-310.pyc
running install_data
creating /home/kanja-koduki/buck_ws/install/my_point/share/ament_index
creating /home/kanja-koduki/buck_ws/install/my_point/share/ament_index/resource_index
creating /home/kanja-koduki/buck_ws/install/my_point/share/ament_index/resource_index/packages
copying resource/my_point -> /home/kanja-koduki/buck_ws/install/my_point/share/ament_index/resource_index/packages
copying package.xml -> /home/kanja-koduki/buck_ws/install/my_point/share/my_point
running install_egg_info
Copying ../../build/my_point/my_point.egg-info to /home/kanja-koduki/buck_ws/install/my_point/lib/python3.10/site-packages/my_point-0.0.0-py3.10.egg-info
running install_scripts
writing list of installed files to '/home/kanja-koduki/buck_ws/build/my_point/install.log'
