[2.615s] Invoking command in '/home/kanja-koduki/buck_ws/src/my_point': PYTHONPATH=/home/kanja-koduki/buck_ws/build/my_point/prefix_override:/home/kanja-koduki/buck_ws/install/my_point/lib/python3.10/site-packages:${PYTHONPATH} /usr/bin/python3 setup.py egg_info --egg-base ../../build/my_point build --build-base /home/kanja-koduki/buck_ws/build/my_point/build install --record /home/kanja-koduki/buck_ws/build/my_point/install.log --single-version-externally-managed
[3.132s] running egg_info
[3.133s] creating ../../build/my_point/my_point.egg-info
[3.187s] writing ../../build/my_point/my_point.egg-info/PKG-INFO
[3.191s] writing dependency_links to ../../build/my_point/my_point.egg-info/dependency_links.txt
[3.191s] writing requirements to ../../build/my_point/my_point.egg-info/requires.txt
[3.191s] writing top-level names to ../../build/my_point/my_point.egg-info/top_level.txt
[3.191s] writing manifest file '../../build/my_point/my_point.egg-info/SOURCES.txt'
[3.287s] reading manifest file '../../build/my_point/my_point.egg-info/SOURCES.txt'
[3.288s] writing manifest file '../../build/my_point/my_point.egg-info/SOURCES.txt'
[3.288s] running build
[3.289s] running build_py
[3.289s] creating /home/kanja-koduki/buck_ws/build/my_point/build
[3.289s] creating /home/kanja-koduki/buck_ws/build/my_point/build/lib
[3.290s] creating /home/kanja-koduki/buck_ws/build/my_point/build/lib/my_point
[3.290s] copying my_point/point_pub.py -> /home/kanja-koduki/buck_ws/build/my_point/build/lib/my_point
[3.290s] copying my_point/__init__.py -> /home/kanja-koduki/buck_ws/build/my_point/build/lib/my_point
[3.290s] running install
[3.291s] /home/kanja-koduki/.local/lib/python3.10/site-packages/setuptools/_distutils/cmd.py:66: SetuptoolsDeprecationWarning: setup.py install is deprecated.
[3.292s] !!
[3.292s] 
[3.292s]         ********************************************************************************
[3.292s]         Please avoid running ``setup.py`` directly.
[3.292s]         Instead, use pypa/build, pypa/installer or other
[3.292s]         standards-based tools.
[3.293s] 
[3.293s]         See https://blog.ganssle.io/articles/2021/10/setup-py-deprecated.html for details.
[3.293s]         ********************************************************************************
[3.293s] 
[3.293s] !!
[3.293s]   self.initialize_options()
[3.304s] running install_lib
[3.341s] creating /home/kanja-koduki/buck_ws/install/my_point/lib/python3.10/site-packages/my_point
[3.341s] copying /home/kanja-koduki/buck_ws/build/my_point/build/lib/my_point/point_pub.py -> /home/kanja-koduki/buck_ws/install/my_point/lib/python3.10/site-packages/my_point
[3.342s] copying /home/kanja-koduki/buck_ws/build/my_point/build/lib/my_point/__init__.py -> /home/kanja-koduki/buck_ws/install/my_point/lib/python3.10/site-packages/my_point
[3.342s] byte-compiling /home/kanja-koduki/buck_ws/install/my_point/lib/python3.10/site-packages/my_point/point_pub.py to point_pub.cpython-310.pyc
[3.344s] byte-compiling /home/kanja-koduki/buck_ws/install/my_point/lib/python3.10/site-packages/my_point/__init__.py to __init__.cpython-310.pyc
[3.344s] running install_data
[3.384s] creating /home/kanja-koduki/buck_ws/install/my_point/share/ament_index
[3.385s] creating /home/kanja-koduki/buck_ws/install/my_point/share/ament_index/resource_index
[3.385s] creating /home/kanja-koduki/buck_ws/install/my_point/share/ament_index/resource_index/packages
[3.385s] copying resource/my_point -> /home/kanja-koduki/buck_ws/install/my_point/share/ament_index/resource_index/packages
[3.385s] copying package.xml -> /home/kanja-koduki/buck_ws/install/my_point/share/my_point
[3.385s] running install_egg_info
[3.425s] Copying ../../build/my_point/my_point.egg-info to /home/kanja-koduki/buck_ws/install/my_point/lib/python3.10/site-packages/my_point-0.0.0-py3.10.egg-info
[3.427s] running install_scripts
[3.782s] writing list of installed files to '/home/kanja-koduki/buck_ws/build/my_point/install.log'
[3.832s] Invoked command in '/home/kanja-koduki/buck_ws/src/my_point' returned '0': PYTHONPATH=/home/kanja-koduki/buck_ws/build/my_point/prefix_override:/home/kanja-koduki/buck_ws/install/my_point/lib/python3.10/site-packages:${PYTHONPATH} /usr/bin/python3 setup.py egg_info --egg-base ../../build/my_point build --build-base /home/kanja-koduki/buck_ws/build/my_point/build install --record /home/kanja-koduki/buck_ws/build/my_point/install.log --single-version-externally-managed
