[4.303s] Invoking command in '/home/kanja-koduki/buck_ws/src/model_py': PYTHONPATH=/home/kanja-koduki/buck_ws/build/model_py/prefix_override:/home/kanja-koduki/buck_ws/install/model_py/lib/python3.10/site-packages:${PYTHONPATH} /usr/bin/python3 setup.py egg_info --egg-base ../../build/model_py build --build-base /home/kanja-koduki/buck_ws/build/model_py/build install --record /home/kanja-koduki/buck_ws/build/model_py/install.log --single-version-externally-managed
[4.785s] running egg_info
[4.822s] writing ../../build/model_py/model_py.egg-info/PKG-INFO
[4.823s] writing dependency_links to ../../build/model_py/model_py.egg-info/dependency_links.txt
[4.824s] writing requirements to ../../build/model_py/model_py.egg-info/requires.txt
[4.824s] writing top-level names to ../../build/model_py/model_py.egg-info/top_level.txt
[4.900s] reading manifest file '../../build/model_py/model_py.egg-info/SOURCES.txt'
[4.902s] writing manifest file '../../build/model_py/model_py.egg-info/SOURCES.txt'
[4.902s] running build
[4.902s] running build_py
[4.903s] running install
[4.903s] /home/kanja-koduki/.local/lib/python3.10/site-packages/setuptools/_distutils/cmd.py:66: SetuptoolsDeprecationWarning: setup.py install is deprecated.
[4.903s] !!
[4.903s] 
[4.903s]         ********************************************************************************
[4.903s]         Please avoid running ``setup.py`` directly.
[4.903s]         Instead, use pypa/build, pypa/installer or other
[4.903s]         standards-based tools.
[4.904s] 
[4.904s]         See https://blog.ganssle.io/articles/2021/10/setup-py-deprecated.html for details.
[4.904s]         ********************************************************************************
[4.904s] 
[4.904s] !!
[4.904s]   self.initialize_options()
[4.913s] running install_lib
[4.950s] running install_data
[4.990s] copying launch/launch_sim.launch.py -> /home/kanja-koduki/buck_ws/install/model_py/share/model_py/launch
[4.990s] running install_egg_info
[5.031s] removing '/home/kanja-koduki/buck_ws/install/model_py/lib/python3.10/site-packages/model_py-0.0.0-py3.10.egg-info' (and everything under it)
[5.031s] Copying ../../build/model_py/model_py.egg-info to /home/kanja-koduki/buck_ws/install/model_py/lib/python3.10/site-packages/model_py-0.0.0-py3.10.egg-info
[5.032s] running install_scripts
[5.405s] writing list of installed files to '/home/kanja-koduki/buck_ws/build/model_py/install.log'
[5.454s] Invoked command in '/home/kanja-koduki/buck_ws/src/model_py' returned '0': PYTHONPATH=/home/kanja-koduki/buck_ws/build/model_py/prefix_override:/home/kanja-koduki/buck_ws/install/model_py/lib/python3.10/site-packages:${PYTHONPATH} /usr/bin/python3 setup.py egg_info --egg-base ../../build/model_py build --build-base /home/kanja-koduki/buck_ws/build/model_py/build install --record /home/kanja-koduki/buck_ws/build/model_py/install.log --single-version-externally-managed
