[1.687s] Invoking command in '/home/kanja-koduki/buck_ws/src/model_py': PYTHONPATH=/home/kanja-koduki/buck_ws/build/model_py/prefix_override:/home/kanja-koduki/buck_ws/install/model_py/lib/python3.10/site-packages:${PYTHONPATH} /usr/bin/python3 setup.py egg_info --egg-base ../../build/model_py build --build-base /home/kanja-koduki/buck_ws/build/model_py/build install --record /home/kanja-koduki/buck_ws/build/model_py/install.log --single-version-externally-managed
[1.873s] running egg_info
[1.886s] writing ../../build/model_py/model_py.egg-info/PKG-INFO
[1.887s] writing dependency_links to ../../build/model_py/model_py.egg-info/dependency_links.txt
[1.887s] writing entry points to ../../build/model_py/model_py.egg-info/entry_points.txt
[1.887s] writing requirements to ../../build/model_py/model_py.egg-info/requires.txt
[1.887s] writing top-level names to ../../build/model_py/model_py.egg-info/top_level.txt
[1.917s] reading manifest file '../../build/model_py/model_py.egg-info/SOURCES.txt'
[1.918s] writing manifest file '../../build/model_py/model_py.egg-info/SOURCES.txt'
[1.918s] running build
[1.918s] running build_py
[1.918s] running install
[1.919s] /home/kanja-koduki/.local/lib/python3.10/site-packages/setuptools/_distutils/cmd.py:66: SetuptoolsDeprecationWarning: setup.py install is deprecated.
[1.919s] !!
[1.919s] 
[1.919s]         ********************************************************************************
[1.919s]         Please avoid running ``setup.py`` directly.
[1.919s]         Instead, use pypa/build, pypa/installer or other
[1.919s]         standards-based tools.
[1.919s] 
[1.919s]         See https://blog.ganssle.io/articles/2021/10/setup-py-deprecated.html for details.
[1.919s]         ********************************************************************************
[1.919s] 
[1.919s] !!
[1.919s]   self.initialize_options()
[1.923s] running install_lib
[1.939s] running install_data
[1.954s] error: can't copy 'config/log': doesn't exist or not a regular file
[1.954s] copying urdf/depthcamera.urdf.xacro -> /home/kanja-koduki/buck_ws/install/model_py/share/model_py/urdf
[1.969s] Invoked command in '/home/kanja-koduki/buck_ws/src/model_py' returned '1': PYTHONPATH=/home/kanja-koduki/buck_ws/build/model_py/prefix_override:/home/kanja-koduki/buck_ws/install/model_py/lib/python3.10/site-packages:${PYTHONPATH} /usr/bin/python3 setup.py egg_info --egg-base ../../build/model_py build --build-base /home/kanja-koduki/buck_ws/build/model_py/build install --record /home/kanja-koduki/buck_ws/build/model_py/install.log --single-version-externally-managed
