[5.550s] Invoking command in '/home/kanja-koduki/buck_ws/src/model_py': PYTHONPATH=/home/kanja-koduki/buck_ws/build/model_py/prefix_override:/home/kanja-koduki/buck_ws/install/model_py/lib/python3.10/site-packages:${PYTHONPATH} /usr/bin/python3 setup.py egg_info --egg-base ../../build/model_py build --build-base /home/kanja-koduki/buck_ws/build/model_py/build install --record /home/kanja-koduki/buck_ws/build/model_py/install.log --single-version-externally-managed
[6.196s] running egg_info
[6.258s] writing ../../build/model_py/model_py.egg-info/PKG-INFO
[6.259s] writing dependency_links to ../../build/model_py/model_py.egg-info/dependency_links.txt
[6.260s] writing entry points to ../../build/model_py/model_py.egg-info/entry_points.txt
[6.261s] writing requirements to ../../build/model_py/model_py.egg-info/requires.txt
[6.261s] writing top-level names to ../../build/model_py/model_py.egg-info/top_level.txt
[6.376s] reading manifest file '../../build/model_py/model_py.egg-info/SOURCES.txt'
[6.381s] writing manifest file '../../build/model_py/model_py.egg-info/SOURCES.txt'
[6.382s] running build
[6.382s] running build_py
[6.382s] running install
[6.383s] /home/kanja-koduki/.local/lib/python3.10/site-packages/setuptools/_distutils/cmd.py:66: SetuptoolsDeprecationWarning: setup.py install is deprecated.
[6.383s] !!
[6.383s] 
[6.383s]         ********************************************************************************
[6.384s]         Please avoid running ``setup.py`` directly.
[6.384s]         Instead, use pypa/build, pypa/installer or other
[6.384s]         standards-based tools.
[6.384s] 
[6.384s]         See https://blog.ganssle.io/articles/2021/10/setup-py-deprecated.html for details.
[6.384s]         ********************************************************************************
[6.385s] 
[6.385s] !!
[6.385s]   self.initialize_options()
[6.398s] running install_lib
[6.443s] running install_data
[6.503s] copying launch/launch_sim.launch.py -> /home/kanja-koduki/buck_ws/install/model_py/share/model_py/launch
[6.505s] running install_egg_info
[6.566s] removing '/home/kanja-koduki/buck_ws/install/model_py/lib/python3.10/site-packages/model_py-0.0.0-py3.10.egg-info' (and everything under it)
[6.566s] Copying ../../build/model_py/model_py.egg-info to /home/kanja-koduki/buck_ws/install/model_py/lib/python3.10/site-packages/model_py-0.0.0-py3.10.egg-info
[6.570s] running install_scripts
[7.054s] Installing laser_frame_publisher script to /home/kanja-koduki/buck_ws/install/model_py/lib/model_py
[7.054s] Installing test_joy script to /home/kanja-koduki/buck_ws/install/model_py/lib/model_py
[7.055s] writing list of installed files to '/home/kanja-koduki/buck_ws/build/model_py/install.log'
[7.128s] Invoked command in '/home/kanja-koduki/buck_ws/src/model_py' returned '0': PYTHONPATH=/home/kanja-koduki/buck_ws/build/model_py/prefix_override:/home/kanja-koduki/buck_ws/install/model_py/lib/python3.10/site-packages:${PYTHONPATH} /usr/bin/python3 setup.py egg_info --egg-base ../../build/model_py build --build-base /home/kanja-koduki/buck_ws/build/model_py/build install --record /home/kanja-koduki/buck_ws/build/model_py/install.log --single-version-externally-managed
