[4.762s] Invoking command in '/home/kanja-koduki/buck_ws/src/model_py': PYTHONPATH=/home/kanja-koduki/buck_ws/build/model_py/prefix_override:/home/kanja-koduki/buck_ws/install/model_py/lib/python3.10/site-packages:${PYTHONPATH} /usr/bin/python3 setup.py egg_info --egg-base ../../build/model_py build --build-base /home/kanja-koduki/buck_ws/build/model_py/build install --record /home/kanja-koduki/buck_ws/build/model_py/install.log --single-version-externally-managed
[5.327s] running egg_info
[5.374s] writing ../../build/model_py/model_py.egg-info/PKG-INFO
[5.375s] writing dependency_links to ../../build/model_py/model_py.egg-info/dependency_links.txt
[5.375s] writing entry points to ../../build/model_py/model_py.egg-info/entry_points.txt
[5.376s] writing requirements to ../../build/model_py/model_py.egg-info/requires.txt
[5.376s] writing top-level names to ../../build/model_py/model_py.egg-info/top_level.txt
[5.471s] reading manifest file '../../build/model_py/model_py.egg-info/SOURCES.txt'
[5.474s] writing manifest file '../../build/model_py/model_py.egg-info/SOURCES.txt'
[5.474s] running build
[5.474s] running build_py
[5.475s] copying model_py/try.py -> /home/kanja-koduki/buck_ws/build/model_py/build/lib/model_py
[5.476s] running install
[5.476s] /home/kanja-koduki/.local/lib/python3.10/site-packages/setuptools/_distutils/cmd.py:66: SetuptoolsDeprecationWarning: setup.py install is deprecated.
[5.476s] !!
[5.476s] 
[5.476s]         ********************************************************************************
[5.477s]         Please avoid running ``setup.py`` directly.
[5.477s]         Instead, use pypa/build, pypa/installer or other
[5.477s]         standards-based tools.
[5.477s] 
[5.477s]         See https://blog.ganssle.io/articles/2021/10/setup-py-deprecated.html for details.
[5.477s]         ********************************************************************************
[5.477s] 
[5.477s] !!
[5.477s]   self.initialize_options()
[5.490s] running install_lib
[5.540s] copying /home/kanja-koduki/buck_ws/build/model_py/build/lib/model_py/try.py -> /home/kanja-koduki/buck_ws/install/model_py/lib/python3.10/site-packages/model_py
[5.541s] byte-compiling /home/kanja-koduki/buck_ws/install/model_py/lib/python3.10/site-packages/model_py/try.py to try.cpython-310.pyc
[5.542s] running install_data
[5.589s] copying launch/test.launch.py -> /home/kanja-koduki/buck_ws/install/model_py/share/model_py/launch
[5.590s] running install_egg_info
[5.642s] removing '/home/kanja-koduki/buck_ws/install/model_py/lib/python3.10/site-packages/model_py-0.0.0-py3.10.egg-info' (and everything under it)
[5.643s] Copying ../../build/model_py/model_py.egg-info to /home/kanja-koduki/buck_ws/install/model_py/lib/python3.10/site-packages/model_py-0.0.0-py3.10.egg-info
[5.646s] running install_scripts
[6.091s] Installing laser_frame_publisher script to /home/kanja-koduki/buck_ws/install/model_py/lib/model_py
[6.091s] Installing test_joy script to /home/kanja-koduki/buck_ws/install/model_py/lib/model_py
[6.092s] writing list of installed files to '/home/kanja-koduki/buck_ws/build/model_py/install.log'
[6.149s] Invoked command in '/home/kanja-koduki/buck_ws/src/model_py' returned '0': PYTHONPATH=/home/kanja-koduki/buck_ws/build/model_py/prefix_override:/home/kanja-koduki/buck_ws/install/model_py/lib/python3.10/site-packages:${PYTHONPATH} /usr/bin/python3 setup.py egg_info --egg-base ../../build/model_py build --build-base /home/kanja-koduki/buck_ws/build/model_py/build install --record /home/kanja-koduki/buck_ws/build/model_py/install.log --single-version-externally-managed
