[1.621s] Invoking command in '/home/kanja-koduki/buck_ws/src/my_point': PYTHONPATH=/home/kanja-koduki/buck_ws/build/my_point/prefix_override:/home/kanja-koduki/buck_ws/install/my_point/lib/python3.10/site-packages:${PYTHONPATH} /usr/bin/python3 setup.py egg_info --egg-base ../../build/my_point build --build-base /home/kanja-koduki/buck_ws/build/my_point/build install --record /home/kanja-koduki/buck_ws/build/my_point/install.log --single-version-externally-managed
[1.832s] running egg_info
[1.854s] writing ../../build/my_point/my_point.egg-info/PKG-INFO
[1.855s] writing dependency_links to ../../build/my_point/my_point.egg-info/dependency_links.txt
[1.856s] writing entry points to ../../build/my_point/my_point.egg-info/entry_points.txt
[1.856s] writing requirements to ../../build/my_point/my_point.egg-info/requires.txt
[1.856s] writing top-level names to ../../build/my_point/my_point.egg-info/top_level.txt
[1.892s] reading manifest file '../../build/my_point/my_point.egg-info/SOURCES.txt'
[1.893s] writing manifest file '../../build/my_point/my_point.egg-info/SOURCES.txt'
[1.894s] running build
[1.894s] running build_py
[1.894s] copying my_point/base_link.py -> /home/kanja-koduki/buck_ws/build/my_point/build/lib/my_point
[1.894s] copying my_point/point_pub.py -> /home/kanja-koduki/buck_ws/build/my_point/build/lib/my_point
[1.894s] running install
[1.895s] /home/kanja-koduki/.local/lib/python3.10/site-packages/setuptools/_distutils/cmd.py:66: SetuptoolsDeprecationWarning: setup.py install is deprecated.
[1.895s] !!
[1.895s] 
[1.895s]         ********************************************************************************
[1.895s]         Please avoid running ``setup.py`` directly.
[1.895s]         Instead, use pypa/build, pypa/installer or other
[1.895s]         standards-based tools.
[1.895s] 
[1.895s]         See https://blog.ganssle.io/articles/2021/10/setup-py-deprecated.html for details.
[1.895s]         ********************************************************************************
[1.895s] 
[1.896s] !!
[1.896s]   self.initialize_options()
[1.900s] running install_lib
[1.918s] copying /home/kanja-koduki/buck_ws/build/my_point/build/lib/my_point/base_link.py -> /home/kanja-koduki/buck_ws/install/my_point/lib/python3.10/site-packages/my_point
[1.919s] copying /home/kanja-koduki/buck_ws/build/my_point/build/lib/my_point/point_pub.py -> /home/kanja-koduki/buck_ws/install/my_point/lib/python3.10/site-packages/my_point
[1.919s] byte-compiling /home/kanja-koduki/buck_ws/install/my_point/lib/python3.10/site-packages/my_point/base_link.py to base_link.cpython-310.pyc
[1.920s] byte-compiling /home/kanja-koduki/buck_ws/install/my_point/lib/python3.10/site-packages/my_point/point_pub.py to point_pub.cpython-310.pyc
[1.921s] running install_data
[1.941s] running install_egg_info
[1.962s] removing '/home/kanja-koduki/buck_ws/install/my_point/lib/python3.10/site-packages/my_point-0.0.0-py3.10.egg-info' (and everything under it)
[1.962s] Copying ../../build/my_point/my_point.egg-info to /home/kanja-koduki/buck_ws/install/my_point/lib/python3.10/site-packages/my_point-0.0.0-py3.10.egg-info
[1.963s] running install_scripts
[2.143s] Installing base_link_publisher script to /home/kanja-koduki/buck_ws/install/my_point/lib/my_point
[2.143s] Installing point_node script to /home/kanja-koduki/buck_ws/install/my_point/lib/my_point
[2.144s] writing list of installed files to '/home/kanja-koduki/buck_ws/build/my_point/install.log'
[2.188s] Invoked command in '/home/kanja-koduki/buck_ws/src/my_point' returned '0': PYTHONPATH=/home/kanja-koduki/buck_ws/build/my_point/prefix_override:/home/kanja-koduki/buck_ws/install/my_point/lib/python3.10/site-packages:${PYTHONPATH} /usr/bin/python3 setup.py egg_info --egg-base ../../build/my_point build --build-base /home/kanja-koduki/buck_ws/build/my_point/build install --record /home/kanja-koduki/buck_ws/build/my_point/install.log --single-version-externally-managed
