[1.761s] Invoking command in '/home/kanja-koduki/buck_ws/src/model_py': PYTHONPATH=/home/kanja-koduki/buck_ws/build/model_py/prefix_override:/home/kanja-koduki/buck_ws/install/model_py/lib/python3.10/site-packages:${PYTHONPATH} /usr/bin/python3 setup.py egg_info --egg-base ../../build/model_py build --build-base /home/kanja-koduki/buck_ws/build/model_py/build install --record /home/kanja-koduki/buck_ws/build/model_py/install.log --single-version-externally-managed
[1.979s] running egg_info
[1.998s] writing ../../build/model_py/model_py.egg-info/PKG-INFO
[1.999s] writing dependency_links to ../../build/model_py/model_py.egg-info/dependency_links.txt
[1.999s] writing entry points to ../../build/model_py/model_py.egg-info/entry_points.txt
[1.999s] writing requirements to ../../build/model_py/model_py.egg-info/requires.txt
[1.999s] writing top-level names to ../../build/model_py/model_py.egg-info/top_level.txt
[2.039s] reading manifest file '../../build/model_py/model_py.egg-info/SOURCES.txt'
[2.040s] writing manifest file '../../build/model_py/model_py.egg-info/SOURCES.txt'
[2.041s] running build
[2.041s] running build_py
[2.041s] running install
[2.041s] /home/kanja-koduki/.local/lib/python3.10/site-packages/setuptools/_distutils/cmd.py:66: SetuptoolsDeprecationWarning: setup.py install is deprecated.
[2.041s] !!
[2.042s] 
[2.042s]         ********************************************************************************
[2.042s]         Please avoid running ``setup.py`` directly.
[2.042s]         Instead, use pypa/build, pypa/installer or other
[2.042s]         standards-based tools.
[2.042s] 
[2.042s]         See https://blog.ganssle.io/articles/2021/10/setup-py-deprecated.html for details.
[2.042s]         ********************************************************************************
[2.042s] 
[2.042s] !!
[2.042s]   self.initialize_options()
[2.050s] running install_lib
[2.076s] running install_data
[2.094s] copying config/mapper_params_online_async.yaml -> /home/kanja-koduki/buck_ws/install/model_py/share/model_py/config
[2.095s] running install_egg_info
[2.115s] removing '/home/kanja-koduki/buck_ws/install/model_py/lib/python3.10/site-packages/model_py-0.0.0-py3.10.egg-info' (and everything under it)
[2.115s] Copying ../../build/model_py/model_py.egg-info to /home/kanja-koduki/buck_ws/install/model_py/lib/python3.10/site-packages/model_py-0.0.0-py3.10.egg-info
[2.116s] running install_scripts
[2.290s] Installing laser_frame_publisher script to /home/kanja-koduki/buck_ws/install/model_py/lib/model_py
[2.291s] writing list of installed files to '/home/kanja-koduki/buck_ws/build/model_py/install.log'
[2.328s] Invoked command in '/home/kanja-koduki/buck_ws/src/model_py' returned '0': PYTHONPATH=/home/kanja-koduki/buck_ws/build/model_py/prefix_override:/home/kanja-koduki/buck_ws/install/model_py/lib/python3.10/site-packages:${PYTHONPATH} /usr/bin/python3 setup.py egg_info --egg-base ../../build/model_py build --build-base /home/kanja-koduki/buck_ws/build/model_py/build install --record /home/kanja-koduki/buck_ws/build/model_py/install.log --single-version-externally-managed
