[4.607s] Invoking command in '/home/kanja-koduki/buck_ws/src/model_py': PYTHONPATH=/home/kanja-koduki/buck_ws/build/model_py/prefix_override:/home/kanja-koduki/buck_ws/install/model_py/lib/python3.10/site-packages:${PYTHONPATH} /usr/bin/python3 setup.py egg_info --egg-base ../../build/model_py build --build-base /home/kanja-koduki/buck_ws/build/model_py/build install --record /home/kanja-koduki/buck_ws/build/model_py/install.log --single-version-externally-managed
[5.109s] running egg_info
[5.147s] writing ../../build/model_py/model_py.egg-info/PKG-INFO
[5.148s] writing dependency_links to ../../build/model_py/model_py.egg-info/dependency_links.txt
[5.149s] writing entry points to ../../build/model_py/model_py.egg-info/entry_points.txt
[5.149s] writing requirements to ../../build/model_py/model_py.egg-info/requires.txt
[5.152s] writing top-level names to ../../build/model_py/model_py.egg-info/top_level.txt
[5.237s] reading manifest file '../../build/model_py/model_py.egg-info/SOURCES.txt'
[5.239s] writing manifest file '../../build/model_py/model_py.egg-info/SOURCES.txt'
[5.240s] running build
[5.240s] running build_py
[5.241s] running install
[5.241s] /home/kanja-koduki/.local/lib/python3.10/site-packages/setuptools/_distutils/cmd.py:66: SetuptoolsDeprecationWarning: setup.py install is deprecated.
[5.241s] !!
[5.242s] 
[5.242s]         ********************************************************************************
[5.242s]         Please avoid running ``setup.py`` directly.
[5.242s]         Instead, use pypa/build, pypa/installer or other
[5.242s]         standards-based tools.
[5.242s] 
[5.242s]         See https://blog.ganssle.io/articles/2021/10/setup-py-deprecated.html for details.
[5.242s]         ********************************************************************************
[5.243s] 
[5.243s] !!
[5.243s]   self.initialize_options()
[5.253s] running install_lib
[5.292s] running install_data
[5.339s] copying urdf/lidar.urdf.xacro -> /home/kanja-koduki/buck_ws/install/model_py/share/model_py/urdf
[5.340s] running install_egg_info
[5.386s] removing '/home/kanja-koduki/buck_ws/install/model_py/lib/python3.10/site-packages/model_py-0.0.0-py3.10.egg-info' (and everything under it)
[5.386s] Copying ../../build/model_py/model_py.egg-info to /home/kanja-koduki/buck_ws/install/model_py/lib/python3.10/site-packages/model_py-0.0.0-py3.10.egg-info
[5.388s] running install_scripts
[5.760s] Installing laser_frame_publisher script to /home/kanja-koduki/buck_ws/install/model_py/lib/model_py
[5.760s] Installing test_joy script to /home/kanja-koduki/buck_ws/install/model_py/lib/model_py
[5.763s] writing list of installed files to '/home/kanja-koduki/buck_ws/build/model_py/install.log'
[5.876s] Invoked command in '/home/kanja-koduki/buck_ws/src/model_py' returned '0': PYTHONPATH=/home/kanja-koduki/buck_ws/build/model_py/prefix_override:/home/kanja-koduki/buck_ws/install/model_py/lib/python3.10/site-packages:${PYTHONPATH} /usr/bin/python3 setup.py egg_info --egg-base ../../build/model_py build --build-base /home/kanja-koduki/buck_ws/build/model_py/build install --record /home/kanja-koduki/buck_ws/build/model_py/install.log --single-version-externally-managed
