running egg_info
creating ../../build/model_py/model_py.egg-info
writing ../../build/model_py/model_py.egg-info/PKG-INFO
writing dependency_links to ../../build/model_py/model_py.egg-info/dependency_links.txt
writing requirements to ../../build/model_py/model_py.egg-info/requires.txt
writing top-level names to ../../build/model_py/model_py.egg-info/top_level.txt
writing manifest file '../../build/model_py/model_py.egg-info/SOURCES.txt'
reading manifest file '../../build/model_py/model_py.egg-info/SOURCES.txt'
writing manifest file '../../build/model_py/model_py.egg-info/SOURCES.txt'
running build
running build_py
creating /home/kanja-koduki/buck_ws/build/model_py/build
creating /home/kanja-koduki/buck_ws/build/model_py/build/lib
creating /home/kanja-koduki/buck_ws/build/model_py/build/lib/model_py
copying model_py/__init__.py -> /home/kanja-koduki/buck_ws/build/model_py/build/lib/model_py
running install
running install_lib
creating /home/kanja-koduki/buck_ws/install/model_py/lib/python3.10/site-packages/model_py
copying /home/kanja-koduki/buck_ws/build/model_py/build/lib/model_py/__init__.py -> /home/kanja-koduki/buck_ws/install/model_py/lib/python3.10/site-packages/model_py
byte-compiling /home/kanja-koduki/buck_ws/install/model_py/lib/python3.10/site-packages/model_py/__init__.py to __init__.cpython-310.pyc
running install_data
creating /home/kanja-koduki/buck_ws/install/model_py/share/ament_index
creating /home/kanja-koduki/buck_ws/install/model_py/share/ament_index/resource_index
creating /home/kanja-koduki/buck_ws/install/model_py/share/ament_index/resource_index/packages
copying resource/model_py -> /home/kanja-koduki/buck_ws/install/model_py/share/ament_index/resource_index/packages
copying package.xml -> /home/kanja-koduki/buck_ws/install/model_py/share/model_py
running install_egg_info
Copying ../../build/model_py/model_py.egg-info to /home/kanja-koduki/buck_ws/install/model_py/lib/python3.10/site-packages/model_py-0.0.0-py3.10.egg-info
running install_scripts
writing list of installed files to '/home/kanja-koduki/buck_ws/build/model_py/install.log'
