[0.480s] Invoking command in '/home/kanja-koduki/buck_ws/build/robot_description': CMAKE_PREFIX_PATH=${CMAKE_PREFIX_PATH}:/home/kanja-koduki/hannah_ws/install/hannah_bot:/home/kanja-koduki/niki_ws/install/sjtu_drone_bringup:/home/kanja-koduki/zypher_ws/install/prius_sdc_pkg:/home/kanja-koduki/ortega_ws/install/ortega_bot:/opt/ros/humble /home/kanja-koduki/.local/bin/cmake --build /home/kanja-koduki/buck_ws/build/robot_description -- -j8 -l8
[0.584s] Invoked command in '/home/kanja-koduki/buck_ws/build/robot_description' returned '0': CMAKE_PREFIX_PATH=${CMAKE_PREFIX_PATH}:/home/kanja-koduki/hannah_ws/install/hannah_bot:/home/kanja-koduki/niki_ws/install/sjtu_drone_bringup:/home/kanja-koduki/zypher_ws/install/prius_sdc_pkg:/home/kanja-koduki/ortega_ws/install/ortega_bot:/opt/ros/humble /home/kanja-koduki/.local/bin/cmake --build /home/kanja-koduki/buck_ws/build/robot_description -- -j8 -l8
[0.776s] Invoking command in '/home/kanja-koduki/buck_ws/build/robot_description': CMAKE_PREFIX_PATH=${CMAKE_PREFIX_PATH}:/home/kanja-koduki/hannah_ws/install/hannah_bot:/home/kanja-koduki/niki_ws/install/sjtu_drone_bringup:/home/kanja-koduki/zypher_ws/install/prius_sdc_pkg:/home/kanja-koduki/ortega_ws/install/ortega_bot:/opt/ros/humble /home/kanja-koduki/.local/bin/cmake --install /home/kanja-koduki/buck_ws/build/robot_description
[0.846s] -- Install configuration: ""
[0.846s] -- Up-to-date: /home/kanja-koduki/buck_ws/install/robot_description/share/robot_description/urdf
[0.846s] -- Installing: /home/kanja-koduki/buck_ws/install/robot_description/share/robot_description/urdf/rov.urdf.xacro
[0.847s] -- Up-to-date: /home/kanja-koduki/buck_ws/install/robot_description/share/ament_index/resource_index/package_run_dependencies/robot_description
[0.847s] -- Up-to-date: /home/kanja-koduki/buck_ws/install/robot_description/share/ament_index/resource_index/parent_prefix_path/robot_description
[0.847s] -- Up-to-date: /home/kanja-koduki/buck_ws/install/robot_description/share/robot_description/environment/ament_prefix_path.sh
[0.847s] -- Up-to-date: /home/kanja-koduki/buck_ws/install/robot_description/share/robot_description/environment/ament_prefix_path.dsv
[0.847s] -- Up-to-date: /home/kanja-koduki/buck_ws/install/robot_description/share/robot_description/environment/path.sh
[0.847s] -- Up-to-date: /home/kanja-koduki/buck_ws/install/robot_description/share/robot_description/environment/path.dsv
[0.847s] -- Up-to-date: /home/kanja-koduki/buck_ws/install/robot_description/share/robot_description/local_setup.bash
[0.848s] -- Up-to-date: /home/kanja-koduki/buck_ws/install/robot_description/share/robot_description/local_setup.sh
[0.848s] -- Up-to-date: /home/kanja-koduki/buck_ws/install/robot_description/share/robot_description/local_setup.zsh
[0.848s] -- Up-to-date: /home/kanja-koduki/buck_ws/install/robot_description/share/robot_description/local_setup.dsv
[0.848s] -- Installing: /home/kanja-koduki/buck_ws/install/robot_description/share/robot_description/package.dsv
[0.848s] -- Up-to-date: /home/kanja-koduki/buck_ws/install/robot_description/share/ament_index/resource_index/packages/robot_description
[0.848s] -- Up-to-date: /home/kanja-koduki/buck_ws/install/robot_description/share/robot_description/cmake/robot_descriptionConfig.cmake
[0.848s] -- Up-to-date: /home/kanja-koduki/buck_ws/install/robot_description/share/robot_description/cmake/robot_descriptionConfig-version.cmake
[0.848s] -- Up-to-date: /home/kanja-koduki/buck_ws/install/robot_description/share/robot_description/package.xml
[0.858s] Invoked command in '/home/kanja-koduki/buck_ws/build/robot_description' returned '0': CMAKE_PREFIX_PATH=${CMAKE_PREFIX_PATH}:/home/kanja-koduki/hannah_ws/install/hannah_bot:/home/kanja-koduki/niki_ws/install/sjtu_drone_bringup:/home/kanja-koduki/zypher_ws/install/prius_sdc_pkg:/home/kanja-koduki/ortega_ws/install/ortega_bot:/opt/ros/humble /home/kanja-koduki/.local/bin/cmake --install /home/kanja-koduki/buck_ws/build/robot_description
