[4.393s] Invoking command in '/home/kanja-koduki/buck_ws/src/my_point': PYTHONPATH=/home/kanja-koduki/buck_ws/build/my_point/prefix_override:/home/kanja-koduki/buck_ws/install/my_point/lib/python3.10/site-packages:${PYTHONPATH} /usr/bin/python3 setup.py egg_info --egg-base ../../build/my_point build --build-base /home/kanja-koduki/buck_ws/build/my_point/build install --record /home/kanja-koduki/buck_ws/build/my_point/install.log --single-version-externally-managed
[4.949s] running egg_info
[4.996s] writing ../../build/my_point/my_point.egg-info/PKG-INFO
[4.997s] writing dependency_links to ../../build/my_point/my_point.egg-info/dependency_links.txt
[4.998s] writing entry points to ../../build/my_point/my_point.egg-info/entry_points.txt
[4.999s] writing requirements to ../../build/my_point/my_point.egg-info/requires.txt
[4.999s] writing top-level names to ../../build/my_point/my_point.egg-info/top_level.txt
[5.100s] reading manifest file '../../build/my_point/my_point.egg-info/SOURCES.txt'
[5.100s] writing manifest file '../../build/my_point/my_point.egg-info/SOURCES.txt'
[5.100s] running build
[5.101s] running build_py
[5.102s] running install
[5.102s] /home/kanja-koduki/.local/lib/python3.10/site-packages/setuptools/_distutils/cmd.py:66: SetuptoolsDeprecationWarning: setup.py install is deprecated.
[5.103s] !!
[5.103s] 
[5.103s]         ********************************************************************************
[5.103s]         Please avoid running ``setup.py`` directly.
[5.103s]         Instead, use pypa/build, pypa/installer or other
[5.103s]         standards-based tools.
[5.104s] 
[5.104s]         See https://blog.ganssle.io/articles/2021/10/setup-py-deprecated.html for details.
[5.104s]         ********************************************************************************
[5.104s] 
[5.104s] !!
[5.105s]   self.initialize_options()
[5.117s] running install_lib
[5.167s] running install_data
[5.213s] running install_egg_info
[5.263s] removing '/home/kanja-koduki/buck_ws/install/my_point/lib/python3.10/site-packages/my_point-0.0.0-py3.10.egg-info' (and everything under it)
[5.264s] Copying ../../build/my_point/my_point.egg-info to /home/kanja-koduki/buck_ws/install/my_point/lib/python3.10/site-packages/my_point-0.0.0-py3.10.egg-info
[5.266s] running install_scripts
[5.693s] Installing base_link_publisher script to /home/kanja-koduki/buck_ws/install/my_point/lib/my_point
[5.694s] Installing camera_pub script to /home/kanja-koduki/buck_ws/install/my_point/lib/my_point
[5.694s] Installing camera_sub script to /home/kanja-koduki/buck_ws/install/my_point/lib/my_point
[5.694s] Installing lidar_publisher script to /home/kanja-koduki/buck_ws/install/my_point/lib/my_point
[5.695s] Installing pcd_to_map_node script to /home/kanja-koduki/buck_ws/install/my_point/lib/my_point
[5.695s] Installing point_node script to /home/kanja-koduki/buck_ws/install/my_point/lib/my_point
[5.696s] writing list of installed files to '/home/kanja-koduki/buck_ws/build/my_point/install.log'
[5.754s] Invoked command in '/home/kanja-koduki/buck_ws/src/my_point' returned '0': PYTHONPATH=/home/kanja-koduki/buck_ws/build/my_point/prefix_override:/home/kanja-koduki/buck_ws/install/my_point/lib/python3.10/site-packages:${PYTHONPATH} /usr/bin/python3 setup.py egg_info --egg-base ../../build/my_point build --build-base /home/kanja-koduki/buck_ws/build/my_point/build install --record /home/kanja-koduki/buck_ws/build/my_point/install.log --single-version-externally-managed
