[1.970s] Invoking command in '/home/kanja-koduki/buck_ws/src/model_py': PYTHONPATH=/home/kanja-koduki/buck_ws/build/model_py/prefix_override:/home/kanja-koduki/buck_ws/install/model_py/lib/python3.10/site-packages:${PYTHONPATH} /usr/bin/python3 setup.py egg_info --egg-base ../../build/model_py build --build-base /home/kanja-koduki/buck_ws/build/model_py/build install --record /home/kanja-koduki/buck_ws/build/model_py/install.log --single-version-externally-managed
[2.204s] running egg_info
[2.221s] writing ../../build/model_py/model_py.egg-info/PKG-INFO
[2.221s] writing dependency_links to ../../build/model_py/model_py.egg-info/dependency_links.txt
[2.221s] writing entry points to ../../build/model_py/model_py.egg-info/entry_points.txt
[2.221s] writing requirements to ../../build/model_py/model_py.egg-info/requires.txt
[2.221s] writing top-level names to ../../build/model_py/model_py.egg-info/top_level.txt
[2.257s] reading manifest file '../../build/model_py/model_py.egg-info/SOURCES.txt'
[2.258s] writing manifest file '../../build/model_py/model_py.egg-info/SOURCES.txt'
[2.259s] running build
[2.259s] running build_py
[2.259s] copying model_py/joytest.py -> /home/kanja-koduki/buck_ws/build/model_py/build/lib/model_py
[2.259s] running install
[2.260s] /home/kanja-koduki/.local/lib/python3.10/site-packages/setuptools/_distutils/cmd.py:66: SetuptoolsDeprecationWarning: setup.py install is deprecated.
[2.260s] !!
[2.260s] 
[2.260s]         ********************************************************************************
[2.260s]         Please avoid running ``setup.py`` directly.
[2.260s]         Instead, use pypa/build, pypa/installer or other
[2.260s]         standards-based tools.
[2.260s] 
[2.260s]         See https://blog.ganssle.io/articles/2021/10/setup-py-deprecated.html for details.
[2.260s]         ********************************************************************************
[2.260s] 
[2.260s] !!
[2.260s]   self.initialize_options()
[2.265s] running install_lib
[2.283s] copying /home/kanja-koduki/buck_ws/build/model_py/build/lib/model_py/joytest.py -> /home/kanja-koduki/buck_ws/install/model_py/lib/python3.10/site-packages/model_py
[2.283s] byte-compiling /home/kanja-koduki/buck_ws/install/model_py/lib/python3.10/site-packages/model_py/joytest.py to joytest.cpython-310.pyc
[2.284s] running install_data
[2.301s] running install_egg_info
[2.319s] removing '/home/kanja-koduki/buck_ws/install/model_py/lib/python3.10/site-packages/model_py-0.0.0-py3.10.egg-info' (and everything under it)
[2.320s] Copying ../../build/model_py/model_py.egg-info to /home/kanja-koduki/buck_ws/install/model_py/lib/python3.10/site-packages/model_py-0.0.0-py3.10.egg-info
[2.320s] running install_scripts
[2.483s] Installing laser_frame_publisher script to /home/kanja-koduki/buck_ws/install/model_py/lib/model_py
[2.484s] Installing test_joy script to /home/kanja-koduki/buck_ws/install/model_py/lib/model_py
[2.484s] writing list of installed files to '/home/kanja-koduki/buck_ws/build/model_py/install.log'
[2.511s] Invoked command in '/home/kanja-koduki/buck_ws/src/model_py' returned '0': PYTHONPATH=/home/kanja-koduki/buck_ws/build/model_py/prefix_override:/home/kanja-koduki/buck_ws/install/model_py/lib/python3.10/site-packages:${PYTHONPATH} /usr/bin/python3 setup.py egg_info --egg-base ../../build/model_py build --build-base /home/kanja-koduki/buck_ws/build/model_py/build install --record /home/kanja-koduki/buck_ws/build/model_py/install.log --single-version-externally-managed
