[4.041s] Invoking command in '/home/kanja-koduki/buck_ws/src/my_point': PYTHONPATH=/home/kanja-koduki/buck_ws/build/my_point/prefix_override:/home/kanja-koduki/buck_ws/install/my_point/lib/python3.10/site-packages:${PYTHONPATH} /usr/bin/python3 setup.py egg_info --egg-base ../../build/my_point build --build-base /home/kanja-koduki/buck_ws/build/my_point/build install --record /home/kanja-koduki/buck_ws/build/my_point/install.log --single-version-externally-managed
[4.541s] running egg_info
[4.581s] writing ../../build/my_point/my_point.egg-info/PKG-INFO
[4.582s] writing dependency_links to ../../build/my_point/my_point.egg-info/dependency_links.txt
[4.583s] writing entry points to ../../build/my_point/my_point.egg-info/entry_points.txt
[4.583s] writing requirements to ../../build/my_point/my_point.egg-info/requires.txt
[4.584s] writing top-level names to ../../build/my_point/my_point.egg-info/top_level.txt
[4.722s] reading manifest file '../../build/my_point/my_point.egg-info/SOURCES.txt'
[4.725s] writing manifest file '../../build/my_point/my_point.egg-info/SOURCES.txt'
[4.725s] running build
[4.726s] running build_py
[4.728s] running install
[4.728s] /home/kanja-koduki/.local/lib/python3.10/site-packages/setuptools/_distutils/cmd.py:66: SetuptoolsDeprecationWarning: setup.py install is deprecated.
[4.728s] !!
[4.728s] 
[4.729s]         ********************************************************************************
[4.729s]         Please avoid running ``setup.py`` directly.
[4.729s]         Instead, use pypa/build, pypa/installer or other
[4.729s]         standards-based tools.
[4.729s] 
[4.730s]         See https://blog.ganssle.io/articles/2021/10/setup-py-deprecated.html for details.
[4.730s]         ********************************************************************************
[4.730s] 
[4.730s] !!
[4.730s]   self.initialize_options()
[4.744s] running install_lib
[4.786s] running install_data
[4.824s] running install_egg_info
[4.867s] removing '/home/kanja-koduki/buck_ws/install/my_point/lib/python3.10/site-packages/my_point-0.0.0-py3.10.egg-info' (and everything under it)
[4.868s] Copying ../../build/my_point/my_point.egg-info to /home/kanja-koduki/buck_ws/install/my_point/lib/python3.10/site-packages/my_point-0.0.0-py3.10.egg-info
[4.870s] running install_scripts
[5.260s] Installing base_link_publisher script to /home/kanja-koduki/buck_ws/install/my_point/lib/my_point
[5.260s] Installing camera_pub script to /home/kanja-koduki/buck_ws/install/my_point/lib/my_point
[5.261s] Installing camera_sub script to /home/kanja-koduki/buck_ws/install/my_point/lib/my_point
[5.261s] Installing lidar_publisher script to /home/kanja-koduki/buck_ws/install/my_point/lib/my_point
[5.261s] Installing pcd_to_map_node script to /home/kanja-koduki/buck_ws/install/my_point/lib/my_point
[5.262s] Installing point_node script to /home/kanja-koduki/buck_ws/install/my_point/lib/my_point
[5.262s] writing list of installed files to '/home/kanja-koduki/buck_ws/build/my_point/install.log'
[5.313s] Invoked command in '/home/kanja-koduki/buck_ws/src/my_point' returned '0': PYTHONPATH=/home/kanja-koduki/buck_ws/build/my_point/prefix_override:/home/kanja-koduki/buck_ws/install/my_point/lib/python3.10/site-packages:${PYTHONPATH} /usr/bin/python3 setup.py egg_info --egg-base ../../build/my_point build --build-base /home/kanja-koduki/buck_ws/build/my_point/build install --record /home/kanja-koduki/buck_ws/build/my_point/install.log --single-version-externally-managed
