[6.642s] Invoking command in '/home/kanja-koduki/buck_ws/src/model_py': PYTHONPATH=/home/kanja-koduki/buck_ws/build/model_py/prefix_override:/home/kanja-koduki/buck_ws/install/model_py/lib/python3.10/site-packages:${PYTHONPATH} /usr/bin/python3 setup.py egg_info --egg-base ../../build/model_py build --build-base /home/kanja-koduki/buck_ws/build/model_py/build install --record /home/kanja-koduki/buck_ws/build/model_py/install.log --single-version-externally-managed
[7.396s] running egg_info
[7.468s] writing ../../build/model_py/model_py.egg-info/PKG-INFO
[7.469s] writing dependency_links to ../../build/model_py/model_py.egg-info/dependency_links.txt
[7.470s] writing entry points to ../../build/model_py/model_py.egg-info/entry_points.txt
[7.471s] writing requirements to ../../build/model_py/model_py.egg-info/requires.txt
[7.471s] writing top-level names to ../../build/model_py/model_py.egg-info/top_level.txt
[7.614s] reading manifest file '../../build/model_py/model_py.egg-info/SOURCES.txt'
[7.618s] writing manifest file '../../build/model_py/model_py.egg-info/SOURCES.txt'
[7.618s] running build
[7.620s] running build_py
[7.620s] running install
[7.620s] /home/kanja-koduki/.local/lib/python3.10/site-packages/setuptools/_distutils/cmd.py:66: SetuptoolsDeprecationWarning: setup.py install is deprecated.
[7.621s] !!
[7.621s] 
[7.621s]         ********************************************************************************
[7.621s]         Please avoid running ``setup.py`` directly.
[7.621s]         Instead, use pypa/build, pypa/installer or other
[7.622s]         standards-based tools.
[7.622s] 
[7.622s]         See https://blog.ganssle.io/articles/2021/10/setup-py-deprecated.html for details.
[7.622s]         ********************************************************************************
[7.622s] 
[7.623s] !!
[7.623s]   self.initialize_options()
[7.641s] running install_lib
[7.715s] running install_data
[7.784s] copying launch/launch_sim.launch.py -> /home/kanja-koduki/buck_ws/install/model_py/share/model_py/launch
[7.787s] copying urdf/run.urdf.xacro -> /home/kanja-koduki/buck_ws/install/model_py/share/model_py/urdf
[7.788s] running install_egg_info
[7.861s] removing '/home/kanja-koduki/buck_ws/install/model_py/lib/python3.10/site-packages/model_py-0.0.0-py3.10.egg-info' (and everything under it)
[7.861s] Copying ../../build/model_py/model_py.egg-info to /home/kanja-koduki/buck_ws/install/model_py/lib/python3.10/site-packages/model_py-0.0.0-py3.10.egg-info
[7.865s] running install_scripts
[8.391s] Installing laser_frame_publisher script to /home/kanja-koduki/buck_ws/install/model_py/lib/model_py
[8.392s] Installing test_joy script to /home/kanja-koduki/buck_ws/install/model_py/lib/model_py
[8.393s] writing list of installed files to '/home/kanja-koduki/buck_ws/build/model_py/install.log'
[8.458s] Invoked command in '/home/kanja-koduki/buck_ws/src/model_py' returned '0': PYTHONPATH=/home/kanja-koduki/buck_ws/build/model_py/prefix_override:/home/kanja-koduki/buck_ws/install/model_py/lib/python3.10/site-packages:${PYTHONPATH} /usr/bin/python3 setup.py egg_info --egg-base ../../build/model_py build --build-base /home/kanja-koduki/buck_ws/build/model_py/build install --record /home/kanja-koduki/buck_ws/build/model_py/install.log --single-version-externally-managed
