[2.834s] Invoking command in '/home/kanja-koduki/buck_ws/src/model_py': PYTHONPATH=/home/kanja-koduki/buck_ws/build/model_py/prefix_override:/home/kanja-koduki/buck_ws/install/model_py/lib/python3.10/site-packages:${PYTHONPATH} /usr/bin/python3 setup.py egg_info --egg-base ../../build/model_py build --build-base /home/kanja-koduki/buck_ws/build/model_py/build install --record /home/kanja-koduki/buck_ws/build/model_py/install.log --single-version-externally-managed
[3.233s] running egg_info
[3.263s] writing ../../build/model_py/model_py.egg-info/PKG-INFO
[3.265s] writing dependency_links to ../../build/model_py/model_py.egg-info/dependency_links.txt
[3.265s] writing entry points to ../../build/model_py/model_py.egg-info/entry_points.txt
[3.265s] writing requirements to ../../build/model_py/model_py.egg-info/requires.txt
[3.265s] writing top-level names to ../../build/model_py/model_py.egg-info/top_level.txt
[3.325s] reading manifest file '../../build/model_py/model_py.egg-info/SOURCES.txt'
[3.327s] writing manifest file '../../build/model_py/model_py.egg-info/SOURCES.txt'
[3.327s] running build
[3.327s] running build_py
[3.328s] /home/kanja-koduki/.local/lib/python3.10/site-packages/setuptools/_distutils/cmd.py:66: SetuptoolsDeprecationWarning: setup.py install is deprecated.
[3.328s] !!
[3.328s] 
[3.328s]         ********************************************************************************
[3.328s]         Please avoid running ``setup.py`` directly.
[3.328s]         Instead, use pypa/build, pypa/installer or other
[3.328s]         standards-based tools.
[3.328s] 
[3.329s]         See https://blog.ganssle.io/articles/2021/10/setup-py-deprecated.html for details.
[3.329s]         ********************************************************************************
[3.329s] 
[3.329s] !!
[3.329s]   self.initialize_options()
[3.332s] running install
[3.336s] running install_lib
[3.370s] running install_data
[3.400s] running install_egg_info
[3.436s] removing '/home/kanja-koduki/buck_ws/install/model_py/lib/python3.10/site-packages/model_py-0.0.0-py3.10.egg-info' (and everything under it)
[3.437s] Copying ../../build/model_py/model_py.egg-info to /home/kanja-koduki/buck_ws/install/model_py/lib/python3.10/site-packages/model_py-0.0.0-py3.10.egg-info
[3.438s] running install_scripts
[3.693s] Installing laser_frame_publisher script to /home/kanja-koduki/buck_ws/install/model_py/lib/model_py
[3.693s] Installing test_joy script to /home/kanja-koduki/buck_ws/install/model_py/lib/model_py
[3.694s] writing list of installed files to '/home/kanja-koduki/buck_ws/build/model_py/install.log'
[3.795s] Invoked command in '/home/kanja-koduki/buck_ws/src/model_py' returned '0': PYTHONPATH=/home/kanja-koduki/buck_ws/build/model_py/prefix_override:/home/kanja-koduki/buck_ws/install/model_py/lib/python3.10/site-packages:${PYTHONPATH} /usr/bin/python3 setup.py egg_info --egg-base ../../build/model_py build --build-base /home/kanja-koduki/buck_ws/build/model_py/build install --record /home/kanja-koduki/buck_ws/build/model_py/install.log --single-version-externally-managed
