[5.820s] Invoking command in '/home/kanja-koduki/buck_ws/src/model_py': PYTHONPATH=/home/kanja-koduki/buck_ws/build/model_py/prefix_override:/home/kanja-koduki/buck_ws/install/model_py/lib/python3.10/site-packages:${PYTHONPATH} /usr/bin/python3 setup.py egg_info --egg-base ../../build/model_py build --build-base /home/kanja-koduki/buck_ws/build/model_py/build install --record /home/kanja-koduki/buck_ws/build/model_py/install.log --single-version-externally-managed
[6.542s] running egg_info
[6.594s] writing ../../build/model_py/model_py.egg-info/PKG-INFO
[6.595s] writing dependency_links to ../../build/model_py/model_py.egg-info/dependency_links.txt
[6.596s] writing entry points to ../../build/model_py/model_py.egg-info/entry_points.txt
[6.596s] writing requirements to ../../build/model_py/model_py.egg-info/requires.txt
[6.597s] writing top-level names to ../../build/model_py/model_py.egg-info/top_level.txt
[6.717s] reading manifest file '../../build/model_py/model_py.egg-info/SOURCES.txt'
[6.721s] writing manifest file '../../build/model_py/model_py.egg-info/SOURCES.txt'
[6.722s] running build
[6.722s] running build_py
[6.723s] running install
[6.724s] /home/kanja-koduki/.local/lib/python3.10/site-packages/setuptools/_distutils/cmd.py:66: SetuptoolsDeprecationWarning: setup.py install is deprecated.
[6.724s] !!
[6.724s] 
[6.724s]         ********************************************************************************
[6.724s]         Please avoid running ``setup.py`` directly.
[6.725s]         Instead, use pypa/build, pypa/installer or other
[6.725s]         standards-based tools.
[6.725s] 
[6.725s]         See https://blog.ganssle.io/articles/2021/10/setup-py-deprecated.html for details.
[6.725s]         ********************************************************************************
[6.725s] 
[6.726s] !!
[6.726s]   self.initialize_options()
[6.744s] running install_lib
[6.805s] running install_data
[6.859s] copying launch/launch_sim.launch.py -> /home/kanja-koduki/buck_ws/install/model_py/share/model_py/launch
[6.862s] running install_egg_info
[6.924s] removing '/home/kanja-koduki/buck_ws/install/model_py/lib/python3.10/site-packages/model_py-0.0.0-py3.10.egg-info' (and everything under it)
[6.925s] Copying ../../build/model_py/model_py.egg-info to /home/kanja-koduki/buck_ws/install/model_py/lib/python3.10/site-packages/model_py-0.0.0-py3.10.egg-info
[6.927s] running install_scripts
[7.408s] Installing keyboard_listener script to /home/kanja-koduki/buck_ws/install/model_py/lib/model_py
[7.409s] Installing laser_frame_publisher script to /home/kanja-koduki/buck_ws/install/model_py/lib/model_py
[7.409s] Installing test_joy script to /home/kanja-koduki/buck_ws/install/model_py/lib/model_py
[7.410s] writing list of installed files to '/home/kanja-koduki/buck_ws/build/model_py/install.log'
[7.615s] Invoked command in '/home/kanja-koduki/buck_ws/src/model_py' returned '0': PYTHONPATH=/home/kanja-koduki/buck_ws/build/model_py/prefix_override:/home/kanja-koduki/buck_ws/install/model_py/lib/python3.10/site-packages:${PYTHONPATH} /usr/bin/python3 setup.py egg_info --egg-base ../../build/model_py build --build-base /home/kanja-koduki/buck_ws/build/model_py/build install --record /home/kanja-koduki/buck_ws/build/model_py/install.log --single-version-externally-managed
