[1.812s] Invoking command in '/home/kanja-koduki/buck_ws/src/model_py': PYTHONPATH=/home/kanja-koduki/buck_ws/build/model_py/prefix_override:/home/kanja-koduki/buck_ws/install/model_py/lib/python3.10/site-packages:${PYTHONPATH} /usr/bin/python3 setup.py egg_info --egg-base ../../build/model_py build --build-base /home/kanja-koduki/buck_ws/build/model_py/build install --record /home/kanja-koduki/buck_ws/build/model_py/install.log --single-version-externally-managed
[2.010s] running egg_info
[2.027s] writing ../../build/model_py/model_py.egg-info/PKG-INFO
[2.028s] writing dependency_links to ../../build/model_py/model_py.egg-info/dependency_links.txt
[2.028s] writing entry points to ../../build/model_py/model_py.egg-info/entry_points.txt
[2.028s] writing requirements to ../../build/model_py/model_py.egg-info/requires.txt
[2.028s] writing top-level names to ../../build/model_py/model_py.egg-info/top_level.txt
[2.061s] reading manifest file '../../build/model_py/model_py.egg-info/SOURCES.txt'
[2.062s] writing manifest file '../../build/model_py/model_py.egg-info/SOURCES.txt'
[2.062s] running build
[2.062s] running build_py
[2.062s] running install
[2.062s] /home/kanja-koduki/.local/lib/python3.10/site-packages/setuptools/_distutils/cmd.py:66: SetuptoolsDeprecationWarning: setup.py install is deprecated.
[2.062s] !!
[2.062s] 
[2.063s]         ********************************************************************************
[2.063s]         Please avoid running ``setup.py`` directly.
[2.063s]         Instead, use pypa/build, pypa/installer or other
[2.063s]         standards-based tools.
[2.063s] 
[2.063s]         See https://blog.ganssle.io/articles/2021/10/setup-py-deprecated.html for details.
[2.063s]         ********************************************************************************
[2.063s] 
[2.063s] !!
[2.063s]   self.initialize_options()
[2.067s] running install_lib
[2.082s] running install_data
[2.097s] running install_egg_info
[2.112s] removing '/home/kanja-koduki/buck_ws/install/model_py/lib/python3.10/site-packages/model_py-0.0.0-py3.10.egg-info' (and everything under it)
[2.112s] Copying ../../build/model_py/model_py.egg-info to /home/kanja-koduki/buck_ws/install/model_py/lib/python3.10/site-packages/model_py-0.0.0-py3.10.egg-info
[2.113s] running install_scripts
[2.252s] Installing laser_frame_publisher script to /home/kanja-koduki/buck_ws/install/model_py/lib/model_py
[2.253s] Installing test_joy script to /home/kanja-koduki/buck_ws/install/model_py/lib/model_py
[2.254s] writing list of installed files to '/home/kanja-koduki/buck_ws/build/model_py/install.log'
[2.353s] Invoked command in '/home/kanja-koduki/buck_ws/src/model_py' returned '0': PYTHONPATH=/home/kanja-koduki/buck_ws/build/model_py/prefix_override:/home/kanja-koduki/buck_ws/install/model_py/lib/python3.10/site-packages:${PYTHONPATH} /usr/bin/python3 setup.py egg_info --egg-base ../../build/model_py build --build-base /home/kanja-koduki/buck_ws/build/model_py/build install --record /home/kanja-koduki/buck_ws/build/model_py/install.log --single-version-externally-managed
