[4.986s] Invoking command in '/home/kanja-koduki/buck_ws/src/model_py': PYTHONPATH=/home/kanja-koduki/buck_ws/build/model_py/prefix_override:/home/kanja-koduki/buck_ws/install/model_py/lib/python3.10/site-packages:${PYTHONPATH} /usr/bin/python3 setup.py egg_info --egg-base ../../build/model_py build --build-base /home/kanja-koduki/buck_ws/build/model_py/build install --record /home/kanja-koduki/buck_ws/build/model_py/install.log --single-version-externally-managed
[5.572s] running egg_info
[5.623s] writing ../../build/model_py/model_py.egg-info/PKG-INFO
[5.625s] writing dependency_links to ../../build/model_py/model_py.egg-info/dependency_links.txt
[5.625s] writing entry points to ../../build/model_py/model_py.egg-info/entry_points.txt
[5.626s] writing requirements to ../../build/model_py/model_py.egg-info/requires.txt
[5.626s] writing top-level names to ../../build/model_py/model_py.egg-info/top_level.txt
[5.741s] reading manifest file '../../build/model_py/model_py.egg-info/SOURCES.txt'
[5.745s] writing manifest file '../../build/model_py/model_py.egg-info/SOURCES.txt'
[5.745s] running build
[5.745s] running build_py
[5.746s] running install
[5.747s] /home/kanja-koduki/.local/lib/python3.10/site-packages/setuptools/_distutils/cmd.py:66: SetuptoolsDeprecationWarning: setup.py install is deprecated.
[5.747s] !!
[5.747s] 
[5.748s]         ********************************************************************************
[5.748s]         Please avoid running ``setup.py`` directly.
[5.748s]         Instead, use pypa/build, pypa/installer or other
[5.748s]         standards-based tools.
[5.748s] 
[5.748s]         See https://blog.ganssle.io/articles/2021/10/setup-py-deprecated.html for details.
[5.749s]         ********************************************************************************
[5.749s] 
[5.749s] !!
[5.749s]   self.initialize_options()
[5.763s] running install_lib
[5.814s] running install_data
[5.860s] copying urdf/run.urdf.xacro -> /home/kanja-koduki/buck_ws/install/model_py/share/model_py/urdf
[5.861s] running install_egg_info
[5.912s] removing '/home/kanja-koduki/buck_ws/install/model_py/lib/python3.10/site-packages/model_py-0.0.0-py3.10.egg-info' (and everything under it)
[5.913s] Copying ../../build/model_py/model_py.egg-info to /home/kanja-koduki/buck_ws/install/model_py/lib/python3.10/site-packages/model_py-0.0.0-py3.10.egg-info
[5.915s] running install_scripts
[6.477s] Installing laser_frame_publisher script to /home/kanja-koduki/buck_ws/install/model_py/lib/model_py
[6.477s] Installing test_joy script to /home/kanja-koduki/buck_ws/install/model_py/lib/model_py
[6.478s] writing list of installed files to '/home/kanja-koduki/buck_ws/build/model_py/install.log'
[6.565s] Invoked command in '/home/kanja-koduki/buck_ws/src/model_py' returned '0': PYTHONPATH=/home/kanja-koduki/buck_ws/build/model_py/prefix_override:/home/kanja-koduki/buck_ws/install/model_py/lib/python3.10/site-packages:${PYTHONPATH} /usr/bin/python3 setup.py egg_info --egg-base ../../build/model_py build --build-base /home/kanja-koduki/buck_ws/build/model_py/build install --record /home/kanja-koduki/buck_ws/build/model_py/install.log --single-version-externally-managed
