[3.840s] Invoking command in '/home/kanja-koduki/buck_ws/src/my_point': PYTHONPATH=/home/kanja-koduki/buck_ws/build/my_point/prefix_override:/home/kanja-koduki/buck_ws/install/my_point/lib/python3.10/site-packages:${PYTHONPATH} /usr/bin/python3 setup.py egg_info --egg-base ../../build/my_point build --build-base /home/kanja-koduki/buck_ws/build/my_point/build install --record /home/kanja-koduki/buck_ws/build/my_point/install.log --single-version-externally-managed
[4.327s] running egg_info
[4.364s] writing ../../build/my_point/my_point.egg-info/PKG-INFO
[4.365s] writing dependency_links to ../../build/my_point/my_point.egg-info/dependency_links.txt
[4.365s] writing entry points to ../../build/my_point/my_point.egg-info/entry_points.txt
[4.366s] writing requirements to ../../build/my_point/my_point.egg-info/requires.txt
[4.366s] writing top-level names to ../../build/my_point/my_point.egg-info/top_level.txt
[4.441s] reading manifest file '../../build/my_point/my_point.egg-info/SOURCES.txt'
[4.444s] writing manifest file '../../build/my_point/my_point.egg-info/SOURCES.txt'
[4.444s] running build
[4.445s] running build_py
[4.445s] running install
[4.445s] /home/kanja-koduki/.local/lib/python3.10/site-packages/setuptools/_distutils/cmd.py:66: SetuptoolsDeprecationWarning: setup.py install is deprecated.
[4.445s] !!
[4.445s] 
[4.446s]         ********************************************************************************
[4.446s]         Please avoid running ``setup.py`` directly.
[4.446s]         Instead, use pypa/build, pypa/installer or other
[4.446s]         standards-based tools.
[4.446s] 
[4.446s]         See https://blog.ganssle.io/articles/2021/10/setup-py-deprecated.html for details.
[4.447s]         ********************************************************************************
[4.447s] 
[4.447s] !!
[4.447s]   self.initialize_options()
[4.456s] running install_lib
[4.493s] running install_data
[4.530s] running install_egg_info
[4.567s] removing '/home/kanja-koduki/buck_ws/install/my_point/lib/python3.10/site-packages/my_point-0.0.0-py3.10.egg-info' (and everything under it)
[4.568s] Copying ../../build/my_point/my_point.egg-info to /home/kanja-koduki/buck_ws/install/my_point/lib/python3.10/site-packages/my_point-0.0.0-py3.10.egg-info
[4.569s] running install_scripts
[4.915s] Installing base_link_publisher script to /home/kanja-koduki/buck_ws/install/my_point/lib/my_point
[4.915s] Installing point_cloud_to_occupancy_grid script to /home/kanja-koduki/buck_ws/install/my_point/lib/my_point
[4.915s] Installing point_node script to /home/kanja-koduki/buck_ws/install/my_point/lib/my_point
[4.915s] writing list of installed files to '/home/kanja-koduki/buck_ws/build/my_point/install.log'
[4.968s] Invoked command in '/home/kanja-koduki/buck_ws/src/my_point' returned '0': PYTHONPATH=/home/kanja-koduki/buck_ws/build/my_point/prefix_override:/home/kanja-koduki/buck_ws/install/my_point/lib/python3.10/site-packages:${PYTHONPATH} /usr/bin/python3 setup.py egg_info --egg-base ../../build/my_point build --build-base /home/kanja-koduki/buck_ws/build/my_point/build install --record /home/kanja-koduki/buck_ws/build/my_point/install.log --single-version-externally-managed
