[1.641s] Invoking command in '/home/kanja-koduki/buck_ws/src/model_py': PYTHONPATH=/home/kanja-koduki/buck_ws/build/model_py/prefix_override:/home/kanja-koduki/buck_ws/install/model_py/lib/python3.10/site-packages:${PYTHONPATH} /usr/bin/python3 setup.py egg_info --egg-base ../../build/model_py build --build-base /home/kanja-koduki/buck_ws/build/model_py/build install --record /home/kanja-koduki/buck_ws/build/model_py/install.log --single-version-externally-managed
[1.827s] running egg_info
[1.842s] writing ../../build/model_py/model_py.egg-info/PKG-INFO
[1.843s] writing dependency_links to ../../build/model_py/model_py.egg-info/dependency_links.txt
[1.843s] writing entry points to ../../build/model_py/model_py.egg-info/entry_points.txt
[1.843s] writing requirements to ../../build/model_py/model_py.egg-info/requires.txt
[1.843s] writing top-level names to ../../build/model_py/model_py.egg-info/top_level.txt
[1.879s] reading manifest file '../../build/model_py/model_py.egg-info/SOURCES.txt'
[1.880s] writing manifest file '../../build/model_py/model_py.egg-info/SOURCES.txt'
[1.880s] running build
[1.880s] running build_py
[1.881s] running install
[1.881s] /home/kanja-koduki/.local/lib/python3.10/site-packages/setuptools/_distutils/cmd.py:66: SetuptoolsDeprecationWarning: setup.py install is deprecated.
[1.881s] !!
[1.881s] 
[1.881s]         ********************************************************************************
[1.881s]         Please avoid running ``setup.py`` directly.
[1.881s]         Instead, use pypa/build, pypa/installer or other
[1.881s]         standards-based tools.
[1.881s] 
[1.881s]         See https://blog.ganssle.io/articles/2021/10/setup-py-deprecated.html for details.
[1.881s]         ********************************************************************************
[1.881s] 
[1.881s] !!
[1.882s]   self.initialize_options()
[1.887s] running install_lib
[1.902s] running install_data
[1.917s] copying urdf/depthcamera.urdf.xacro -> /home/kanja-koduki/buck_ws/install/model_py/share/model_py/urdf
[1.918s] running install_egg_info
[1.935s] removing '/home/kanja-koduki/buck_ws/install/model_py/lib/python3.10/site-packages/model_py-0.0.0-py3.10.egg-info' (and everything under it)
[1.936s] Copying ../../build/model_py/model_py.egg-info to /home/kanja-koduki/buck_ws/install/model_py/lib/python3.10/site-packages/model_py-0.0.0-py3.10.egg-info
[1.937s] running install_scripts
[2.093s] Installing laser_frame_publisher script to /home/kanja-koduki/buck_ws/install/model_py/lib/model_py
[2.093s] writing list of installed files to '/home/kanja-koduki/buck_ws/build/model_py/install.log'
[2.115s] Invoked command in '/home/kanja-koduki/buck_ws/src/model_py' returned '0': PYTHONPATH=/home/kanja-koduki/buck_ws/build/model_py/prefix_override:/home/kanja-koduki/buck_ws/install/model_py/lib/python3.10/site-packages:${PYTHONPATH} /usr/bin/python3 setup.py egg_info --egg-base ../../build/model_py build --build-base /home/kanja-koduki/buck_ws/build/model_py/build install --record /home/kanja-koduki/buck_ws/build/model_py/install.log --single-version-externally-managed
