[4.238s] Invoking command in '/home/kanja-koduki/buck_ws/src/my_point': PYTHONPATH=/home/kanja-koduki/buck_ws/build/my_point/prefix_override:/home/kanja-koduki/buck_ws/install/my_point/lib/python3.10/site-packages:${PYTHONPATH} /usr/bin/python3 setup.py egg_info --egg-base ../../build/my_point build --build-base /home/kanja-koduki/buck_ws/build/my_point/build install --record /home/kanja-koduki/buck_ws/build/my_point/install.log --single-version-externally-managed
[4.755s] running egg_info
[4.797s] writing ../../build/my_point/my_point.egg-info/PKG-INFO
[4.799s] writing dependency_links to ../../build/my_point/my_point.egg-info/dependency_links.txt
[4.799s] writing entry points to ../../build/my_point/my_point.egg-info/entry_points.txt
[4.800s] writing requirements to ../../build/my_point/my_point.egg-info/requires.txt
[4.800s] writing top-level names to ../../build/my_point/my_point.egg-info/top_level.txt
[4.897s] reading manifest file '../../build/my_point/my_point.egg-info/SOURCES.txt'
[4.899s] writing manifest file '../../build/my_point/my_point.egg-info/SOURCES.txt'
[4.900s] running build
[4.900s] running build_py
[4.900s] copying my_point/pointthree_pub.py -> /home/kanja-koduki/buck_ws/build/my_point/build/lib/my_point
[4.901s] running install
[4.902s] /home/kanja-koduki/.local/lib/python3.10/site-packages/setuptools/_distutils/cmd.py:66: SetuptoolsDeprecationWarning: setup.py install is deprecated.
[4.902s] !!
[4.902s] 
[4.903s]         ********************************************************************************
[4.903s]         Please avoid running ``setup.py`` directly.
[4.903s]         Instead, use pypa/build, pypa/installer or other
[4.903s]         standards-based tools.
[4.903s] 
[4.904s]         See https://blog.ganssle.io/articles/2021/10/setup-py-deprecated.html for details.
[4.904s]         ********************************************************************************
[4.904s] 
[4.904s] !!
[4.904s]   self.initialize_options()
[4.920s] running install_lib
[4.971s] copying /home/kanja-koduki/buck_ws/build/my_point/build/lib/my_point/pointthree_pub.py -> /home/kanja-koduki/buck_ws/install/my_point/lib/python3.10/site-packages/my_point
[4.972s] byte-compiling /home/kanja-koduki/buck_ws/install/my_point/lib/python3.10/site-packages/my_point/pointthree_pub.py to pointthree_pub.cpython-310.pyc
[4.974s] running install_data
[5.021s] running install_egg_info
[5.073s] removing '/home/kanja-koduki/buck_ws/install/my_point/lib/python3.10/site-packages/my_point-0.0.0-py3.10.egg-info' (and everything under it)
[5.074s] Copying ../../build/my_point/my_point.egg-info to /home/kanja-koduki/buck_ws/install/my_point/lib/python3.10/site-packages/my_point-0.0.0-py3.10.egg-info
[5.075s] running install_scripts
[5.506s] Installing base_link_publisher script to /home/kanja-koduki/buck_ws/install/my_point/lib/my_point
[5.507s] Installing lidar_publisher script to /home/kanja-koduki/buck_ws/install/my_point/lib/my_point
[5.507s] Installing point_node script to /home/kanja-koduki/buck_ws/install/my_point/lib/my_point
[5.508s] writing list of installed files to '/home/kanja-koduki/buck_ws/build/my_point/install.log'
[5.565s] Invoked command in '/home/kanja-koduki/buck_ws/src/my_point' returned '0': PYTHONPATH=/home/kanja-koduki/buck_ws/build/my_point/prefix_override:/home/kanja-koduki/buck_ws/install/my_point/lib/python3.10/site-packages:${PYTHONPATH} /usr/bin/python3 setup.py egg_info --egg-base ../../build/my_point build --build-base /home/kanja-koduki/buck_ws/build/my_point/build install --record /home/kanja-koduki/buck_ws/build/my_point/install.log --single-version-externally-managed
