[4.873s] Invoking command in '/home/kanja-koduki/buck_ws/src/model_py': PYTHONPATH=/home/kanja-koduki/buck_ws/build/model_py/prefix_override:/home/kanja-koduki/buck_ws/install/model_py/lib/python3.10/site-packages:${PYTHONPATH} /usr/bin/python3 setup.py egg_info --egg-base ../../build/model_py build --build-base /home/kanja-koduki/buck_ws/build/model_py/build install --record /home/kanja-koduki/buck_ws/build/model_py/install.log --single-version-externally-managed
[5.395s] running egg_info
[5.439s] writing ../../build/model_py/model_py.egg-info/PKG-INFO
[5.440s] writing dependency_links to ../../build/model_py/model_py.egg-info/dependency_links.txt
[5.440s] writing requirements to ../../build/model_py/model_py.egg-info/requires.txt
[5.440s] writing top-level names to ../../build/model_py/model_py.egg-info/top_level.txt
[5.519s] reading manifest file '../../build/model_py/model_py.egg-info/SOURCES.txt'
[5.524s] writing manifest file '../../build/model_py/model_py.egg-info/SOURCES.txt'
[5.524s] running build
[5.524s] running build_py
[5.524s] running install
[5.524s] /home/kanja-koduki/.local/lib/python3.10/site-packages/setuptools/_distutils/cmd.py:66: SetuptoolsDeprecationWarning: setup.py install is deprecated.
[5.525s] !!
[5.525s] 
[5.525s]         ********************************************************************************
[5.525s]         Please avoid running ``setup.py`` directly.
[5.525s]         Instead, use pypa/build, pypa/installer or other
[5.526s]         standards-based tools.
[5.526s] 
[5.526s]         See https://blog.ganssle.io/articles/2021/10/setup-py-deprecated.html for details.
[5.526s]         ********************************************************************************
[5.526s] 
[5.526s] !!
[5.527s]   self.initialize_options()
[5.536s] running install_lib
[5.576s] running install_data
[5.618s] running install_egg_info
[5.661s] removing '/home/kanja-koduki/buck_ws/install/model_py/lib/python3.10/site-packages/model_py-0.0.0-py3.10.egg-info' (and everything under it)
[5.662s] Copying ../../build/model_py/model_py.egg-info to /home/kanja-koduki/buck_ws/install/model_py/lib/python3.10/site-packages/model_py-0.0.0-py3.10.egg-info
[5.664s] running install_scripts
[6.036s] writing list of installed files to '/home/kanja-koduki/buck_ws/build/model_py/install.log'
[6.088s] Invoked command in '/home/kanja-koduki/buck_ws/src/model_py' returned '0': PYTHONPATH=/home/kanja-koduki/buck_ws/build/model_py/prefix_override:/home/kanja-koduki/buck_ws/install/model_py/lib/python3.10/site-packages:${PYTHONPATH} /usr/bin/python3 setup.py egg_info --egg-base ../../build/model_py build --build-base /home/kanja-koduki/buck_ws/build/model_py/build install --record /home/kanja-koduki/buck_ws/build/model_py/install.log --single-version-externally-managed
