[4.090s] Invoking command in '/home/kanja-koduki/buck_ws/src/my_point': PYTHONPATH=/home/kanja-koduki/buck_ws/build/my_point/prefix_override:/home/kanja-koduki/buck_ws/install/my_point/lib/python3.10/site-packages:${PYTHONPATH} /usr/bin/python3 setup.py egg_info --egg-base ../../build/my_point build --build-base /home/kanja-koduki/buck_ws/build/my_point/build install --record /home/kanja-koduki/buck_ws/build/my_point/install.log --single-version-externally-managed
[4.584s] running egg_info
[4.628s] writing ../../build/my_point/my_point.egg-info/PKG-INFO
[4.628s] writing dependency_links to ../../build/my_point/my_point.egg-info/dependency_links.txt
[4.629s] writing entry points to ../../build/my_point/my_point.egg-info/entry_points.txt
[4.629s] writing requirements to ../../build/my_point/my_point.egg-info/requires.txt
[4.630s] writing top-level names to ../../build/my_point/my_point.egg-info/top_level.txt
[4.713s] reading manifest file '../../build/my_point/my_point.egg-info/SOURCES.txt'
[4.715s] writing manifest file '../../build/my_point/my_point.egg-info/SOURCES.txt'
[4.715s] running build
[4.715s] running build_py
[4.716s] running install
[4.717s] /home/kanja-koduki/.local/lib/python3.10/site-packages/setuptools/_distutils/cmd.py:66: SetuptoolsDeprecationWarning: setup.py install is deprecated.
[4.717s] !!
[4.717s] 
[4.717s]         ********************************************************************************
[4.717s]         Please avoid running ``setup.py`` directly.
[4.717s]         Instead, use pypa/build, pypa/installer or other
[4.717s]         standards-based tools.
[4.717s] 
[4.718s]         See https://blog.ganssle.io/articles/2021/10/setup-py-deprecated.html for details.
[4.718s]         ********************************************************************************
[4.718s] 
[4.718s] !!
[4.718s]   self.initialize_options()
[4.728s] running install_lib
[4.768s] running install_data
[4.806s] running install_egg_info
[4.854s] removing '/home/kanja-koduki/buck_ws/install/my_point/lib/python3.10/site-packages/my_point-0.0.0-py3.10.egg-info' (and everything under it)
[4.854s] Copying ../../build/my_point/my_point.egg-info to /home/kanja-koduki/buck_ws/install/my_point/lib/python3.10/site-packages/my_point-0.0.0-py3.10.egg-info
[4.856s] running install_scripts
[5.251s] Installing base_link_publisher script to /home/kanja-koduki/buck_ws/install/my_point/lib/my_point
[5.251s] Installing camera_pub script to /home/kanja-koduki/buck_ws/install/my_point/lib/my_point
[5.251s] Installing camera_sub script to /home/kanja-koduki/buck_ws/install/my_point/lib/my_point
[5.251s] Installing lidar_publisher script to /home/kanja-koduki/buck_ws/install/my_point/lib/my_point
[5.251s] Installing pcd_to_map_node script to /home/kanja-koduki/buck_ws/install/my_point/lib/my_point
[5.251s] Installing point_node script to /home/kanja-koduki/buck_ws/install/my_point/lib/my_point
[5.252s] writing list of installed files to '/home/kanja-koduki/buck_ws/build/my_point/install.log'
[5.394s] Invoked command in '/home/kanja-koduki/buck_ws/src/my_point' returned '0': PYTHONPATH=/home/kanja-koduki/buck_ws/build/my_point/prefix_override:/home/kanja-koduki/buck_ws/install/my_point/lib/python3.10/site-packages:${PYTHONPATH} /usr/bin/python3 setup.py egg_info --egg-base ../../build/my_point build --build-base /home/kanja-koduki/buck_ws/build/my_point/build install --record /home/kanja-koduki/buck_ws/build/my_point/install.log --single-version-externally-managed
