[6.108s] Invoking command in '/home/kanja-koduki/buck_ws/src/my_point': PYTHONPATH=/home/kanja-koduki/buck_ws/build/my_point/prefix_override:/home/kanja-koduki/buck_ws/install/my_point/lib/python3.10/site-packages:${PYTHONPATH} /usr/bin/python3 setup.py egg_info --egg-base ../../build/my_point build --build-base /home/kanja-koduki/buck_ws/build/my_point/build install --record /home/kanja-koduki/buck_ws/build/my_point/install.log --single-version-externally-managed
[6.862s] running egg_info
[6.932s] writing ../../build/my_point/my_point.egg-info/PKG-INFO
[6.934s] writing dependency_links to ../../build/my_point/my_point.egg-info/dependency_links.txt
[6.934s] writing entry points to ../../build/my_point/my_point.egg-info/entry_points.txt
[6.935s] writing requirements to ../../build/my_point/my_point.egg-info/requires.txt
[6.935s] writing top-level names to ../../build/my_point/my_point.egg-info/top_level.txt
[7.054s] reading manifest file '../../build/my_point/my_point.egg-info/SOURCES.txt'
[7.056s] writing manifest file '../../build/my_point/my_point.egg-info/SOURCES.txt'
[7.057s] running build
[7.057s] running build_py
[7.059s] running install
[7.059s] /home/kanja-koduki/.local/lib/python3.10/site-packages/setuptools/_distutils/cmd.py:66: SetuptoolsDeprecationWarning: setup.py install is deprecated.
[7.059s] !!
[7.059s] 
[7.060s]         ********************************************************************************
[7.060s]         Please avoid running ``setup.py`` directly.
[7.060s]         Instead, use pypa/build, pypa/installer or other
[7.060s]         standards-based tools.
[7.060s] 
[7.061s]         See https://blog.ganssle.io/articles/2021/10/setup-py-deprecated.html for details.
[7.061s]         ********************************************************************************
[7.061s] 
[7.061s] !!
[7.061s]   self.initialize_options()
[7.074s] running install_lib
[7.132s] running install_data
[7.201s] running install_egg_info
[7.288s] removing '/home/kanja-koduki/buck_ws/install/my_point/lib/python3.10/site-packages/my_point-0.0.0-py3.10.egg-info' (and everything under it)
[7.289s] Copying ../../build/my_point/my_point.egg-info to /home/kanja-koduki/buck_ws/install/my_point/lib/python3.10/site-packages/my_point-0.0.0-py3.10.egg-info
[7.292s] running install_scripts
[7.898s] Installing base_link_publisher script to /home/kanja-koduki/buck_ws/install/my_point/lib/my_point
[7.898s] Installing camera_pub script to /home/kanja-koduki/buck_ws/install/my_point/lib/my_point
[7.899s] Installing camera_sub script to /home/kanja-koduki/buck_ws/install/my_point/lib/my_point
[7.900s] Installing lidar_publisher script to /home/kanja-koduki/buck_ws/install/my_point/lib/my_point
[7.902s] Installing pcd_to_map_node script to /home/kanja-koduki/buck_ws/install/my_point/lib/my_point
[7.903s] Installing point_node script to /home/kanja-koduki/buck_ws/install/my_point/lib/my_point
[7.903s] writing list of installed files to '/home/kanja-koduki/buck_ws/build/my_point/install.log'
[8.197s] Invoked command in '/home/kanja-koduki/buck_ws/src/my_point' returned '0': PYTHONPATH=/home/kanja-koduki/buck_ws/build/my_point/prefix_override:/home/kanja-koduki/buck_ws/install/my_point/lib/python3.10/site-packages:${PYTHONPATH} /usr/bin/python3 setup.py egg_info --egg-base ../../build/my_point build --build-base /home/kanja-koduki/buck_ws/build/my_point/build install --record /home/kanja-koduki/buck_ws/build/my_point/install.log --single-version-externally-managed
