[4.424s] Invoking command in '/home/kanja-koduki/buck_ws/src/model_py': PYTHONPATH=/home/kanja-koduki/buck_ws/build/model_py/prefix_override:/home/kanja-koduki/buck_ws/install/model_py/lib/python3.10/site-packages:${PYTHONPATH} /usr/bin/python3 setup.py egg_info --egg-base ../../build/model_py build --build-base /home/kanja-koduki/buck_ws/build/model_py/build install --record /home/kanja-koduki/buck_ws/build/model_py/install.log --single-version-externally-managed
[4.927s] running egg_info
[4.963s] writing ../../build/model_py/model_py.egg-info/PKG-INFO
[4.964s] writing dependency_links to ../../build/model_py/model_py.egg-info/dependency_links.txt
[4.964s] writing requirements to ../../build/model_py/model_py.egg-info/requires.txt
[4.964s] writing top-level names to ../../build/model_py/model_py.egg-info/top_level.txt
[5.040s] reading manifest file '../../build/model_py/model_py.egg-info/SOURCES.txt'
[5.041s] writing manifest file '../../build/model_py/model_py.egg-info/SOURCES.txt'
[5.042s] running build
[5.042s] running build_py
[5.042s] running install
[5.043s] /home/kanja-koduki/.local/lib/python3.10/site-packages/setuptools/_distutils/cmd.py:66: SetuptoolsDeprecationWarning: setup.py install is deprecated.
[5.043s] !!
[5.043s] 
[5.043s]         ********************************************************************************
[5.043s]         Please avoid running ``setup.py`` directly.
[5.043s]         Instead, use pypa/build, pypa/installer or other
[5.044s]         standards-based tools.
[5.044s] 
[5.044s]         See https://blog.ganssle.io/articles/2021/10/setup-py-deprecated.html for details.
[5.044s]         ********************************************************************************
[5.044s] 
[5.044s] !!
[5.045s]   self.initialize_options()
[5.058s] running install_lib
[5.097s] running install_data
[5.138s] copying urdf/depthcamera.urdf.xacro -> /home/kanja-koduki/buck_ws/install/model_py/share/model_py/urdf
[5.139s] running install_egg_info
[5.179s] removing '/home/kanja-koduki/buck_ws/install/model_py/lib/python3.10/site-packages/model_py-0.0.0-py3.10.egg-info' (and everything under it)
[5.180s] Copying ../../build/model_py/model_py.egg-info to /home/kanja-koduki/buck_ws/install/model_py/lib/python3.10/site-packages/model_py-0.0.0-py3.10.egg-info
[5.182s] running install_scripts
[5.553s] writing list of installed files to '/home/kanja-koduki/buck_ws/build/model_py/install.log'
[5.680s] Invoked command in '/home/kanja-koduki/buck_ws/src/model_py' returned '0': PYTHONPATH=/home/kanja-koduki/buck_ws/build/model_py/prefix_override:/home/kanja-koduki/buck_ws/install/model_py/lib/python3.10/site-packages:${PYTHONPATH} /usr/bin/python3 setup.py egg_info --egg-base ../../build/model_py build --build-base /home/kanja-koduki/buck_ws/build/model_py/build install --record /home/kanja-koduki/buck_ws/build/model_py/install.log --single-version-externally-managed
