[3.120s] Invoking command in '/home/kanja-koduki/buck_ws/src/model_py': PYTHONPATH=/home/kanja-koduki/buck_ws/build/model_py/prefix_override:/home/kanja-koduki/buck_ws/install/model_py/lib/python3.10/site-packages:${PYTHONPATH} /usr/bin/python3 setup.py egg_info --egg-base ../../build/model_py build --build-base /home/kanja-koduki/buck_ws/build/model_py/build install --record /home/kanja-koduki/buck_ws/build/model_py/install.log --single-version-externally-managed
[3.625s] running egg_info
[3.662s] writing ../../build/model_py/model_py.egg-info/PKG-INFO
[3.663s] writing dependency_links to ../../build/model_py/model_py.egg-info/dependency_links.txt
[3.664s] writing requirements to ../../build/model_py/model_py.egg-info/requires.txt
[3.664s] writing top-level names to ../../build/model_py/model_py.egg-info/top_level.txt
[3.742s] reading manifest file '../../build/model_py/model_py.egg-info/SOURCES.txt'
[3.744s] writing manifest file '../../build/model_py/model_py.egg-info/SOURCES.txt'
[3.744s] running build
[3.745s] running build_py
[3.745s] running install
[3.746s] /home/kanja-koduki/.local/lib/python3.10/site-packages/setuptools/_distutils/cmd.py:66: SetuptoolsDeprecationWarning: setup.py install is deprecated.
[3.747s] !!
[3.747s] 
[3.747s]         ********************************************************************************
[3.747s]         Please avoid running ``setup.py`` directly.
[3.747s]         Instead, use pypa/build, pypa/installer or other
[3.747s]         standards-based tools.
[3.747s] 
[3.747s]         See https://blog.ganssle.io/articles/2021/10/setup-py-deprecated.html for details.
[3.747s]         ********************************************************************************
[3.747s] 
[3.748s] !!
[3.748s]   self.initialize_options()
[3.763s] running install_lib
[3.804s] running install_data
[3.843s] copying launch/launch_sim.launch.py -> /home/kanja-koduki/buck_ws/install/model_py/share/model_py/launch
[3.843s] copying launch/rsp.launch.py -> /home/kanja-koduki/buck_ws/install/model_py/share/model_py/launch
[3.844s] running install_egg_info
[3.885s] removing '/home/kanja-koduki/buck_ws/install/model_py/lib/python3.10/site-packages/model_py-0.0.0-py3.10.egg-info' (and everything under it)
[3.886s] Copying ../../build/model_py/model_py.egg-info to /home/kanja-koduki/buck_ws/install/model_py/lib/python3.10/site-packages/model_py-0.0.0-py3.10.egg-info
[3.888s] running install_scripts
[4.247s] writing list of installed files to '/home/kanja-koduki/buck_ws/build/model_py/install.log'
[4.296s] Invoked command in '/home/kanja-koduki/buck_ws/src/model_py' returned '0': PYTHONPATH=/home/kanja-koduki/buck_ws/build/model_py/prefix_override:/home/kanja-koduki/buck_ws/install/model_py/lib/python3.10/site-packages:${PYTHONPATH} /usr/bin/python3 setup.py egg_info --egg-base ../../build/model_py build --build-base /home/kanja-koduki/buck_ws/build/model_py/build install --record /home/kanja-koduki/buck_ws/build/model_py/install.log --single-version-externally-managed
