[1.864s] Invoking command in '/home/kanja-koduki/buck_ws/src/my_point': PYTHONPATH=/home/kanja-koduki/buck_ws/build/my_point/prefix_override:/home/kanja-koduki/buck_ws/install/my_point/lib/python3.10/site-packages:${PYTHONPATH} /usr/bin/python3 setup.py egg_info --egg-base ../../build/my_point build --build-base /home/kanja-koduki/buck_ws/build/my_point/build install --record /home/kanja-koduki/buck_ws/build/my_point/install.log --single-version-externally-managed
[2.100s] running egg_info
[2.117s] writing ../../build/my_point/my_point.egg-info/PKG-INFO
[2.118s] writing dependency_links to ../../build/my_point/my_point.egg-info/dependency_links.txt
[2.118s] writing entry points to ../../build/my_point/my_point.egg-info/entry_points.txt
[2.118s] writing requirements to ../../build/my_point/my_point.egg-info/requires.txt
[2.118s] writing top-level names to ../../build/my_point/my_point.egg-info/top_level.txt
[2.157s] reading manifest file '../../build/my_point/my_point.egg-info/SOURCES.txt'
[2.158s] writing manifest file '../../build/my_point/my_point.egg-info/SOURCES.txt'
[2.158s] running build
[2.158s] running build_py
[2.159s] running install
[2.159s] /home/kanja-koduki/.local/lib/python3.10/site-packages/setuptools/_distutils/cmd.py:66: SetuptoolsDeprecationWarning: setup.py install is deprecated.
[2.159s] !!
[2.159s] 
[2.159s]         ********************************************************************************
[2.159s]         Please avoid running ``setup.py`` directly.
[2.159s]         Instead, use pypa/build, pypa/installer or other
[2.159s]         standards-based tools.
[2.159s] 
[2.159s]         See https://blog.ganssle.io/articles/2021/10/setup-py-deprecated.html for details.
[2.159s]         ********************************************************************************
[2.159s] 
[2.159s] !!
[2.159s]   self.initialize_options()
[2.164s] running install_lib
[2.183s] running install_data
[2.201s] running install_egg_info
[2.220s] removing '/home/kanja-koduki/buck_ws/install/my_point/lib/python3.10/site-packages/my_point-0.0.0-py3.10.egg-info' (and everything under it)
[2.220s] Copying ../../build/my_point/my_point.egg-info to /home/kanja-koduki/buck_ws/install/my_point/lib/python3.10/site-packages/my_point-0.0.0-py3.10.egg-info
[2.221s] running install_scripts
[2.394s] Installing base_link_publisher script to /home/kanja-koduki/buck_ws/install/my_point/lib/my_point
[2.394s] Installing camera_pub script to /home/kanja-koduki/buck_ws/install/my_point/lib/my_point
[2.394s] Installing camera_sub script to /home/kanja-koduki/buck_ws/install/my_point/lib/my_point
[2.395s] Installing lidar_publisher script to /home/kanja-koduki/buck_ws/install/my_point/lib/my_point
[2.395s] Installing point_node script to /home/kanja-koduki/buck_ws/install/my_point/lib/my_point
[2.395s] writing list of installed files to '/home/kanja-koduki/buck_ws/build/my_point/install.log'
[2.428s] Invoked command in '/home/kanja-koduki/buck_ws/src/my_point' returned '0': PYTHONPATH=/home/kanja-koduki/buck_ws/build/my_point/prefix_override:/home/kanja-koduki/buck_ws/install/my_point/lib/python3.10/site-packages:${PYTHONPATH} /usr/bin/python3 setup.py egg_info --egg-base ../../build/my_point build --build-base /home/kanja-koduki/buck_ws/build/my_point/build install --record /home/kanja-koduki/buck_ws/build/my_point/install.log --single-version-externally-managed
