[3.518s] Invoking command in '/home/kanja-koduki/buck_ws/src/model_py': PYTHONPATH=/home/kanja-koduki/buck_ws/build/model_py/prefix_override:/home/kanja-koduki/buck_ws/install/model_py/lib/python3.10/site-packages:${PYTHONPATH} /usr/bin/python3 setup.py egg_info --egg-base ../../build/model_py build --build-base /home/kanja-koduki/buck_ws/build/model_py/build install --record /home/kanja-koduki/buck_ws/build/model_py/install.log --single-version-externally-managed
[4.020s] running egg_info
[4.058s] writing ../../build/model_py/model_py.egg-info/PKG-INFO
[4.059s] writing dependency_links to ../../build/model_py/model_py.egg-info/dependency_links.txt
[4.060s] writing requirements to ../../build/model_py/model_py.egg-info/requires.txt
[4.060s] writing top-level names to ../../build/model_py/model_py.egg-info/top_level.txt
[4.138s] reading manifest file '../../build/model_py/model_py.egg-info/SOURCES.txt'
[4.140s] writing manifest file '../../build/model_py/model_py.egg-info/SOURCES.txt'
[4.140s] running build
[4.140s] running build_py
[4.140s] running install
[4.141s] /home/kanja-koduki/.local/lib/python3.10/site-packages/setuptools/_distutils/cmd.py:66: SetuptoolsDeprecationWarning: setup.py install is deprecated.
[4.141s] !!
[4.141s] 
[4.141s]         ********************************************************************************
[4.141s]         Please avoid running ``setup.py`` directly.
[4.141s]         Instead, use pypa/build, pypa/installer or other
[4.142s]         standards-based tools.
[4.142s] 
[4.142s]         See https://blog.ganssle.io/articles/2021/10/setup-py-deprecated.html for details.
[4.142s]         ********************************************************************************
[4.142s] 
[4.142s] !!
[4.142s]   self.initialize_options()
[4.152s] running install_lib
[4.191s] running install_data
[4.228s] running install_egg_info
[4.268s] removing '/home/kanja-koduki/buck_ws/install/model_py/lib/python3.10/site-packages/model_py-0.0.0-py3.10.egg-info' (and everything under it)
[4.268s] Copying ../../build/model_py/model_py.egg-info to /home/kanja-koduki/buck_ws/install/model_py/lib/python3.10/site-packages/model_py-0.0.0-py3.10.egg-info
[4.270s] running install_scripts
[4.622s] writing list of installed files to '/home/kanja-koduki/buck_ws/build/model_py/install.log'
[4.670s] Invoked command in '/home/kanja-koduki/buck_ws/src/model_py' returned '0': PYTHONPATH=/home/kanja-koduki/buck_ws/build/model_py/prefix_override:/home/kanja-koduki/buck_ws/install/model_py/lib/python3.10/site-packages:${PYTHONPATH} /usr/bin/python3 setup.py egg_info --egg-base ../../build/model_py build --build-base /home/kanja-koduki/buck_ws/build/model_py/build install --record /home/kanja-koduki/buck_ws/build/model_py/install.log --single-version-externally-managed
