[1.482s] Invoking command in '/home/kanja-koduki/buck_ws/src/my_point': PYTHONPATH=/home/kanja-koduki/buck_ws/build/my_point/prefix_override:/home/kanja-koduki/buck_ws/install/my_point/lib/python3.10/site-packages:${PYTHONPATH} /usr/bin/python3 setup.py egg_info --egg-base ../../build/my_point build --build-base /home/kanja-koduki/buck_ws/build/my_point/build install --record /home/kanja-koduki/buck_ws/build/my_point/install.log --single-version-externally-managed
[1.658s] running egg_info
[1.673s] writing ../../build/my_point/my_point.egg-info/PKG-INFO
[1.674s] writing dependency_links to ../../build/my_point/my_point.egg-info/dependency_links.txt
[1.674s] writing entry points to ../../build/my_point/my_point.egg-info/entry_points.txt
[1.674s] writing requirements to ../../build/my_point/my_point.egg-info/requires.txt
[1.674s] writing top-level names to ../../build/my_point/my_point.egg-info/top_level.txt
[1.706s] reading manifest file '../../build/my_point/my_point.egg-info/SOURCES.txt'
[1.706s] writing manifest file '../../build/my_point/my_point.egg-info/SOURCES.txt'
[1.707s] running build
[1.707s] running build_py
[1.707s] running install
[1.707s] /home/kanja-koduki/.local/lib/python3.10/site-packages/setuptools/_distutils/cmd.py:66: SetuptoolsDeprecationWarning: setup.py install is deprecated.
[1.707s] !!
[1.708s] 
[1.708s]         ********************************************************************************
[1.708s]         Please avoid running ``setup.py`` directly.
[1.708s]         Instead, use pypa/build, pypa/installer or other
[1.708s]         standards-based tools.
[1.708s] 
[1.708s]         See https://blog.ganssle.io/articles/2021/10/setup-py-deprecated.html for details.
[1.708s]         ********************************************************************************
[1.708s] 
[1.708s] !!
[1.708s]   self.initialize_options()
[1.712s] running install_lib
[1.728s] running install_data
[1.742s] running install_egg_info
[1.759s] removing '/home/kanja-koduki/buck_ws/install/my_point/lib/python3.10/site-packages/my_point-0.0.0-py3.10.egg-info' (and everything under it)
[1.760s] Copying ../../build/my_point/my_point.egg-info to /home/kanja-koduki/buck_ws/install/my_point/lib/python3.10/site-packages/my_point-0.0.0-py3.10.egg-info
[1.761s] running install_scripts
[1.911s] Installing base_link_publisher script to /home/kanja-koduki/buck_ws/install/my_point/lib/my_point
[1.911s] Installing point_node script to /home/kanja-koduki/buck_ws/install/my_point/lib/my_point
[1.912s] writing list of installed files to '/home/kanja-koduki/buck_ws/build/my_point/install.log'
[1.935s] Invoked command in '/home/kanja-koduki/buck_ws/src/my_point' returned '0': PYTHONPATH=/home/kanja-koduki/buck_ws/build/my_point/prefix_override:/home/kanja-koduki/buck_ws/install/my_point/lib/python3.10/site-packages:${PYTHONPATH} /usr/bin/python3 setup.py egg_info --egg-base ../../build/my_point build --build-base /home/kanja-koduki/buck_ws/build/my_point/build install --record /home/kanja-koduki/buck_ws/build/my_point/install.log --single-version-externally-managed
