[4.325s] Invoking command in '/home/kanja-koduki/buck_ws/src/model_py': PYTHONPATH=/home/kanja-koduki/buck_ws/build/model_py/prefix_override:/home/kanja-koduki/buck_ws/install/model_py/lib/python3.10/site-packages:${PYTHONPATH} /usr/bin/python3 setup.py egg_info --egg-base ../../build/model_py build --build-base /home/kanja-koduki/buck_ws/build/model_py/build install --record /home/kanja-koduki/buck_ws/build/model_py/install.log --single-version-externally-managed
[4.823s] running egg_info
[4.859s] writing ../../build/model_py/model_py.egg-info/PKG-INFO
[4.860s] writing dependency_links to ../../build/model_py/model_py.egg-info/dependency_links.txt
[4.860s] writing requirements to ../../build/model_py/model_py.egg-info/requires.txt
[4.861s] writing top-level names to ../../build/model_py/model_py.egg-info/top_level.txt
[4.935s] reading manifest file '../../build/model_py/model_py.egg-info/SOURCES.txt'
[4.937s] writing manifest file '../../build/model_py/model_py.egg-info/SOURCES.txt'
[4.938s] running build
[4.938s] running build_py
[4.938s] running install
[4.939s] /home/kanja-koduki/.local/lib/python3.10/site-packages/setuptools/_distutils/cmd.py:66: SetuptoolsDeprecationWarning: setup.py install is deprecated.
[4.939s] !!
[4.939s] 
[4.939s]         ********************************************************************************
[4.939s]         Please avoid running ``setup.py`` directly.
[4.940s]         Instead, use pypa/build, pypa/installer or other
[4.940s]         standards-based tools.
[4.940s] 
[4.940s]         See https://blog.ganssle.io/articles/2021/10/setup-py-deprecated.html for details.
[4.940s]         ********************************************************************************
[4.941s] 
[4.941s] !!
[4.941s]   self.initialize_options()
[4.949s] running install_lib
[4.987s] running install_data
[5.024s] copying urdf/depthcamera.urdf.xacro -> /home/kanja-koduki/buck_ws/install/model_py/share/model_py/urdf
[5.025s] running install_egg_info
[5.064s] removing '/home/kanja-koduki/buck_ws/install/model_py/lib/python3.10/site-packages/model_py-0.0.0-py3.10.egg-info' (and everything under it)
[5.065s] Copying ../../build/model_py/model_py.egg-info to /home/kanja-koduki/buck_ws/install/model_py/lib/python3.10/site-packages/model_py-0.0.0-py3.10.egg-info
[5.066s] running install_scripts
[5.412s] writing list of installed files to '/home/kanja-koduki/buck_ws/build/model_py/install.log'
[5.461s] Invoked command in '/home/kanja-koduki/buck_ws/src/model_py' returned '0': PYTHONPATH=/home/kanja-koduki/buck_ws/build/model_py/prefix_override:/home/kanja-koduki/buck_ws/install/model_py/lib/python3.10/site-packages:${PYTHONPATH} /usr/bin/python3 setup.py egg_info --egg-base ../../build/model_py build --build-base /home/kanja-koduki/buck_ws/build/model_py/build install --record /home/kanja-koduki/buck_ws/build/model_py/install.log --single-version-externally-managed
