[4.906s] Invoking command in '/home/kanja-koduki/buck_ws/src/model_py': PYTHONPATH=/home/kanja-koduki/buck_ws/build/model_py/prefix_override:/home/kanja-koduki/buck_ws/install/model_py/lib/python3.10/site-packages:${PYTHONPATH} /usr/bin/python3 setup.py egg_info --egg-base ../../build/model_py build --build-base /home/kanja-koduki/buck_ws/build/model_py/build install --record /home/kanja-koduki/buck_ws/build/model_py/install.log --single-version-externally-managed
[5.438s] running egg_info
[5.486s] writing ../../build/model_py/model_py.egg-info/PKG-INFO
[5.487s] writing dependency_links to ../../build/model_py/model_py.egg-info/dependency_links.txt
[5.488s] writing requirements to ../../build/model_py/model_py.egg-info/requires.txt
[5.488s] writing top-level names to ../../build/model_py/model_py.egg-info/top_level.txt
[5.584s] reading manifest file '../../build/model_py/model_py.egg-info/SOURCES.txt'
[5.587s] writing manifest file '../../build/model_py/model_py.egg-info/SOURCES.txt'
[5.587s] running build
[5.587s] running build_py
[5.588s] running install
[5.588s] /home/kanja-koduki/.local/lib/python3.10/site-packages/setuptools/_distutils/cmd.py:66: SetuptoolsDeprecationWarning: setup.py install is deprecated.
[5.589s] !!
[5.589s] 
[5.589s]         ********************************************************************************
[5.589s]         Please avoid running ``setup.py`` directly.
[5.589s]         Instead, use pypa/build, pypa/installer or other
[5.590s]         standards-based tools.
[5.590s] 
[5.590s]         See https://blog.ganssle.io/articles/2021/10/setup-py-deprecated.html for details.
[5.590s]         ********************************************************************************
[5.591s] 
[5.591s] !!
[5.591s]   self.initialize_options()
[5.604s] running install_lib
[5.651s] running install_data
[5.700s] copying launch/launch_sim.launch.py -> /home/kanja-koduki/buck_ws/install/model_py/share/model_py/launch
[5.702s] running install_egg_info
[5.754s] removing '/home/kanja-koduki/buck_ws/install/model_py/lib/python3.10/site-packages/model_py-0.0.0-py3.10.egg-info' (and everything under it)
[5.755s] Copying ../../build/model_py/model_py.egg-info to /home/kanja-koduki/buck_ws/install/model_py/lib/python3.10/site-packages/model_py-0.0.0-py3.10.egg-info
[5.756s] running install_scripts
[6.188s] writing list of installed files to '/home/kanja-koduki/buck_ws/build/model_py/install.log'
[6.431s] Invoked command in '/home/kanja-koduki/buck_ws/src/model_py' returned '0': PYTHONPATH=/home/kanja-koduki/buck_ws/build/model_py/prefix_override:/home/kanja-koduki/buck_ws/install/model_py/lib/python3.10/site-packages:${PYTHONPATH} /usr/bin/python3 setup.py egg_info --egg-base ../../build/model_py build --build-base /home/kanja-koduki/buck_ws/build/model_py/build install --record /home/kanja-koduki/buck_ws/build/model_py/install.log --single-version-externally-managed
