[4.434s] Invoking command in '/home/kanja-koduki/buck_ws/src/model_py': PYTHONPATH=/home/kanja-koduki/buck_ws/build/model_py/prefix_override:/home/kanja-koduki/buck_ws/install/model_py/lib/python3.10/site-packages:${PYTHONPATH} /usr/bin/python3 setup.py egg_info --egg-base ../../build/model_py build --build-base /home/kanja-koduki/buck_ws/build/model_py/build install --record /home/kanja-koduki/buck_ws/build/model_py/install.log --single-version-externally-managed
[4.952s] running egg_info
[4.992s] writing ../../build/model_py/model_py.egg-info/PKG-INFO
[4.993s] writing dependency_links to ../../build/model_py/model_py.egg-info/dependency_links.txt
[4.993s] writing requirements to ../../build/model_py/model_py.egg-info/requires.txt
[4.994s] writing top-level names to ../../build/model_py/model_py.egg-info/top_level.txt
[5.088s] reading manifest file '../../build/model_py/model_py.egg-info/SOURCES.txt'
[5.092s] writing manifest file '../../build/model_py/model_py.egg-info/SOURCES.txt'
[5.092s] running build
[5.092s] running build_py
[5.093s] running install
[5.094s] /home/kanja-koduki/.local/lib/python3.10/site-packages/setuptools/_distutils/cmd.py:66: SetuptoolsDeprecationWarning: setup.py install is deprecated.
[5.094s] !!
[5.094s] 
[5.095s]         ********************************************************************************
[5.095s]         Please avoid running ``setup.py`` directly.
[5.095s]         Instead, use pypa/build, pypa/installer or other
[5.095s]         standards-based tools.
[5.095s] 
[5.095s]         See https://blog.ganssle.io/articles/2021/10/setup-py-deprecated.html for details.
[5.096s]         ********************************************************************************
[5.096s] 
[5.096s] !!
[5.096s]   self.initialize_options()
[5.109s] running install_lib
[5.148s] running install_data
[5.189s] copying launch/launch_sim.launch.py -> /home/kanja-koduki/buck_ws/install/model_py/share/model_py/launch
[5.189s] running install_egg_info
[5.230s] removing '/home/kanja-koduki/buck_ws/install/model_py/lib/python3.10/site-packages/model_py-0.0.0-py3.10.egg-info' (and everything under it)
[5.231s] Copying ../../build/model_py/model_py.egg-info to /home/kanja-koduki/buck_ws/install/model_py/lib/python3.10/site-packages/model_py-0.0.0-py3.10.egg-info
[5.233s] running install_scripts
[5.603s] writing list of installed files to '/home/kanja-koduki/buck_ws/build/model_py/install.log'
[5.788s] Invoked command in '/home/kanja-koduki/buck_ws/src/model_py' returned '0': PYTHONPATH=/home/kanja-koduki/buck_ws/build/model_py/prefix_override:/home/kanja-koduki/buck_ws/install/model_py/lib/python3.10/site-packages:${PYTHONPATH} /usr/bin/python3 setup.py egg_info --egg-base ../../build/model_py build --build-base /home/kanja-koduki/buck_ws/build/model_py/build install --record /home/kanja-koduki/buck_ws/build/model_py/install.log --single-version-externally-managed
