[2.963s] Invoking command in '/home/kanja-koduki/buck_ws/src/model_py': PYTHONPATH=/home/kanja-koduki/buck_ws/build/model_py/prefix_override:/home/kanja-koduki/buck_ws/install/model_py/lib/python3.10/site-packages:${PYTHONPATH} /usr/bin/python3 setup.py egg_info --egg-base ../../build/model_py build --build-base /home/kanja-koduki/buck_ws/build/model_py/build install --record /home/kanja-koduki/buck_ws/build/model_py/install.log --single-version-externally-managed
[3.438s] running egg_info
[3.476s] writing ../../build/model_py/model_py.egg-info/PKG-INFO
[3.476s] writing dependency_links to ../../build/model_py/model_py.egg-info/dependency_links.txt
[3.477s] writing requirements to ../../build/model_py/model_py.egg-info/requires.txt
[3.477s] writing top-level names to ../../build/model_py/model_py.egg-info/top_level.txt
[3.552s] reading manifest file '../../build/model_py/model_py.egg-info/SOURCES.txt'
[3.554s] writing manifest file '../../build/model_py/model_py.egg-info/SOURCES.txt'
[3.554s] running build
[3.554s] running build_py
[3.554s] running install
[3.558s] /home/kanja-koduki/.local/lib/python3.10/site-packages/setuptools/_distutils/cmd.py:66: SetuptoolsDeprecationWarning: setup.py install is deprecated.
[3.558s] !!
[3.558s] 
[3.558s]         ********************************************************************************
[3.559s]         Please avoid running ``setup.py`` directly.
[3.559s]         Instead, use pypa/build, pypa/installer or other
[3.559s]         standards-based tools.
[3.559s] 
[3.559s]         See https://blog.ganssle.io/articles/2021/10/setup-py-deprecated.html for details.
[3.559s]         ********************************************************************************
[3.560s] 
[3.560s] !!
[3.560s]   self.initialize_options()
[3.569s] running install_lib
[3.606s] running install_data
[3.643s] copying urdf/robot_core.urdf.xacro -> /home/kanja-koduki/buck_ws/install/model_py/share/model_py/urdf
[3.643s] running install_egg_info
[3.682s] removing '/home/kanja-koduki/buck_ws/install/model_py/lib/python3.10/site-packages/model_py-0.0.0-py3.10.egg-info' (and everything under it)
[3.682s] Copying ../../build/model_py/model_py.egg-info to /home/kanja-koduki/buck_ws/install/model_py/lib/python3.10/site-packages/model_py-0.0.0-py3.10.egg-info
[3.685s] running install_scripts
[4.021s] writing list of installed files to '/home/kanja-koduki/buck_ws/build/model_py/install.log'
[4.070s] Invoked command in '/home/kanja-koduki/buck_ws/src/model_py' returned '0': PYTHONPATH=/home/kanja-koduki/buck_ws/build/model_py/prefix_override:/home/kanja-koduki/buck_ws/install/model_py/lib/python3.10/site-packages:${PYTHONPATH} /usr/bin/python3 setup.py egg_info --egg-base ../../build/model_py build --build-base /home/kanja-koduki/buck_ws/build/model_py/build install --record /home/kanja-koduki/buck_ws/build/model_py/install.log --single-version-externally-managed
