[4.016s] Invoking command in '/home/kanja-koduki/buck_ws/src/my_point': PYTHONPATH=/home/kanja-koduki/buck_ws/build/my_point/prefix_override:/home/kanja-koduki/buck_ws/install/my_point/lib/python3.10/site-packages:${PYTHONPATH} /usr/bin/python3 setup.py egg_info --egg-base ../../build/my_point build --build-base /home/kanja-koduki/buck_ws/build/my_point/build install --record /home/kanja-koduki/buck_ws/build/my_point/install.log --single-version-externally-managed
[4.519s] running egg_info
[4.560s] writing ../../build/my_point/my_point.egg-info/PKG-INFO
[4.561s] writing dependency_links to ../../build/my_point/my_point.egg-info/dependency_links.txt
[4.561s] writing entry points to ../../build/my_point/my_point.egg-info/entry_points.txt
[4.562s] writing requirements to ../../build/my_point/my_point.egg-info/requires.txt
[4.562s] writing top-level names to ../../build/my_point/my_point.egg-info/top_level.txt
[4.658s] reading manifest file '../../build/my_point/my_point.egg-info/SOURCES.txt'
[4.660s] writing manifest file '../../build/my_point/my_point.egg-info/SOURCES.txt'
[4.661s] running build
[4.661s] running build_py
[4.662s] running install
[4.663s] /home/kanja-koduki/.local/lib/python3.10/site-packages/setuptools/_distutils/cmd.py:66: SetuptoolsDeprecationWarning: setup.py install is deprecated.
[4.663s] !!
[4.663s] 
[4.663s]         ********************************************************************************
[4.663s]         Please avoid running ``setup.py`` directly.
[4.664s]         Instead, use pypa/build, pypa/installer or other
[4.664s]         standards-based tools.
[4.664s] 
[4.664s]         See https://blog.ganssle.io/articles/2021/10/setup-py-deprecated.html for details.
[4.664s]         ********************************************************************************
[4.664s] 
[4.664s] !!
[4.665s]   self.initialize_options()
[4.678s] running install_lib
[4.718s] running install_data
[4.757s] running install_egg_info
[4.796s] removing '/home/kanja-koduki/buck_ws/install/my_point/lib/python3.10/site-packages/my_point-0.0.0-py3.10.egg-info' (and everything under it)
[4.797s] Copying ../../build/my_point/my_point.egg-info to /home/kanja-koduki/buck_ws/install/my_point/lib/python3.10/site-packages/my_point-0.0.0-py3.10.egg-info
[4.799s] running install_scripts
[5.175s] Installing base_link_publisher script to /home/kanja-koduki/buck_ws/install/my_point/lib/my_point
[5.175s] Installing camera_pub script to /home/kanja-koduki/buck_ws/install/my_point/lib/my_point
[5.176s] Installing camera_sub script to /home/kanja-koduki/buck_ws/install/my_point/lib/my_point
[5.176s] Installing lidar_publisher script to /home/kanja-koduki/buck_ws/install/my_point/lib/my_point
[5.176s] Installing pcd_to_map_node script to /home/kanja-koduki/buck_ws/install/my_point/lib/my_point
[5.176s] Installing point_node script to /home/kanja-koduki/buck_ws/install/my_point/lib/my_point
[5.178s] writing list of installed files to '/home/kanja-koduki/buck_ws/build/my_point/install.log'
[5.232s] Invoked command in '/home/kanja-koduki/buck_ws/src/my_point' returned '0': PYTHONPATH=/home/kanja-koduki/buck_ws/build/my_point/prefix_override:/home/kanja-koduki/buck_ws/install/my_point/lib/python3.10/site-packages:${PYTHONPATH} /usr/bin/python3 setup.py egg_info --egg-base ../../build/my_point build --build-base /home/kanja-koduki/buck_ws/build/my_point/build install --record /home/kanja-koduki/buck_ws/build/my_point/install.log --single-version-externally-managed
