[2.927s] [34mcolcon[0m [1;30mDEBUG[0m [32mCommand line arguments: ['/usr/bin/colcon', 'build'][0m
[2.927s] [34mcolcon[0m [1;30mDEBUG[0m [32mParsed command line arguments: Namespace(log_base=None, log_level=None, verb_name='build', build_base='build', install_base='install', merge_install=False, symlink_install=False, test_result_base=None, continue_on_error=False, executor='parallel', parallel_workers=8, event_handlers=None, ignore_user_meta=False, metas=['./colcon.meta'], base_paths=['.'], packages_ignore=None, packages_ignore_regex=None, paths=None, packages_up_to=None, packages_up_to_regex=None, packages_above=None, packages_above_and_dependencies=None, packages_above_depth=None, packages_select_by_dep=None, packages_skip_by_dep=None, packages_skip_up_to=None, packages_select_build_failed=False, packages_skip_build_finished=False, packages_select_test_failures=False, packages_skip_test_passed=False, packages_select=None, packages_skip=None, packages_select_regex=None, packages_skip_regex=None, packages_start=None, packages_end=None, allow_overriding=[], cmake_args=None, cmake_target=None, cmake_target_skip_unavailable=False, cmake_clean_cache=False, cmake_clean_first=False, cmake_force_configure=False, ament_cmake_args=None, catkin_cmake_args=None, catkin_skip_building_tests=False, verb_parser=<colcon_defaults.argument_parser.defaults.DefaultArgumentsDecorator object at 0x7f016dc485e0>, verb_extension=<colcon_core.verb.build.BuildVerb object at 0x7f016dc4bbe0>, main=<bound method BuildVerb.main of <colcon_core.verb.build.BuildVerb object at 0x7f016dc4bbe0>>)[0m
[3.140s] [34mcolcon.colcon_core.package_discovery[0m [1;30mLevel 1[0m discover_packages(colcon_meta) check parameters
[3.141s] [34mcolcon.colcon_core.package_discovery[0m [1;30mLevel 1[0m discover_packages(recursive) check parameters
[3.141s] [34mcolcon.colcon_core.package_discovery[0m [1;30mLevel 1[0m discover_packages(ignore) check parameters
[3.141s] [34mcolcon.colcon_core.package_discovery[0m [1;30mLevel 1[0m discover_packages(path) check parameters
[3.141s] [34mcolcon.colcon_core.package_discovery[0m [1;30mLevel 1[0m discover_packages(colcon_meta) discover
[3.141s] [34mcolcon.colcon_core.package_discovery[0m [1;30mLevel 1[0m discover_packages(recursive) discover
[3.141s] [34mcolcon.colcon_core.package_discovery[0m [1;30mINFO[0m Crawling recursively for packages in '/home/kanja-koduki/buck_ws'
[3.141s] [34mcolcon.colcon_core.package_identification[0m [1;30mLevel 1[0m _identify(.) by extensions ['ignore', 'ignore_ament_install']
[3.142s] [34mcolcon.colcon_core.package_identification[0m [1;30mLevel 1[0m _identify(.) by extension 'ignore'
[3.142s] [34mcolcon.colcon_core.package_identification[0m [1;30mLevel 1[0m _identify(.) by extension 'ignore_ament_install'
[3.142s] [34mcolcon.colcon_core.package_identification[0m [1;30mLevel 1[0m _identify(.) by extensions ['colcon_pkg']
[3.142s] [34mcolcon.colcon_core.package_identification[0m [1;30mLevel 1[0m _identify(.) by extension 'colcon_pkg'
[3.142s] [34mcolcon.colcon_core.package_identification[0m [1;30mLevel 1[0m _identify(.) by extensions ['colcon_meta']
[3.142s] [34mcolcon.colcon_core.package_identification[0m [1;30mLevel 1[0m _identify(.) by extension 'colcon_meta'
[3.142s] [34mcolcon.colcon_core.package_identification[0m [1;30mLevel 1[0m _identify(.) by extensions ['ros']
[3.143s] [34mcolcon.colcon_core.package_identification[0m [1;30mLevel 1[0m _identify(.) by extension 'ros'
[3.189s] [34mcolcon.colcon_core.package_identification[0m [1;30mLevel 1[0m _identify(.) by extensions ['cmake', 'python']
[3.189s] [34mcolcon.colcon_core.package_identification[0m [1;30mLevel 1[0m _identify(.) by extension 'cmake'
[3.190s] [34mcolcon.colcon_core.package_identification[0m [1;30mLevel 1[0m _identify(.) by extension 'python'
[3.190s] [34mcolcon.colcon_core.package_identification[0m [1;30mLevel 1[0m _identify(.) by extensions ['python_setup_py']
[3.190s] [34mcolcon.colcon_core.package_identification[0m [1;30mLevel 1[0m _identify(.) by extension 'python_setup_py'
[3.190s] [34mcolcon.colcon_core.package_identification[0m [1;30mLevel 1[0m _identify(build) by extensions ['ignore', 'ignore_ament_install']
[3.191s] [34mcolcon.colcon_core.package_identification[0m [1;30mLevel 1[0m _identify(build) by extension 'ignore'
[3.191s] [34mcolcon.colcon_core.package_identification[0m [1;30mLevel 1[0m _identify(build) ignored
[3.191s] [34mcolcon.colcon_core.package_identification[0m [1;30mLevel 1[0m _identify(install) by extensions ['ignore', 'ignore_ament_install']
[3.191s] [34mcolcon.colcon_core.package_identification[0m [1;30mLevel 1[0m _identify(install) by extension 'ignore'
[3.191s] [34mcolcon.colcon_core.package_identification[0m [1;30mLevel 1[0m _identify(install) ignored
[3.192s] [34mcolcon.colcon_core.package_identification[0m [1;30mLevel 1[0m _identify(log) by extensions ['ignore', 'ignore_ament_install']
[3.193s] [34mcolcon.colcon_core.package_identification[0m [1;30mLevel 1[0m _identify(log) by extension 'ignore'
[3.193s] [34mcolcon.colcon_core.package_identification[0m [1;30mLevel 1[0m _identify(log) ignored
[3.193s] [34mcolcon.colcon_core.package_identification[0m [1;30mLevel 1[0m _identify(src) by extensions ['ignore', 'ignore_ament_install']
[3.193s] [34mcolcon.colcon_core.package_identification[0m [1;30mLevel 1[0m _identify(src) by extension 'ignore'
[3.193s] [34mcolcon.colcon_core.package_identification[0m [1;30mLevel 1[0m _identify(src) by extension 'ignore_ament_install'
[3.194s] [34mcolcon.colcon_core.package_identification[0m [1;30mLevel 1[0m _identify(src) by extensions ['colcon_pkg']
[3.194s] [34mcolcon.colcon_core.package_identification[0m [1;30mLevel 1[0m _identify(src) by extension 'colcon_pkg'
[3.194s] [34mcolcon.colcon_core.package_identification[0m [1;30mLevel 1[0m _identify(src) by extensions ['colcon_meta']
[3.194s] [34mcolcon.colcon_core.package_identification[0m [1;30mLevel 1[0m _identify(src) by extension 'colcon_meta'
[3.194s] [34mcolcon.colcon_core.package_identification[0m [1;30mLevel 1[0m _identify(src) by extensions ['ros']
[3.194s] [34mcolcon.colcon_core.package_identification[0m [1;30mLevel 1[0m _identify(src) by extension 'ros'
[3.194s] [34mcolcon.colcon_core.package_identification[0m [1;30mLevel 1[0m _identify(src) by extensions ['cmake', 'python']
[3.195s] [34mcolcon.colcon_core.package_identification[0m [1;30mLevel 1[0m _identify(src) by extension 'cmake'
[3.195s] [34mcolcon.colcon_core.package_identification[0m [1;30mLevel 1[0m _identify(src) by extension 'python'
[3.195s] [34mcolcon.colcon_core.package_identification[0m [1;30mLevel 1[0m _identify(src) by extensions ['python_setup_py']
[3.195s] [34mcolcon.colcon_core.package_identification[0m [1;30mLevel 1[0m _identify(src) by extension 'python_setup_py'
[3.195s] [34mcolcon.colcon_core.package_identification[0m [1;30mLevel 1[0m _identify(src/model_py) by extensions ['ignore', 'ignore_ament_install']
[3.195s] [34mcolcon.colcon_core.package_identification[0m [1;30mLevel 1[0m _identify(src/model_py) by extension 'ignore'
[3.196s] [34mcolcon.colcon_core.package_identification[0m [1;30mLevel 1[0m _identify(src/model_py) by extension 'ignore_ament_install'
[3.196s] [34mcolcon.colcon_core.package_identification[0m [1;30mLevel 1[0m _identify(src/model_py) by extensions ['colcon_pkg']
[3.196s] [34mcolcon.colcon_core.package_identification[0m [1;30mLevel 1[0m _identify(src/model_py) by extension 'colcon_pkg'
[3.196s] [34mcolcon.colcon_core.package_identification[0m [1;30mLevel 1[0m _identify(src/model_py) by extensions ['colcon_meta']
[3.196s] [34mcolcon.colcon_core.package_identification[0m [1;30mLevel 1[0m _identify(src/model_py) by extension 'colcon_meta'
[3.196s] [34mcolcon.colcon_core.package_identification[0m [1;30mLevel 1[0m _identify(src/model_py) by extensions ['ros']
[3.196s] [34mcolcon.colcon_core.package_identification[0m [1;30mLevel 1[0m _identify(src/model_py) by extension 'ros'
[3.205s] [34mcolcon.colcon_core.package_identification[0m [1;30mDEBUG[0m [32mPackage 'src/model_py' with type 'ros.ament_python' and name 'model_py'[0m
[3.205s] [34mcolcon.colcon_core.package_identification[0m [1;30mLevel 1[0m _identify(src/my_point) by extensions ['ignore', 'ignore_ament_install']
[3.206s] [34mcolcon.colcon_core.package_identification[0m [1;30mLevel 1[0m _identify(src/my_point) by extension 'ignore'
[3.206s] [34mcolcon.colcon_core.package_identification[0m [1;30mLevel 1[0m _identify(src/my_point) by extension 'ignore_ament_install'
[3.206s] [34mcolcon.colcon_core.package_identification[0m [1;30mLevel 1[0m _identify(src/my_point) by extensions ['colcon_pkg']
[3.206s] [34mcolcon.colcon_core.package_identification[0m [1;30mLevel 1[0m _identify(src/my_point) by extension 'colcon_pkg'
[3.206s] [34mcolcon.colcon_core.package_identification[0m [1;30mLevel 1[0m _identify(src/my_point) by extensions ['colcon_meta']
[3.207s] [34mcolcon.colcon_core.package_identification[0m [1;30mLevel 1[0m _identify(src/my_point) by extension 'colcon_meta'
[3.207s] [34mcolcon.colcon_core.package_identification[0m [1;30mLevel 1[0m _identify(src/my_point) by extensions ['ros']
[3.207s] [34mcolcon.colcon_core.package_identification[0m [1;30mLevel 1[0m _identify(src/my_point) by extension 'ros'
[3.209s] [34mcolcon.colcon_core.package_identification[0m [1;30mDEBUG[0m [32mPackage 'src/my_point' with type 'ros.ament_python' and name 'my_point'[0m
[3.209s] [34mcolcon.colcon_core.package_identification[0m [1;30mLevel 1[0m _identify(src/robot_description) by extensions ['ignore', 'ignore_ament_install']
[3.209s] [34mcolcon.colcon_core.package_identification[0m [1;30mLevel 1[0m _identify(src/robot_description) by extension 'ignore'
[3.210s] [34mcolcon.colcon_core.package_identification[0m [1;30mLevel 1[0m _identify(src/robot_description) by extension 'ignore_ament_install'
[3.210s] [34mcolcon.colcon_core.package_identification[0m [1;30mLevel 1[0m _identify(src/robot_description) by extensions ['colcon_pkg']
[3.210s] [34mcolcon.colcon_core.package_identification[0m [1;30mLevel 1[0m _identify(src/robot_description) by extension 'colcon_pkg'
[3.210s] [34mcolcon.colcon_core.package_identification[0m [1;30mLevel 1[0m _identify(src/robot_description) by extensions ['colcon_meta']
[3.210s] [34mcolcon.colcon_core.package_identification[0m [1;30mLevel 1[0m _identify(src/robot_description) by extension 'colcon_meta'
[3.210s] [34mcolcon.colcon_core.package_identification[0m [1;30mLevel 1[0m _identify(src/robot_description) by extensions ['ros']
[3.210s] [34mcolcon.colcon_core.package_identification[0m [1;30mLevel 1[0m _identify(src/robot_description) by extension 'ros'
[3.212s] [34mcolcon.colcon_core.package_identification[0m [1;30mDEBUG[0m [32mPackage 'src/robot_description' with type 'ros.ament_cmake' and name 'robot_description'[0m
[3.212s] [34mcolcon.colcon_core.package_discovery[0m [1;30mLevel 1[0m discover_packages(recursive) using defaults
[3.212s] [34mcolcon.colcon_core.package_discovery[0m [1;30mLevel 1[0m discover_packages(ignore) discover
[3.212s] [34mcolcon.colcon_core.package_discovery[0m [1;30mLevel 1[0m discover_packages(ignore) using defaults
[3.212s] [34mcolcon.colcon_core.package_discovery[0m [1;30mLevel 1[0m discover_packages(path) discover
[3.212s] [34mcolcon.colcon_core.package_discovery[0m [1;30mLevel 1[0m discover_packages(path) using defaults
[3.515s] [34mcolcon.colcon_core.package_discovery[0m [1;30mLevel 1[0m discover_packages(prefix_path) check parameters
[3.515s] [34mcolcon.colcon_core.package_discovery[0m [1;30mLevel 1[0m discover_packages(prefix_path) discover
[3.617s] [34mcolcon.colcon_installed_package_information.package_discovery[0m [1;30mDEBUG[0m [32mFound 1 installed packages in /home/kanja-koduki/zypher_ws/install[0m
[3.671s] [34mcolcon.colcon_installed_package_information.package_discovery[0m [1;30mDEBUG[0m [32mFound 7 installed packages in /home/kanja-koduki/flair_ws/install[0m
[3.744s] [34mcolcon.colcon_installed_package_information.package_discovery[0m [1;30mDEBUG[0m [32mFound 1 installed packages in /home/kanja-koduki/missy_ws/install[0m
[3.800s] [34mcolcon.colcon_installed_package_information.package_discovery[0m [1;30mDEBUG[0m [32mFound 1 installed packages in /home/kanja-koduki/ortega_ws/install[0m
[3.842s] [34mcolcon.colcon_installed_package_information.package_discovery[0m [1;30mDEBUG[0m [32mFound 3 installed packages in /home/kanja-koduki/eyantra23_ws/install[0m
[3.885s] [34mcolcon.colcon_installed_package_information.package_discovery[0m [1;30mDEBUG[0m [32mFound 3 installed packages in /home/kanja-koduki/hannah_ws/install[0m
[3.949s] [34mcolcon.colcon_installed_package_information.package_discovery[0m [1;30mDEBUG[0m [32mFound 2 installed packages in /home/kanja-koduki/niki_ws/install[0m
[3.990s] [34mcolcon.colcon_installed_package_information.package_discovery[0m [1;30mDEBUG[0m [32mFound 7 installed packages in /home/kanja-koduki/buck_ws/install[0m
[4.036s] [34mcolcon.colcon_installed_package_information.package_discovery[0m [1;30mDEBUG[0m [32mFound 486 installed packages in /opt/ros/humble[0m
[4.042s] [34mcolcon.colcon_core.package_discovery[0m [1;30mLevel 1[0m discover_packages(prefix_path) using defaults
[4.326s] [34mcolcon.colcon_core.verb[0m [1;30mLevel 5[0m set package 'model_py' build argument 'cmake_args' from command line to 'None'
[4.327s] [34mcolcon.colcon_core.verb[0m [1;30mLevel 5[0m set package 'model_py' build argument 'cmake_target' from command line to 'None'
[4.327s] [34mcolcon.colcon_core.verb[0m [1;30mLevel 5[0m set package 'model_py' build argument 'cmake_target_skip_unavailable' from command line to 'False'
[4.327s] [34mcolcon.colcon_core.verb[0m [1;30mLevel 5[0m set package 'model_py' build argument 'cmake_clean_cache' from command line to 'False'
[4.327s] [34mcolcon.colcon_core.verb[0m [1;30mLevel 5[0m set package 'model_py' build argument 'cmake_clean_first' from command line to 'False'
[4.327s] [34mcolcon.colcon_core.verb[0m [1;30mLevel 5[0m set package 'model_py' build argument 'cmake_force_configure' from command line to 'False'
[4.327s] [34mcolcon.colcon_core.verb[0m [1;30mLevel 5[0m set package 'model_py' build argument 'ament_cmake_args' from command line to 'None'
[4.327s] [34mcolcon.colcon_core.verb[0m [1;30mLevel 5[0m set package 'model_py' build argument 'catkin_cmake_args' from command line to 'None'
[4.327s] [34mcolcon.colcon_core.verb[0m [1;30mLevel 5[0m set package 'model_py' build argument 'catkin_skip_building_tests' from command line to 'False'
[4.327s] [34mcolcon.colcon_core.verb[0m [1;30mDEBUG[0m [32mBuilding package 'model_py' with the following arguments: {'ament_cmake_args': None, 'build_base': '/home/kanja-koduki/buck_ws/build/model_py', 'catkin_cmake_args': None, 'catkin_skip_building_tests': False, 'cmake_args': None, 'cmake_clean_cache': False, 'cmake_clean_first': False, 'cmake_force_configure': False, 'cmake_target': None, 'cmake_target_skip_unavailable': False, 'install_base': '/home/kanja-koduki/buck_ws/install/model_py', 'merge_install': False, 'path': '/home/kanja-koduki/buck_ws/src/model_py', 'symlink_install': False, 'test_result_base': None}[0m
[4.371s] [34mcolcon.colcon_core.verb[0m [1;30mLevel 5[0m set package 'my_point' build argument 'cmake_args' from command line to 'None'
[4.371s] [34mcolcon.colcon_core.verb[0m [1;30mLevel 5[0m set package 'my_point' build argument 'cmake_target' from command line to 'None'
[4.371s] [34mcolcon.colcon_core.verb[0m [1;30mLevel 5[0m set package 'my_point' build argument 'cmake_target_skip_unavailable' from command line to 'False'
[4.371s] [34mcolcon.colcon_core.verb[0m [1;30mLevel 5[0m set package 'my_point' build argument 'cmake_clean_cache' from command line to 'False'
[4.371s] [34mcolcon.colcon_core.verb[0m [1;30mLevel 5[0m set package 'my_point' build argument 'cmake_clean_first' from command line to 'False'
[4.371s] [34mcolcon.colcon_core.verb[0m [1;30mLevel 5[0m set package 'my_point' build argument 'cmake_force_configure' from command line to 'False'
[4.371s] [34mcolcon.colcon_core.verb[0m [1;30mLevel 5[0m set package 'my_point' build argument 'ament_cmake_args' from command line to 'None'
[4.371s] [34mcolcon.colcon_core.verb[0m [1;30mLevel 5[0m set package 'my_point' build argument 'catkin_cmake_args' from command line to 'None'
[4.371s] [34mcolcon.colcon_core.verb[0m [1;30mLevel 5[0m set package 'my_point' build argument 'catkin_skip_building_tests' from command line to 'False'
[4.371s] [34mcolcon.colcon_core.verb[0m [1;30mDEBUG[0m [32mBuilding package 'my_point' with the following arguments: {'ament_cmake_args': None, 'build_base': '/home/kanja-koduki/buck_ws/build/my_point', 'catkin_cmake_args': None, 'catkin_skip_building_tests': False, 'cmake_args': None, 'cmake_clean_cache': False, 'cmake_clean_first': False, 'cmake_force_configure': False, 'cmake_target': None, 'cmake_target_skip_unavailable': False, 'install_base': '/home/kanja-koduki/buck_ws/install/my_point', 'merge_install': False, 'path': '/home/kanja-koduki/buck_ws/src/my_point', 'symlink_install': False, 'test_result_base': None}[0m
[4.416s] [34mcolcon.colcon_core.verb[0m [1;30mLevel 5[0m set package 'robot_description' build argument 'cmake_args' from command line to 'None'
[4.417s] [34mcolcon.colcon_core.verb[0m [1;30mLevel 5[0m set package 'robot_description' build argument 'cmake_target' from command line to 'None'
[4.417s] [34mcolcon.colcon_core.verb[0m [1;30mLevel 5[0m set package 'robot_description' build argument 'cmake_target_skip_unavailable' from command line to 'False'
[4.417s] [34mcolcon.colcon_core.verb[0m [1;30mLevel 5[0m set package 'robot_description' build argument 'cmake_clean_cache' from command line to 'False'
[4.417s] [34mcolcon.colcon_core.verb[0m [1;30mLevel 5[0m set package 'robot_description' build argument 'cmake_clean_first' from command line to 'False'
[4.417s] [34mcolcon.colcon_core.verb[0m [1;30mLevel 5[0m set package 'robot_description' build argument 'cmake_force_configure' from command line to 'False'
[4.417s] [34mcolcon.colcon_core.verb[0m [1;30mLevel 5[0m set package 'robot_description' build argument 'ament_cmake_args' from command line to 'None'
[4.417s] [34mcolcon.colcon_core.verb[0m [1;30mLevel 5[0m set package 'robot_description' build argument 'catkin_cmake_args' from command line to 'None'
[4.417s] [34mcolcon.colcon_core.verb[0m [1;30mLevel 5[0m set package 'robot_description' build argument 'catkin_skip_building_tests' from command line to 'False'
[4.417s] [34mcolcon.colcon_core.verb[0m [1;30mDEBUG[0m [32mBuilding package 'robot_description' with the following arguments: {'ament_cmake_args': None, 'build_base': '/home/kanja-koduki/buck_ws/build/robot_description', 'catkin_cmake_args': None, 'catkin_skip_building_tests': False, 'cmake_args': None, 'cmake_clean_cache': False, 'cmake_clean_first': False, 'cmake_force_configure': False, 'cmake_target': None, 'cmake_target_skip_unavailable': False, 'install_base': '/home/kanja-koduki/buck_ws/install/robot_description', 'merge_install': False, 'path': '/home/kanja-koduki/buck_ws/src/robot_description', 'symlink_install': False, 'test_result_base': None}[0m
[4.463s] [34mcolcon.colcon_core.executor[0m [1;30mINFO[0m Executing jobs using 'parallel' executor
[4.504s] [34mcolcon.colcon_parallel_executor.executor.parallel[0m [1;30mDEBUG[0m [32mrun_until_complete[0m
[4.505s] [34mcolcon.colcon_ros.task.ament_python.build[0m [1;30mINFO[0m Building ROS package in '/home/kanja-koduki/buck_ws/src/model_py' with build type 'ament_python'
[4.506s] [34mcolcon.colcon_core.shell[0m [1;30mLevel 1[0m create_environment_hook('model_py', 'ament_prefix_path')
[4.561s] [34mcolcon.colcon_core.plugin_system[0m [1;30mINFO[0m Skipping extension 'colcon_core.shell.bat': Not used on non-Windows systems
[4.561s] [34mcolcon.colcon_core.shell[0m [1;30mINFO[0m Creating environment hook '/home/kanja-koduki/buck_ws/install/model_py/share/model_py/hook/ament_prefix_path.ps1'
[4.563s] [34mcolcon.colcon_core.shell[0m [1;30mINFO[0m Creating environment descriptor '/home/kanja-koduki/buck_ws/install/model_py/share/model_py/hook/ament_prefix_path.dsv'
[4.564s] [34mcolcon.colcon_core.shell[0m [1;30mINFO[0m Creating environment hook '/home/kanja-koduki/buck_ws/install/model_py/share/model_py/hook/ament_prefix_path.sh'
[4.616s] [34mcolcon.colcon_core.shell[0m [1;30mINFO[0m Skip shell extension 'powershell' for command environment: Not usable outside of PowerShell
[4.616s] [34mcolcon.colcon_core.shell[0m [1;30mDEBUG[0m [32mSkip shell extension 'dsv' for command environment[0m
[5.061s] [34mcolcon.colcon_ros.task.ament_python.build[0m [1;30mINFO[0m Building ROS package in '/home/kanja-koduki/buck_ws/src/my_point' with build type 'ament_python'
[5.062s] [34mcolcon.colcon_core.shell[0m [1;30mLevel 1[0m create_environment_hook('my_point', 'ament_prefix_path')
[5.105s] [34mcolcon.colcon_core.shell[0m [1;30mINFO[0m Creating environment hook '/home/kanja-koduki/buck_ws/install/my_point/share/my_point/hook/ament_prefix_path.ps1'
[5.106s] [34mcolcon.colcon_core.shell[0m [1;30mINFO[0m Creating environment descriptor '/home/kanja-koduki/buck_ws/install/my_point/share/my_point/hook/ament_prefix_path.dsv'
[5.107s] [34mcolcon.colcon_core.shell[0m [1;30mINFO[0m Creating environment hook '/home/kanja-koduki/buck_ws/install/my_point/share/my_point/hook/ament_prefix_path.sh'
[5.156s] [34mcolcon.colcon_core.shell[0m [1;30mINFO[0m Skip shell extension 'powershell' for command environment: Not usable outside of PowerShell
[5.156s] [34mcolcon.colcon_core.shell[0m [1;30mDEBUG[0m [32mSkip shell extension 'dsv' for command environment[0m
[5.592s] [34mcolcon.colcon_ros.task.ament_cmake.build[0m [1;30mINFO[0m Building ROS package in '/home/kanja-koduki/buck_ws/src/robot_description' with build type 'ament_cmake'
[5.593s] [34mcolcon.colcon_cmake.task.cmake.build[0m [1;30mINFO[0m Building CMake package in '/home/kanja-koduki/buck_ws/src/robot_description'
[5.640s] [34mcolcon.colcon_core.shell[0m [1;30mINFO[0m Skip shell extension 'powershell' for command environment: Not usable outside of PowerShell
[5.640s] [34mcolcon.colcon_core.shell[0m [1;30mDEBUG[0m [32mSkip shell extension 'dsv' for command environment[0m
[6.582s] [34mcolcon.colcon_core.task.python.build[0m [1;30mINFO[0m Building Python package in '/home/kanja-koduki/buck_ws/src/model_py'
[6.627s] [34mcolcon.colcon_core.shell[0m [1;30mINFO[0m Skip shell extension 'powershell' for command environment: Not usable outside of PowerShell
[6.628s] [34mcolcon.colcon_core.shell[0m [1;30mDEBUG[0m [32mSkip shell extension 'dsv' for command environment[0m
[7.567s] [34mcolcon.colcon_core.task.python.build[0m [1;30mINFO[0m Building Python package in '/home/kanja-koduki/buck_ws/src/my_point'
[7.611s] [34mcolcon.colcon_core.shell[0m [1;30mINFO[0m Skip shell extension 'powershell' for command environment: Not usable outside of PowerShell
[7.611s] [34mcolcon.colcon_core.shell[0m [1;30mDEBUG[0m [32mSkip shell extension 'dsv' for command environment[0m
[8.093s] [34mcolcon.colcon_core.event_handler.log_command[0m [1;30mDEBUG[0m [32mInvoking command in '/home/kanja-koduki/buck_ws/build/robot_description': CMAKE_PREFIX_PATH=${CMAKE_PREFIX_PATH}:/home/kanja-koduki/buck_ws/install/my_point:/home/kanja-koduki/buck_ws/install/model_py:/home/kanja-koduki/hannah_ws/install/hannah_bot:/home/kanja-koduki/niki_ws/install/sjtu_drone_bringup:/home/kanja-koduki/zypher_ws/install/prius_sdc_pkg:/home/kanja-koduki/ortega_ws/install/ortega_bot:/opt/ros/humble /home/kanja-koduki/.local/bin/cmake --build /home/kanja-koduki/buck_ws/build/robot_description -- -j8 -l8[0m
[8.265s] [34mcolcon.colcon_core.event_handler.log_command[0m [1;30mDEBUG[0m [32mInvoked command in '/home/kanja-koduki/buck_ws/build/robot_description' returned '0': CMAKE_PREFIX_PATH=${CMAKE_PREFIX_PATH}:/home/kanja-koduki/buck_ws/install/my_point:/home/kanja-koduki/buck_ws/install/model_py:/home/kanja-koduki/hannah_ws/install/hannah_bot:/home/kanja-koduki/niki_ws/install/sjtu_drone_bringup:/home/kanja-koduki/zypher_ws/install/prius_sdc_pkg:/home/kanja-koduki/ortega_ws/install/ortega_bot:/opt/ros/humble /home/kanja-koduki/.local/bin/cmake --build /home/kanja-koduki/buck_ws/build/robot_description -- -j8 -l8[0m
[8.479s] [34mcolcon.colcon_core.event_handler.log_command[0m [1;30mDEBUG[0m [32mInvoking command in '/home/kanja-koduki/buck_ws/build/robot_description': CMAKE_PREFIX_PATH=${CMAKE_PREFIX_PATH}:/home/kanja-koduki/buck_ws/install/my_point:/home/kanja-koduki/buck_ws/install/model_py:/home/kanja-koduki/hannah_ws/install/hannah_bot:/home/kanja-koduki/niki_ws/install/sjtu_drone_bringup:/home/kanja-koduki/zypher_ws/install/prius_sdc_pkg:/home/kanja-koduki/ortega_ws/install/ortega_bot:/opt/ros/humble /home/kanja-koduki/.local/bin/cmake --install /home/kanja-koduki/buck_ws/build/robot_description[0m
[8.563s] [34mcolcon.colcon_core.environment[0m [1;30mLevel 1[0m create_environment_scripts_only(robot_description)
[8.567s] [34mcolcon.colcon_core.event_handler.log_command[0m [1;30mDEBUG[0m [32mInvoked command in '/home/kanja-koduki/buck_ws/build/robot_description' returned '0': CMAKE_PREFIX_PATH=${CMAKE_PREFIX_PATH}:/home/kanja-koduki/buck_ws/install/my_point:/home/kanja-koduki/buck_ws/install/model_py:/home/kanja-koduki/hannah_ws/install/hannah_bot:/home/kanja-koduki/niki_ws/install/sjtu_drone_bringup:/home/kanja-koduki/zypher_ws/install/prius_sdc_pkg:/home/kanja-koduki/ortega_ws/install/ortega_bot:/opt/ros/humble /home/kanja-koduki/.local/bin/cmake --install /home/kanja-koduki/buck_ws/build/robot_description[0m
[8.634s] [34mcolcon.colcon_core.environment[0m [1;30mLevel 1[0m checking '/home/kanja-koduki/buck_ws/install/robot_description' for CMake module files
[8.636s] [34mcolcon.colcon_core.environment[0m [1;30mLevel 1[0m checking '/home/kanja-koduki/buck_ws/install/robot_description' for CMake config files
[8.636s] [34mcolcon.colcon_core.shell[0m [1;30mLevel 1[0m create_environment_hook('robot_description', 'cmake_prefix_path')
[8.712s] [34mcolcon.colcon_core.shell[0m [1;30mINFO[0m Creating environment hook '/home/kanja-koduki/buck_ws/install/robot_description/share/robot_description/hook/cmake_prefix_path.ps1'
[8.713s] [34mcolcon.colcon_core.shell[0m [1;30mINFO[0m Creating environment descriptor '/home/kanja-koduki/buck_ws/install/robot_description/share/robot_description/hook/cmake_prefix_path.dsv'
[8.714s] [34mcolcon.colcon_core.shell[0m [1;30mINFO[0m Creating environment hook '/home/kanja-koduki/buck_ws/install/robot_description/share/robot_description/hook/cmake_prefix_path.sh'
[8.716s] [34mcolcon.colcon_core.environment[0m [1;30mLevel 1[0m checking '/home/kanja-koduki/buck_ws/install/robot_description/bin'
[8.716s] [34mcolcon.colcon_core.environment[0m [1;30mLevel 1[0m checking '/home/kanja-koduki/buck_ws/install/robot_description/lib/pkgconfig/robot_description.pc'
[8.717s] [34mcolcon.colcon_core.environment[0m [1;30mLevel 1[0m checking '/home/kanja-koduki/buck_ws/install/robot_description/lib/python3.10/site-packages'
[8.717s] [34mcolcon.colcon_core.environment[0m [1;30mLevel 1[0m checking '/home/kanja-koduki/buck_ws/install/robot_description/bin'
[8.794s] [34mcolcon.colcon_core.shell[0m [1;30mINFO[0m Creating package script '/home/kanja-koduki/buck_ws/install/robot_description/share/robot_description/package.ps1'
[8.797s] [34mcolcon.colcon_core.shell[0m [1;30mINFO[0m Creating package descriptor '/home/kanja-koduki/buck_ws/install/robot_description/share/robot_description/package.dsv'
[8.798s] [34mcolcon.colcon_core.shell[0m [1;30mINFO[0m Creating package script '/home/kanja-koduki/buck_ws/install/robot_description/share/robot_description/package.sh'
[8.801s] [34mcolcon.colcon_core.shell[0m [1;30mINFO[0m Creating package script '/home/kanja-koduki/buck_ws/install/robot_description/share/robot_description/package.bash'
[8.804s] [34mcolcon.colcon_core.shell[0m [1;30mINFO[0m Creating package script '/home/kanja-koduki/buck_ws/install/robot_description/share/robot_description/package.zsh'
[8.806s] [34mcolcon.colcon_core.environment[0m [1;30mLevel 1[0m create_file_with_runtime_dependencies(/home/kanja-koduki/buck_ws/install/robot_description/share/colcon-core/packages/robot_description)
[9.003s] [34mcolcon.colcon_core.environment[0m [1;30mLevel 1[0m create_environment_scripts_only(robot_description)
[9.078s] [34mcolcon.colcon_core.environment[0m [1;30mLevel 1[0m checking '/home/kanja-koduki/buck_ws/install/robot_description' for CMake module files
[9.080s] [34mcolcon.colcon_core.environment[0m [1;30mLevel 1[0m checking '/home/kanja-koduki/buck_ws/install/robot_description' for CMake config files
[9.080s] [34mcolcon.colcon_core.shell[0m [1;30mLevel 1[0m create_environment_hook('robot_description', 'cmake_prefix_path')
[9.154s] [34mcolcon.colcon_core.shell[0m [1;30mINFO[0m Creating environment hook '/home/kanja-koduki/buck_ws/install/robot_description/share/robot_description/hook/cmake_prefix_path.ps1'
[9.156s] [34mcolcon.colcon_core.shell[0m [1;30mINFO[0m Creating environment descriptor '/home/kanja-koduki/buck_ws/install/robot_description/share/robot_description/hook/cmake_prefix_path.dsv'
[9.157s] [34mcolcon.colcon_core.shell[0m [1;30mINFO[0m Creating environment hook '/home/kanja-koduki/buck_ws/install/robot_description/share/robot_description/hook/cmake_prefix_path.sh'
[9.158s] [34mcolcon.colcon_core.environment[0m [1;30mLevel 1[0m checking '/home/kanja-koduki/buck_ws/install/robot_description/bin'
[9.159s] [34mcolcon.colcon_core.environment[0m [1;30mLevel 1[0m checking '/home/kanja-koduki/buck_ws/install/robot_description/lib/pkgconfig/robot_description.pc'
[9.159s] [34mcolcon.colcon_core.environment[0m [1;30mLevel 1[0m checking '/home/kanja-koduki/buck_ws/install/robot_description/lib/python3.10/site-packages'
[9.160s] [34mcolcon.colcon_core.environment[0m [1;30mLevel 1[0m checking '/home/kanja-koduki/buck_ws/install/robot_description/bin'
[9.234s] [34mcolcon.colcon_core.shell[0m [1;30mINFO[0m Creating package script '/home/kanja-koduki/buck_ws/install/robot_description/share/robot_description/package.ps1'
[9.236s] [34mcolcon.colcon_core.shell[0m [1;30mINFO[0m Creating package descriptor '/home/kanja-koduki/buck_ws/install/robot_description/share/robot_description/package.dsv'
[9.237s] [34mcolcon.colcon_core.shell[0m [1;30mINFO[0m Creating package script '/home/kanja-koduki/buck_ws/install/robot_description/share/robot_description/package.sh'
[9.238s] [34mcolcon.colcon_core.shell[0m [1;30mINFO[0m Creating package script '/home/kanja-koduki/buck_ws/install/robot_description/share/robot_description/package.bash'
[9.239s] [34mcolcon.colcon_core.shell[0m [1;30mINFO[0m Creating package script '/home/kanja-koduki/buck_ws/install/robot_description/share/robot_description/package.zsh'
[9.241s] [34mcolcon.colcon_core.environment[0m [1;30mLevel 1[0m create_file_with_runtime_dependencies(/home/kanja-koduki/buck_ws/install/robot_description/share/colcon-core/packages/robot_description)
[9.943s] [34mcolcon.colcon_core.event_handler.log_command[0m [1;30mDEBUG[0m [32mInvoking command in '/home/kanja-koduki/buck_ws/src/model_py': PYTHONPATH=/home/kanja-koduki/buck_ws/build/model_py/prefix_override:/home/kanja-koduki/buck_ws/install/model_py/lib/python3.10/site-packages:${PYTHONPATH} /usr/bin/python3 setup.py egg_info --egg-base ../../build/model_py build --build-base /home/kanja-koduki/buck_ws/build/model_py/build install --record /home/kanja-koduki/buck_ws/build/model_py/install.log --single-version-externally-managed[0m
[10.008s] [34mcolcon.colcon_core.event_handler.log_command[0m [1;30mDEBUG[0m [32mInvoking command in '/home/kanja-koduki/buck_ws/src/my_point': PYTHONPATH=/home/kanja-koduki/buck_ws/build/my_point/prefix_override:/home/kanja-koduki/buck_ws/install/my_point/lib/python3.10/site-packages:${PYTHONPATH} /usr/bin/python3 setup.py egg_info --egg-base ../../build/my_point build --build-base /home/kanja-koduki/buck_ws/build/my_point/build install --record /home/kanja-koduki/buck_ws/build/my_point/install.log --single-version-externally-managed[0m
[11.402s] [34mcolcon.colcon_core.event_handler.log_command[0m [1;30mDEBUG[0m [32mInvoked command in '/home/kanja-koduki/buck_ws/src/model_py' returned '0': PYTHONPATH=/home/kanja-koduki/buck_ws/build/model_py/prefix_override:/home/kanja-koduki/buck_ws/install/model_py/lib/python3.10/site-packages:${PYTHONPATH} /usr/bin/python3 setup.py egg_info --egg-base ../../build/model_py build --build-base /home/kanja-koduki/buck_ws/build/model_py/build install --record /home/kanja-koduki/buck_ws/build/model_py/install.log --single-version-externally-managed[0m
[11.461s] [34mcolcon.colcon_core.environment[0m [1;30mLevel 1[0m checking '/home/kanja-koduki/buck_ws/install/model_py' for CMake module files
[11.463s] [34mcolcon.colcon_core.environment[0m [1;30mLevel 1[0m checking '/home/kanja-koduki/buck_ws/install/model_py' for CMake config files
[11.464s] [34mcolcon.colcon_core.environment[0m [1;30mLevel 1[0m checking '/home/kanja-koduki/buck_ws/install/model_py/lib'
[11.465s] [34mcolcon.colcon_core.environment[0m [1;30mLevel 1[0m checking '/home/kanja-koduki/buck_ws/install/model_py/bin'
[11.465s] [34mcolcon.colcon_core.environment[0m [1;30mLevel 1[0m checking '/home/kanja-koduki/buck_ws/install/model_py/lib/pkgconfig/model_py.pc'
[11.466s] [34mcolcon.colcon_core.environment[0m [1;30mLevel 1[0m checking '/home/kanja-koduki/buck_ws/install/model_py/lib/python3.10/site-packages'
[11.466s] [34mcolcon.colcon_core.shell[0m [1;30mLevel 1[0m create_environment_hook('model_py', 'pythonpath')
[11.517s] [34mcolcon.colcon_core.shell[0m [1;30mINFO[0m Creating environment hook '/home/kanja-koduki/buck_ws/install/model_py/share/model_py/hook/pythonpath.ps1'
[11.518s] [34mcolcon.colcon_core.shell[0m [1;30mINFO[0m Creating environment descriptor '/home/kanja-koduki/buck_ws/install/model_py/share/model_py/hook/pythonpath.dsv'
[11.519s] [34mcolcon.colcon_core.shell[0m [1;30mINFO[0m Creating environment hook '/home/kanja-koduki/buck_ws/install/model_py/share/model_py/hook/pythonpath.sh'
[11.520s] [34mcolcon.colcon_core.environment[0m [1;30mLevel 1[0m checking '/home/kanja-koduki/buck_ws/install/model_py/bin'
[11.520s] [34mcolcon.colcon_core.environment[0m [1;30mLevel 1[0m create_environment_scripts_only(model_py)
[11.566s] [34mcolcon.colcon_core.shell[0m [1;30mINFO[0m Creating package script '/home/kanja-koduki/buck_ws/install/model_py/share/model_py/package.ps1'
[11.568s] [34mcolcon.colcon_core.shell[0m [1;30mINFO[0m Creating package descriptor '/home/kanja-koduki/buck_ws/install/model_py/share/model_py/package.dsv'
[11.569s] [34mcolcon.colcon_core.shell[0m [1;30mINFO[0m Creating package script '/home/kanja-koduki/buck_ws/install/model_py/share/model_py/package.sh'
[11.570s] [34mcolcon.colcon_core.shell[0m [1;30mINFO[0m Creating package script '/home/kanja-koduki/buck_ws/install/model_py/share/model_py/package.bash'
[11.570s] [34mcolcon.colcon_core.shell[0m [1;30mINFO[0m Creating package script '/home/kanja-koduki/buck_ws/install/model_py/share/model_py/package.zsh'
[11.571s] [34mcolcon.colcon_core.environment[0m [1;30mLevel 1[0m create_file_with_runtime_dependencies(/home/kanja-koduki/buck_ws/install/model_py/share/colcon-core/packages/model_py)
[11.575s] [34mcolcon.colcon_core.event_handler.log_command[0m [1;30mDEBUG[0m [32mInvoked command in '/home/kanja-koduki/buck_ws/src/my_point' returned '0': PYTHONPATH=/home/kanja-koduki/buck_ws/build/my_point/prefix_override:/home/kanja-koduki/buck_ws/install/my_point/lib/python3.10/site-packages:${PYTHONPATH} /usr/bin/python3 setup.py egg_info --egg-base ../../build/my_point build --build-base /home/kanja-koduki/buck_ws/build/my_point/build install --record /home/kanja-koduki/buck_ws/build/my_point/install.log --single-version-externally-managed[0m
[11.620s] [34mcolcon.colcon_core.environment[0m [1;30mLevel 1[0m checking '/home/kanja-koduki/buck_ws/install/my_point' for CMake module files
[11.621s] [34mcolcon.colcon_core.environment[0m [1;30mLevel 1[0m checking '/home/kanja-koduki/buck_ws/install/my_point' for CMake config files
[11.622s] [34mcolcon.colcon_core.environment[0m [1;30mLevel 1[0m checking '/home/kanja-koduki/buck_ws/install/my_point/lib'
[11.622s] [34mcolcon.colcon_core.environment[0m [1;30mLevel 1[0m checking '/home/kanja-koduki/buck_ws/install/my_point/bin'
[11.623s] [34mcolcon.colcon_core.environment[0m [1;30mLevel 1[0m checking '/home/kanja-koduki/buck_ws/install/my_point/lib/pkgconfig/my_point.pc'
[11.623s] [34mcolcon.colcon_core.environment[0m [1;30mLevel 1[0m checking '/home/kanja-koduki/buck_ws/install/my_point/lib/python3.10/site-packages'
[11.623s] [34mcolcon.colcon_core.shell[0m [1;30mLevel 1[0m create_environment_hook('my_point', 'pythonpath')
[11.664s] [34mcolcon.colcon_core.shell[0m [1;30mINFO[0m Creating environment hook '/home/kanja-koduki/buck_ws/install/my_point/share/my_point/hook/pythonpath.ps1'
[11.665s] [34mcolcon.colcon_core.shell[0m [1;30mINFO[0m Creating environment descriptor '/home/kanja-koduki/buck_ws/install/my_point/share/my_point/hook/pythonpath.dsv'
[11.666s] [34mcolcon.colcon_core.shell[0m [1;30mINFO[0m Creating environment hook '/home/kanja-koduki/buck_ws/install/my_point/share/my_point/hook/pythonpath.sh'
[11.667s] [34mcolcon.colcon_core.environment[0m [1;30mLevel 1[0m checking '/home/kanja-koduki/buck_ws/install/my_point/bin'
[11.667s] [34mcolcon.colcon_core.environment[0m [1;30mLevel 1[0m create_environment_scripts_only(my_point)
[11.714s] [34mcolcon.colcon_core.shell[0m [1;30mINFO[0m Creating package script '/home/kanja-koduki/buck_ws/install/my_point/share/my_point/package.ps1'
[11.715s] [34mcolcon.colcon_core.shell[0m [1;30mINFO[0m Creating package descriptor '/home/kanja-koduki/buck_ws/install/my_point/share/my_point/package.dsv'
[11.716s] [34mcolcon.colcon_core.shell[0m [1;30mINFO[0m Creating package script '/home/kanja-koduki/buck_ws/install/my_point/share/my_point/package.sh'
[11.717s] [34mcolcon.colcon_core.shell[0m [1;30mINFO[0m Creating package script '/home/kanja-koduki/buck_ws/install/my_point/share/my_point/package.bash'
[11.717s] [34mcolcon.colcon_core.shell[0m [1;30mINFO[0m Creating package script '/home/kanja-koduki/buck_ws/install/my_point/share/my_point/package.zsh'
[11.718s] [34mcolcon.colcon_core.environment[0m [1;30mLevel 1[0m create_file_with_runtime_dependencies(/home/kanja-koduki/buck_ws/install/my_point/share/colcon-core/packages/my_point)
[11.719s] [34mcolcon.colcon_parallel_executor.executor.parallel[0m [1;30mDEBUG[0m [32mclosing loop[0m
[11.720s] [34mcolcon.colcon_parallel_executor.executor.parallel[0m [1;30mDEBUG[0m [32mloop closed[0m
[11.720s] [34mcolcon.colcon_parallel_executor.executor.parallel[0m [1;30mDEBUG[0m [32mrun_until_complete finished with '0'[0m
[11.720s] [34mcolcon.colcon_core.event_reactor[0m [1;30mDEBUG[0m [32mjoining thread[0m
[11.790s] [34mcolcon.colcon_core.plugin_system[0m [1;30mINFO[0m Skipping extension 'colcon_notification.desktop_notification.terminal_notifier': Not used on non-Darwin systems
[11.790s] [34mcolcon.colcon_core.plugin_system[0m [1;30mINFO[0m Skipping extension 'colcon_notification.desktop_notification.win32': Not used on non-Windows systems
[11.791s] [34mcolcon.colcon_notification.desktop_notification[0m [1;30mINFO[0m Sending desktop notification using 'notify2'
[11.852s] [34mcolcon.colcon_core.event_reactor[0m [1;30mDEBUG[0m [32mjoined thread[0m
[11.923s] [34mcolcon.colcon_core.shell[0m [1;30mINFO[0m Creating prefix script '/home/kanja-koduki/buck_ws/install/local_setup.ps1'
[11.926s] [34mcolcon.colcon_core.shell[0m [1;30mINFO[0m Creating prefix util module '/home/kanja-koduki/buck_ws/install/_local_setup_util_ps1.py'
[11.931s] [34mcolcon.colcon_core.shell[0m [1;30mINFO[0m Creating prefix chain script '/home/kanja-koduki/buck_ws/install/setup.ps1'
[12.003s] [34mcolcon.colcon_core.shell[0m [1;30mINFO[0m Creating prefix script '/home/kanja-koduki/buck_ws/install/local_setup.sh'
[12.005s] [34mcolcon.colcon_core.shell[0m [1;30mINFO[0m Creating prefix util module '/home/kanja-koduki/buck_ws/install/_local_setup_util_sh.py'
[12.006s] [34mcolcon.colcon_core.shell[0m [1;30mINFO[0m Creating prefix chain script '/home/kanja-koduki/buck_ws/install/setup.sh'
[12.079s] [34mcolcon.colcon_core.shell[0m [1;30mINFO[0m Creating prefix script '/home/kanja-koduki/buck_ws/install/local_setup.bash'
[12.080s] [34mcolcon.colcon_core.shell[0m [1;30mINFO[0m Creating prefix chain script '/home/kanja-koduki/buck_ws/install/setup.bash'
[12.154s] [34mcolcon.colcon_core.shell[0m [1;30mINFO[0m Creating prefix script '/home/kanja-koduki/buck_ws/install/local_setup.zsh'
[12.155s] [34mcolcon.colcon_core.shell[0m [1;30mINFO[0m Creating prefix chain script '/home/kanja-koduki/buck_ws/install/setup.zsh'
