[4.409s] Invoking command in '/home/kanja-koduki/buck_ws/src/model_py': PYTHONPATH=/home/kanja-koduki/buck_ws/build/model_py/prefix_override:/home/kanja-koduki/buck_ws/install/model_py/lib/python3.10/site-packages:${PYTHONPATH} /usr/bin/python3 setup.py egg_info --egg-base ../../build/model_py build --build-base /home/kanja-koduki/buck_ws/build/model_py/build install --record /home/kanja-koduki/buck_ws/build/model_py/install.log --single-version-externally-managed
[4.932s] running egg_info
[4.977s] writing ../../build/model_py/model_py.egg-info/PKG-INFO
[4.978s] writing dependency_links to ../../build/model_py/model_py.egg-info/dependency_links.txt
[4.978s] writing requirements to ../../build/model_py/model_py.egg-info/requires.txt
[4.978s] writing top-level names to ../../build/model_py/model_py.egg-info/top_level.txt
[5.053s] reading manifest file '../../build/model_py/model_py.egg-info/SOURCES.txt'
[5.054s] writing manifest file '../../build/model_py/model_py.egg-info/SOURCES.txt'
[5.055s] running build
[5.055s] running build_py
[5.055s] running install
[5.056s] /home/kanja-koduki/.local/lib/python3.10/site-packages/setuptools/_distutils/cmd.py:66: SetuptoolsDeprecationWarning: setup.py install is deprecated.
[5.056s] !!
[5.056s] 
[5.056s]         ********************************************************************************
[5.056s]         Please avoid running ``setup.py`` directly.
[5.056s]         Instead, use pypa/build, pypa/installer or other
[5.057s]         standards-based tools.
[5.057s] 
[5.057s]         See https://blog.ganssle.io/articles/2021/10/setup-py-deprecated.html for details.
[5.057s]         ********************************************************************************
[5.057s] 
[5.057s] !!
[5.057s]   self.initialize_options()
[5.067s] running install_lib
[5.106s] running install_data
[5.144s] copying urdf/depthcamera.urdf.xacro -> /home/kanja-koduki/buck_ws/install/model_py/share/model_py/urdf
[5.144s] running install_egg_info
[5.184s] removing '/home/kanja-koduki/buck_ws/install/model_py/lib/python3.10/site-packages/model_py-0.0.0-py3.10.egg-info' (and everything under it)
[5.184s] Copying ../../build/model_py/model_py.egg-info to /home/kanja-koduki/buck_ws/install/model_py/lib/python3.10/site-packages/model_py-0.0.0-py3.10.egg-info
[5.186s] running install_scripts
[5.531s] writing list of installed files to '/home/kanja-koduki/buck_ws/build/model_py/install.log'
[5.582s] Invoked command in '/home/kanja-koduki/buck_ws/src/model_py' returned '0': PYTHONPATH=/home/kanja-koduki/buck_ws/build/model_py/prefix_override:/home/kanja-koduki/buck_ws/install/model_py/lib/python3.10/site-packages:${PYTHONPATH} /usr/bin/python3 setup.py egg_info --egg-base ../../build/model_py build --build-base /home/kanja-koduki/buck_ws/build/model_py/build install --record /home/kanja-koduki/buck_ws/build/model_py/install.log --single-version-externally-managed
