[1.732s] Invoking command in '/home/kanja-koduki/buck_ws/src/my_point': PYTHONPATH=/home/kanja-koduki/buck_ws/build/my_point/prefix_override:/home/kanja-koduki/buck_ws/install/my_point/lib/python3.10/site-packages:${PYTHONPATH} /usr/bin/python3 setup.py egg_info --egg-base ../../build/my_point build --build-base /home/kanja-koduki/buck_ws/build/my_point/build install --record /home/kanja-koduki/buck_ws/build/my_point/install.log --single-version-externally-managed
[1.944s] running egg_info
[1.968s] writing ../../build/my_point/my_point.egg-info/PKG-INFO
[1.968s] writing dependency_links to ../../build/my_point/my_point.egg-info/dependency_links.txt
[1.968s] writing entry points to ../../build/my_point/my_point.egg-info/entry_points.txt
[1.968s] writing requirements to ../../build/my_point/my_point.egg-info/requires.txt
[1.969s] writing top-level names to ../../build/my_point/my_point.egg-info/top_level.txt
[2.019s] reading manifest file '../../build/my_point/my_point.egg-info/SOURCES.txt'
[2.020s] writing manifest file '../../build/my_point/my_point.egg-info/SOURCES.txt'
[2.020s] running build
[2.020s] running build_py
[2.021s] running install
[2.021s] /home/kanja-koduki/.local/lib/python3.10/site-packages/setuptools/_distutils/cmd.py:66: SetuptoolsDeprecationWarning: setup.py install is deprecated.
[2.021s] !!
[2.021s] 
[2.021s]         ********************************************************************************
[2.022s]         Please avoid running ``setup.py`` directly.
[2.022s]         Instead, use pypa/build, pypa/installer or other
[2.022s]         standards-based tools.
[2.022s] 
[2.022s]         See https://blog.ganssle.io/articles/2021/10/setup-py-deprecated.html for details.
[2.022s]         ********************************************************************************
[2.022s] 
[2.022s] !!
[2.022s]   self.initialize_options()
[2.029s] running install_lib
[2.062s] running install_data
[2.084s] running install_egg_info
[2.101s] removing '/home/kanja-koduki/buck_ws/install/my_point/lib/python3.10/site-packages/my_point-0.0.0-py3.10.egg-info' (and everything under it)
[2.101s] Copying ../../build/my_point/my_point.egg-info to /home/kanja-koduki/buck_ws/install/my_point/lib/python3.10/site-packages/my_point-0.0.0-py3.10.egg-info
[2.102s] running install_scripts
[2.247s] Installing base_link_publisher script to /home/kanja-koduki/buck_ws/install/my_point/lib/my_point
[2.248s] Installing camera_pub script to /home/kanja-koduki/buck_ws/install/my_point/lib/my_point
[2.248s] Installing camera_sub script to /home/kanja-koduki/buck_ws/install/my_point/lib/my_point
[2.248s] Installing lidar_publisher script to /home/kanja-koduki/buck_ws/install/my_point/lib/my_point
[2.248s] Installing point_node script to /home/kanja-koduki/buck_ws/install/my_point/lib/my_point
[2.250s] writing list of installed files to '/home/kanja-koduki/buck_ws/build/my_point/install.log'
[2.286s] Invoked command in '/home/kanja-koduki/buck_ws/src/my_point' returned '0': PYTHONPATH=/home/kanja-koduki/buck_ws/build/my_point/prefix_override:/home/kanja-koduki/buck_ws/install/my_point/lib/python3.10/site-packages:${PYTHONPATH} /usr/bin/python3 setup.py egg_info --egg-base ../../build/my_point build --build-base /home/kanja-koduki/buck_ws/build/my_point/build install --record /home/kanja-koduki/buck_ws/build/my_point/install.log --single-version-externally-managed
